#
# There is insufficient memory for the Java Runtime Environment to continue.
# Native memory allocation (malloc) failed to allocate 1405696 bytes for Chunk::new
# Possible reasons:
#   The system is out of physical RAM or swap space
#   The process is running with CompressedOops enabled, and the Java Heap may be blocking the growth of the native heap
# Possible solutions:
#   Reduce memory load on the system
#   Increase physical memory or swap space
#   Check if swap backing store is full
#   Decrease Java heap size (-Xmx/-Xms)
#   Decrease number of Java threads
#   Decrease Java thread stack sizes (-Xss)
#   Set larger code cache with -XX:ReservedCodeCacheSize=
#   JVM is running with Unscaled Compressed Oops mode in which the Java heap is
#     placed in the first 4GB address space. The Java Heap base address is the
#     maximum limit for the native heap growth. Please use -XX:HeapBaseMinAddress
#     to set the Java Heap base and to place the Java Heap above 4GB virtual address.
# This output file may be truncated or incomplete.
#
#  Out of Memory Error (arena.cpp:191), pid=13864, tid=19340
#
# JRE version: OpenJDK Runtime Environment Temurin-17.0.10+7 (17.0.10+7) (build 17.0.10+7)
# Java VM: OpenJDK 64-Bit Server VM Temurin-17.0.10+7 (17.0.10+7, mixed mode, tiered, compressed oops, compressed class ptrs, parallel gc, windows-amd64)
# No core dump will be written. Minidumps are not enabled by default on client versions of Windows
#

---------------  S U M M A R Y ------------

Command Line: --add-modules=ALL-SYSTEM --add-opens=java.base/java.util=ALL-UNNAMED --add-opens=java.base/java.lang=ALL-UNNAMED --add-opens=java.base/sun.nio.fs=ALL-UNNAMED -Declipse.application=org.eclipse.jdt.ls.core.id1 -Dosgi.bundles.defaultStartLevel=4 -Declipse.product=org.eclipse.jdt.ls.core.product -Djava.import.generatesMetadataFilesAtProjectRoot=false -DDetectVMInstallationsJob.disabled=true -Dfile.encoding=utf8 -XX:+UseParallelGC -XX:GCTimeRatio=4 -XX:AdaptiveSizePolicyWeight=90 -Dsun.zip.disableMemoryMapping=true -Xmx1G -Xms100m -Xlog:disable -javaagent:c:\Users\alhdh\.vscode\extensions\redhat.java-1.30.0-win32-x64\lombok\lombok-1.18.32.jar -XX:+HeapDumpOnOutOfMemoryError -XX:HeapDumpPath=c:\Users\alhdh\AppData\Roaming\Code\User\workspaceStorage\37dba57fa1d58a1a3d36af18158eedda\redhat.java -Daether.dependencyCollector.impl=bf c:\Users\alhdh\.vscode\extensions\redhat.java-1.30.0-win32-x64\server\plugins\org.eclipse.equinox.launcher_1.6.800.v20240330-1250.jar -configuration c:\Users\alhdh\AppData\Roaming\Code\User\globalStorage\redhat.java\1.30.0\config_win -data c:\Users\alhdh\AppData\Roaming\Code\User\workspaceStorage\37dba57fa1d58a1a3d36af18158eedda\redhat.java\jdt_ws --pipe=\\.\pipe\lsp-64fd2e700e90f11c602f92060c2944b9-sock

Host: Intel(R) Core(TM) i7-9750H CPU @ 2.60GHz, 12 cores, 7G,  Windows 10 , 64 bit Build 19041 (10.0.19041.3636)
Time: Fri May  3 22:52:52 2024 Egypt Daylight Time elapsed time: 11.739539 seconds (0d 0h 0m 11s)

---------------  T H R E A D  ---------------

Current thread (0x00000220af07d020):  JavaThread "C2 CompilerThread1" daemon [_thread_in_native, id=19340, stack(0x00000099fac00000,0x00000099fad00000)]


Current CompileTask:
C2:  11739 14152       4       org.eclipse.jdt.internal.compiler.lookup.BinaryTypeBinding::createMethod (1724 bytes)

Stack: [0x00000099fac00000,0x00000099fad00000]
Native frames: (J=compiled Java code, j=interpreted, Vv=VM code, C=native code)
V  [jvm.dll+0x67d2c9]
V  [jvm.dll+0x834afa]
V  [jvm.dll+0x8365be]
V  [jvm.dll+0x836c23]
V  [jvm.dll+0x2477ff]
V  [jvm.dll+0xac514]
V  [jvm.dll+0xacb5c]
V  [jvm.dll+0x2aed1f]
V  [jvm.dll+0x584b67]
V  [jvm.dll+0x2228a2]
V  [jvm.dll+0x222c8f]
V  [jvm.dll+0x21bdb6]
V  [jvm.dll+0x219201]
V  [jvm.dll+0x1a502d]
V  [jvm.dll+0x2290de]
V  [jvm.dll+0x2272ac]
V  [jvm.dll+0x7e9bb7]
V  [jvm.dll+0x7e3fba]
V  [jvm.dll+0x67c1b5]
C  [ucrtbase.dll+0x21bb2]
C  [KERNEL32.DLL+0x17344]
C  [ntdll.dll+0x526b1]


---------------  P R O C E S S  ---------------

Threads class SMR info:
_java_thread_list=0x00000220b22f1290, length=59, elements={
0x0000022095ec11d0, 0x0000022095f68510, 0x00000220a9d4a650, 0x0000022095f6dd20,
0x0000022095f6e9b0, 0x00000220aee8dea0, 0x00000220aee97ba0, 0x00000220aee9d3c0,
0x00000220aee9e130, 0x00000220aeea6de0, 0x00000220aefd1d10, 0x00000220af07d020,
0x00000220af1bbf80, 0x00000220b07d6440, 0x00000220b0db1940, 0x00000220b0d9c230,
0x00000220b0ed83d0, 0x00000220b0f7a3b0, 0x00000220b1394510, 0x00000220b1394000,
0x00000220b1394f30, 0x00000220b1395440, 0x00000220b13921a0, 0x00000220b1395950,
0x00000220b13926b0, 0x00000220b1392bc0, 0x00000220b13935e0, 0x00000220b27f5270,
0x00000220b27f5c90, 0x00000220b27f2f00, 0x00000220b27f66b0, 0x00000220b27f5780,
0x00000220b27f4d60, 0x00000220b27f61a0, 0x00000220b27f4340, 0x00000220b27f3410,
0x00000220b27f4850, 0x00000220b27f3e30, 0x00000220b27f3920, 0x00000220b19ac140,
0x00000220b19aad00, 0x00000220b19ada90, 0x00000220b19ac650, 0x00000220b19abc30,
0x00000220b19b1750, 0x00000220b19ad070, 0x00000220b19ae9c0, 0x00000220b19af3e0,
0x00000220b19afe00, 0x00000220b19b0820, 0x00000220b19a9dd0, 0x00000220b19b0d30,
0x00000220b19b1240, 0x00000220b19ab210, 0x00000220b1393af0, 0x00000220b19acb60,
0x00000220bc370910, 0x00000220bc36efc0, 0x00000220bc36b810
}

Java Threads: ( => current thread )
  0x0000022095ec11d0 JavaThread "main" [_thread_blocked, id=8064, stack(0x00000099f9f00000,0x00000099fa000000)]
  0x0000022095f68510 JavaThread "Reference Handler" daemon [_thread_blocked, id=12312, stack(0x00000099fa200000,0x00000099fa300000)]
  0x00000220a9d4a650 JavaThread "Finalizer" daemon [_thread_blocked, id=8912, stack(0x00000099fa300000,0x00000099fa400000)]
  0x0000022095f6dd20 JavaThread "Signal Dispatcher" daemon [_thread_blocked, id=13812, stack(0x00000099fa400000,0x00000099fa500000)]
  0x0000022095f6e9b0 JavaThread "Attach Listener" daemon [_thread_blocked, id=14696, stack(0x00000099fa500000,0x00000099fa600000)]
  0x00000220aee8dea0 JavaThread "Service Thread" daemon [_thread_blocked, id=20012, stack(0x00000099fa600000,0x00000099fa700000)]
  0x00000220aee97ba0 JavaThread "Monitor Deflation Thread" daemon [_thread_blocked, id=15700, stack(0x00000099fa700000,0x00000099fa800000)]
  0x00000220aee9d3c0 JavaThread "C2 CompilerThread0" daemon [_thread_in_native, id=7964, stack(0x00000099fa800000,0x00000099fa900000)]
  0x00000220aee9e130 JavaThread "C1 CompilerThread0" daemon [_thread_blocked, id=12548, stack(0x00000099fa900000,0x00000099faa00000)]
  0x00000220aeea6de0 JavaThread "Sweeper thread" daemon [_thread_blocked, id=11208, stack(0x00000099faa00000,0x00000099fab00000)]
  0x00000220aefd1d10 JavaThread "Common-Cleaner" daemon [_thread_blocked, id=6968, stack(0x00000099fab00000,0x00000099fac00000)]
=>0x00000220af07d020 JavaThread "C2 CompilerThread1" daemon [_thread_in_native, id=19340, stack(0x00000099fac00000,0x00000099fad00000)]
  0x00000220af1bbf80 JavaThread "Notification Thread" daemon [_thread_blocked, id=14844, stack(0x00000099fad00000,0x00000099fae00000)]
  0x00000220b07d6440 JavaThread "C2 CompilerThread2" daemon [_thread_in_native, id=17724, stack(0x00000099faf00000,0x00000099fb000000)]
  0x00000220b0db1940 JavaThread "Active Thread: Equinox Container: 925f932a-4c6b-40ac-984a-93305e69db9a" [_thread_blocked, id=20620, stack(0x00000099fb600000,0x00000099fb700000)]
  0x00000220b0d9c230 JavaThread "Framework Event Dispatcher: Equinox Container: 925f932a-4c6b-40ac-984a-93305e69db9a" daemon [_thread_blocked, id=10616, stack(0x00000099fb700000,0x00000099fb800000)]
  0x00000220b0ed83d0 JavaThread "Start Level: Equinox Container: 925f932a-4c6b-40ac-984a-93305e69db9a" daemon [_thread_blocked, id=16416, stack(0x00000099fb800000,0x00000099fb900000)]
  0x00000220b0f7a3b0 JavaThread "Bundle File Closer" daemon [_thread_blocked, id=11784, stack(0x00000099fba00000,0x00000099fbb00000)]
  0x00000220b1394510 JavaThread "SCR Component Actor" daemon [_thread_blocked, id=8420, stack(0x00000099fbb00000,0x00000099fbc00000)]
  0x00000220b1394000 JavaThread "Worker-JM" [_thread_blocked, id=300, stack(0x00000099fbf00000,0x00000099fc000000)]
  0x00000220b1394f30 JavaThread "Worker-0: Initialize workspace" [_thread_blocked, id=16784, stack(0x00000099fc000000,0x00000099fc100000)]
  0x00000220b1395440 JavaThread "Worker-1" [_thread_blocked, id=19332, stack(0x00000099fc100000,0x00000099fc200000)]
  0x00000220b13921a0 JavaThread "Worker-2: Building" [_thread_blocked, id=20392, stack(0x00000099fc200000,0x00000099fc300000)]
  0x00000220b1395950 JavaThread "Java indexing" daemon [_thread_blocked, id=19316, stack(0x00000099fc300000,0x00000099fc400000)]
  0x00000220b13926b0 JavaThread "Worker-3: Register Watchers" [_thread_blocked, id=5172, stack(0x00000099fc400000,0x00000099fc500000)]
  0x00000220b1392bc0 JavaThread "JNA Cleaner" daemon [_thread_blocked, id=15368, stack(0x00000099fc500000,0x00000099fc600000)]
  0x00000220b13935e0 JavaThread "Thread-2" daemon [_thread_in_native, id=13384, stack(0x00000099fc800000,0x00000099fc900000)]
  0x00000220b27f5270 JavaThread "Thread-3" daemon [_thread_in_native, id=6408, stack(0x00000099fc900000,0x00000099fca00000)]
  0x00000220b27f5c90 JavaThread "Thread-4" daemon [_thread_in_native, id=6720, stack(0x00000099fca00000,0x00000099fcb00000)]
  0x00000220b27f2f00 JavaThread "Thread-5" daemon [_thread_in_native, id=6540, stack(0x00000099fcb00000,0x00000099fcc00000)]
  0x00000220b27f66b0 JavaThread "Thread-6" daemon [_thread_in_native, id=15160, stack(0x00000099fcc00000,0x00000099fcd00000)]
  0x00000220b27f5780 JavaThread "Thread-7" daemon [_thread_in_native, id=15940, stack(0x00000099fcd00000,0x00000099fce00000)]
  0x00000220b27f4d60 JavaThread "Thread-8" daemon [_thread_in_native, id=19608, stack(0x00000099fce00000,0x00000099fcf00000)]
  0x00000220b27f61a0 JavaThread "Thread-9" daemon [_thread_in_native, id=16064, stack(0x00000099fcf00000,0x00000099fd000000)]
  0x00000220b27f4340 JavaThread "Thread-10" daemon [_thread_in_native, id=13300, stack(0x00000099fd000000,0x00000099fd100000)]
  0x00000220b27f3410 JavaThread "Thread-11" daemon [_thread_in_native, id=5780, stack(0x00000099fd100000,0x00000099fd200000)]
  0x00000220b27f4850 JavaThread "Thread-12" daemon [_thread_in_native, id=13376, stack(0x00000099fd200000,0x00000099fd300000)]
  0x00000220b27f3e30 JavaThread "Thread-13" daemon [_thread_in_native, id=21168, stack(0x00000099fd300000,0x00000099fd400000)]
  0x00000220b27f3920 JavaThread "Thread-14" daemon [_thread_in_native, id=20156, stack(0x00000099fd400000,0x00000099fd500000)]
  0x00000220b19ac140 JavaThread "pool-2-thread-1" [_thread_blocked, id=20184, stack(0x00000099fd500000,0x00000099fd600000)]
  0x00000220b19aad00 JavaThread "WorkspaceEventsHandler" [_thread_blocked, id=8228, stack(0x00000099fd600000,0x00000099fd700000)]
  0x00000220b19ada90 JavaThread "pool-1-thread-1" [_thread_blocked, id=14620, stack(0x00000099fd700000,0x00000099fd800000)]
  0x00000220b19ac650 JavaThread "Worker-4" [_thread_blocked, id=7004, stack(0x00000099fd800000,0x00000099fd900000)]
  0x00000220b19abc30 JavaThread "Worker-5" [_thread_blocked, id=16960, stack(0x00000099fe600000,0x00000099fe700000)]
  0x00000220b19b1750 JavaThread "Worker-6" [_thread_blocked, id=6100, stack(0x00000099fe700000,0x00000099fe800000)]
  0x00000220b19ad070 JavaThread "ForkJoinPool.commonPool-worker-1" daemon [_thread_blocked, id=16212, stack(0x00000099fda00000,0x00000099fdb00000)]
  0x00000220b19ae9c0 JavaThread "ForkJoinPool.commonPool-worker-2" daemon [_thread_blocked, id=3004, stack(0x00000099fd900000,0x00000099fda00000)]
  0x00000220b19af3e0 JavaThread "ForkJoinPool.commonPool-worker-3" daemon [_thread_blocked, id=6008, stack(0x00000099fdb00000,0x00000099fdc00000)]
  0x00000220b19afe00 JavaThread "ForkJoinPool.commonPool-worker-4" daemon [_thread_blocked, id=6168, stack(0x00000099fdc00000,0x00000099fdd00000)]
  0x00000220b19b0820 JavaThread "ForkJoinPool.commonPool-worker-5" daemon [_thread_blocked, id=7228, stack(0x00000099fdd00000,0x00000099fde00000)]
  0x00000220b19a9dd0 JavaThread "ForkJoinPool.commonPool-worker-6" daemon [_thread_blocked, id=13496, stack(0x00000099fde00000,0x00000099fdf00000)]
  0x00000220b19b0d30 JavaThread "ForkJoinPool.commonPool-worker-7" daemon [_thread_blocked, id=18048, stack(0x00000099fdf00000,0x00000099fe000000)]
  0x00000220b19b1240 JavaThread "ForkJoinPool.commonPool-worker-8" daemon [_thread_blocked, id=20868, stack(0x00000099fe000000,0x00000099fe100000)]
  0x00000220b19ab210 JavaThread "ForkJoinPool.commonPool-worker-9" daemon [_thread_blocked, id=9212, stack(0x00000099fe100000,0x00000099fe200000)]
  0x00000220b1393af0 JavaThread "ForkJoinPool.commonPool-worker-10" daemon [_thread_blocked, id=19832, stack(0x00000099fe200000,0x00000099fe300000)]
  0x00000220b19acb60 JavaThread "ForkJoinPool.commonPool-worker-11" daemon [_thread_blocked, id=15688, stack(0x00000099fe300000,0x00000099fe400000)]
  0x00000220bc370910 JavaThread "Cleaner-0" daemon [_thread_blocked, id=17516, stack(0x00000099fbd00000,0x00000099fbe00000)]
  0x00000220bc36efc0 JavaThread "SCR Component Registry" daemon [_thread_blocked, id=16144, stack(0x00000099fe400000,0x00000099fe500000)]
  0x00000220bc36b810 JavaThread "Compiler Processing Task" daemon [_thread_in_Java, id=20976, stack(0x00000099fe500000,0x00000099fe600000)]

Other Threads:
  0x0000022095f4c550 VMThread "VM Thread" [stack: 0x00000099fa100000,0x00000099fa200000] [id=21052]
  0x00000220af1bc460 WatcherThread [stack: 0x00000099fae00000,0x00000099faf00000] [id=14712]
  0x0000022095ed97b0 GCTaskThread "GC Thread#0" [stack: 0x00000099fa000000,0x00000099fa100000] [id=4944]
  0x00000220b0ec1830 GCTaskThread "GC Thread#1" [stack: 0x00000099fb000000,0x00000099fb100000] [id=9760]
  0x00000220b0b9d000 GCTaskThread "GC Thread#2" [stack: 0x00000099fb100000,0x00000099fb200000] [id=8448]
  0x00000220b0b9d2c0 GCTaskThread "GC Thread#3" [stack: 0x00000099fb200000,0x00000099fb300000] [id=3800]
  0x00000220b0b9d990 GCTaskThread "GC Thread#4" [stack: 0x00000099fb300000,0x00000099fb400000] [id=20476]
  0x00000220b0b9e050 GCTaskThread "GC Thread#5" [stack: 0x00000099fb400000,0x00000099fb500000] [id=4220]
  0x00000220b0a1eb00 GCTaskThread "GC Thread#6" [stack: 0x00000099fb500000,0x00000099fb600000] [id=17996]
  0x00000220b0d960e0 GCTaskThread "GC Thread#7" [stack: 0x00000099fb900000,0x00000099fba00000] [id=10436]
  0x00000220b0d96be0 GCTaskThread "GC Thread#8" [stack: 0x00000099fbc00000,0x00000099fbd00000] [id=3576]
  0x00000220b0d958a0 GCTaskThread "GC Thread#9" [stack: 0x00000099fbe00000,0x00000099fbf00000] [id=11008]

Threads with active compile tasks:
C2 CompilerThread0    11779 13512       4       org.eclipse.jdt.internal.compiler.classfmt.MethodInfo::getArgumentNames (16 bytes)
C2 CompilerThread1    11779 14152       4       org.eclipse.jdt.internal.compiler.lookup.BinaryTypeBinding::createMethod (1724 bytes)
C2 CompilerThread2    11779 14292   !   4       lombok.core.AST::readConfiguration (58 bytes)

VM state: not at safepoint (normal execution)

VM Mutex/Monitor currently owned by a thread: None

Heap address: 0x00000000c0000000, size: 1024 MB, Compressed Oops mode: 32-bit

CDS archive(s) not mapped
Compressed class space mapped at: 0x0000000100000000-0x0000000140000000, reserved size: 1073741824
Narrow klass base: 0x0000000000000000, Narrow klass shift: 3, Narrow klass range: 0x140000000

GC Precious Log:
 CPUs: 12 total, 12 available
 Memory: 8008M
 Large Page Support: Disabled
 NUMA Support: Disabled
 Compressed Oops: Enabled (32-bit)
 Alignments: Space 512K, Generation 512K, Heap 2M
 Heap Min Capacity: 100M
 Heap Initial Capacity: 100M
 Heap Max Capacity: 1G
 Pre-touch: Disabled
 Parallel Workers: 10

Heap:
 PSYoungGen      total 31744K, used 18022K [0x00000000eab00000, 0x00000000edd00000, 0x0000000100000000)
  eden space 23552K, 41% used [0x00000000eab00000,0x00000000eb49c438,0x00000000ec200000)
  from space 8192K, 99% used [0x00000000ec200000,0x00000000ec9fd760,0x00000000eca00000)
  to   space 13312K, 0% used [0x00000000ed000000,0x00000000ed000000,0x00000000edd00000)
 ParOldGen       total 88064K, used 82296K [0x00000000c0000000, 0x00000000c5600000, 0x00000000eab00000)
  object space 88064K, 93% used [0x00000000c0000000,0x00000000c505e300,0x00000000c5600000)
 Metaspace       used 80876K, committed 82368K, reserved 1179648K
  class space    used 8506K, committed 9152K, reserved 1048576K

Card table byte_map: [0x0000022095850000,0x0000022095a60000] _byte_map_base: 0x0000022095250000

Marking Bits: (ParMarkBitMap*) 0x00007ffdd962d7d0
 Begin Bits: [0x00000220a7b50000, 0x00000220a8b50000)
 End Bits:   [0x00000220a8b50000, 0x00000220a9b50000)

Polling page: 0x0000022093e20000

Metaspace:

Usage:
  Non-class:     70.67 MB used.
      Class:      8.31 MB used.
       Both:     78.98 MB used.

Virtual space:
  Non-class space:      128.00 MB reserved,      71.50 MB ( 56%) committed,  2 nodes.
      Class space:        1.00 GB reserved,       8.94 MB ( <1%) committed,  1 nodes.
             Both:        1.12 GB reserved,      80.44 MB (  7%) committed. 

Chunk freelists:
   Non-Class:  8.55 MB
       Class:  7.02 MB
        Both:  15.56 MB

MaxMetaspaceSize: unlimited
CompressedClassSpaceSize: 1.00 GB
Initial GC threshold: 21.00 MB
Current GC threshold: 132.19 MB
CDS: off
MetaspaceReclaimPolicy: balanced
 - commit_granule_bytes: 65536.
 - commit_granule_words: 8192.
 - virtual_space_node_default_size: 8388608.
 - enlarge_chunks_in_place: 1.
 - new_chunks_are_fully_committed: 0.
 - uncommit_free_chunks: 1.
 - use_allocation_guard: 0.
 - handle_deallocations: 1.


Internal statistics:

num_allocs_failed_limit: 9.
num_arena_births: 1118.
num_arena_deaths: 34.
num_vsnodes_births: 3.
num_vsnodes_deaths: 0.
num_space_committed: 1287.
num_space_uncommitted: 0.
num_chunks_returned_to_freelist: 51.
num_chunks_taken_from_freelist: 4968.
num_chunk_merges: 24.
num_chunk_splits: 2847.
num_chunks_enlarged: 1301.
num_inconsistent_stats: 0.

CodeHeap 'non-profiled nmethods': size=120000Kb used=5830Kb max_used=6225Kb free=114169Kb
 bounds [0x00000220a0620000, 0x00000220a0c40000, 0x00000220a7b50000]
CodeHeap 'profiled nmethods': size=120000Kb used=22078Kb max_used=24028Kb free=97921Kb
 bounds [0x0000022098b50000, 0x000002209a2d0000, 0x00000220a0080000]
CodeHeap 'non-nmethods': size=5760Kb used=1411Kb max_used=1527Kb free=4349Kb
 bounds [0x00000220a0080000, 0x00000220a02f0000, 0x00000220a0620000]
 total_blobs=11911 nmethods=11142 adapters=678
 compilation: enabled
              stopped_count=0, restarted_count=0
 full_count=0

Compilation events (20 events):
Event: 11.722 Thread 0x00000220aee9e130 nmethod 14357 0x0000022098ef4510 code [0x0000022098ef46c0, 0x0000022098ef4978]
Event: 11.722 Thread 0x00000220aee9e130 14359       2       java.nio.file.Files$2::next (5 bytes)
Event: 11.722 Thread 0x00000220aee9e130 nmethod 14359 0x00000220990b1b10 code [0x00000220990b1ce0, 0x00000220990b1f68]
Event: 11.722 Thread 0x00000220aee9e130 14360   !   2       java.nio.file.Files$2::next (26 bytes)
Event: 11.722 Thread 0x00000220aee9e130 nmethod 14360 0x0000022099384410 code [0x00000220993845e0, 0x0000022099384868]
Event: 11.722 Thread 0x00000220aee9e130 14361       2       org.eclipse.jdt.internal.compiler.util.JrtFileSystem$$Lambda$396/0x00000001006e3700::test (8 bytes)
Event: 11.723 Thread 0x00000220aee9e130 nmethod 14361 0x0000022099502210 code [0x00000220995023c0, 0x0000022099502528]
Event: 11.723 Thread 0x00000220aee9e130 14362       2       org.eclipse.jdt.internal.compiler.util.JrtFileSystem::lambda$0 (36 bytes)
Event: 11.723 Thread 0x00000220aee9e130 nmethod 14362 0x0000022098d10890 code [0x0000022098d10a60, 0x0000022098d10c58]
Event: 11.723 Thread 0x00000220aee9e130 14363       2       java.nio.file.Files$$Lambda$395/0x0000000100459ce0::run (8 bytes)
Event: 11.723 Thread 0x00000220aee9e130 nmethod 14363 0x0000022098da0d10 code [0x0000022098da0ec0, 0x0000022098da10b8]
Event: 11.723 Thread 0x00000220aee9e130 14364   !   2       java.nio.file.Files::lambda$asUncheckedRunnable$0 (20 bytes)
Event: 11.723 Thread 0x00000220aee9e130 nmethod 14364 0x0000022098b96e10 code [0x0000022098b96fc0, 0x0000022098b97198]
Event: 11.723 Thread 0x00000220aee9e130 14366       3       org.eclipse.jdt.internal.core.builder.NameEnvironment::findType (24 bytes)
Event: 11.724 Thread 0x00000220aee9e130 nmethod 14366 0x000002209992ad90 code [0x000002209992afc0, 0x000002209992b4e8]
Event: 11.724 Thread 0x00000220aee9e130 14365       2       org.eclipse.jdt.internal.compiler.ast.StringLiteral::literalType (5 bytes)
Event: 11.724 Thread 0x00000220aee9e130 nmethod 14365 0x0000022098c80e10 code [0x0000022098c80fc0, 0x0000022098c81138]
Event: 11.725 Thread 0x00000220aee9e130 14368       2       org.eclipse.jdt.internal.compiler.apt.model.TypeElementImpl::<init> (12 bytes)
Event: 11.725 Thread 0x00000220aee9e130 nmethod 14368 0x000002209978ed90 code [0x000002209978ef20, 0x000002209978f058]
Event: 11.725 Thread 0x00000220aee9e130 14371   !   2       org.eclipse.jdt.internal.compiler.lookup.SourceTypeBinding::resolveTypesWithSuspendedTempErrorHandlingPolicy (1741 bytes)

GC Heap History (20 events):
Event: 10.701 GC heap before
{Heap before GC invocations=105 (full 8):
 PSYoungGen      total 26112K, used 26104K [0x00000000eab00000, 0x00000000ecc80000, 0x0000000100000000)
  eden space 20992K, 100% used [0x00000000eab00000,0x00000000ebf80000,0x00000000ebf80000)
  from space 5120K, 99% used [0x00000000ebf80000,0x00000000ec47e148,0x00000000ec480000)
  to   space 6144K, 0% used [0x00000000ec680000,0x00000000ec680000,0x00000000ecc80000)
 ParOldGen       total 88064K, used 87211K [0x00000000c0000000, 0x00000000c5600000, 0x00000000eab00000)
  object space 88064K, 99% used [0x00000000c0000000,0x00000000c552ae08,0x00000000c5600000)
 Metaspace       used 79759K, committed 81216K, reserved 1179648K
  class space    used 8421K, committed 9088K, reserved 1048576K
}
Event: 10.705 GC heap after
{Heap after GC invocations=105 (full 8):
 PSYoungGen      total 28160K, used 5593K [0x00000000eab00000, 0x00000000ecc80000, 0x0000000100000000)
  eden space 22016K, 0% used [0x00000000eab00000,0x00000000eab00000,0x00000000ec080000)
  from space 6144K, 91% used [0x00000000ec680000,0x00000000ecbf64e8,0x00000000ecc80000)
  to   space 6144K, 0% used [0x00000000ec080000,0x00000000ec080000,0x00000000ec680000)
 ParOldGen       total 88064K, used 87926K [0x00000000c0000000, 0x00000000c5600000, 0x00000000eab00000)
  object space 88064K, 99% used [0x00000000c0000000,0x00000000c55dd918,0x00000000c5600000)
 Metaspace       used 79759K, committed 81216K, reserved 1179648K
  class space    used 8421K, committed 9088K, reserved 1048576K
}
Event: 10.705 GC heap before
{Heap before GC invocations=106 (full 9):
 PSYoungGen      total 28160K, used 5593K [0x00000000eab00000, 0x00000000ecc80000, 0x0000000100000000)
  eden space 22016K, 0% used [0x00000000eab00000,0x00000000eab00000,0x00000000ec080000)
  from space 6144K, 91% used [0x00000000ec680000,0x00000000ecbf64e8,0x00000000ecc80000)
  to   space 6144K, 0% used [0x00000000ec080000,0x00000000ec080000,0x00000000ec680000)
 ParOldGen       total 88064K, used 87926K [0x00000000c0000000, 0x00000000c5600000, 0x00000000eab00000)
  object space 88064K, 99% used [0x00000000c0000000,0x00000000c55dd918,0x00000000c5600000)
 Metaspace       used 79759K, committed 81216K, reserved 1179648K
  class space    used 8421K, committed 9088K, reserved 1048576K
}
Event: 10.811 GC heap after
{Heap after GC invocations=106 (full 9):
 PSYoungGen      total 28160K, used 0K [0x00000000eab00000, 0x00000000ece00000, 0x0000000100000000)
  eden space 22016K, 0% used [0x00000000eab00000,0x00000000eab00000,0x00000000ec080000)
  from space 6144K, 0% used [0x00000000ec080000,0x00000000ec080000,0x00000000ec680000)
  to   space 6144K, 0% used [0x00000000ec800000,0x00000000ec800000,0x00000000ece00000)
 ParOldGen       total 88064K, used 73742K [0x00000000c0000000, 0x00000000c5600000, 0x00000000eab00000)
  object space 88064K, 83% used [0x00000000c0000000,0x00000000c4803b00,0x00000000c5600000)
 Metaspace       used 79759K, committed 81216K, reserved 1179648K
  class space    used 8421K, committed 9088K, reserved 1048576K
}
Event: 10.852 GC heap before
{Heap before GC invocations=107 (full 9):
 PSYoungGen      total 28160K, used 22015K [0x00000000eab00000, 0x00000000ece00000, 0x0000000100000000)
  eden space 22016K, 99% used [0x00000000eab00000,0x00000000ec07ffe0,0x00000000ec080000)
  from space 6144K, 0% used [0x00000000ec080000,0x00000000ec080000,0x00000000ec680000)
  to   space 6144K, 0% used [0x00000000ec800000,0x00000000ec800000,0x00000000ece00000)
 ParOldGen       total 88064K, used 73742K [0x00000000c0000000, 0x00000000c5600000, 0x00000000eab00000)
  object space 88064K, 83% used [0x00000000c0000000,0x00000000c4803b00,0x00000000c5600000)
 Metaspace       used 79769K, committed 81216K, reserved 1179648K
  class space    used 8422K, committed 9088K, reserved 1048576K
}
Event: 10.855 GC heap after
{Heap after GC invocations=107 (full 9):
 PSYoungGen      total 26112K, used 2985K [0x00000000eab00000, 0x00000000ecb00000, 0x0000000100000000)
  eden space 23040K, 0% used [0x00000000eab00000,0x00000000eab00000,0x00000000ec180000)
  from space 3072K, 97% used [0x00000000ec800000,0x00000000ecaea6d0,0x00000000ecb00000)
  to   space 4096K, 0% used [0x00000000ec300000,0x00000000ec300000,0x00000000ec700000)
 ParOldGen       total 88064K, used 73742K [0x00000000c0000000, 0x00000000c5600000, 0x00000000eab00000)
  object space 88064K, 83% used [0x00000000c0000000,0x00000000c4803b00,0x00000000c5600000)
 Metaspace       used 79769K, committed 81216K, reserved 1179648K
  class space    used 8422K, committed 9088K, reserved 1048576K
}
Event: 10.930 GC heap before
{Heap before GC invocations=108 (full 9):
 PSYoungGen      total 26112K, used 26025K [0x00000000eab00000, 0x00000000ecb00000, 0x0000000100000000)
  eden space 23040K, 100% used [0x00000000eab00000,0x00000000ec180000,0x00000000ec180000)
  from space 3072K, 97% used [0x00000000ec800000,0x00000000ecaea6d0,0x00000000ecb00000)
  to   space 4096K, 0% used [0x00000000ec300000,0x00000000ec300000,0x00000000ec700000)
 ParOldGen       total 88064K, used 73742K [0x00000000c0000000, 0x00000000c5600000, 0x00000000eab00000)
  object space 88064K, 83% used [0x00000000c0000000,0x00000000c4803b00,0x00000000c5600000)
 Metaspace       used 79840K, committed 81280K, reserved 1179648K
  class space    used 8425K, committed 9088K, reserved 1048576K
}
Event: 10.932 GC heap after
{Heap after GC invocations=108 (full 9):
 PSYoungGen      total 28160K, used 4075K [0x00000000eab00000, 0x00000000ecd80000, 0x0000000100000000)
  eden space 24064K, 0% used [0x00000000eab00000,0x00000000eab00000,0x00000000ec280000)
  from space 4096K, 99% used [0x00000000ec300000,0x00000000ec6fafb0,0x00000000ec700000)
  to   space 5632K, 0% used [0x00000000ec800000,0x00000000ec800000,0x00000000ecd80000)
 ParOldGen       total 88064K, used 74471K [0x00000000c0000000, 0x00000000c5600000, 0x00000000eab00000)
  object space 88064K, 84% used [0x00000000c0000000,0x00000000c48b9f60,0x00000000c5600000)
 Metaspace       used 79840K, committed 81280K, reserved 1179648K
  class space    used 8425K, committed 9088K, reserved 1048576K
}
Event: 10.983 GC heap before
{Heap before GC invocations=109 (full 9):
 PSYoungGen      total 28160K, used 28139K [0x00000000eab00000, 0x00000000ecd80000, 0x0000000100000000)
  eden space 24064K, 100% used [0x00000000eab00000,0x00000000ec280000,0x00000000ec280000)
  from space 4096K, 99% used [0x00000000ec300000,0x00000000ec6fafb0,0x00000000ec700000)
  to   space 5632K, 0% used [0x00000000ec800000,0x00000000ec800000,0x00000000ecd80000)
 ParOldGen       total 88064K, used 74471K [0x00000000c0000000, 0x00000000c5600000, 0x00000000eab00000)
  object space 88064K, 84% used [0x00000000c0000000,0x00000000c48b9f60,0x00000000c5600000)
 Metaspace       used 79889K, committed 81344K, reserved 1179648K
  class space    used 8428K, committed 9088K, reserved 1048576K
}
Event: 10.989 GC heap after
{Heap after GC invocations=109 (full 9):
 PSYoungGen      total 27136K, used 5609K [0x00000000eab00000, 0x00000000ed400000, 0x0000000100000000)
  eden space 21504K, 0% used [0x00000000eab00000,0x00000000eab00000,0x00000000ec000000)
  from space 5632K, 99% used [0x00000000ec800000,0x00000000ecd7a650,0x00000000ecd80000)
  to   space 8192K, 0% used [0x00000000ec000000,0x00000000ec000000,0x00000000ec800000)
 ParOldGen       total 88064K, used 76431K [0x00000000c0000000, 0x00000000c5600000, 0x00000000eab00000)
  object space 88064K, 86% used [0x00000000c0000000,0x00000000c4aa3f90,0x00000000c5600000)
 Metaspace       used 79889K, committed 81344K, reserved 1179648K
  class space    used 8428K, committed 9088K, reserved 1048576K
}
Event: 11.099 GC heap before
{Heap before GC invocations=110 (full 9):
 PSYoungGen      total 27136K, used 27113K [0x00000000eab00000, 0x00000000ed400000, 0x0000000100000000)
  eden space 21504K, 100% used [0x00000000eab00000,0x00000000ec000000,0x00000000ec000000)
  from space 5632K, 99% used [0x00000000ec800000,0x00000000ecd7a650,0x00000000ecd80000)
  to   space 8192K, 0% used [0x00000000ec000000,0x00000000ec000000,0x00000000ec800000)
 ParOldGen       total 88064K, used 76431K [0x00000000c0000000, 0x00000000c5600000, 0x00000000eab00000)
  object space 88064K, 86% used [0x00000000c0000000,0x00000000c4aa3f90,0x00000000c5600000)
 Metaspace       used 80036K, committed 81472K, reserved 1179648K
  class space    used 8440K, committed 9088K, reserved 1048576K
}
Event: 11.103 GC heap after
{Heap after GC invocations=110 (full 9):
 PSYoungGen      total 27648K, used 6030K [0x00000000eab00000, 0x00000000ece00000, 0x0000000100000000)
  eden space 21504K, 0% used [0x00000000eab00000,0x00000000eab00000,0x00000000ec000000)
  from space 6144K, 98% used [0x00000000ec000000,0x00000000ec5e3b60,0x00000000ec600000)
  to   space 6656K, 0% used [0x00000000ec780000,0x00000000ec780000,0x00000000ece00000)
 ParOldGen       total 88064K, used 76439K [0x00000000c0000000, 0x00000000c5600000, 0x00000000eab00000)
  object space 88064K, 86% used [0x00000000c0000000,0x00000000c4aa5f90,0x00000000c5600000)
 Metaspace       used 80036K, committed 81472K, reserved 1179648K
  class space    used 8440K, committed 9088K, reserved 1048576K
}
Event: 11.309 GC heap before
{Heap before GC invocations=111 (full 9):
 PSYoungGen      total 27648K, used 27534K [0x00000000eab00000, 0x00000000ece00000, 0x0000000100000000)
  eden space 21504K, 100% used [0x00000000eab00000,0x00000000ec000000,0x00000000ec000000)
  from space 6144K, 98% used [0x00000000ec000000,0x00000000ec5e3b60,0x00000000ec600000)
  to   space 6656K, 0% used [0x00000000ec780000,0x00000000ec780000,0x00000000ece00000)
 ParOldGen       total 88064K, used 76439K [0x00000000c0000000, 0x00000000c5600000, 0x00000000eab00000)
  object space 88064K, 86% used [0x00000000c0000000,0x00000000c4aa5f90,0x00000000c5600000)
 Metaspace       used 80420K, committed 81856K, reserved 1179648K
  class space    used 8470K, committed 9088K, reserved 1048576K
}
Event: 11.313 GC heap after
{Heap after GC invocations=111 (full 9):
 PSYoungGen      total 29184K, used 6440K [0x00000000eab00000, 0x00000000ece00000, 0x0000000100000000)
  eden space 22528K, 0% used [0x00000000eab00000,0x00000000eab00000,0x00000000ec100000)
  from space 6656K, 96% used [0x00000000ec780000,0x00000000ecdca220,0x00000000ece00000)
  to   space 6656K, 0% used [0x00000000ec100000,0x00000000ec100000,0x00000000ec780000)
 ParOldGen       total 88064K, used 76447K [0x00000000c0000000, 0x00000000c5600000, 0x00000000eab00000)
  object space 88064K, 86% used [0x00000000c0000000,0x00000000c4aa7f90,0x00000000c5600000)
 Metaspace       used 80420K, committed 81856K, reserved 1179648K
  class space    used 8470K, committed 9088K, reserved 1048576K
}
Event: 11.446 GC heap before
{Heap before GC invocations=112 (full 9):
 PSYoungGen      total 29184K, used 28968K [0x00000000eab00000, 0x00000000ece00000, 0x0000000100000000)
  eden space 22528K, 100% used [0x00000000eab00000,0x00000000ec100000,0x00000000ec100000)
  from space 6656K, 96% used [0x00000000ec780000,0x00000000ecdca220,0x00000000ece00000)
  to   space 6656K, 0% used [0x00000000ec100000,0x00000000ec100000,0x00000000ec780000)
 ParOldGen       total 88064K, used 76447K [0x00000000c0000000, 0x00000000c5600000, 0x00000000eab00000)
  object space 88064K, 86% used [0x00000000c0000000,0x00000000c4aa7f90,0x00000000c5600000)
 Metaspace       used 80494K, committed 81984K, reserved 1179648K
  class space    used 8483K, committed 9152K, reserved 1048576K
}
Event: 11.451 GC heap after
{Heap after GC invocations=112 (full 9):
 PSYoungGen      total 29184K, used 6636K [0x00000000eab00000, 0x00000000ed200000, 0x0000000100000000)
  eden space 22528K, 0% used [0x00000000eab00000,0x00000000eab00000,0x00000000ec100000)
  from space 6656K, 99% used [0x00000000ec100000,0x00000000ec77b378,0x00000000ec780000)
  to   space 8192K, 0% used [0x00000000eca00000,0x00000000eca00000,0x00000000ed200000)
 ParOldGen       total 88064K, used 77316K [0x00000000c0000000, 0x00000000c5600000, 0x00000000eab00000)
  object space 88064K, 87% used [0x00000000c0000000,0x00000000c4b81268,0x00000000c5600000)
 Metaspace       used 80494K, committed 81984K, reserved 1179648K
  class space    used 8483K, committed 9152K, reserved 1048576K
}
Event: 11.540 GC heap before
{Heap before GC invocations=113 (full 9):
 PSYoungGen      total 29184K, used 29164K [0x00000000eab00000, 0x00000000ed200000, 0x0000000100000000)
  eden space 22528K, 100% used [0x00000000eab00000,0x00000000ec100000,0x00000000ec100000)
  from space 6656K, 99% used [0x00000000ec100000,0x00000000ec77b378,0x00000000ec780000)
  to   space 8192K, 0% used [0x00000000eca00000,0x00000000eca00000,0x00000000ed200000)
 ParOldGen       total 88064K, used 77316K [0x00000000c0000000, 0x00000000c5600000, 0x00000000eab00000)
  object space 88064K, 87% used [0x00000000c0000000,0x00000000c4b81268,0x00000000c5600000)
 Metaspace       used 80688K, committed 82176K, reserved 1179648K
  class space    used 8496K, committed 9152K, reserved 1048576K
}
Event: 11.545 GC heap after
{Heap after GC invocations=113 (full 9):
 PSYoungGen      total 31744K, used 8015K [0x00000000eab00000, 0x00000000ed200000, 0x0000000100000000)
  eden space 23552K, 0% used [0x00000000eab00000,0x00000000eab00000,0x00000000ec200000)
  from space 8192K, 97% used [0x00000000eca00000,0x00000000ed1d3e98,0x00000000ed200000)
  to   space 8192K, 0% used [0x00000000ec200000,0x00000000ec200000,0x00000000eca00000)
 ParOldGen       total 88064K, used 78107K [0x00000000c0000000, 0x00000000c5600000, 0x00000000eab00000)
  object space 88064K, 88% used [0x00000000c0000000,0x00000000c4c46e60,0x00000000c5600000)
 Metaspace       used 80688K, committed 82176K, reserved 1179648K
  class space    used 8496K, committed 9152K, reserved 1048576K
}
Event: 11.727 GC heap before
{Heap before GC invocations=114 (full 9):
 PSYoungGen      total 31744K, used 31567K [0x00000000eab00000, 0x00000000ed200000, 0x0000000100000000)
  eden space 23552K, 100% used [0x00000000eab00000,0x00000000ec200000,0x00000000ec200000)
  from space 8192K, 97% used [0x00000000eca00000,0x00000000ed1d3e98,0x00000000ed200000)
  to   space 8192K, 0% used [0x00000000ec200000,0x00000000ec200000,0x00000000eca00000)
 ParOldGen       total 88064K, used 78107K [0x00000000c0000000, 0x00000000c5600000, 0x00000000eab00000)
  object space 88064K, 88% used [0x00000000c0000000,0x00000000c4c46e60,0x00000000c5600000)
 Metaspace       used 80839K, committed 82304K, reserved 1179648K
  class space    used 8506K, committed 9152K, reserved 1048576K
}
Event: 11.734 GC heap after
{Heap after GC invocations=114 (full 9):
 PSYoungGen      total 31744K, used 8181K [0x00000000eab00000, 0x00000000edd00000, 0x0000000100000000)
  eden space 23552K, 0% used [0x00000000eab00000,0x00000000eab00000,0x00000000ec200000)
  from space 8192K, 99% used [0x00000000ec200000,0x00000000ec9fd760,0x00000000eca00000)
  to   space 13312K, 0% used [0x00000000ed000000,0x00000000ed000000,0x00000000edd00000)
 ParOldGen       total 88064K, used 82296K [0x00000000c0000000, 0x00000000c5600000, 0x00000000eab00000)
  object space 88064K, 93% used [0x00000000c0000000,0x00000000c505e300,0x00000000c5600000)
 Metaspace       used 80839K, committed 82304K, reserved 1179648K
  class space    used 8506K, committed 9152K, reserved 1048576K
}

Dll operation events (10 events):
Event: 0.010 Loaded shared library c:\Users\alhdh\.vscode\extensions\redhat.java-1.30.0-win32-x64\jre\17.0.10-win32-x86_64\bin\java.dll
Event: 0.110 Loaded shared library c:\Users\alhdh\.vscode\extensions\redhat.java-1.30.0-win32-x64\jre\17.0.10-win32-x86_64\bin\zip.dll
Event: 0.113 Loaded shared library C:\Users\alhdh\.vscode\extensions\redhat.java-1.30.0-win32-x64\jre\17.0.10-win32-x86_64\bin\instrument.dll
Event: 0.127 Loaded shared library C:\Users\alhdh\.vscode\extensions\redhat.java-1.30.0-win32-x64\jre\17.0.10-win32-x86_64\bin\net.dll
Event: 0.132 Loaded shared library C:\Users\alhdh\.vscode\extensions\redhat.java-1.30.0-win32-x64\jre\17.0.10-win32-x86_64\bin\nio.dll
Event: 0.140 Loaded shared library C:\Users\alhdh\.vscode\extensions\redhat.java-1.30.0-win32-x64\jre\17.0.10-win32-x86_64\bin\zip.dll
Event: 0.153 Loaded shared library C:\Users\alhdh\.vscode\extensions\redhat.java-1.30.0-win32-x64\jre\17.0.10-win32-x86_64\bin\jimage.dll
Event: 0.190 Loaded shared library c:\Users\alhdh\.vscode\extensions\redhat.java-1.30.0-win32-x64\jre\17.0.10-win32-x86_64\bin\verify.dll
Event: 0.868 Loaded shared library C:\Users\alhdh\AppData\Roaming\Code\User\globalStorage\redhat.java\1.30.0\config_win\org.eclipse.equinox.launcher\org.eclipse.equinox.launcher.win32.win32.x86_64_1.2.900.v20240213-1244\eclipse_11900.dll
Event: 2.763 Loaded shared library C:\Users\alhdh\AppData\Local\Temp\jna-92902113\jna250451631563439237.dll

Deoptimization events (20 events):
Event: 11.446 Thread 0x00000220b19b1240 DEOPT PACKING pc=0x00000220a0aa2f14 sp=0x00000099fe0fd600
Event: 11.446 Thread 0x00000220b19b1240 DEOPT UNPACKING pc=0x00000220a00d66a3 sp=0x00000099fe0fd5b0 mode 2
Event: 11.446 Thread 0x00000220b19b1240 Uncommon trap: trap_request=0xffffffde fr.pc=0x00000220a0ad3a24 relative=0x0000000000002344
Event: 11.446 Thread 0x00000220b19b1240 Uncommon trap: reason=class_check action=maybe_recompile pc=0x00000220a0ad3a24 method=org.eclipse.jdt.internal.compiler.lookup.LookupEnvironment.annotateType(Lorg/eclipse/jdt/internal/compiler/lookup/TypeBinding;Lorg/eclipse/jdt/internal/compiler/env/ITyp
Event: 11.446 Thread 0x00000220b19b1240 DEOPT PACKING pc=0x00000220a0ad3a24 sp=0x00000099fe0fd560
Event: 11.446 Thread 0x00000220b19b1240 DEOPT UNPACKING pc=0x00000220a00d66a3 sp=0x00000099fe0fd4a8 mode 2
Event: 11.470 Thread 0x00000220b19b1240 DEOPT PACKING pc=0x0000022099e6913f sp=0x00000099fe0fdbf0
Event: 11.470 Thread 0x00000220b19b1240 DEOPT UNPACKING pc=0x00000220a00d6e43 sp=0x00000099fe0fd030 mode 0
Event: 11.485 Thread 0x00000220b19b1750 DEOPT PACKING pc=0x0000022099a97932 sp=0x00000099fe7fe4f0
Event: 11.485 Thread 0x00000220b19b1750 DEOPT UNPACKING pc=0x00000220a00d6e43 sp=0x00000099fe7fd988 mode 0
Event: 11.517 Thread 0x00000220b19b1240 DEOPT PACKING pc=0x0000022099cb0826 sp=0x00000099fe0fc5a0
Event: 11.517 Thread 0x00000220b19b1240 DEOPT UNPACKING pc=0x00000220a00d6e43 sp=0x00000099fe0fb9d8 mode 0
Event: 11.522 Thread 0x00000220b13921a0 DEOPT PACKING pc=0x0000022099f55083 sp=0x00000099fc2fdd30
Event: 11.522 Thread 0x00000220b13921a0 DEOPT UNPACKING pc=0x00000220a00d6e43 sp=0x00000099fc2fd288 mode 0
Event: 11.615 Thread 0x00000220b13921a0 DEOPT PACKING pc=0x0000022099f55083 sp=0x00000099fc2fd9d0
Event: 11.615 Thread 0x00000220b13921a0 DEOPT UNPACKING pc=0x00000220a00d6e43 sp=0x00000099fc2fcf28 mode 0
Event: 11.716 Thread 0x00000220b13921a0 Uncommon trap: trap_request=0xffffffde fr.pc=0x00000220a0a57cfc relative=0x000000000000007c
Event: 11.716 Thread 0x00000220b13921a0 Uncommon trap: reason=class_check action=maybe_recompile pc=0x00000220a0a57cfc method=java.util.Collections$UnmodifiableMap.isEmpty()Z @ 4 c2
Event: 11.716 Thread 0x00000220b13921a0 DEOPT PACKING pc=0x00000220a0a57cfc sp=0x00000099fc2fe720
Event: 11.716 Thread 0x00000220b13921a0 DEOPT UNPACKING pc=0x00000220a00d66a3 sp=0x00000099fc2fe6b0 mode 2

Classes unloaded (17 events):
Event: 1.542 Thread 0x0000022095f4c550 Unloading class 0x0000000100250400 'java/lang/invoke/LambdaForm$MH+0x0000000100250400'
Event: 1.542 Thread 0x0000022095f4c550 Unloading class 0x0000000100250000 'java/lang/invoke/LambdaForm$MH+0x0000000100250000'
Event: 1.542 Thread 0x0000022095f4c550 Unloading class 0x000000010024fc00 'java/lang/invoke/LambdaForm$MH+0x000000010024fc00'
Event: 1.542 Thread 0x0000022095f4c550 Unloading class 0x000000010024f800 'java/lang/invoke/LambdaForm$MH+0x000000010024f800'
Event: 1.542 Thread 0x0000022095f4c550 Unloading class 0x000000010024f400 'java/lang/invoke/LambdaForm$BMH+0x000000010024f400'
Event: 1.542 Thread 0x0000022095f4c550 Unloading class 0x000000010024f000 'java/lang/invoke/LambdaForm$DMH+0x000000010024f000'
Event: 1.542 Thread 0x0000022095f4c550 Unloading class 0x000000010024c400 'java/lang/invoke/LambdaForm$DMH+0x000000010024c400'
Event: 6.681 Thread 0x0000022095f4c550 Unloading class 0x0000000100762000 'java/lang/invoke/LambdaForm$DMH+0x0000000100762000'
Event: 6.681 Thread 0x0000022095f4c550 Unloading class 0x0000000100761c00 'java/lang/invoke/LambdaForm$DMH+0x0000000100761c00'
Event: 6.681 Thread 0x0000022095f4c550 Unloading class 0x0000000100761800 'java/lang/invoke/LambdaForm$DMH+0x0000000100761800'
Event: 6.681 Thread 0x0000022095f4c550 Unloading class 0x0000000100760800 'java/lang/invoke/LambdaForm$DMH+0x0000000100760800'
Event: 6.681 Thread 0x0000022095f4c550 Unloading class 0x0000000100761400 'java/lang/invoke/LambdaForm$DMH+0x0000000100761400'
Event: 6.681 Thread 0x0000022095f4c550 Unloading class 0x0000000100761000 'java/lang/invoke/LambdaForm$DMH+0x0000000100761000'
Event: 8.821 Thread 0x0000022095f4c550 Unloading class 0x0000000100841800 'java/lang/invoke/LambdaForm$DMH+0x0000000100841800'
Event: 8.821 Thread 0x0000022095f4c550 Unloading class 0x0000000100841400 'java/lang/invoke/LambdaForm$DMH+0x0000000100841400'
Event: 8.821 Thread 0x0000022095f4c550 Unloading class 0x0000000100841000 'java/lang/invoke/LambdaForm$DMH+0x0000000100841000'
Event: 8.821 Thread 0x0000022095f4c550 Unloading class 0x0000000100840c00 'java/lang/invoke/LambdaForm$DMH+0x0000000100840c00'

Classes redefined (0 events):
No events

Internal exceptions (20 events):
Event: 11.425 Thread 0x00000220b19b1240 Exception <a 'java/lang/NullPointerException'{0x00000000eba5ae58}> (0x00000000eba5ae58) 
thrown [s\src\hotspot\share\runtime\sharedRuntime.cpp, line 631]
Event: 11.425 Thread 0x00000220b19b1240 Implicit null exception at 0x000002209979b139 to 0x000002209979b8c4
Event: 11.425 Thread 0x00000220b19b1240 Exception <a 'java/lang/NullPointerException'{0x00000000eba5c830}> (0x00000000eba5c830) 
thrown [s\src\hotspot\share\runtime\sharedRuntime.cpp, line 631]
Event: 11.425 Thread 0x00000220b19b1240 Implicit null exception at 0x000002209979b139 to 0x000002209979b8c4
Event: 11.425 Thread 0x00000220b19b1240 Exception <a 'java/lang/NullPointerException'{0x00000000eba63e70}> (0x00000000eba63e70) 
thrown [s\src\hotspot\share\runtime\sharedRuntime.cpp, line 631]
Event: 11.425 Thread 0x00000220b19b1240 Implicit null exception at 0x000002209979b139 to 0x000002209979b8c4
Event: 11.425 Thread 0x00000220b19b1240 Exception <a 'java/lang/NullPointerException'{0x00000000eba65900}> (0x00000000eba65900) 
thrown [s\src\hotspot\share\runtime\sharedRuntime.cpp, line 631]
Event: 11.425 Thread 0x00000220b19b1240 Implicit null exception at 0x000002209979b139 to 0x000002209979b8c4
Event: 11.425 Thread 0x00000220b19b1240 Exception <a 'java/lang/NullPointerException'{0x00000000eba6d250}> (0x00000000eba6d250) 
thrown [s\src\hotspot\share\runtime\sharedRuntime.cpp, line 631]
Event: 11.425 Thread 0x00000220b19b1240 Implicit null exception at 0x000002209979b139 to 0x000002209979b8c4
Event: 11.426 Thread 0x00000220b19b1240 Exception <a 'java/lang/NullPointerException'{0x00000000eba6ecb0}> (0x00000000eba6ecb0) 
thrown [s\src\hotspot\share\runtime\sharedRuntime.cpp, line 631]
Event: 11.515 Thread 0x00000220b13921a0 Exception <a 'sun/nio/fs/WindowsException'{0x00000000ebd1c1a0}> (0x00000000ebd1c1a0) 
thrown [s\src\hotspot\share\prims\jni.cpp, line 516]
Event: 11.517 Thread 0x00000220b13921a0 Exception <a 'sun/nio/fs/WindowsException'{0x00000000ebd5fd60}> (0x00000000ebd5fd60) 
thrown [s\src\hotspot\share\prims\jni.cpp, line 516]
Event: 11.518 Thread 0x00000220b13921a0 Exception <a 'sun/nio/fs/WindowsException'{0x00000000ebd69208}> (0x00000000ebd69208) 
thrown [s\src\hotspot\share\prims\jni.cpp, line 516]
Event: 11.519 Thread 0x00000220b13921a0 Exception <a 'sun/nio/fs/WindowsException'{0x00000000ebd73730}> (0x00000000ebd73730) 
thrown [s\src\hotspot\share\prims\jni.cpp, line 516]
Event: 11.520 Thread 0x00000220b13921a0 Exception <a 'sun/nio/fs/WindowsException'{0x00000000ebdbba00}> (0x00000000ebdbba00) 
thrown [s\src\hotspot\share\prims\jni.cpp, line 516]
Event: 11.525 Thread 0x00000220b13921a0 Exception <a 'sun/nio/fs/WindowsException'{0x00000000ebdc7500}> (0x00000000ebdc7500) 
thrown [s\src\hotspot\share\prims\jni.cpp, line 516]
Event: 11.527 Thread 0x00000220b13921a0 Exception <a 'sun/nio/fs/WindowsException'{0x00000000ebdd1fb0}> (0x00000000ebdd1fb0) 
thrown [s\src\hotspot\share\prims\jni.cpp, line 516]
Event: 11.528 Thread 0x00000220b13921a0 Exception <a 'sun/nio/fs/WindowsException'{0x00000000ebe8f740}> (0x00000000ebe8f740) 
thrown [s\src\hotspot\share\prims\jni.cpp, line 516]
Event: 11.529 Thread 0x00000220b13921a0 Exception <a 'sun/nio/fs/WindowsException'{0x00000000ebe9a978}> (0x00000000ebe9a978) 
thrown [s\src\hotspot\share\prims\jni.cpp, line 516]

VM Operations (20 events):
Event: 11.094 Executing VM operation: ICBufferFull
Event: 11.094 Executing VM operation: ICBufferFull done
Event: 11.099 Executing VM operation: ParallelGCFailedAllocation
Event: 11.103 Executing VM operation: ParallelGCFailedAllocation done
Event: 11.309 Executing VM operation: ParallelGCFailedAllocation
Event: 11.313 Executing VM operation: ParallelGCFailedAllocation done
Event: 11.409 Executing VM operation: HandshakeAllThreads
Event: 11.410 Executing VM operation: HandshakeAllThreads done
Event: 11.446 Executing VM operation: ParallelGCFailedAllocation
Event: 11.451 Executing VM operation: ParallelGCFailedAllocation done
Event: 11.539 Executing VM operation: ParallelGCFailedAllocation
Event: 11.545 Executing VM operation: ParallelGCFailedAllocation done
Event: 11.564 Executing VM operation: HandshakeAllThreads
Event: 11.564 Executing VM operation: HandshakeAllThreads done
Event: 11.596 Executing VM operation: HandshakeAllThreads
Event: 11.596 Executing VM operation: HandshakeAllThreads done
Event: 11.630 Executing VM operation: HandshakeAllThreads
Event: 11.630 Executing VM operation: HandshakeAllThreads done
Event: 11.727 Executing VM operation: ParallelGCFailedAllocation
Event: 11.734 Executing VM operation: ParallelGCFailedAllocation done

Events (20 events):
Event: 11.653 Thread 0x00000220aeea6de0 flushing nmethod 0x0000022099ea3890
Event: 11.653 Thread 0x00000220aeea6de0 flushing nmethod 0x0000022099ea7e10
Event: 11.653 Thread 0x00000220aeea6de0 flushing nmethod 0x0000022099ea9690
Event: 11.653 Thread 0x00000220aeea6de0 flushing nmethod 0x0000022099eb2790
Event: 11.653 Thread 0x00000220aeea6de0 flushing nmethod 0x0000022099eb6590
Event: 11.654 Thread 0x00000220aeea6de0 flushing nmethod 0x0000022099f04f10
Event: 11.654 Thread 0x00000220aeea6de0 flushing nmethod 0x0000022099f2b490
Event: 11.654 Thread 0x00000220aeea6de0 flushing nmethod 0x0000022099f91710
Event: 11.654 Thread 0x00000220aeea6de0 flushing nmethod 0x0000022099fd3190
Event: 11.654 Thread 0x00000220aeea6de0 flushing nmethod 0x0000022099fe5190
Event: 11.654 Thread 0x00000220aeea6de0 flushing nmethod 0x0000022099fe9690
Event: 11.654 Thread 0x00000220aeea6de0 flushing nmethod 0x000002209a00fc90
Event: 11.654 Thread 0x00000220aeea6de0 flushing nmethod 0x000002209a011790
Event: 11.654 Thread 0x00000220aeea6de0 flushing nmethod 0x000002209a013410
Event: 11.654 Thread 0x00000220aeea6de0 flushing nmethod 0x000002209a030990
Event: 11.655 Thread 0x00000220aeea6de0 flushing nmethod 0x000002209a05c490
Event: 11.655 Thread 0x00000220aeea6de0 flushing nmethod 0x000002209a139690
Event: 11.655 Thread 0x00000220aeea6de0 flushing nmethod 0x000002209a153710
Event: 11.655 Thread 0x00000220aeea6de0 flushing nmethod 0x000002209a1bdc90
Event: 11.655 Thread 0x00000220aeea6de0 flushing nmethod 0x000002209a1d0b90


Dynamic libraries:
0x00007ff704300000 - 0x00007ff70430e000 	c:\Users\alhdh\.vscode\extensions\redhat.java-1.30.0-win32-x64\jre\17.0.10-win32-x86_64\bin\java.exe
0x00007ffe44d30000 - 0x00007ffe44f28000 	C:\Windows\SYSTEM32\ntdll.dll
0x00007ffdedc70000 - 0x00007ffdedc89000 	C:\Program Files\Avast Software\Avast\aswhook.dll
0x00007ffe44200000 - 0x00007ffe442bd000 	C:\Windows\System32\KERNEL32.DLL
0x00007ffe427e0000 - 0x00007ffe42ad6000 	C:\Windows\System32\KERNELBASE.dll
0x00007ffe426e0000 - 0x00007ffe427e0000 	C:\Windows\System32\ucrtbase.dll
0x00007ffe3d7a0000 - 0x00007ffe3d7b7000 	c:\Users\alhdh\.vscode\extensions\redhat.java-1.30.0-win32-x64\jre\17.0.10-win32-x86_64\bin\jli.dll
0x00007ffe384c0000 - 0x00007ffe384db000 	c:\Users\alhdh\.vscode\extensions\redhat.java-1.30.0-win32-x64\jre\17.0.10-win32-x86_64\bin\VCRUNTIME140.dll
0x00007ffe443e0000 - 0x00007ffe4457e000 	C:\Windows\System32\USER32.dll
0x00007ffe262f0000 - 0x00007ffe2658a000 	C:\Windows\WinSxS\amd64_microsoft.windows.common-controls_6595b64144ccf1df_6.0.19041.3636_none_60b6a03d71f818d5\COMCTL32.dll
0x00007ffe42610000 - 0x00007ffe42632000 	C:\Windows\System32\win32u.dll
0x00007ffe42d80000 - 0x00007ffe42e1e000 	C:\Windows\System32\msvcrt.dll
0x00007ffe44580000 - 0x00007ffe445ac000 	C:\Windows\System32\GDI32.dll
0x00007ffe42ae0000 - 0x00007ffe42bfa000 	C:\Windows\System32\gdi32full.dll
0x00007ffe42640000 - 0x00007ffe426dd000 	C:\Windows\System32\msvcp_win.dll
0x00007ffe44cb0000 - 0x00007ffe44ce0000 	C:\Windows\System32\IMM32.DLL
0x00007ffe3f700000 - 0x00007ffe3f70c000 	c:\Users\alhdh\.vscode\extensions\redhat.java-1.30.0-win32-x64\jre\17.0.10-win32-x86_64\bin\vcruntime140_1.dll
0x00007ffe18dd0000 - 0x00007ffe18e5d000 	c:\Users\alhdh\.vscode\extensions\redhat.java-1.30.0-win32-x64\jre\17.0.10-win32-x86_64\bin\msvcp140.dll
0x00007ffdd8a90000 - 0x00007ffdd96f2000 	c:\Users\alhdh\.vscode\extensions\redhat.java-1.30.0-win32-x64\jre\17.0.10-win32-x86_64\bin\server\jvm.dll
0x00007ffe44680000 - 0x00007ffe44733000 	C:\Windows\System32\ADVAPI32.dll
0x00007ffe44c10000 - 0x00007ffe44caf000 	C:\Windows\System32\sechost.dll
0x00007ffe43360000 - 0x00007ffe43486000 	C:\Windows\System32\RPCRT4.dll
0x00007ffe42d50000 - 0x00007ffe42d77000 	C:\Windows\System32\bcrypt.dll
0x00007ffe41960000 - 0x00007ffe419ab000 	C:\Windows\SYSTEM32\POWRPROF.dll
0x00007ffe20650000 - 0x00007ffe20659000 	C:\Windows\SYSTEM32\WSOCK32.dll
0x00007ffe2a910000 - 0x00007ffe2a937000 	C:\Windows\SYSTEM32\WINMM.dll
0x00007ffe3a730000 - 0x00007ffe3a73a000 	C:\Windows\SYSTEM32\VERSION.dll
0x00007ffe44b40000 - 0x00007ffe44bab000 	C:\Windows\System32\WS2_32.dll
0x00007ffe417d0000 - 0x00007ffe417e2000 	C:\Windows\SYSTEM32\UMPDC.dll
0x00007ffe40c00000 - 0x00007ffe40c12000 	C:\Windows\SYSTEM32\kernel.appcore.dll
0x00007ffe37360000 - 0x00007ffe3736a000 	c:\Users\alhdh\.vscode\extensions\redhat.java-1.30.0-win32-x64\jre\17.0.10-win32-x86_64\bin\jimage.dll
0x00007ffe40900000 - 0x00007ffe40ae4000 	C:\Windows\SYSTEM32\DBGHELP.DLL
0x00007ffe37500000 - 0x00007ffe37534000 	C:\Windows\SYSTEM32\dbgcore.DLL
0x00007ffe42cc0000 - 0x00007ffe42d42000 	C:\Windows\System32\bcryptPrimitives.dll
0x00007ffe3d9e0000 - 0x00007ffe3d9ee000 	c:\Users\alhdh\.vscode\extensions\redhat.java-1.30.0-win32-x64\jre\17.0.10-win32-x86_64\bin\instrument.dll
0x00007ffe3d760000 - 0x00007ffe3d785000 	c:\Users\alhdh\.vscode\extensions\redhat.java-1.30.0-win32-x64\jre\17.0.10-win32-x86_64\bin\java.dll
0x00007ffe249a0000 - 0x00007ffe249b8000 	c:\Users\alhdh\.vscode\extensions\redhat.java-1.30.0-win32-x64\jre\17.0.10-win32-x86_64\bin\zip.dll
0x00007ffe43490000 - 0x00007ffe43bd5000 	C:\Windows\System32\SHELL32.dll
0x00007ffe40090000 - 0x00007ffe4082b000 	C:\Windows\SYSTEM32\windows.storage.dll
0x00007ffe43c90000 - 0x00007ffe43fe4000 	C:\Windows\System32\combase.dll
0x00007ffe41d50000 - 0x00007ffe41d7d000 	C:\Windows\SYSTEM32\Wldp.dll
0x00007ffe448e0000 - 0x00007ffe4498d000 	C:\Windows\System32\SHCORE.dll
0x00007ffe44880000 - 0x00007ffe448d5000 	C:\Windows\System32\shlwapi.dll
0x00007ffe42330000 - 0x00007ffe42355000 	C:\Windows\SYSTEM32\profapi.dll
0x00007ffe22220000 - 0x00007ffe22239000 	C:\Users\alhdh\.vscode\extensions\redhat.java-1.30.0-win32-x64\jre\17.0.10-win32-x86_64\bin\net.dll
0x00007ffe3c520000 - 0x00007ffe3c62a000 	C:\Windows\SYSTEM32\WINHTTP.dll
0x00007ffe41b30000 - 0x00007ffe41b9a000 	C:\Windows\system32\mswsock.dll
0x00007ffe20b80000 - 0x00007ffe20b96000 	C:\Users\alhdh\.vscode\extensions\redhat.java-1.30.0-win32-x64\jre\17.0.10-win32-x86_64\bin\nio.dll
0x00007ffe3b7c0000 - 0x00007ffe3b7d0000 	c:\Users\alhdh\.vscode\extensions\redhat.java-1.30.0-win32-x64\jre\17.0.10-win32-x86_64\bin\verify.dll
0x00007ffe18c70000 - 0x00007ffe18cae000 	C:\Users\alhdh\AppData\Roaming\Code\User\globalStorage\redhat.java\1.30.0\config_win\org.eclipse.equinox.launcher\org.eclipse.equinox.launcher.win32.win32.x86_64_1.2.900.v20240213-1244\eclipse_11900.dll
0x00007ffe44050000 - 0x00007ffe4417b000 	C:\Windows\System32\ole32.dll
0x00007ffe41d90000 - 0x00007ffe41da8000 	C:\Windows\SYSTEM32\CRYPTSP.dll
0x00007ffe41410000 - 0x00007ffe41444000 	C:\Windows\system32\rsaenh.dll
0x00007ffe422b0000 - 0x00007ffe422de000 	C:\Windows\SYSTEM32\USERENV.dll
0x00007ffe41cc0000 - 0x00007ffe41ccc000 	C:\Windows\SYSTEM32\CRYPTBASE.dll
0x00007ffe417f0000 - 0x00007ffe4182b000 	C:\Windows\SYSTEM32\IPHLPAPI.DLL
0x00007ffe44ce0000 - 0x00007ffe44ce8000 	C:\Windows\System32\NSI.dll
0x00007ffe3a630000 - 0x00007ffe3a647000 	C:\Windows\SYSTEM32\dhcpcsvc6.DLL
0x00007ffe3a4c0000 - 0x00007ffe3a4dd000 	C:\Windows\SYSTEM32\dhcpcsvc.DLL
0x00007ffe41830000 - 0x00007ffe418fa000 	C:\Windows\SYSTEM32\DNSAPI.dll
0x00007ffe18be0000 - 0x00007ffe18c25000 	C:\Users\alhdh\AppData\Local\Temp\jna-92902113\jna250451631563439237.dll
0x00007ffe43bf0000 - 0x00007ffe43bf8000 	C:\Windows\System32\PSAPI.DLL

dbghelp: loaded successfully - version: 4.0.5 - missing functions: none
symbol engine: initialized successfully - sym options: 0x614 - pdb path: .;c:\Users\alhdh\.vscode\extensions\redhat.java-1.30.0-win32-x64\jre\17.0.10-win32-x86_64\bin;C:\Windows\SYSTEM32;C:\Program Files\Avast Software\Avast;C:\Windows\WinSxS\amd64_microsoft.windows.common-controls_6595b64144ccf1df_6.0.19041.3636_none_60b6a03d71f818d5;c:\Users\alhdh\.vscode\extensions\redhat.java-1.30.0-win32-x64\jre\17.0.10-win32-x86_64\bin\server;C:\Users\alhdh\AppData\Roaming\Code\User\globalStorage\redhat.java\1.30.0\config_win\org.eclipse.equinox.launcher\org.eclipse.equinox.launcher.win32.win32.x86_64_1.2.900.v20240213-1244;C:\Users\alhdh\AppData\Local\Temp\jna-92902113

VM Arguments:
jvm_args: --add-modules=ALL-SYSTEM --add-opens=java.base/java.util=ALL-UNNAMED --add-opens=java.base/java.lang=ALL-UNNAMED --add-opens=java.base/sun.nio.fs=ALL-UNNAMED -Declipse.application=org.eclipse.jdt.ls.core.id1 -Dosgi.bundles.defaultStartLevel=4 -Declipse.product=org.eclipse.jdt.ls.core.product -Djava.import.generatesMetadataFilesAtProjectRoot=false -DDetectVMInstallationsJob.disabled=true -Dfile.encoding=utf8 -XX:+UseParallelGC -XX:GCTimeRatio=4 -XX:AdaptiveSizePolicyWeight=90 -Dsun.zip.disableMemoryMapping=true -Xmx1G -Xms100m -Xlog:disable -javaagent:c:\Users\alhdh\.vscode\extensions\redhat.java-1.30.0-win32-x64\lombok\lombok-1.18.32.jar -XX:+HeapDumpOnOutOfMemoryError -XX:HeapDumpPath=c:\Users\alhdh\AppData\Roaming\Code\User\workspaceStorage\37dba57fa1d58a1a3d36af18158eedda\redhat.java -Daether.dependencyCollector.impl=bf 
java_command: c:\Users\alhdh\.vscode\extensions\redhat.java-1.30.0-win32-x64\server\plugins\org.eclipse.equinox.launcher_1.6.800.v20240330-1250.jar -configuration c:\Users\alhdh\AppData\Roaming\Code\User\globalStorage\redhat.java\1.30.0\config_win -data c:\Users\alhdh\AppData\Roaming\Code\User\workspaceStorage\37dba57fa1d58a1a3d36af18158eedda\redhat.java\jdt_ws --pipe=\\.\pipe\lsp-64fd2e700e90f11c602f92060c2944b9-sock
java_class_path (initial): c:\Users\alhdh\.vscode\extensions\redhat.java-1.30.0-win32-x64\server\plugins\org.eclipse.equinox.launcher_1.6.800.v20240330-1250.jar
Launcher Type: SUN_STANDARD

[Global flags]
    uintx AdaptiveSizePolicyWeight                 = 90                                        {product} {command line}
     intx CICompilerCount                          = 4                                         {product} {ergonomic}
    uintx GCTimeRatio                              = 4                                         {product} {command line}
     bool HeapDumpOnOutOfMemoryError               = true                                   {manageable} {command line}
    ccstr HeapDumpPath                             = c:\Users\alhdh\AppData\Roaming\Code\User\workspaceStorage\37dba57fa1d58a1a3d36af18158eedda\redhat.java         {manageable} {command line}
   size_t InitialHeapSize                          = 104857600                                 {product} {command line}
   size_t MaxHeapSize                              = 1073741824                                {product} {command line}
   size_t MaxNewSize                               = 357564416                                 {product} {ergonomic}
   size_t MinHeapDeltaBytes                        = 524288                                    {product} {ergonomic}
   size_t MinHeapSize                              = 104857600                                 {product} {command line}
   size_t NewSize                                  = 34603008                                  {product} {ergonomic}
    uintx NonNMethodCodeHeapSize                   = 5839372                                {pd product} {ergonomic}
    uintx NonProfiledCodeHeapSize                  = 122909434                              {pd product} {ergonomic}
   size_t OldSize                                  = 70254592                                  {product} {ergonomic}
    uintx ProfiledCodeHeapSize                     = 122909434                              {pd product} {ergonomic}
    uintx ReservedCodeCacheSize                    = 251658240                              {pd product} {ergonomic}
     bool SegmentedCodeCache                       = true                                      {product} {ergonomic}
   size_t SoftMaxHeapSize                          = 1073741824                             {manageable} {ergonomic}
     bool UseCompressedClassPointers               = true                           {product lp64_product} {ergonomic}
     bool UseCompressedOops                        = true                           {product lp64_product} {ergonomic}
     bool UseLargePagesIndividualAllocation        = false                                  {pd product} {ergonomic}
     bool UseParallelGC                            = true                                      {product} {command line}

Logging:
Log output configuration:
 #0: stdout all=off uptime,level,tags
 #1: stderr all=off uptime,level,tags

Environment Variables:
JAVA_HOME=C:\Program Files\Java\jdk-17
CLASSPATH=.;
PATH=C:\Program Files\Microsoft MPI\Bin\;C:\Python311\Scripts\;C:\Python311\;C:\Program Files\Common Files\Oracle\Java\javapath;C:\Program Files (x86)\Common Files\Oracle\Java\javapath;D:\WATCOM\BINNT;D:\WATCOM\BINW;C:\Windows\system32;C:\Windows;C:\Windows\System32\Wbem;C:\Windows\System32\WindowsPowerShell\v1.0\;C:\Windows\System32\OpenSSH\;C:\Program Files\dotnet\;C:\Program Files\Microsoft SQL Server\130\Tools\Binn\;C:\Program Files\Microsoft SQL Server\Client SDK\ODBC\170\Tools\Binn\;C:\Program Files\Azure Data Studio\bin;C:\Program Files (x86)\Microsoft SQL Server\150\Tools\Binn\;C:\Program Files\Microsoft SQL Server\150\Tools\Binn\;C:\Program Files\Microsoft SQL Server\150\DTS\Binn\;C:\Program Files (x86)\Microsoft SQL Server\150\DTS\Binn\;D:\Latex\miktex\bin\x64\;C:\Program Files (x86)\IVI Foundation\VISA\WinNT\Bin\;C:\Program Files\IVI Foundation\VISA\Win64\Bin\;D:\Shared\LabVIEW CLI;C:\Program Files\Amazon\AWSCLIV2\;C:\Program Files\PuTTY\;C:\ProgramData\chocolatey\bin;C:\Program Files\Git\cmd;C:\Program Files\Java\jdk1.8.0_211\bin;C:\Program Files\CMake\bin;C:\Program Files\nodejs\;C:\Program Files (x86)\PDFtk\bin\;%MPJ_HOME%\bin;C:\ProgramData\chocolatey\lib\maven\apache-maven-3.9.6\bin;;C:\Program Files\Docker\Docker\resources\bin;C:\GnuWin32\bin;C:\ProgramData\chocolatey\lib\maven\apache-maven-3.9.6\bin;C:\dummy\mpj-v0_44\mpj-v0_44\bin;C:\Program Files\Java\jdk-11\bin;C:\Program Files\MySQL\MySQL Shell 8.0\bin\;D:\WATCOM\BINNT;D:\WATCOM\BINW;C:\Windows\system32;C:\Windows;C:\Windows\System32\Wbem;C:\Windows\System32\WindowsPowerShell\v1.0\;C:\Windows\System32\OpenSSH\;C:\Program Files (x86)\IncrediBuild;C:\Program Files\dotnet\;C:\Program Files\Microsoft SQL Server\130\Tools\Binn\;C:\Program Files\Microsoft SQL Server\Client SDK\ODBC\170\Tools\Binn\;C:\Program Files\Azure Data Studio\bin;C:\Program Files (x86)\Microsoft SQL Server\150\Tools\Binn\;C:\Program Files\Microsoft SQL Server\150\Tools\Binn\;C:\Program Files\Microsoft SQL Server\150\DTS\Binn\;C:\P
USERNAME=alhdh
OS=Windows_NT
PROCESSOR_IDENTIFIER=Intel64 Family 6 Model 158 Stepping 10, GenuineIntel
TMP=C:\Users\alhdh\AppData\Local\Temp
TEMP=C:\Users\alhdh\AppData\Local\Temp



Periodic native trim disabled


---------------  S Y S T E M  ---------------

OS:
 Windows 10 , 64 bit Build 19041 (10.0.19041.3636)
OS uptime: 0 days 1:30 hours
Hyper-V role detected

CPU: total 12 (initial active 12) (6 cores per cpu, 2 threads per core) family 6 model 158 stepping 10 microcode 0xf0, cx8, cmov, fxsr, ht, mmx, 3dnowpref, sse, sse2, sse3, ssse3, sse4.1, sse4.2, popcnt, lzcnt, tsc, tscinvbit, avx, avx2, aes, erms, clmul, bmi1, bmi2, adx, fma, vzeroupper, clflush, clflushopt, hv
Processor Information for all 12 processors :
  Max Mhz: 2592, Current Mhz: 2592, Mhz Limit: 2592

Memory: 4k page, system-wide physical 8008M (1169M free)
TotalPageFile size 11034M (AvailPageFile size 20M)
current process WorkingSet (physical memory assigned to process): 373M, peak: 391M
current process commit charge ("private bytes"): 428M, peak: 1030M

vm_info: OpenJDK 64-Bit Server VM (17.0.10+7) for windows-amd64 JRE (17.0.10+7), built on Jan 16 2024 23:25:11 by "admin" with MS VC++ 16.10 / 16.11 (VS2019)

END.
