#
# There is insufficient memory for the Java Runtime Environment to continue.
# Native memory allocation (malloc) failed to allocate 1071776 bytes for Chunk::new
# Possible reasons:
#   The system is out of physical RAM or swap space
#   The process is running with CompressedOops enabled, and the Java Heap may be blocking the growth of the native heap
# Possible solutions:
#   Reduce memory load on the system
#   Increase physical memory or swap space
#   Check if swap backing store is full
#   Decrease Java heap size (-Xmx/-Xms)
#   Decrease number of Java threads
#   Decrease Java thread stack sizes (-Xss)
#   Set larger code cache with -XX:ReservedCodeCacheSize=
#   JVM is running with Unscaled Compressed Oops mode in which the Java heap is
#     placed in the first 4GB address space. The Java Heap base address is the
#     maximum limit for the native heap growth. Please use -XX:HeapBaseMinAddress
#     to set the Java Heap base and to place the Java Heap above 4GB virtual address.
# This output file may be truncated or incomplete.
#
#  Out of Memory Error (arena.cpp:191), pid=15004, tid=9820
#
# JRE version: OpenJDK Runtime Environment Temurin-17.0.10+7 (17.0.10+7) (build 17.0.10+7)
# Java VM: OpenJDK 64-Bit Server VM Temurin-17.0.10+7 (17.0.10+7, mixed mode, tiered, compressed oops, compressed class ptrs, parallel gc, windows-amd64)
# No core dump will be written. Minidumps are not enabled by default on client versions of Windows
#

---------------  S U M M A R Y ------------

Command Line: --add-modules=ALL-SYSTEM --add-opens=java.base/java.util=ALL-UNNAMED --add-opens=java.base/java.lang=ALL-UNNAMED --add-opens=java.base/sun.nio.fs=ALL-UNNAMED -Declipse.application=org.eclipse.jdt.ls.core.id1 -Dosgi.bundles.defaultStartLevel=4 -Declipse.product=org.eclipse.jdt.ls.core.product -Djava.import.generatesMetadataFilesAtProjectRoot=false -DDetectVMInstallationsJob.disabled=true -Dfile.encoding=utf8 -XX:+UseParallelGC -XX:GCTimeRatio=4 -XX:AdaptiveSizePolicyWeight=90 -Dsun.zip.disableMemoryMapping=true -Xmx1G -Xms100m -Xlog:disable -javaagent:c:\Users\alhdh\.vscode\extensions\redhat.java-1.30.0-win32-x64\lombok\lombok-1.18.32.jar c:\Users\alhdh\.vscode\extensions\redhat.java-1.30.0-win32-x64\server\plugins\org.eclipse.equinox.launcher_1.6.800.v20240330-1250.jar -configuration c:\Users\alhdh\AppData\Roaming\Code\User\globalStorage\redhat.java\1.30.0\config_ss_win -data c:\Users\alhdh\AppData\Roaming\Code\User\workspaceStorage\37dba57fa1d58a1a3d36af18158eedda\redhat.java\ss_ws --pipe=\\.\pipe\lsp-38e6ddbf977bd9a8ed95f187eb83337c-sock

Host: Intel(R) Core(TM) i7-9750H CPU @ 2.60GHz, 12 cores, 7G,  Windows 10 , 64 bit Build 19041 (10.0.19041.3636)
Time: Sat May  4 00:25:55 2024 Egypt Daylight Time elapsed time: 24.120270 seconds (0d 0h 0m 24s)

---------------  T H R E A D  ---------------

Current thread (0x00000205e377cc40):  JavaThread "C2 CompilerThread1" daemon [_thread_in_native, id=9820, stack(0x0000000d5fe00000,0x0000000d5ff00000)]


Current CompileTask:
C2:  24120 6228       4       lombok.eclipse.EclipseAST::buildStatement (57 bytes)

Stack: [0x0000000d5fe00000,0x0000000d5ff00000]
Native frames: (J=compiled Java code, j=interpreted, Vv=VM code, C=native code)
V  [jvm.dll+0x67d2c9]
V  [jvm.dll+0x834afa]
V  [jvm.dll+0x8365be]
V  [jvm.dll+0x836c23]
V  [jvm.dll+0x2477ff]
V  [jvm.dll+0xac514]
V  [jvm.dll+0xacb5c]
V  [jvm.dll+0x2aed1f]
V  [jvm.dll+0x584b67]
V  [jvm.dll+0x2228a2]
V  [jvm.dll+0x21bb42]
V  [jvm.dll+0x219201]
V  [jvm.dll+0x1a502d]
V  [jvm.dll+0x2290de]
V  [jvm.dll+0x2272ac]
V  [jvm.dll+0x7e9bb7]
V  [jvm.dll+0x7e3fba]
V  [jvm.dll+0x67c1b5]
C  [ucrtbase.dll+0x21bb2]
C  [KERNEL32.DLL+0x17344]
C  [ntdll.dll+0x526b1]


---------------  P R O C E S S  ---------------

Threads class SMR info:
_java_thread_list=0x00000205ebc5dbc0, length=50, elements={
0x00000205c4cde1c0, 0x00000205daad5740, 0x00000205c4d8a850, 0x00000205daada250,
0x00000205daadb0d0, 0x00000205dfc54000, 0x00000205dfc582c0, 0x00000205dfc5e810,
0x00000205dfc60480, 0x00000205dfc69650, 0x00000205dfd5ed90, 0x00000205e14c2320,
0x00000205e1e730b0, 0x00000205e1f0d3b0, 0x00000205e1c91d40, 0x00000205e1eebfc0,
0x00000205e1d6e350, 0x00000205e1d6de40, 0x00000205e1d6e860, 0x00000205e1d6d930,
0x00000205e1d6f280, 0x00000205e22f0f40, 0x00000205e22f1e70, 0x00000205e22f7480,
0x00000205e22f37c0, 0x00000205e22f6040, 0x00000205e22f1450, 0x00000205e22f0520,
0x00000205e22f6550, 0x00000205e22f3cd0, 0x00000205e22f2890, 0x00000205e22f0a30,
0x00000205e22f6a60, 0x00000205e22f2da0, 0x00000205e22f2380, 0x00000205e22f32b0,
0x00000205e22f1960, 0x00000205e22f5620, 0x00000205e22f6f70, 0x00000205e22f7990,
0x00000205e22f41e0, 0x00000205e22f5110, 0x00000205e22f46f0, 0x00000205e22f4c00,
0x00000205e22f5b30, 0x00000205e14a2500, 0x00000205e14a8020, 0x00000205e14a7600,
0x00000205e377cc40, 0x00000205ec19ca50
}

Java Threads: ( => current thread )
  0x00000205c4cde1c0 JavaThread "main" [_thread_blocked, id=14716, stack(0x0000000d5e900000,0x0000000d5ea00000)]
  0x00000205daad5740 JavaThread "Reference Handler" daemon [_thread_blocked, id=17176, stack(0x0000000d5ec00000,0x0000000d5ed00000)]
  0x00000205c4d8a850 JavaThread "Finalizer" daemon [_thread_blocked, id=18800, stack(0x0000000d5ed00000,0x0000000d5ee00000)]
  0x00000205daada250 JavaThread "Signal Dispatcher" daemon [_thread_blocked, id=16356, stack(0x0000000d5ee00000,0x0000000d5ef00000)]
  0x00000205daadb0d0 JavaThread "Attach Listener" daemon [_thread_blocked, id=12032, stack(0x0000000d5ef00000,0x0000000d5f000000)]
  0x00000205dfc54000 JavaThread "Service Thread" daemon [_thread_blocked, id=5996, stack(0x0000000d5f000000,0x0000000d5f100000)]
  0x00000205dfc582c0 JavaThread "Monitor Deflation Thread" daemon [_thread_blocked, id=20240, stack(0x0000000d5f100000,0x0000000d5f200000)]
  0x00000205dfc5e810 JavaThread "C2 CompilerThread0" daemon [_thread_blocked, id=2804, stack(0x0000000d5f200000,0x0000000d5f300000)]
  0x00000205dfc60480 JavaThread "C1 CompilerThread0" daemon [_thread_blocked, id=1480, stack(0x0000000d5f300000,0x0000000d5f400000)]
  0x00000205dfc69650 JavaThread "Sweeper thread" daemon [_thread_blocked, id=20968, stack(0x0000000d5f400000,0x0000000d5f500000)]
  0x00000205dfd5ed90 JavaThread "Common-Cleaner" daemon [_thread_blocked, id=11652, stack(0x0000000d5f500000,0x0000000d5f600000)]
  0x00000205e14c2320 JavaThread "Notification Thread" daemon [_thread_blocked, id=17900, stack(0x0000000d5f600000,0x0000000d5f700000)]
  0x00000205e1e730b0 JavaThread "Active Thread: Equinox Container: 292191ed-3062-4e75-ad51-1232c0c0a70d" [_thread_blocked, id=832, stack(0x0000000d5ff00000,0x0000000d60000000)]
  0x00000205e1f0d3b0 JavaThread "Framework Event Dispatcher: Equinox Container: 292191ed-3062-4e75-ad51-1232c0c0a70d" daemon [_thread_blocked, id=4400, stack(0x0000000d60000000,0x0000000d60100000)]
  0x00000205e1c91d40 JavaThread "Start Level: Equinox Container: 292191ed-3062-4e75-ad51-1232c0c0a70d" daemon [_thread_blocked, id=15244, stack(0x0000000d60100000,0x0000000d60200000)]
  0x00000205e1eebfc0 JavaThread "SCR Component Actor" daemon [_thread_blocked, id=17392, stack(0x0000000d60200000,0x0000000d60300000)]
  0x00000205e1d6e350 JavaThread "Worker-JM" [_thread_blocked, id=7772, stack(0x0000000d60400000,0x0000000d60500000)]
  0x00000205e1d6de40 JavaThread "Worker-0" [_thread_blocked, id=15720, stack(0x0000000d60800000,0x0000000d60900000)]
  0x00000205e1d6e860 JavaThread "Worker-1" [_thread_blocked, id=712, stack(0x0000000d60900000,0x0000000d60a00000)]
  0x00000205e1d6d930 JavaThread "JNA Cleaner" daemon [_thread_blocked, id=7700, stack(0x0000000d60b00000,0x0000000d60c00000)]
  0x00000205e1d6f280 JavaThread "Thread-2" daemon [_thread_in_native, id=3640, stack(0x0000000d60e00000,0x0000000d60f00000)]
  0x00000205e22f0f40 JavaThread "Thread-3" daemon [_thread_in_native, id=3756, stack(0x0000000d60f00000,0x0000000d61000000)]
  0x00000205e22f1e70 JavaThread "Thread-4" daemon [_thread_in_native, id=12580, stack(0x0000000d61000000,0x0000000d61100000)]
  0x00000205e22f7480 JavaThread "Thread-5" daemon [_thread_in_native, id=15900, stack(0x0000000d61100000,0x0000000d61200000)]
  0x00000205e22f37c0 JavaThread "Thread-6" daemon [_thread_in_native, id=5616, stack(0x0000000d61200000,0x0000000d61300000)]
  0x00000205e22f6040 JavaThread "Thread-7" daemon [_thread_in_native, id=9812, stack(0x0000000d61300000,0x0000000d61400000)]
  0x00000205e22f1450 JavaThread "Thread-8" daemon [_thread_in_native, id=4588, stack(0x0000000d61400000,0x0000000d61500000)]
  0x00000205e22f0520 JavaThread "Thread-9" daemon [_thread_in_native, id=16492, stack(0x0000000d61500000,0x0000000d61600000)]
  0x00000205e22f6550 JavaThread "Thread-10" daemon [_thread_in_native, id=5828, stack(0x0000000d61600000,0x0000000d61700000)]
  0x00000205e22f3cd0 JavaThread "Thread-11" daemon [_thread_in_native, id=7720, stack(0x0000000d61700000,0x0000000d61800000)]
  0x00000205e22f2890 JavaThread "Thread-12" daemon [_thread_in_native, id=4028, stack(0x0000000d61800000,0x0000000d61900000)]
  0x00000205e22f0a30 JavaThread "Thread-13" daemon [_thread_in_native, id=9760, stack(0x0000000d61900000,0x0000000d61a00000)]
  0x00000205e22f6a60 JavaThread "Thread-14" daemon [_thread_in_native, id=7504, stack(0x0000000d61a00000,0x0000000d61b00000)]
  0x00000205e22f2da0 JavaThread "pool-2-thread-1" [_thread_blocked, id=4148, stack(0x0000000d61b00000,0x0000000d61c00000)]
  0x00000205e22f2380 JavaThread "WorkspaceEventsHandler" [_thread_blocked, id=19680, stack(0x0000000d60a00000,0x0000000d60b00000)]
  0x00000205e22f32b0 JavaThread "pool-1-thread-1" [_thread_blocked, id=6496, stack(0x0000000d61c00000,0x0000000d61d00000)]
  0x00000205e22f1960 JavaThread "ForkJoinPool.commonPool-worker-1" daemon [_thread_blocked, id=18568, stack(0x0000000d61d00000,0x0000000d61e00000)]
  0x00000205e22f5620 JavaThread "ForkJoinPool.commonPool-worker-2" daemon [_thread_blocked, id=18196, stack(0x0000000d61e00000,0x0000000d61f00000)]
  0x00000205e22f6f70 JavaThread "ForkJoinPool.commonPool-worker-3" daemon [_thread_blocked, id=11232, stack(0x0000000d61f00000,0x0000000d62000000)]
  0x00000205e22f7990 JavaThread "ForkJoinPool.commonPool-worker-4" daemon [_thread_blocked, id=14676, stack(0x0000000d62000000,0x0000000d62100000)]
  0x00000205e22f41e0 JavaThread "ForkJoinPool.commonPool-worker-5" daemon [_thread_blocked, id=4484, stack(0x0000000d62100000,0x0000000d62200000)]
  0x00000205e22f5110 JavaThread "ForkJoinPool.commonPool-worker-6" daemon [_thread_blocked, id=14684, stack(0x0000000d62200000,0x0000000d62300000)]
  0x00000205e22f46f0 JavaThread "ForkJoinPool.commonPool-worker-7" daemon [_thread_blocked, id=21448, stack(0x0000000d62300000,0x0000000d62400000)]
  0x00000205e22f4c00 JavaThread "ForkJoinPool.commonPool-worker-8" daemon [_thread_blocked, id=8772, stack(0x0000000d62400000,0x0000000d62500000)]
  0x00000205e22f5b30 JavaThread "ForkJoinPool.commonPool-worker-9" daemon [_thread_blocked, id=15572, stack(0x0000000d62500000,0x0000000d62600000)]
  0x00000205e14a2500 JavaThread "ForkJoinPool.commonPool-worker-10" daemon [_thread_blocked, id=13364, stack(0x0000000d62600000,0x0000000d62700000)]
  0x00000205e14a8020 JavaThread "ForkJoinPool.commonPool-worker-11" daemon [_thread_blocked, id=8216, stack(0x0000000d62700000,0x0000000d62800000)]
  0x00000205e14a7600 JavaThread "Worker-2" [_thread_blocked, id=3548, stack(0x0000000d60700000,0x0000000d60800000)]
=>0x00000205e377cc40 JavaThread "C2 CompilerThread1" daemon [_thread_in_native, id=9820, stack(0x0000000d5fe00000,0x0000000d5ff00000)]
  0x00000205ec19ca50 JavaThread "C2 CompilerThread2" daemon [_thread_blocked, id=15008, stack(0x0000000d62800000,0x0000000d62900000)]

Other Threads:
  0x00000205dfc33e50 VMThread "VM Thread" [stack: 0x0000000d5eb00000,0x0000000d5ec00000] [id=14860]
  0x00000205e13f4e00 WatcherThread [stack: 0x0000000d5f700000,0x0000000d5f800000] [id=11784]
  0x00000205c4cf3240 GCTaskThread "GC Thread#0" [stack: 0x0000000d5ea00000,0x0000000d5eb00000] [id=17416]
  0x00000205e1c6e3e0 GCTaskThread "GC Thread#1" [stack: 0x0000000d5f800000,0x0000000d5f900000] [id=18088]
  0x00000205e168b790 GCTaskThread "GC Thread#2" [stack: 0x0000000d5f900000,0x0000000d5fa00000] [id=14964]
  0x00000205e14fad60 GCTaskThread "GC Thread#3" [stack: 0x0000000d5fa00000,0x0000000d5fb00000] [id=2656]
  0x00000205e1581da0 GCTaskThread "GC Thread#4" [stack: 0x0000000d5fb00000,0x0000000d5fc00000] [id=4032]
  0x00000205e1582060 GCTaskThread "GC Thread#5" [stack: 0x0000000d5fc00000,0x0000000d5fd00000] [id=15964]
  0x00000205e1647e50 GCTaskThread "GC Thread#6" [stack: 0x0000000d5fd00000,0x0000000d5fe00000] [id=11484]
  0x00000205e1ee2a30 GCTaskThread "GC Thread#7" [stack: 0x0000000d60300000,0x0000000d60400000] [id=11376]
  0x00000205e20f7c70 GCTaskThread "GC Thread#8" [stack: 0x0000000d60500000,0x0000000d60600000] [id=13304]
  0x00000205e1d46cc0 GCTaskThread "GC Thread#9" [stack: 0x0000000d60600000,0x0000000d60700000] [id=15316]

Threads with active compile tasks:
C2 CompilerThread1    24247 6228       4       lombok.eclipse.EclipseAST::buildStatement (57 bytes)

VM state: not at safepoint (normal execution)

VM Mutex/Monitor currently owned by a thread: None

Heap address: 0x00000000c0000000, size: 1024 MB, Compressed Oops mode: 32-bit

CDS archive(s) not mapped
Compressed class space mapped at: 0x0000000100000000-0x0000000140000000, reserved size: 1073741824
Narrow klass base: 0x0000000000000000, Narrow klass shift: 3, Narrow klass range: 0x140000000

GC Precious Log:
 CPUs: 12 total, 12 available
 Memory: 8008M
 Large Page Support: Disabled
 NUMA Support: Disabled
 Compressed Oops: Enabled (32-bit)
 Alignments: Space 512K, Generation 512K, Heap 2M
 Heap Min Capacity: 100M
 Heap Initial Capacity: 100M
 Heap Max Capacity: 1G
 Pre-touch: Disabled
 Parallel Workers: 10

Heap:
 PSYoungGen      total 23040K, used 6015K [0x00000000eab00000, 0x00000000ec800000, 0x0000000100000000)
  eden space 21504K, 20% used [0x00000000eab00000,0x00000000eaf63ea8,0x00000000ec000000)
  from space 1536K, 98% used [0x00000000ec400000,0x00000000ec57c030,0x00000000ec580000)
  to   space 4096K, 0% used [0x00000000ec000000,0x00000000ec000000,0x00000000ec400000)
 ParOldGen       total 68608K, used 35507K [0x00000000c0000000, 0x00000000c4300000, 0x00000000eab00000)
  object space 68608K, 51% used [0x00000000c0000000,0x00000000c22acfd0,0x00000000c4300000)
 Metaspace       used 50427K, committed 51200K, reserved 1114112K
  class space    used 5108K, committed 5440K, reserved 1048576K

Card table byte_map: [0x00000205d8370000,0x00000205d8580000] _byte_map_base: 0x00000205d7d70000

Marking Bits: (ParMarkBitMap*) 0x00007ffe0bc8d7d0
 Begin Bits: [0x00000205d86e0000, 0x00000205d96e0000)
 End Bits:   [0x00000205d96e0000, 0x00000205da6e0000)

Polling page: 0x00000205c4a80000

Metaspace:

Usage:
  Non-class:     44.26 MB used.
      Class:      4.99 MB used.
       Both:     49.25 MB used.

Virtual space:
  Non-class space:       64.00 MB reserved,      44.69 MB ( 70%) committed,  1 nodes.
      Class space:        1.00 GB reserved,       5.31 MB ( <1%) committed,  1 nodes.
             Both:        1.06 GB reserved,      50.00 MB (  5%) committed. 

Chunk freelists:
   Non-Class:  3.26 MB
       Class:  10.50 MB
        Both:  13.76 MB

MaxMetaspaceSize: unlimited
CompressedClassSpaceSize: 1.00 GB
Initial GC threshold: 21.00 MB
Current GC threshold: 58.38 MB
CDS: off
MetaspaceReclaimPolicy: balanced
 - commit_granule_bytes: 65536.
 - commit_granule_words: 8192.
 - virtual_space_node_default_size: 8388608.
 - enlarge_chunks_in_place: 1.
 - new_chunks_are_fully_committed: 0.
 - uncommit_free_chunks: 1.
 - use_allocation_guard: 0.
 - handle_deallocations: 1.


Internal statistics:

num_allocs_failed_limit: 6.
num_arena_births: 578.
num_arena_deaths: 14.
num_vsnodes_births: 2.
num_vsnodes_deaths: 0.
num_space_committed: 800.
num_space_uncommitted: 0.
num_chunks_returned_to_freelist: 20.
num_chunks_taken_from_freelist: 2423.
num_chunk_merges: 8.
num_chunk_splits: 1511.
num_chunks_enlarged: 930.
num_inconsistent_stats: 0.

CodeHeap 'non-profiled nmethods': size=120000Kb used=3338Kb max_used=3338Kb free=116662Kb
 bounds [0x00000205d0c60000, 0x00000205d0fb0000, 0x00000205d8190000]
CodeHeap 'profiled nmethods': size=120000Kb used=12064Kb max_used=12064Kb free=107935Kb
 bounds [0x00000205c9190000, 0x00000205c9d60000, 0x00000205d06c0000]
CodeHeap 'non-nmethods': size=5760Kb used=1353Kb max_used=1455Kb free=4406Kb
 bounds [0x00000205d06c0000, 0x00000205d0930000, 0x00000205d0c60000]
 total_blobs=6124 nmethods=5427 adapters=610
 compilation: enabled
              stopped_count=0, restarted_count=0
 full_count=0

Compilation events (20 events):
Event: 23.783 Thread 0x00000205e377cc40 nmethod 6227% 0x00000205d0f7b810 code [0x00000205d0f7b9c0, 0x00000205d0f7be88]
Event: 23.784 Thread 0x00000205e377cc40 6236       4       java.net.URI::equalIgnoringCase (68 bytes)
Event: 23.792 Thread 0x00000205dfc60480 6259       3       java.lang.Class::getDeclaredConstructor (31 bytes)
Event: 23.796 Thread 0x00000205dfc60480 nmethod 6259 0x00000205c9d57a10 code [0x00000205c9d57c80, 0x00000205c9d585b8]
Event: 23.800 Thread 0x00000205e377cc40 nmethod 6236 0x00000205d0f7c210 code [0x00000205d0f7c3c0, 0x00000205d0f7c6d8]
Event: 23.800 Thread 0x00000205e377cc40 6228       4       lombok.eclipse.EclipseAST::buildStatement (57 bytes)
Event: 23.802 Thread 0x00000205dfc60480 6260       3       org.eclipse.osgi.framework.util.ArrayMap::getValue (11 bytes)
Event: 23.802 Thread 0x00000205dfc60480 nmethod 6260 0x00000205c9d58990 code [0x00000205c9d58b40, 0x00000205c9d58d08]
Event: 23.835 Thread 0x00000205ec19ca50 nmethod 5639 0x00000205d0f7ca10 code [0x00000205d0f7d2c0, 0x00000205d0f88448]
Event: 23.840 Thread 0x00000205ec19ca50 6208   !   4       org.eclipse.core.internal.resources.Workspace::getResourceInfo (109 bytes)
Event: 23.919 Thread 0x00000205ec19ca50 nmethod 6208 0x00000205d0f8e890 code [0x00000205d0f8eac0, 0x00000205d0f8ffe8]
Event: 23.920 Thread 0x00000205ec19ca50 6143       4       java.util.concurrent.ConcurrentHashMap::comparableClassFor (117 bytes)
Event: 23.922 Thread 0x00000205ec19ca50 nmethod 6143 0x00000205d0f90c10 code [0x00000205d0f90d80, 0x00000205d0f90e38]
Event: 23.922 Thread 0x00000205ec19ca50 5646       4       lombok.eclipse.EclipseASTAdapter::endVisitStatement (1 bytes)
Event: 23.923 Thread 0x00000205ec19ca50 nmethod 5646 0x00000205d0f90f10 code [0x00000205d0f91080, 0x00000205d0f910f8]
Event: 23.923 Thread 0x00000205ec19ca50 5648       4       lombok.eclipse.EclipseASTAdapter::visitStatement (1 bytes)
Event: 23.923 Thread 0x00000205ec19ca50 nmethod 5648 0x00000205d0f91210 code [0x00000205d0f91380, 0x00000205d0f913f8]
Event: 23.923 Thread 0x00000205ec19ca50 6234       4       lombok.core.FieldAugment::set (8 bytes)
Event: 23.925 Thread 0x00000205ec19ca50 nmethod 6234 0x00000205d0f91510 code [0x00000205d0f916a0, 0x00000205d0f91768]
Event: 23.939 Thread 0x00000205dfc5e810 nmethod 5638 0x00000205d0f91890 code [0x00000205d0f92120, 0x00000205d0f9cd28]

GC Heap History (20 events):
Event: 13.623 GC heap before
{Heap before GC invocations=17 (full 2):
 PSYoungGen      total 24576K, used 24128K [0x00000000eab00000, 0x00000000ec680000, 0x0000000100000000)
  eden space 21504K, 100% used [0x00000000eab00000,0x00000000ec000000,0x00000000ec000000)
  from space 3072K, 85% used [0x00000000ec380000,0x00000000ec610010,0x00000000ec680000)
  to   space 3072K, 0% used [0x00000000ec080000,0x00000000ec080000,0x00000000ec380000)
 ParOldGen       total 68608K, used 21249K [0x00000000c0000000, 0x00000000c4300000, 0x00000000eab00000)
  object space 68608K, 30% used [0x00000000c0000000,0x00000000c14c0598,0x00000000c4300000)
 Metaspace       used 38371K, committed 39104K, reserved 1114112K
  class space    used 3875K, committed 4160K, reserved 1048576K
}
Event: 13.630 GC heap after
{Heap after GC invocations=17 (full 2):
 PSYoungGen      total 24576K, used 3062K [0x00000000eab00000, 0x00000000ece00000, 0x0000000100000000)
  eden space 21504K, 0% used [0x00000000eab00000,0x00000000eab00000,0x00000000ec000000)
  from space 3072K, 99% used [0x00000000ec080000,0x00000000ec37d9a0,0x00000000ec380000)
  to   space 7168K, 0% used [0x00000000ec700000,0x00000000ec700000,0x00000000ece00000)
 ParOldGen       total 68608K, used 24393K [0x00000000c0000000, 0x00000000c4300000, 0x00000000eab00000)
  object space 68608K, 35% used [0x00000000c0000000,0x00000000c17d25a8,0x00000000c4300000)
 Metaspace       used 38371K, committed 39104K, reserved 1114112K
  class space    used 3875K, committed 4160K, reserved 1048576K
}
Event: 14.900 GC heap before
{Heap before GC invocations=18 (full 2):
 PSYoungGen      total 24576K, used 24564K [0x00000000eab00000, 0x00000000ece00000, 0x0000000100000000)
  eden space 21504K, 99% used [0x00000000eab00000,0x00000000ebfffa40,0x00000000ec000000)
  from space 3072K, 99% used [0x00000000ec080000,0x00000000ec37d9a0,0x00000000ec380000)
  to   space 7168K, 0% used [0x00000000ec700000,0x00000000ec700000,0x00000000ece00000)
 ParOldGen       total 68608K, used 24393K [0x00000000c0000000, 0x00000000c4300000, 0x00000000eab00000)
  object space 68608K, 35% used [0x00000000c0000000,0x00000000c17d25a8,0x00000000c4300000)
 Metaspace       used 40761K, committed 41472K, reserved 1114112K
  class space    used 4123K, committed 4416K, reserved 1048576K
}
Event: 14.914 GC heap after
{Heap after GC invocations=18 (full 2):
 PSYoungGen      total 24064K, used 2365K [0x00000000eab00000, 0x00000000ec980000, 0x0000000100000000)
  eden space 21504K, 0% used [0x00000000eab00000,0x00000000eab00000,0x00000000ec000000)
  from space 2560K, 92% used [0x00000000ec700000,0x00000000ec94f588,0x00000000ec980000)
  to   space 4096K, 0% used [0x00000000ec180000,0x00000000ec180000,0x00000000ec580000)
 ParOldGen       total 68608K, used 27526K [0x00000000c0000000, 0x00000000c4300000, 0x00000000eab00000)
  object space 68608K, 40% used [0x00000000c0000000,0x00000000c1ae1be0,0x00000000c4300000)
 Metaspace       used 40761K, committed 41472K, reserved 1114112K
  class space    used 4123K, committed 4416K, reserved 1048576K
}
Event: 17.150 GC heap before
{Heap before GC invocations=19 (full 2):
 PSYoungGen      total 24064K, used 23869K [0x00000000eab00000, 0x00000000ec980000, 0x0000000100000000)
  eden space 21504K, 100% used [0x00000000eab00000,0x00000000ec000000,0x00000000ec000000)
  from space 2560K, 92% used [0x00000000ec700000,0x00000000ec94f588,0x00000000ec980000)
  to   space 4096K, 0% used [0x00000000ec180000,0x00000000ec180000,0x00000000ec580000)
 ParOldGen       total 68608K, used 27526K [0x00000000c0000000, 0x00000000c4300000, 0x00000000eab00000)
  object space 68608K, 40% used [0x00000000c0000000,0x00000000c1ae1be0,0x00000000c4300000)
 Metaspace       used 41641K, committed 42368K, reserved 1114112K
  class space    used 4239K, committed 4544K, reserved 1048576K
}
Event: 17.153 GC heap after
{Heap after GC invocations=19 (full 2):
 PSYoungGen      total 25600K, used 512K [0x00000000eab00000, 0x00000000ec780000, 0x0000000100000000)
  eden space 21504K, 0% used [0x00000000eab00000,0x00000000eab00000,0x00000000ec000000)
  from space 4096K, 12% used [0x00000000ec180000,0x00000000ec200010,0x00000000ec580000)
  to   space 1536K, 0% used [0x00000000ec600000,0x00000000ec600000,0x00000000ec780000)
 ParOldGen       total 68608K, used 29689K [0x00000000c0000000, 0x00000000c4300000, 0x00000000eab00000)
  object space 68608K, 43% used [0x00000000c0000000,0x00000000c1cfe708,0x00000000c4300000)
 Metaspace       used 41641K, committed 42368K, reserved 1114112K
  class space    used 4239K, committed 4544K, reserved 1048576K
}
Event: 17.954 GC heap before
{Heap before GC invocations=20 (full 2):
 PSYoungGen      total 25600K, used 22016K [0x00000000eab00000, 0x00000000ec780000, 0x0000000100000000)
  eden space 21504K, 100% used [0x00000000eab00000,0x00000000ec000000,0x00000000ec000000)
  from space 4096K, 12% used [0x00000000ec180000,0x00000000ec200010,0x00000000ec580000)
  to   space 1536K, 0% used [0x00000000ec600000,0x00000000ec600000,0x00000000ec780000)
 ParOldGen       total 68608K, used 29689K [0x00000000c0000000, 0x00000000c4300000, 0x00000000eab00000)
  object space 68608K, 43% used [0x00000000c0000000,0x00000000c1cfe708,0x00000000c4300000)
 Metaspace       used 42560K, committed 43264K, reserved 1114112K
  class space    used 4312K, committed 4608K, reserved 1048576K
}
Event: 17.961 GC heap after
{Heap after GC invocations=20 (full 2):
 PSYoungGen      total 23040K, used 1514K [0x00000000eab00000, 0x00000000ec780000, 0x0000000100000000)
  eden space 21504K, 0% used [0x00000000eab00000,0x00000000eab00000,0x00000000ec000000)
  from space 1536K, 98% used [0x00000000ec600000,0x00000000ec77a810,0x00000000ec780000)
  to   space 2560K, 0% used [0x00000000ec280000,0x00000000ec280000,0x00000000ec500000)
 ParOldGen       total 68608K, used 30113K [0x00000000c0000000, 0x00000000c4300000, 0x00000000eab00000)
  object space 68608K, 43% used [0x00000000c0000000,0x00000000c1d68530,0x00000000c4300000)
 Metaspace       used 42560K, committed 43264K, reserved 1114112K
  class space    used 4312K, committed 4608K, reserved 1048576K
}
Event: 18.221 GC heap before
{Heap before GC invocations=21 (full 2):
 PSYoungGen      total 23040K, used 22982K [0x00000000eab00000, 0x00000000ec780000, 0x0000000100000000)
  eden space 21504K, 99% used [0x00000000eab00000,0x00000000ebff72d8,0x00000000ec000000)
  from space 1536K, 98% used [0x00000000ec600000,0x00000000ec77a810,0x00000000ec780000)
  to   space 2560K, 0% used [0x00000000ec280000,0x00000000ec280000,0x00000000ec500000)
 ParOldGen       total 68608K, used 30113K [0x00000000c0000000, 0x00000000c4300000, 0x00000000eab00000)
  object space 68608K, 43% used [0x00000000c0000000,0x00000000c1d68530,0x00000000c4300000)
 Metaspace       used 42576K, committed 43264K, reserved 1114112K
  class space    used 4312K, committed 4608K, reserved 1048576K
}
Event: 18.252 GC heap after
{Heap after GC invocations=21 (full 2):
 PSYoungGen      total 24064K, used 293K [0x00000000eab00000, 0x00000000ec680000, 0x0000000100000000)
  eden space 21504K, 0% used [0x00000000eab00000,0x00000000eab00000,0x00000000ec000000)
  from space 2560K, 11% used [0x00000000ec280000,0x00000000ec2c95f8,0x00000000ec500000)
  to   space 1024K, 0% used [0x00000000ec580000,0x00000000ec580000,0x00000000ec680000)
 ParOldGen       total 68608K, used 30616K [0x00000000c0000000, 0x00000000c4300000, 0x00000000eab00000)
  object space 68608K, 44% used [0x00000000c0000000,0x00000000c1de6358,0x00000000c4300000)
 Metaspace       used 42576K, committed 43264K, reserved 1114112K
  class space    used 4312K, committed 4608K, reserved 1048576K
}
Event: 18.948 GC heap before
{Heap before GC invocations=22 (full 2):
 PSYoungGen      total 24064K, used 21797K [0x00000000eab00000, 0x00000000ec680000, 0x0000000100000000)
  eden space 21504K, 100% used [0x00000000eab00000,0x00000000ec000000,0x00000000ec000000)
  from space 2560K, 11% used [0x00000000ec280000,0x00000000ec2c95f8,0x00000000ec500000)
  to   space 1024K, 0% used [0x00000000ec580000,0x00000000ec580000,0x00000000ec680000)
 ParOldGen       total 68608K, used 30616K [0x00000000c0000000, 0x00000000c4300000, 0x00000000eab00000)
  object space 68608K, 44% used [0x00000000c0000000,0x00000000c1de6358,0x00000000c4300000)
 Metaspace       used 44684K, committed 45440K, reserved 1114112K
  class space    used 4543K, committed 4864K, reserved 1048576K
}
Event: 18.955 GC heap after
{Heap after GC invocations=22 (full 2):
 PSYoungGen      total 22528K, used 1024K [0x00000000eab00000, 0x00000000ec680000, 0x0000000100000000)
  eden space 21504K, 0% used [0x00000000eab00000,0x00000000eab00000,0x00000000ec000000)
  from space 1024K, 100% used [0x00000000ec580000,0x00000000ec680000,0x00000000ec680000)
  to   space 1536K, 0% used [0x00000000ec380000,0x00000000ec380000,0x00000000ec500000)
 ParOldGen       total 68608K, used 30656K [0x00000000c0000000, 0x00000000c4300000, 0x00000000eab00000)
  object space 68608K, 44% used [0x00000000c0000000,0x00000000c1df0358,0x00000000c4300000)
 Metaspace       used 44684K, committed 45440K, reserved 1114112K
  class space    used 4543K, committed 4864K, reserved 1048576K
}
Event: 19.589 GC heap before
{Heap before GC invocations=23 (full 2):
 PSYoungGen      total 22528K, used 22528K [0x00000000eab00000, 0x00000000ec680000, 0x0000000100000000)
  eden space 21504K, 100% used [0x00000000eab00000,0x00000000ec000000,0x00000000ec000000)
  from space 1024K, 100% used [0x00000000ec580000,0x00000000ec680000,0x00000000ec680000)
  to   space 1536K, 0% used [0x00000000ec380000,0x00000000ec380000,0x00000000ec500000)
 ParOldGen       total 68608K, used 30656K [0x00000000c0000000, 0x00000000c4300000, 0x00000000eab00000)
  object space 68608K, 44% used [0x00000000c0000000,0x00000000c1df0358,0x00000000c4300000)
 Metaspace       used 45308K, committed 46016K, reserved 1114112K
  class space    used 4600K, committed 4928K, reserved 1048576K
}
Event: 19.592 GC heap after
{Heap after GC invocations=23 (full 2):
 PSYoungGen      total 23040K, used 416K [0x00000000eab00000, 0x00000000ec600000, 0x0000000100000000)
  eden space 21504K, 0% used [0x00000000eab00000,0x00000000eab00000,0x00000000ec000000)
  from space 1536K, 27% used [0x00000000ec380000,0x00000000ec3e8000,0x00000000ec500000)
  to   space 1024K, 0% used [0x00000000ec500000,0x00000000ec500000,0x00000000ec600000)
 ParOldGen       total 68608K, used 31505K [0x00000000c0000000, 0x00000000c4300000, 0x00000000eab00000)
  object space 68608K, 45% used [0x00000000c0000000,0x00000000c1ec4438,0x00000000c4300000)
 Metaspace       used 45308K, committed 46016K, reserved 1114112K
  class space    used 4600K, committed 4928K, reserved 1048576K
}
Event: 21.070 GC heap before
{Heap before GC invocations=24 (full 2):
 PSYoungGen      total 23040K, used 21920K [0x00000000eab00000, 0x00000000ec600000, 0x0000000100000000)
  eden space 21504K, 100% used [0x00000000eab00000,0x00000000ec000000,0x00000000ec000000)
  from space 1536K, 27% used [0x00000000ec380000,0x00000000ec3e8000,0x00000000ec500000)
  to   space 1024K, 0% used [0x00000000ec500000,0x00000000ec500000,0x00000000ec600000)
 ParOldGen       total 68608K, used 31505K [0x00000000c0000000, 0x00000000c4300000, 0x00000000eab00000)
  object space 68608K, 45% used [0x00000000c0000000,0x00000000c1ec4438,0x00000000c4300000)
 Metaspace       used 47895K, committed 48704K, reserved 1114112K
  class space    used 4897K, committed 5248K, reserved 1048576K
}
Event: 21.078 GC heap after
{Heap after GC invocations=24 (full 2):
 PSYoungGen      total 22528K, used 992K [0x00000000eab00000, 0x00000000ec600000, 0x0000000100000000)
  eden space 21504K, 0% used [0x00000000eab00000,0x00000000eab00000,0x00000000ec000000)
  from space 1024K, 96% used [0x00000000ec500000,0x00000000ec5f8040,0x00000000ec600000)
  to   space 2560K, 0% used [0x00000000ec100000,0x00000000ec100000,0x00000000ec380000)
 ParOldGen       total 68608K, used 32631K [0x00000000c0000000, 0x00000000c4300000, 0x00000000eab00000)
  object space 68608K, 47% used [0x00000000c0000000,0x00000000c1fddf58,0x00000000c4300000)
 Metaspace       used 47895K, committed 48704K, reserved 1114112K
  class space    used 4897K, committed 5248K, reserved 1048576K
}
Event: 22.503 GC heap before
{Heap before GC invocations=25 (full 2):
 PSYoungGen      total 22528K, used 22496K [0x00000000eab00000, 0x00000000ec600000, 0x0000000100000000)
  eden space 21504K, 100% used [0x00000000eab00000,0x00000000ec000000,0x00000000ec000000)
  from space 1024K, 96% used [0x00000000ec500000,0x00000000ec5f8040,0x00000000ec600000)
  to   space 2560K, 0% used [0x00000000ec100000,0x00000000ec100000,0x00000000ec380000)
 ParOldGen       total 68608K, used 32631K [0x00000000c0000000, 0x00000000c4300000, 0x00000000eab00000)
  object space 68608K, 47% used [0x00000000c0000000,0x00000000c1fddf58,0x00000000c4300000)
 Metaspace       used 48951K, committed 49728K, reserved 1114112K
  class space    used 4990K, committed 5312K, reserved 1048576K
}
Event: 22.507 GC heap after
{Heap after GC invocations=25 (full 2):
 PSYoungGen      total 24064K, used 1152K [0x00000000eab00000, 0x00000000ec580000, 0x0000000100000000)
  eden space 21504K, 0% used [0x00000000eab00000,0x00000000eab00000,0x00000000ec000000)
  from space 2560K, 45% used [0x00000000ec100000,0x00000000ec220118,0x00000000ec380000)
  to   space 1536K, 0% used [0x00000000ec400000,0x00000000ec400000,0x00000000ec580000)
 ParOldGen       total 68608K, used 33622K [0x00000000c0000000, 0x00000000c4300000, 0x00000000eab00000)
  object space 68608K, 49% used [0x00000000c0000000,0x00000000c20d5a00,0x00000000c4300000)
 Metaspace       used 48951K, committed 49728K, reserved 1114112K
  class space    used 4990K, committed 5312K, reserved 1048576K
}
Event: 23.589 GC heap before
{Heap before GC invocations=26 (full 2):
 PSYoungGen      total 24064K, used 22656K [0x00000000eab00000, 0x00000000ec580000, 0x0000000100000000)
  eden space 21504K, 100% used [0x00000000eab00000,0x00000000ec000000,0x00000000ec000000)
  from space 2560K, 45% used [0x00000000ec100000,0x00000000ec220118,0x00000000ec380000)
  to   space 1536K, 0% used [0x00000000ec400000,0x00000000ec400000,0x00000000ec580000)
 ParOldGen       total 68608K, used 33622K [0x00000000c0000000, 0x00000000c4300000, 0x00000000eab00000)
  object space 68608K, 49% used [0x00000000c0000000,0x00000000c20d5a00,0x00000000c4300000)
 Metaspace       used 50289K, committed 51136K, reserved 1114112K
  class space    used 5100K, committed 5440K, reserved 1048576K
}
Event: 23.593 GC heap after
{Heap after GC invocations=26 (full 2):
 PSYoungGen      total 23040K, used 1520K [0x00000000eab00000, 0x00000000ec800000, 0x0000000100000000)
  eden space 21504K, 0% used [0x00000000eab00000,0x00000000eab00000,0x00000000ec000000)
  from space 1536K, 98% used [0x00000000ec400000,0x00000000ec57c030,0x00000000ec580000)
  to   space 4096K, 0% used [0x00000000ec000000,0x00000000ec000000,0x00000000ec400000)
 ParOldGen       total 68608K, used 35507K [0x00000000c0000000, 0x00000000c4300000, 0x00000000eab00000)
  object space 68608K, 51% used [0x00000000c0000000,0x00000000c22acfd0,0x00000000c4300000)
 Metaspace       used 50289K, committed 51136K, reserved 1114112K
  class space    used 5100K, committed 5440K, reserved 1048576K
}

Dll operation events (10 events):
Event: 0.026 Loaded shared library c:\Users\alhdh\.vscode\extensions\redhat.java-1.30.0-win32-x64\jre\17.0.10-win32-x86_64\bin\java.dll
Event: 0.471 Loaded shared library c:\Users\alhdh\.vscode\extensions\redhat.java-1.30.0-win32-x64\jre\17.0.10-win32-x86_64\bin\zip.dll
Event: 0.477 Loaded shared library C:\Users\alhdh\.vscode\extensions\redhat.java-1.30.0-win32-x64\jre\17.0.10-win32-x86_64\bin\instrument.dll
Event: 0.505 Loaded shared library C:\Users\alhdh\.vscode\extensions\redhat.java-1.30.0-win32-x64\jre\17.0.10-win32-x86_64\bin\net.dll
Event: 0.509 Loaded shared library C:\Users\alhdh\.vscode\extensions\redhat.java-1.30.0-win32-x64\jre\17.0.10-win32-x86_64\bin\nio.dll
Event: 0.524 Loaded shared library C:\Users\alhdh\.vscode\extensions\redhat.java-1.30.0-win32-x64\jre\17.0.10-win32-x86_64\bin\zip.dll
Event: 0.565 Loaded shared library C:\Users\alhdh\.vscode\extensions\redhat.java-1.30.0-win32-x64\jre\17.0.10-win32-x86_64\bin\jimage.dll
Event: 0.708 Loaded shared library c:\Users\alhdh\.vscode\extensions\redhat.java-1.30.0-win32-x64\jre\17.0.10-win32-x86_64\bin\verify.dll
Event: 3.415 Loaded shared library C:\Users\alhdh\AppData\Roaming\Code\User\globalStorage\redhat.java\1.30.0\config_ss_win\org.eclipse.equinox.launcher\org.eclipse.equinox.launcher.win32.win32.x86_64_1.2.900.v20240213-1244\eclipse_11900.dll
Event: 7.743 Loaded shared library C:\Users\alhdh\AppData\Local\Temp\jna-92902113\jna10988141652559352927.dll

Deoptimization events (20 events):
Event: 23.362 Thread 0x00000205e22f5b30 Uncommon trap: trap_request=0xffffff45 fr.pc=0x00000205d0e84a0c relative=0x000000000000008c
Event: 23.362 Thread 0x00000205e22f5b30 Uncommon trap: reason=unstable_if action=reinterpret pc=0x00000205d0e84a0c method=java.util.Hashtable$Enumerator.nextElement()Ljava/lang/Object; @ 87 c2
Event: 23.362 Thread 0x00000205e22f5b30 DEOPT PACKING pc=0x00000205d0e84a0c sp=0x0000000d625fe250
Event: 23.362 Thread 0x00000205e22f5b30 DEOPT UNPACKING pc=0x00000205d07166a3 sp=0x0000000d625fe1d0 mode 2
Event: 23.478 Thread 0x00000205e1d6de40 DEOPT PACKING pc=0x00000205c92af7bb sp=0x0000000d608fe1e0
Event: 23.478 Thread 0x00000205e1d6de40 DEOPT UNPACKING pc=0x00000205d0716e43 sp=0x0000000d608fd658 mode 0
Event: 23.534 Thread 0x00000205e22f5b30 Uncommon trap: trap_request=0xffffff45 fr.pc=0x00000205d0cc0c70 relative=0x0000000000000130
Event: 23.534 Thread 0x00000205e22f5b30 Uncommon trap: reason=unstable_if action=reinterpret pc=0x00000205d0cc0c70 method=java.util.concurrent.ConcurrentHashMap.get(Ljava/lang/Object;)Ljava/lang/Object; @ 76 c2
Event: 23.534 Thread 0x00000205e22f5b30 DEOPT PACKING pc=0x00000205d0cc0c70 sp=0x0000000d625fe3e0
Event: 23.534 Thread 0x00000205e22f5b30 DEOPT UNPACKING pc=0x00000205d07166a3 sp=0x0000000d625fe368 mode 2
Event: 23.544 Thread 0x00000205e22f5b30 Uncommon trap: trap_request=0xffffff45 fr.pc=0x00000205d0d85e88 relative=0x0000000000000b28
Event: 23.544 Thread 0x00000205e22f5b30 Uncommon trap: reason=unstable_if action=reinterpret pc=0x00000205d0d85e88 method=java.util.concurrent.ConcurrentHashMap.transfer([Ljava/util/concurrent/ConcurrentHashMap$Node;[Ljava/util/concurrent/ConcurrentHashMap$Node;)V @ 352 c2
Event: 23.545 Thread 0x00000205e22f5b30 DEOPT PACKING pc=0x00000205d0d85e88 sp=0x0000000d625fdfb0
Event: 23.546 Thread 0x00000205e22f5b30 DEOPT UNPACKING pc=0x00000205d07166a3 sp=0x0000000d625fdf08 mode 2
Event: 23.599 Thread 0x00000205e1d6de40 Uncommon trap: trap_request=0xffffff45 fr.pc=0x00000205d0e5a644 relative=0x0000000000000224
Event: 23.599 Thread 0x00000205e1d6de40 Uncommon trap: reason=unstable_if action=reinterpret pc=0x00000205d0e5a644 method=org.eclipse.jdt.internal.core.util.WeakHashSet.cleanupGarbageCollectedValues()V @ 140 c2
Event: 23.599 Thread 0x00000205e1d6de40 DEOPT PACKING pc=0x00000205d0e5a644 sp=0x0000000d608fd860
Event: 23.600 Thread 0x00000205e1d6de40 DEOPT UNPACKING pc=0x00000205d07166a3 sp=0x0000000d608fd800 mode 2
Event: 23.655 Thread 0x00000205e1d6de40 DEOPT PACKING pc=0x00000205c92af7bb sp=0x0000000d608fddd0
Event: 23.655 Thread 0x00000205e1d6de40 DEOPT UNPACKING pc=0x00000205d0716e43 sp=0x0000000d608fd248 mode 0

Classes unloaded (7 events):
Event: 5.101 Thread 0x00000205dfc33e50 Unloading class 0x000000010021a400 'java/lang/invoke/LambdaForm$MH+0x000000010021a400'
Event: 5.101 Thread 0x00000205dfc33e50 Unloading class 0x000000010021a000 'java/lang/invoke/LambdaForm$MH+0x000000010021a000'
Event: 5.101 Thread 0x00000205dfc33e50 Unloading class 0x0000000100219c00 'java/lang/invoke/LambdaForm$MH+0x0000000100219c00'
Event: 5.101 Thread 0x00000205dfc33e50 Unloading class 0x0000000100219800 'java/lang/invoke/LambdaForm$MH+0x0000000100219800'
Event: 5.101 Thread 0x00000205dfc33e50 Unloading class 0x0000000100219400 'java/lang/invoke/LambdaForm$BMH+0x0000000100219400'
Event: 5.101 Thread 0x00000205dfc33e50 Unloading class 0x0000000100219000 'java/lang/invoke/LambdaForm$DMH+0x0000000100219000'
Event: 5.101 Thread 0x00000205dfc33e50 Unloading class 0x0000000100214400 'java/lang/invoke/LambdaForm$DMH+0x0000000100214400'

Classes redefined (0 events):
No events

Internal exceptions (20 events):
Event: 20.568 Thread 0x00000205e22f5620 Exception <a 'java/lang/NoSuchMethodError'{0x00000000eb634fd8}: 'java.lang.Object java.lang.invoke.DirectMethodHandle$Holder.invokeSpecial(java.lang.Object, java.lang.Object, long, java.lang.Object, java.lang.Object, java.lang.Object, java.lang.Object, java.lang.Object, java.lang.Object, java.lang.Object, java.lang.Object, java.lang.Object)'> (0x00000000eb634fd8) 
thrown [s\src\hotspot\share\interpreter\linkResolver.cpp, line 759]
Event: 20.569 Thread 0x00000205e22f5620 Exception <a 'java/lang/NoSuchMethodError'{0x00000000eb639520}: 'java.lang.Object java.lang.invoke.DelegatingMethodHandle$Holder.reinvoke_L(java.lang.Object, long, java.lang.Object, java.lang.Object, java.lang.Object, java.lang.Object, java.lang.Object, java.lang.Object, java.lang.Object, java.lang.Object, java.lang.Object)'> (0x00000000eb639520) 
thrown [s\src\hotspot\share\interpreter\linkResolver.cpp, line 759]
Event: 20.586 Thread 0x00000205e22f5620 Exception <a 'java/lang/NoSuchMethodError'{0x00000000eb668308}: 'java.lang.Object java.lang.invoke.DirectMethodHandle$Holder.invokeSpecial(java.lang.Object, java.lang.Object, java.lang.Object, java.lang.Object, java.lang.Object, java.lang.Object, java.lang.Object, java.lang.Object, java.lang.Object, java.lang.Object, java.lang.Object)'> (0x00000000eb668308) 
thrown [s\src\hotspot\share\interpreter\linkResolver.cpp, line 759]
Event: 20.588 Thread 0x00000205e22f5620 Exception <a 'java/lang/NoSuchMethodError'{0x00000000eb66cac0}: 'java.lang.Object java.lang.invoke.Invokers$Holder.linkToTargetMethod(java.lang.Object, java.lang.Object, java.lang.Object, java.lang.Object, java.lang.Object, java.lang.Object, java.lang.Object, java.lang.Object, java.lang.Object, java.lang.Object)'> (0x00000000eb66cac0) 
thrown [s\src\hotspot\share\interpreter\linkResolver.cpp, line 759]
Event: 20.675 Thread 0x00000205e22f5b30 Exception <a 'java/lang/NoSuchMethodError'{0x00000000eb8f3388}: 'int java.lang.invoke.DirectMethodHandle$Holder.invokeInterface(java.lang.Object, java.lang.Object)'> (0x00000000eb8f3388) 
thrown [s\src\hotspot\share\interpreter\linkResolver.cpp, line 759]
Event: 20.679 Thread 0x00000205e22f5b30 Exception <a 'java/lang/IncompatibleClassChangeError'{0x00000000eb8f6918}: Found class java.lang.Object, but interface was expected> (0x00000000eb8f6918) 
thrown [s\src\hotspot\share\interpreter\linkResolver.cpp, line 826]
Event: 20.847 Thread 0x00000205e22f5b30 Exception <a 'java/lang/NoSuchMethodError'{0x00000000ebc44df8}: 'int java.lang.invoke.DirectMethodHandle$Holder.invokeStatic(java.lang.Object, java.lang.Object, java.lang.Object, int)'> (0x00000000ebc44df8) 
thrown [s\src\hotspot\share\interpreter\linkResolver.cpp, line 759]
Event: 20.849 Thread 0x00000205e1d6de40 Exception <a 'java/lang/NoSuchMethodError'{0x00000000ebc5d168}: 'int java.lang.invoke.DirectMethodHandle$Holder.invokeStatic(java.lang.Object, java.lang.Object, java.lang.Object, int)'> (0x00000000ebc5d168) 
thrown [s\src\hotspot\share\interpreter\linkResolver.cpp, line 759]
Event: 20.958 Thread 0x00000205e22f5b30 Exception <a 'java/lang/NoSuchMethodError'{0x00000000ebdeaca0}: 'int java.lang.invoke.DirectMethodHandle$Holder.invokeVirtual(java.lang.Object, java.lang.Object, java.lang.Object)'> (0x00000000ebdeaca0) 
thrown [s\src\hotspot\share\interpreter\linkResolver.cpp, line 759]
Event: 20.958 Thread 0x00000205e1d6de40 Exception <a 'java/lang/NoSuchMethodError'{0x00000000ebe07ec0}: 'int java.lang.invoke.DirectMethodHandle$Holder.invokeVirtual(java.lang.Object, java.lang.Object, java.lang.Object)'> (0x00000000ebe07ec0) 
thrown [s\src\hotspot\share\interpreter\linkResolver.cpp, line 759]
Event: 20.974 Thread 0x00000205e1d6de40 Exception <a 'java/lang/NoSuchMethodError'{0x00000000ebe76f48}: 'int java.lang.invoke.DirectMethodHandle$Holder.invokeSpecialIFC(java.lang.Object, java.lang.Object, java.lang.Object)'> (0x00000000ebe76f48) 
thrown [s\src\hotspot\share\interpreter\linkResolver.cpp, line 759]
Event: 21.235 Thread 0x00000205e22f5b30 Exception <a 'java/io/FileNotFoundException'{0x00000000eac519b8}> (0x00000000eac519b8) 
thrown [s\src\hotspot\share\prims\jni.cpp, line 516]
Event: 21.236 Thread 0x00000205e22f5b30 Exception <a 'java/io/FileNotFoundException'{0x00000000ead3d298}> (0x00000000ead3d298) 
thrown [s\src\hotspot\share\prims\jni.cpp, line 516]
Event: 21.270 Thread 0x00000205e22f5b30 Exception <a 'java/lang/LinkageError'{0x00000000ead579e0}: loader lombok.launch.ShadowClassLoader @9f68da0 attempted duplicate class definition for lombok.launch.PatchFixesHider$Delegate. (lombok.launch.PatchFixesHider$Delegate is in unnamed module of loader lombok.launch.ShadowClassLoader @9f68da0, parent loader org.eclipse.osgi.internal.loader.EquinoxClassLoader @6758342c)> (0x00000000ead579e0) 
thrown [s\src\hotspot\share\classfile\systemDictionary.cpp, line 1724]
Event: 22.827 Thread 0x00000205e22f5b30 Exception <a 'java/lang/LinkageError'{0x00000000eb2a28c0}: loader lombok.launch.ShadowClassLoader @9f68da0 attempted duplicate class definition for lombok.launch.PatchFixesHider$ExtensionMethod. (lombok.launch.PatchFixesHider$ExtensionMethod is in unnamed module of loader lombok.launch.ShadowClassLoader @9f68da0, parent loader org.eclipse.osgi.internal.loader.EquinoxClassLoader @6758342c)> (0x00000000eb2a28c0) 
thrown [s\src\hotspot\share\classfile\systemDictionary.cpp, line 1724]
Event: 22.890 Thread 0x00000205e22f5b30 Exception <a 'java/lang/LinkageError'{0x00000000eb39ed00}: loader lombok.launch.ShadowClassLoader @9f68da0 attempted duplicate class definition for lombok.launch.PatchFixesHider$Val. (lombok.launch.PatchFixesHider$Val is in unnamed module of loader lombok.launch.ShadowClassLoader @9f68da0, parent loader org.eclipse.osgi.internal.loader.EquinoxClassLoader @6758342c)> (0x00000000eb39ed00) 
thrown [s\src\hotspot\share\classfile\systemDictionary.cpp, line 1724]
Event: 23.117 Thread 0x00000205e1d6de40 Implicit null exception at 0x00000205d0f0a175 to 0x00000205d0f0a4d4
Event: 23.342 Thread 0x00000205e1d6de40 Exception <a 'java/io/FileNotFoundException'{0x00000000ebabe628}> (0x00000000ebabe628) 
thrown [s\src\hotspot\share\prims\jni.cpp, line 516]
Event: 23.343 Thread 0x00000205e1d6de40 Exception <a 'java/io/FileNotFoundException'{0x00000000ebabf620}> (0x00000000ebabf620) 
thrown [s\src\hotspot\share\prims\jni.cpp, line 516]
Event: 23.343 Thread 0x00000205e1d6de40 Exception <a 'java/io/FileNotFoundException'{0x00000000ebac0388}> (0x00000000ebac0388) 
thrown [s\src\hotspot\share\prims\jni.cpp, line 516]

VM Operations (20 events):
Event: 21.070 Executing VM operation: ParallelGCFailedAllocation
Event: 21.079 Executing VM operation: ParallelGCFailedAllocation done
Event: 21.523 Executing VM operation: HandshakeAllThreads
Event: 21.523 Executing VM operation: HandshakeAllThreads done
Event: 21.643 Executing VM operation: HandshakeAllThreads
Event: 21.644 Executing VM operation: HandshakeAllThreads done
Event: 21.870 Executing VM operation: HandshakeAllThreads
Event: 21.870 Executing VM operation: HandshakeAllThreads done
Event: 21.948 Executing VM operation: HandshakeAllThreads
Event: 21.948 Executing VM operation: HandshakeAllThreads done
Event: 22.036 Executing VM operation: HandshakeAllThreads
Event: 22.036 Executing VM operation: HandshakeAllThreads done
Event: 22.496 Executing VM operation: ParallelGCFailedAllocation
Event: 22.508 Executing VM operation: ParallelGCFailedAllocation done
Event: 22.568 Executing VM operation: HandshakeAllThreads
Event: 22.568 Executing VM operation: HandshakeAllThreads done
Event: 23.131 Executing VM operation: ICBufferFull
Event: 23.155 Executing VM operation: ICBufferFull done
Event: 23.588 Executing VM operation: ParallelGCFailedAllocation
Event: 23.593 Executing VM operation: ParallelGCFailedAllocation done

Events (20 events):
Event: 20.688 loading class java/util/stream/MatchOps
Event: 20.689 loading class java/util/stream/MatchOps done
Event: 20.690 loading class java/util/stream/MatchOps$MatchOp
Event: 20.691 loading class java/util/stream/MatchOps$MatchOp done
Event: 20.691 loading class java/util/stream/MatchOps$BooleanTerminalSink
Event: 20.692 loading class java/util/stream/MatchOps$BooleanTerminalSink done
Event: 20.694 loading class java/util/stream/MatchOps$1MatchSink
Event: 20.695 loading class java/util/stream/MatchOps$1MatchSink done
Event: 20.962 loading class java/util/stream/ReduceOps$4
Event: 20.962 loading class java/util/stream/ReduceOps$4 done
Event: 20.963 loading class java/util/stream/ReduceOps$4ReducingSink
Event: 20.964 loading class java/util/stream/ReduceOps$4ReducingSink done
Event: 22.034 loading class java/util/regex/Pattern$LazyLoop
Event: 22.035 loading class java/util/regex/Pattern$LazyLoop done
Event: 22.036 loading class java/util/regex/Pattern$Pos
Event: 22.036 loading class java/util/regex/Pattern$Pos done
Event: 23.535 loading class java/util/concurrent/ConcurrentHashMap$TreeNode
Event: 23.536 loading class java/util/concurrent/ConcurrentHashMap$TreeNode done
Event: 23.536 loading class java/util/concurrent/ConcurrentHashMap$TreeBin
Event: 23.536 loading class java/util/concurrent/ConcurrentHashMap$TreeBin done


Dynamic libraries:
0x00007ff704300000 - 0x00007ff70430e000 	c:\Users\alhdh\.vscode\extensions\redhat.java-1.30.0-win32-x64\jre\17.0.10-win32-x86_64\bin\java.exe
0x00007ffe44d30000 - 0x00007ffe44f28000 	C:\Windows\SYSTEM32\ntdll.dll
0x00007ffdedc70000 - 0x00007ffdedc89000 	C:\Program Files\Avast Software\Avast\aswhook.dll
0x00007ffe44200000 - 0x00007ffe442bd000 	C:\Windows\System32\KERNEL32.DLL
0x00007ffe427e0000 - 0x00007ffe42ad6000 	C:\Windows\System32\KERNELBASE.dll
0x00007ffe426e0000 - 0x00007ffe427e0000 	C:\Windows\System32\ucrtbase.dll
0x00007ffe3d7a0000 - 0x00007ffe3d7b7000 	c:\Users\alhdh\.vscode\extensions\redhat.java-1.30.0-win32-x64\jre\17.0.10-win32-x86_64\bin\jli.dll
0x00007ffe3b920000 - 0x00007ffe3b93b000 	c:\Users\alhdh\.vscode\extensions\redhat.java-1.30.0-win32-x64\jre\17.0.10-win32-x86_64\bin\VCRUNTIME140.dll
0x00007ffe443e0000 - 0x00007ffe4457e000 	C:\Windows\System32\USER32.dll
0x00007ffe262f0000 - 0x00007ffe2658a000 	C:\Windows\WinSxS\amd64_microsoft.windows.common-controls_6595b64144ccf1df_6.0.19041.3636_none_60b6a03d71f818d5\COMCTL32.dll
0x00007ffe42610000 - 0x00007ffe42632000 	C:\Windows\System32\win32u.dll
0x00007ffe42d80000 - 0x00007ffe42e1e000 	C:\Windows\System32\msvcrt.dll
0x00007ffe44580000 - 0x00007ffe445ac000 	C:\Windows\System32\GDI32.dll
0x00007ffe42ae0000 - 0x00007ffe42bfa000 	C:\Windows\System32\gdi32full.dll
0x00007ffe42640000 - 0x00007ffe426dd000 	C:\Windows\System32\msvcp_win.dll
0x00007ffe44cb0000 - 0x00007ffe44ce0000 	C:\Windows\System32\IMM32.DLL
0x00007ffe3f700000 - 0x00007ffe3f70c000 	c:\Users\alhdh\.vscode\extensions\redhat.java-1.30.0-win32-x64\jre\17.0.10-win32-x86_64\bin\vcruntime140_1.dll
0x00007ffe17920000 - 0x00007ffe179ad000 	c:\Users\alhdh\.vscode\extensions\redhat.java-1.30.0-win32-x64\jre\17.0.10-win32-x86_64\bin\msvcp140.dll
0x00007ffe0b0f0000 - 0x00007ffe0bd52000 	c:\Users\alhdh\.vscode\extensions\redhat.java-1.30.0-win32-x64\jre\17.0.10-win32-x86_64\bin\server\jvm.dll
0x00007ffe44680000 - 0x00007ffe44733000 	C:\Windows\System32\ADVAPI32.dll
0x00007ffe44c10000 - 0x00007ffe44caf000 	C:\Windows\System32\sechost.dll
0x00007ffe43360000 - 0x00007ffe43486000 	C:\Windows\System32\RPCRT4.dll
0x00007ffe42d50000 - 0x00007ffe42d77000 	C:\Windows\System32\bcrypt.dll
0x00007ffe41960000 - 0x00007ffe419ab000 	C:\Windows\SYSTEM32\POWRPROF.dll
0x00007ffe2a910000 - 0x00007ffe2a937000 	C:\Windows\SYSTEM32\WINMM.dll
0x00007ffe20650000 - 0x00007ffe20659000 	C:\Windows\SYSTEM32\WSOCK32.dll
0x00007ffe3a730000 - 0x00007ffe3a73a000 	C:\Windows\SYSTEM32\VERSION.dll
0x00007ffe44b40000 - 0x00007ffe44bab000 	C:\Windows\System32\WS2_32.dll
0x00007ffe417d0000 - 0x00007ffe417e2000 	C:\Windows\SYSTEM32\UMPDC.dll
0x00007ffe40c00000 - 0x00007ffe40c12000 	C:\Windows\SYSTEM32\kernel.appcore.dll
0x00007ffe384c0000 - 0x00007ffe384ca000 	c:\Users\alhdh\.vscode\extensions\redhat.java-1.30.0-win32-x64\jre\17.0.10-win32-x86_64\bin\jimage.dll
0x00007ffe40900000 - 0x00007ffe40ae4000 	C:\Windows\SYSTEM32\DBGHELP.DLL
0x00007ffe37500000 - 0x00007ffe37534000 	C:\Windows\SYSTEM32\dbgcore.DLL
0x00007ffe42cc0000 - 0x00007ffe42d42000 	C:\Windows\System32\bcryptPrimitives.dll
0x00007ffe37360000 - 0x00007ffe3736e000 	c:\Users\alhdh\.vscode\extensions\redhat.java-1.30.0-win32-x64\jre\17.0.10-win32-x86_64\bin\instrument.dll
0x00007ffe313c0000 - 0x00007ffe313e5000 	c:\Users\alhdh\.vscode\extensions\redhat.java-1.30.0-win32-x64\jre\17.0.10-win32-x86_64\bin\java.dll
0x00007ffe2e9d0000 - 0x00007ffe2e9e8000 	c:\Users\alhdh\.vscode\extensions\redhat.java-1.30.0-win32-x64\jre\17.0.10-win32-x86_64\bin\zip.dll
0x00007ffe43490000 - 0x00007ffe43bd5000 	C:\Windows\System32\SHELL32.dll
0x00007ffe40090000 - 0x00007ffe4082b000 	C:\Windows\SYSTEM32\windows.storage.dll
0x00007ffe43c90000 - 0x00007ffe43fe4000 	C:\Windows\System32\combase.dll
0x00007ffe41d50000 - 0x00007ffe41d7d000 	C:\Windows\SYSTEM32\Wldp.dll
0x00007ffe448e0000 - 0x00007ffe4498d000 	C:\Windows\System32\SHCORE.dll
0x00007ffe44880000 - 0x00007ffe448d5000 	C:\Windows\System32\shlwapi.dll
0x00007ffe42330000 - 0x00007ffe42355000 	C:\Windows\SYSTEM32\profapi.dll
0x00007ffe258b0000 - 0x00007ffe258c9000 	C:\Users\alhdh\.vscode\extensions\redhat.java-1.30.0-win32-x64\jre\17.0.10-win32-x86_64\bin\net.dll
0x00007ffe3c520000 - 0x00007ffe3c62a000 	C:\Windows\SYSTEM32\WINHTTP.dll
0x00007ffe41b30000 - 0x00007ffe41b9a000 	C:\Windows\system32\mswsock.dll
0x00007ffe22220000 - 0x00007ffe22236000 	C:\Users\alhdh\.vscode\extensions\redhat.java-1.30.0-win32-x64\jre\17.0.10-win32-x86_64\bin\nio.dll
0x00007ffe2ee80000 - 0x00007ffe2ee90000 	c:\Users\alhdh\.vscode\extensions\redhat.java-1.30.0-win32-x64\jre\17.0.10-win32-x86_64\bin\verify.dll
0x00007ffe21720000 - 0x00007ffe2175e000 	C:\Users\alhdh\AppData\Roaming\Code\User\globalStorage\redhat.java\1.30.0\config_ss_win\org.eclipse.equinox.launcher\org.eclipse.equinox.launcher.win32.win32.x86_64_1.2.900.v20240213-1244\eclipse_11900.dll
0x00007ffe44050000 - 0x00007ffe4417b000 	C:\Windows\System32\ole32.dll
0x00007ffe41d90000 - 0x00007ffe41da8000 	C:\Windows\SYSTEM32\CRYPTSP.dll
0x00007ffe41410000 - 0x00007ffe41444000 	C:\Windows\system32\rsaenh.dll
0x00007ffe422b0000 - 0x00007ffe422de000 	C:\Windows\SYSTEM32\USERENV.dll
0x00007ffe41cc0000 - 0x00007ffe41ccc000 	C:\Windows\SYSTEM32\CRYPTBASE.dll
0x00007ffe417f0000 - 0x00007ffe4182b000 	C:\Windows\SYSTEM32\IPHLPAPI.DLL
0x00007ffe44ce0000 - 0x00007ffe44ce8000 	C:\Windows\System32\NSI.dll
0x00007ffe3a630000 - 0x00007ffe3a647000 	C:\Windows\SYSTEM32\dhcpcsvc6.DLL
0x00007ffe3a4c0000 - 0x00007ffe3a4dd000 	C:\Windows\SYSTEM32\dhcpcsvc.DLL
0x00007ffe41830000 - 0x00007ffe418fa000 	C:\Windows\SYSTEM32\DNSAPI.dll
0x00007ffe18b90000 - 0x00007ffe18bd5000 	C:\Users\alhdh\AppData\Local\Temp\jna-92902113\jna10988141652559352927.dll
0x00007ffe43bf0000 - 0x00007ffe43bf8000 	C:\Windows\System32\PSAPI.DLL

dbghelp: loaded successfully - version: 4.0.5 - missing functions: none
symbol engine: initialized successfully - sym options: 0x614 - pdb path: .;c:\Users\alhdh\.vscode\extensions\redhat.java-1.30.0-win32-x64\jre\17.0.10-win32-x86_64\bin;C:\Windows\SYSTEM32;C:\Program Files\Avast Software\Avast;C:\Windows\WinSxS\amd64_microsoft.windows.common-controls_6595b64144ccf1df_6.0.19041.3636_none_60b6a03d71f818d5;c:\Users\alhdh\.vscode\extensions\redhat.java-1.30.0-win32-x64\jre\17.0.10-win32-x86_64\bin\server;C:\Users\alhdh\AppData\Roaming\Code\User\globalStorage\redhat.java\1.30.0\config_ss_win\org.eclipse.equinox.launcher\org.eclipse.equinox.launcher.win32.win32.x86_64_1.2.900.v20240213-1244;C:\Users\alhdh\AppData\Local\Temp\jna-92902113

VM Arguments:
jvm_args: --add-modules=ALL-SYSTEM --add-opens=java.base/java.util=ALL-UNNAMED --add-opens=java.base/java.lang=ALL-UNNAMED --add-opens=java.base/sun.nio.fs=ALL-UNNAMED -Declipse.application=org.eclipse.jdt.ls.core.id1 -Dosgi.bundles.defaultStartLevel=4 -Declipse.product=org.eclipse.jdt.ls.core.product -Djava.import.generatesMetadataFilesAtProjectRoot=false -DDetectVMInstallationsJob.disabled=true -Dfile.encoding=utf8 -XX:+UseParallelGC -XX:GCTimeRatio=4 -XX:AdaptiveSizePolicyWeight=90 -Dsun.zip.disableMemoryMapping=true -Xmx1G -Xms100m -Xlog:disable -javaagent:c:\Users\alhdh\.vscode\extensions\redhat.java-1.30.0-win32-x64\lombok\lombok-1.18.32.jar 
java_command: c:\Users\alhdh\.vscode\extensions\redhat.java-1.30.0-win32-x64\server\plugins\org.eclipse.equinox.launcher_1.6.800.v20240330-1250.jar -configuration c:\Users\alhdh\AppData\Roaming\Code\User\globalStorage\redhat.java\1.30.0\config_ss_win -data c:\Users\alhdh\AppData\Roaming\Code\User\workspaceStorage\37dba57fa1d58a1a3d36af18158eedda\redhat.java\ss_ws --pipe=\\.\pipe\lsp-38e6ddbf977bd9a8ed95f187eb83337c-sock
java_class_path (initial): c:\Users\alhdh\.vscode\extensions\redhat.java-1.30.0-win32-x64\server\plugins\org.eclipse.equinox.launcher_1.6.800.v20240330-1250.jar
Launcher Type: SUN_STANDARD

[Global flags]
    uintx AdaptiveSizePolicyWeight                 = 90                                        {product} {command line}
     intx CICompilerCount                          = 4                                         {product} {ergonomic}
    uintx GCTimeRatio                              = 4                                         {product} {command line}
   size_t InitialHeapSize                          = 104857600                                 {product} {command line}
   size_t MaxHeapSize                              = 1073741824                                {product} {command line}
   size_t MaxNewSize                               = 357564416                                 {product} {ergonomic}
   size_t MinHeapDeltaBytes                        = 524288                                    {product} {ergonomic}
   size_t MinHeapSize                              = 104857600                                 {product} {command line}
   size_t NewSize                                  = 34603008                                  {product} {ergonomic}
    uintx NonNMethodCodeHeapSize                   = 5839372                                {pd product} {ergonomic}
    uintx NonProfiledCodeHeapSize                  = 122909434                              {pd product} {ergonomic}
   size_t OldSize                                  = 70254592                                  {product} {ergonomic}
    uintx ProfiledCodeHeapSize                     = 122909434                              {pd product} {ergonomic}
    uintx ReservedCodeCacheSize                    = 251658240                              {pd product} {ergonomic}
     bool SegmentedCodeCache                       = true                                      {product} {ergonomic}
   size_t SoftMaxHeapSize                          = 1073741824                             {manageable} {ergonomic}
     bool UseCompressedClassPointers               = true                           {product lp64_product} {ergonomic}
     bool UseCompressedOops                        = true                           {product lp64_product} {ergonomic}
     bool UseLargePagesIndividualAllocation        = false                                  {pd product} {ergonomic}
     bool UseParallelGC                            = true                                      {product} {command line}

Logging:
Log output configuration:
 #0: stdout all=off uptime,level,tags
 #1: stderr all=off uptime,level,tags

Environment Variables:
JAVA_HOME=C:\Program Files\Java\jdk-17
CLASSPATH=.;
PATH=C:\Program Files\Microsoft MPI\Bin\;C:\Python311\Scripts\;C:\Python311\;C:\Program Files\Common Files\Oracle\Java\javapath;C:\Program Files (x86)\Common Files\Oracle\Java\javapath;D:\WATCOM\BINNT;D:\WATCOM\BINW;C:\Windows\system32;C:\Windows;C:\Windows\System32\Wbem;C:\Windows\System32\WindowsPowerShell\v1.0\;C:\Windows\System32\OpenSSH\;C:\Program Files\dotnet\;C:\Program Files\Microsoft SQL Server\130\Tools\Binn\;C:\Program Files\Microsoft SQL Server\Client SDK\ODBC\170\Tools\Binn\;C:\Program Files\Azure Data Studio\bin;C:\Program Files (x86)\Microsoft SQL Server\150\Tools\Binn\;C:\Program Files\Microsoft SQL Server\150\Tools\Binn\;C:\Program Files\Microsoft SQL Server\150\DTS\Binn\;C:\Program Files (x86)\Microsoft SQL Server\150\DTS\Binn\;D:\Latex\miktex\bin\x64\;C:\Program Files (x86)\IVI Foundation\VISA\WinNT\Bin\;C:\Program Files\IVI Foundation\VISA\Win64\Bin\;D:\Shared\LabVIEW CLI;C:\Program Files\Amazon\AWSCLIV2\;C:\Program Files\PuTTY\;C:\ProgramData\chocolatey\bin;C:\Program Files\Git\cmd;C:\Program Files\Java\jdk1.8.0_211\bin;C:\Program Files\CMake\bin;C:\Program Files\nodejs\;C:\Program Files (x86)\PDFtk\bin\;%MPJ_HOME%\bin;C:\ProgramData\chocolatey\lib\maven\apache-maven-3.9.6\bin;;C:\Program Files\Docker\Docker\resources\bin;C:\GnuWin32\bin;C:\ProgramData\chocolatey\lib\maven\apache-maven-3.9.6\bin;C:\dummy\mpj-v0_44\mpj-v0_44\bin;C:\Program Files\Java\jdk-11\bin;C:\Program Files\MySQL\MySQL Shell 8.0\bin\;D:\WATCOM\BINNT;D:\WATCOM\BINW;C:\Windows\system32;C:\Windows;C:\Windows\System32\Wbem;C:\Windows\System32\WindowsPowerShell\v1.0\;C:\Windows\System32\OpenSSH\;C:\Program Files (x86)\IncrediBuild;C:\Program Files\dotnet\;C:\Program Files\Microsoft SQL Server\130\Tools\Binn\;C:\Program Files\Microsoft SQL Server\Client SDK\ODBC\170\Tools\Binn\;C:\Program Files\Azure Data Studio\bin;C:\Program Files (x86)\Microsoft SQL Server\150\Tools\Binn\;C:\Program Files\Microsoft SQL Server\150\Tools\Binn\;C:\Program Files\Microsoft SQL Server\150\DTS\Binn\;C:\P
USERNAME=alhdh
OS=Windows_NT
PROCESSOR_IDENTIFIER=Intel64 Family 6 Model 158 Stepping 10, GenuineIntel
TMP=C:\Users\alhdh\AppData\Local\Temp
TEMP=C:\Users\alhdh\AppData\Local\Temp



Periodic native trim disabled


---------------  S Y S T E M  ---------------

OS:
 Windows 10 , 64 bit Build 19041 (10.0.19041.3636)
OS uptime: 0 days 3:03 hours
Hyper-V role detected

CPU: total 12 (initial active 12) (6 cores per cpu, 2 threads per core) family 6 model 158 stepping 10 microcode 0xf0, cx8, cmov, fxsr, ht, mmx, 3dnowpref, sse, sse2, sse3, ssse3, sse4.1, sse4.2, popcnt, lzcnt, tsc, tscinvbit, avx, avx2, aes, erms, clmul, bmi1, bmi2, adx, fma, vzeroupper, clflush, clflushopt, hv
Processor Information for processor 0
  Max Mhz: 2592, Current Mhz: 2592, Mhz Limit: 2592
Processor Information for processor 1
  Max Mhz: 2592, Current Mhz: 2592, Mhz Limit: 2592
Processor Information for processor 2
  Max Mhz: 2592, Current Mhz: 2592, Mhz Limit: 2592
Processor Information for processor 3
  Max Mhz: 2592, Current Mhz: 2592, Mhz Limit: 2592
Processor Information for processor 4
  Max Mhz: 2592, Current Mhz: 2592, Mhz Limit: 2592
Processor Information for processor 5
  Max Mhz: 2592, Current Mhz: 2592, Mhz Limit: 2592
Processor Information for processor 6
  Max Mhz: 2592, Current Mhz: 2592, Mhz Limit: 2592
Processor Information for processor 7
  Max Mhz: 2592, Current Mhz: 2592, Mhz Limit: 2592
Processor Information for processor 8
  Max Mhz: 2592, Current Mhz: 2592, Mhz Limit: 2592
Processor Information for processor 9
  Max Mhz: 2592, Current Mhz: 2592, Mhz Limit: 2592
Processor Information for processor 10
  Max Mhz: 2592, Current Mhz: 1495, Mhz Limit: 2592
Processor Information for processor 11
  Max Mhz: 2592, Current Mhz: 2592, Mhz Limit: 2592

Memory: 4k page, system-wide physical 8008M (993M free)
TotalPageFile size 11021M (AvailPageFile size 5M)
current process WorkingSet (physical memory assigned to process): 233M, peak: 245M
current process commit charge ("private bytes"): 316M, peak: 330M

vm_info: OpenJDK 64-Bit Server VM (17.0.10+7) for windows-amd64 JRE (17.0.10+7), built on Jan 16 2024 23:25:11 by "admin" with MS VC++ 16.10 / 16.11 (VS2019)

END.
