#
# There is insufficient memory for the Java Runtime Environment to continue.
# Native memory allocation (malloc) failed to allocate 1117776 bytes for Chunk::new
# Possible reasons:
#   The system is out of physical RAM or swap space
#   The process is running with CompressedOops enabled, and the Java Heap may be blocking the growth of the native heap
# Possible solutions:
#   Reduce memory load on the system
#   Increase physical memory or swap space
#   Check if swap backing store is full
#   Decrease Java heap size (-Xmx/-Xms)
#   Decrease number of Java threads
#   Decrease Java thread stack sizes (-Xss)
#   Set larger code cache with -XX:ReservedCodeCacheSize=
#   JVM is running with Unscaled Compressed Oops mode in which the Java heap is
#     placed in the first 4GB address space. The Java Heap base address is the
#     maximum limit for the native heap growth. Please use -XX:HeapBaseMinAddress
#     to set the Java Heap base and to place the Java Heap above 4GB virtual address.
# This output file may be truncated or incomplete.
#
#  Out of Memory Error (arena.cpp:191), pid=16984, tid=4536
#
# JRE version: OpenJDK Runtime Environment Temurin-17.0.10+7 (17.0.10+7) (build 17.0.10+7)
# Java VM: OpenJDK 64-Bit Server VM Temurin-17.0.10+7 (17.0.10+7, mixed mode, tiered, compressed oops, compressed class ptrs, parallel gc, windows-amd64)
# No core dump will be written. Minidumps are not enabled by default on client versions of Windows
#

---------------  S U M M A R Y ------------

Command Line: --add-modules=ALL-SYSTEM --add-opens=java.base/java.util=ALL-UNNAMED --add-opens=java.base/java.lang=ALL-UNNAMED --add-opens=java.base/sun.nio.fs=ALL-UNNAMED -Declipse.application=org.eclipse.jdt.ls.core.id1 -Dosgi.bundles.defaultStartLevel=4 -Declipse.product=org.eclipse.jdt.ls.core.product -Djava.import.generatesMetadataFilesAtProjectRoot=false -DDetectVMInstallationsJob.disabled=true -Dfile.encoding=utf8 -XX:+UseParallelGC -XX:GCTimeRatio=4 -XX:AdaptiveSizePolicyWeight=90 -Dsun.zip.disableMemoryMapping=true -Xmx1G -Xms100m -Xlog:disable -javaagent:c:\Users\alhdh\.vscode\extensions\redhat.java-1.30.0-win32-x64\lombok\lombok-1.18.32.jar -XX:+HeapDumpOnOutOfMemoryError -XX:HeapDumpPath=c:\Users\alhdh\AppData\Roaming\Code\User\workspaceStorage\37dba57fa1d58a1a3d36af18158eedda\redhat.java -Daether.dependencyCollector.impl=bf c:\Users\alhdh\.vscode\extensions\redhat.java-1.30.0-win32-x64\server\plugins\org.eclipse.equinox.launcher_1.6.800.v20240330-1250.jar -configuration c:\Users\alhdh\AppData\Roaming\Code\User\globalStorage\redhat.java\1.30.0\config_win -data c:\Users\alhdh\AppData\Roaming\Code\User\workspaceStorage\37dba57fa1d58a1a3d36af18158eedda\redhat.java\jdt_ws --pipe=\\.\pipe\lsp-db8894b6e8c4dbc81db839333e6f7806-sock

Host: Intel(R) Core(TM) i7-9750H CPU @ 2.60GHz, 12 cores, 7G,  Windows 10 , 64 bit Build 19041 (10.0.19041.3636)
Time: Sat May  4 01:11:12 2024 Egypt Daylight Time elapsed time: 2715.705636 seconds (0d 0h 45m 15s)

---------------  T H R E A D  ---------------

Current thread (0x0000023666b6aa50):  JavaThread "C2 CompilerThread0" daemon [_thread_in_native, id=4536, stack(0x000000afbe400000,0x000000afbe500000)]


Current CompileTask:
C2:2715705 32366   !   4       org.eclipse.jdt.internal.compiler.lookup.BinaryTypeBinding::cachePartsFrom (2242 bytes)

Stack: [0x000000afbe400000,0x000000afbe500000]
Native frames: (J=compiled Java code, j=interpreted, Vv=VM code, C=native code)
V  [jvm.dll+0x67d2c9]
V  [jvm.dll+0x834afa]
V  [jvm.dll+0x8365be]
V  [jvm.dll+0x836c23]
V  [jvm.dll+0x2477ff]
V  [jvm.dll+0xac514]
V  [jvm.dll+0xacb5c]
V  [jvm.dll+0x2aed1f]
V  [jvm.dll+0x584b67]
V  [jvm.dll+0x2228a2]
V  [jvm.dll+0x222c8f]
V  [jvm.dll+0x21bdb6]
V  [jvm.dll+0x219201]
V  [jvm.dll+0x1a502d]
V  [jvm.dll+0x2290de]
V  [jvm.dll+0x2272ac]
V  [jvm.dll+0x7e9bb7]
V  [jvm.dll+0x7e3fba]
V  [jvm.dll+0x67c1b5]
C  [ucrtbase.dll+0x21bb2]
C  [KERNEL32.DLL+0x17344]
C  [ntdll.dll+0x526b1]


---------------  P R O C E S S  ---------------

Threads class SMR info:
_java_thread_list=0x000002367b4e6890, length=54, elements={
0x000002364d9aef20, 0x000002366183b810, 0x000002366183c690, 0x0000023666b2f2c0,
0x0000023666b30140, 0x0000023666b350a0, 0x0000023666b65590, 0x0000023666b6aa50,
0x0000023666b6e920, 0x0000023666b78a10, 0x0000023666c5bf50, 0x00000236680c0d30,
0x0000023668a7f610, 0x00000236687cf440, 0x0000023668c22b20, 0x000002366929d910,
0x0000023669307100, 0x0000023668d3f9d0, 0x0000023668d403f0, 0x0000023668d3efb0,
0x0000023668d3f4c0, 0x0000023668d3e080, 0x0000023668d3eaa0, 0x000002366ba27720,
0x000002366ba27c30, 0x000002366ba28140, 0x000002366ba24480, 0x000002366ba24990,
0x000002366ba267f0, 0x000002366ba262e0, 0x000002366ba2a9c0, 0x000002366ba28650,
0x000002366ba29a90, 0x000002366ba28b60, 0x000002366ba29fa0, 0x000002366ba26d00,
0x000002366ba2aed0, 0x000002366ba258c0, 0x000002366ba24ea0, 0x00000236695149b0,
0x0000023669517230, 0x000002366b6de460, 0x000002366b6e1c10, 0x000002366b6e02c0,
0x000002366b6e49a0, 0x0000023668f43b90, 0x000002366b6e3560, 0x000002366b6e1700,
0x00000236695158e0, 0x0000023669516810, 0x0000023669518160, 0x0000023669517740,
0x0000023669513a80, 0x0000023669518b80
}

Java Threads: ( => current thread )
  0x000002364d9aef20 JavaThread "main" [_thread_blocked, id=5520, stack(0x000000afbdb00000,0x000000afbdc00000)]
  0x000002366183b810 JavaThread "Reference Handler" daemon [_thread_blocked, id=15400, stack(0x000000afbde00000,0x000000afbdf00000)]
  0x000002366183c690 JavaThread "Finalizer" daemon [_thread_blocked, id=17220, stack(0x000000afbdf00000,0x000000afbe000000)]
  0x0000023666b2f2c0 JavaThread "Signal Dispatcher" daemon [_thread_blocked, id=3892, stack(0x000000afbe000000,0x000000afbe100000)]
  0x0000023666b30140 JavaThread "Attach Listener" daemon [_thread_blocked, id=20868, stack(0x000000afbe100000,0x000000afbe200000)]
  0x0000023666b350a0 JavaThread "Service Thread" daemon [_thread_blocked, id=12564, stack(0x000000afbe200000,0x000000afbe300000)]
  0x0000023666b65590 JavaThread "Monitor Deflation Thread" daemon [_thread_blocked, id=20384, stack(0x000000afbe300000,0x000000afbe400000)]
=>0x0000023666b6aa50 JavaThread "C2 CompilerThread0" daemon [_thread_in_native, id=4536, stack(0x000000afbe400000,0x000000afbe500000)]
  0x0000023666b6e920 JavaThread "C1 CompilerThread0" daemon [_thread_blocked, id=18456, stack(0x000000afbe500000,0x000000afbe600000)]
  0x0000023666b78a10 JavaThread "Sweeper thread" daemon [_thread_blocked, id=19248, stack(0x000000afbe600000,0x000000afbe700000)]
  0x0000023666c5bf50 JavaThread "Common-Cleaner" daemon [_thread_blocked, id=12208, stack(0x000000afbe700000,0x000000afbe800000)]
  0x00000236680c0d30 JavaThread "Notification Thread" daemon [_thread_blocked, id=18092, stack(0x000000afbe800000,0x000000afbe900000)]
  0x0000023668a7f610 JavaThread "Active Thread: Equinox Container: 2ae74e3e-e694-44b8-94e1-2e167be094b3" [_thread_blocked, id=11068, stack(0x000000afbf100000,0x000000afbf200000)]
  0x00000236687cf440 JavaThread "Framework Event Dispatcher: Equinox Container: 2ae74e3e-e694-44b8-94e1-2e167be094b3" daemon [_thread_blocked, id=16260, stack(0x000000afbf200000,0x000000afbf300000)]
  0x0000023668c22b20 JavaThread "Start Level: Equinox Container: 2ae74e3e-e694-44b8-94e1-2e167be094b3" daemon [_thread_blocked, id=18828, stack(0x000000afbf300000,0x000000afbf400000)]
  0x000002366929d910 JavaThread "Bundle File Closer" daemon [_thread_blocked, id=9572, stack(0x000000afbf500000,0x000000afbf600000)]
  0x0000023669307100 JavaThread "SCR Component Actor" daemon [_thread_blocked, id=16024, stack(0x000000afbf600000,0x000000afbf700000)]
  0x0000023668d3f9d0 JavaThread "Worker-JM" [_thread_blocked, id=8396, stack(0x000000afbfa00000,0x000000afbfb00000)]
  0x0000023668d403f0 JavaThread "Java indexing" daemon [_thread_blocked, id=21356, stack(0x000000afbfe00000,0x000000afbff00000)]
  0x0000023668d3efb0 JavaThread "JNA Cleaner" daemon [_thread_blocked, id=4392, stack(0x000000afc0000000,0x000000afc0100000)]
  0x0000023668d3f4c0 JavaThread "Thread-2" daemon [_thread_in_native, id=4984, stack(0x000000afc0300000,0x000000afc0400000)]
  0x0000023668d3e080 JavaThread "Thread-3" daemon [_thread_in_native, id=18264, stack(0x000000afc0400000,0x000000afc0500000)]
  0x0000023668d3eaa0 JavaThread "Thread-4" daemon [_thread_in_native, id=19524, stack(0x000000afc0500000,0x000000afc0600000)]
  0x000002366ba27720 JavaThread "Thread-5" daemon [_thread_in_native, id=21228, stack(0x000000afc0600000,0x000000afc0700000)]
  0x000002366ba27c30 JavaThread "Thread-6" daemon [_thread_in_native, id=4372, stack(0x000000afc0700000,0x000000afc0800000)]
  0x000002366ba28140 JavaThread "Thread-7" daemon [_thread_in_native, id=18004, stack(0x000000afc0800000,0x000000afc0900000)]
  0x000002366ba24480 JavaThread "Thread-8" daemon [_thread_in_native, id=21304, stack(0x000000afc0900000,0x000000afc0a00000)]
  0x000002366ba24990 JavaThread "Thread-9" daemon [_thread_in_native, id=13576, stack(0x000000afc0a00000,0x000000afc0b00000)]
  0x000002366ba267f0 JavaThread "Thread-10" daemon [_thread_in_native, id=11504, stack(0x000000afc0b00000,0x000000afc0c00000)]
  0x000002366ba262e0 JavaThread "Thread-11" daemon [_thread_in_native, id=15896, stack(0x000000afc0c00000,0x000000afc0d00000)]
  0x000002366ba2a9c0 JavaThread "Thread-12" daemon [_thread_in_native, id=8232, stack(0x000000afc0d00000,0x000000afc0e00000)]
  0x000002366ba28650 JavaThread "Thread-13" daemon [_thread_in_native, id=1416, stack(0x000000afc0e00000,0x000000afc0f00000)]
  0x000002366ba29a90 JavaThread "Thread-14" daemon [_thread_in_native, id=6080, stack(0x000000afc0f00000,0x000000afc1000000)]
  0x000002366ba28b60 JavaThread "pool-2-thread-1" [_thread_blocked, id=15204, stack(0x000000afc1000000,0x000000afc1100000)]
  0x000002366ba29fa0 JavaThread "WorkspaceEventsHandler" [_thread_blocked, id=11132, stack(0x000000afc1100000,0x000000afc1200000)]
  0x000002366ba26d00 JavaThread "pool-1-thread-1" [_thread_blocked, id=6328, stack(0x000000afc1200000,0x000000afc1300000)]
  0x000002366ba2aed0 JavaThread "ForkJoinPool.commonPool-worker-2" daemon [_thread_blocked, id=15872, stack(0x000000afc1500000,0x000000afc1600000)]
  0x000002366ba258c0 JavaThread "ForkJoinPool.commonPool-worker-4" daemon [_thread_blocked, id=20664, stack(0x000000afc1700000,0x000000afc1800000)]
  0x000002366ba24ea0 JavaThread "ForkJoinPool.commonPool-worker-5" daemon [_thread_blocked, id=4992, stack(0x000000afc1800000,0x000000afc1900000)]
  0x00000236695149b0 JavaThread "ForkJoinPool.commonPool-worker-9" daemon [_thread_blocked, id=1584, stack(0x000000afc1e00000,0x000000afc1f00000)]
  0x0000023669517230 JavaThread "Cleaner-0" daemon [_thread_blocked, id=7244, stack(0x000000afc2100000,0x000000afc2200000)]
  0x000002366b6de460 JavaThread "ForkJoinPool.commonPool-worker-12" daemon [_thread_blocked, id=15172, stack(0x000000afbd800000,0x000000afbd900000)]
  0x000002366b6e1c10 JavaThread "ForkJoinPool.commonPool-worker-13" daemon [_thread_blocked, id=2712, stack(0x000000afbda00000,0x000000afbdb00000)]
  0x000002366b6e02c0 JavaThread "ForkJoinPool.commonPool-worker-15" daemon [_thread_blocked, id=20240, stack(0x000000afbf900000,0x000000afbfa00000)]
  0x000002366b6e49a0 JavaThread "ForkJoinPool.commonPool-worker-17" daemon [_thread_blocked, id=9172, stack(0x000000afbf000000,0x000000afbf100000)]
  0x0000023668f43b90 JavaThread "ForkJoinPool.commonPool-worker-18" daemon [_thread_blocked, id=4788, stack(0x000000afbfb00000,0x000000afbfc00000)]
  0x000002366b6e3560 JavaThread "ForkJoinPool.commonPool-worker-19" daemon [_thread_blocked, id=21292, stack(0x000000afbd900000,0x000000afbda00000)]
  0x000002366b6e1700 JavaThread "Worker-27" [_thread_blocked, id=5540, stack(0x000000afbff00000,0x000000afc0000000)]
  0x00000236695158e0 JavaThread "Worker-28" [_thread_blocked, id=1356, stack(0x000000afbfc00000,0x000000afbfd00000)]
  0x0000023669516810 JavaThread "ForkJoinPool.commonPool-worker-20" daemon [_thread_blocked, id=17760, stack(0x000000afbfd00000,0x000000afbfe00000)]
  0x0000023669518160 JavaThread "Worker-29" [_thread_blocked, id=2104, stack(0x000000afc0100000,0x000000afc0200000)]
  0x0000023669517740 JavaThread "Worker-30" [_thread_blocked, id=12052, stack(0x000000afc0200000,0x000000afc0300000)]
  0x0000023669513a80 JavaThread "Worker-31" [_thread_blocked, id=9384, stack(0x000000afc1400000,0x000000afc1500000)]
  0x0000023669518b80 JavaThread "pool-1-thread-10" [_thread_blocked, id=12504, stack(0x000000afc1300000,0x000000afc1400000)]

Other Threads:
  0x0000023661839c00 VMThread "VM Thread" [stack: 0x000000afbdd00000,0x000000afbde00000] [id=16848]
  0x00000236680bdfc0 WatcherThread [stack: 0x000000afbe900000,0x000000afbea00000] [id=8724]
  0x000002364d9c4060 GCTaskThread "GC Thread#0" [stack: 0x000000afbdc00000,0x000000afbdd00000] [id=5684]
  0x000002366868d7c0 GCTaskThread "GC Thread#1" [stack: 0x000000afbea00000,0x000000afbeb00000] [id=19372]
  0x000002366884fe30 GCTaskThread "GC Thread#2" [stack: 0x000000afbeb00000,0x000000afbec00000] [id=12376]
  0x00000236688500f0 GCTaskThread "GC Thread#3" [stack: 0x000000afbec00000,0x000000afbed00000] [id=7188]
  0x00000236682cf440 GCTaskThread "GC Thread#4" [stack: 0x000000afbed00000,0x000000afbee00000] [id=8660]
  0x00000236682cf700 GCTaskThread "GC Thread#5" [stack: 0x000000afbee00000,0x000000afbef00000] [id=4652]
  0x00000236682cf9c0 GCTaskThread "GC Thread#6" [stack: 0x000000afbef00000,0x000000afbf000000] [id=13252]
  0x00000236687cea10 GCTaskThread "GC Thread#7" [stack: 0x000000afbf400000,0x000000afbf500000] [id=19504]
  0x0000023669308070 GCTaskThread "GC Thread#8" [stack: 0x000000afbf700000,0x000000afbf800000] [id=12468]
  0x0000023668e19bb0 GCTaskThread "GC Thread#9" [stack: 0x000000afbf800000,0x000000afbf900000] [id=16640]

Threads with active compile tasks:
C2 CompilerThread0  2715857 32366   !   4       org.eclipse.jdt.internal.compiler.lookup.BinaryTypeBinding::cachePartsFrom (2242 bytes)

VM state: not at safepoint (normal execution)

VM Mutex/Monitor currently owned by a thread: None

Heap address: 0x00000000c0000000, size: 1024 MB, Compressed Oops mode: 32-bit

CDS archive(s) not mapped
Compressed class space mapped at: 0x0000000100000000-0x0000000140000000, reserved size: 1073741824
Narrow klass base: 0x0000000000000000, Narrow klass shift: 3, Narrow klass range: 0x140000000

GC Precious Log:
 CPUs: 12 total, 12 available
 Memory: 8008M
 Large Page Support: Disabled
 NUMA Support: Disabled
 Compressed Oops: Enabled (32-bit)
 Alignments: Space 512K, Generation 512K, Heap 2M
 Heap Min Capacity: 100M
 Heap Initial Capacity: 100M
 Heap Max Capacity: 1G
 Pre-touch: Disabled
 Parallel Workers: 10

Heap:
 PSYoungGen      total 17920K, used 9077K [0x00000000eab00000, 0x00000000ebf00000, 0x0000000100000000)
  eden space 12288K, 66% used [0x00000000eab00000,0x00000000eb2feb08,0x00000000eb700000)
  from space 5632K, 15% used [0x00000000eb700000,0x00000000eb7de920,0x00000000ebc80000)
  to   space 2048K, 0% used [0x00000000ebd00000,0x00000000ebd00000,0x00000000ebf00000)
 ParOldGen       total 505344K, used 484090K [0x00000000c0000000, 0x00000000ded80000, 0x00000000eab00000)
  object space 505344K, 95% used [0x00000000c0000000,0x00000000dd8bea60,0x00000000ded80000)
 Metaspace       used 101022K, committed 102464K, reserved 1179648K
  class space    used 9948K, committed 10560K, reserved 1048576K

Card table byte_map: [0x000002364d370000,0x000002364d580000] _byte_map_base: 0x000002364cd70000

Marking Bits: (ParMarkBitMap*) 0x00007ffe0bc8d7d0
 Begin Bits: [0x000002365f640000, 0x0000023660640000)
 End Bits:   [0x0000023660640000, 0x0000023661640000)

Polling page: 0x000002364d160000

Metaspace:

Usage:
  Non-class:     88.94 MB used.
      Class:      9.72 MB used.
       Both:     98.65 MB used.

Virtual space:
  Non-class space:      128.00 MB reserved,      89.75 MB ( 70%) committed,  2 nodes.
      Class space:        1.00 GB reserved,      10.31 MB (  1%) committed,  1 nodes.
             Both:        1.12 GB reserved,     100.06 MB (  9%) committed. 

Chunk freelists:
   Non-Class:  6.28 MB
       Class:  5.75 MB
        Both:  12.03 MB

MaxMetaspaceSize: unlimited
CompressedClassSpaceSize: 1.00 GB
Initial GC threshold: 21.00 MB
Current GC threshold: 166.56 MB
CDS: off
MetaspaceReclaimPolicy: balanced
 - commit_granule_bytes: 65536.
 - commit_granule_words: 8192.
 - virtual_space_node_default_size: 8388608.
 - enlarge_chunks_in_place: 1.
 - new_chunks_are_fully_committed: 0.
 - uncommit_free_chunks: 1.
 - use_allocation_guard: 0.
 - handle_deallocations: 1.


Internal statistics:

num_allocs_failed_limit: 11.
num_arena_births: 1352.
num_arena_deaths: 384.
num_vsnodes_births: 3.
num_vsnodes_deaths: 0.
num_space_committed: 1601.
num_space_uncommitted: 0.
num_chunks_returned_to_freelist: 460.
num_chunks_taken_from_freelist: 6231.
num_chunk_merges: 155.
num_chunk_splits: 3449.
num_chunks_enlarged: 1615.
num_inconsistent_stats: 0.

CodeHeap 'non-profiled nmethods': size=120000Kb used=29508Kb max_used=29508Kb free=90491Kb
 bounds [0x0000023658110000, 0x0000023659df0000, 0x000002365f640000]
CodeHeap 'profiled nmethods': size=120000Kb used=41871Kb max_used=43369Kb free=78128Kb
 bounds [0x0000023650640000, 0x00000236530b0000, 0x0000023657b70000]
CodeHeap 'non-nmethods': size=5760Kb used=1458Kb max_used=1632Kb free=4301Kb
 bounds [0x0000023657b70000, 0x0000023657de0000, 0x0000023658110000]
 total_blobs=21490 nmethods=20674 adapters=722
 compilation: enabled
              stopped_count=0, restarted_count=0
 full_count=0

Compilation events (20 events):
Event: 2714.431 Thread 0x0000023666b6e920 nmethod 32356 0x00000236518d7310 code [0x00000236518d7680, 0x00000236518d8e38]
Event: 2714.450 Thread 0x0000023666b6aa50 32357       4       org.eclipse.jdt.internal.compiler.lookup.InferenceContext18::createInitialConstraintsForParameters (435 bytes)
Event: 2714.469 Thread 0x0000023666b6e920 32358   !   3       org.eclipse.core.internal.filesystem.local.LocalFile::openInputStream (104 bytes)
Event: 2714.473 Thread 0x0000023666b6e920 nmethod 32358 0x00000236511afb90 code [0x00000236511afee0, 0x00000236511b1108]
Event: 2714.487 Thread 0x0000023666b6e920 32359       3       org.apache.maven.plugin.DefaultBuildPluginManager::getPluginRealm (30 bytes)
Event: 2714.488 Thread 0x0000023666b6e920 nmethod 32359 0x00000236517bd290 code [0x00000236517bd440, 0x00000236517bd708]
Event: 2714.488 Thread 0x0000023666b6e920 32360       3       org.apache.maven.plugin.PluginParameterExpressionEvaluator::<init> (109 bytes)
Event: 2714.492 Thread 0x0000023666b6e920 nmethod 32360 0x000002365244a590 code [0x000002365244a860, 0x000002365244b828]
Event: 2714.565 Thread 0x0000023666b6aa50 nmethod 32357 0x0000023659de3a90 code [0x0000023659de3d60, 0x0000023659de5890]
Event: 2714.566 Thread 0x0000023666b6aa50 32361       4       java.net.URI::toString (16 bytes)
Event: 2714.567 Thread 0x0000023666b6aa50 nmethod 32361 0x0000023658cd4990 code [0x0000023658cd4b00, 0x0000023658cd4b98]
Event: 2714.837 Thread 0x0000023666b6e920 32362       3       org.eclipse.core.internal.resources.Workspace::getRuleFactory (24 bytes)
Event: 2714.837 Thread 0x0000023666b6e920 nmethod 32362 0x0000023650f7f810 code [0x0000023650f7f9c0, 0x0000023650f7fbc8]
Event: 2714.839 Thread 0x0000023666b6e920 32363   !   3       org.eclipse.jdt.internal.core.DeltaProcessor::checkSourceAttachmentChange (167 bytes)
Event: 2714.845 Thread 0x0000023666b6e920 nmethod 32363 0x0000023651df7610 code [0x0000023651df7ac0, 0x0000023651df9f98]
Event: 2715.399 Thread 0x0000023666b6aa50 32364       4       org.eclipse.jdt.internal.compiler.parser.Parser::consumeFieldDeclaration (243 bytes)
Event: 2715.413 Thread 0x0000023666b6e920 32365   !   3       org.eclipse.jdt.internal.core.NameLookup::<init> (805 bytes)
Event: 2715.425 Thread 0x0000023666b6e920 nmethod 32365 0x0000023652f38b10 code [0x0000023652f39200, 0x0000023652f3dc78]
Event: 2715.426 Thread 0x0000023666b6aa50 nmethod 32364 0x0000023659c8ce10 code [0x0000023659c8cfe0, 0x0000023659c8d738]
Event: 2715.429 Thread 0x0000023666b6aa50 32366   !   4       org.eclipse.jdt.internal.compiler.lookup.BinaryTypeBinding::cachePartsFrom (2242 bytes)

GC Heap History (20 events):
Event: 2714.119 GC heap before
{Heap before GC invocations=5044 (full 110):
 PSYoungGen      total 9216K, used 9214K [0x00000000eab00000, 0x00000000ebc00000, 0x0000000100000000)
  eden space 8192K, 100% used [0x00000000eab00000,0x00000000eb300000,0x00000000eb300000)
  from space 1024K, 99% used [0x00000000eb680000,0x00000000eb77f8d0,0x00000000eb780000)
  to   space 4608K, 0% used [0x00000000eb780000,0x00000000eb780000,0x00000000ebc00000)
 ParOldGen       total 505344K, used 421398K [0x00000000c0000000, 0x00000000ded80000, 0x00000000eab00000)
  object space 505344K, 83% used [0x00000000c0000000,0x00000000d9b85b00,0x00000000ded80000)
 Metaspace       used 101015K, committed 102464K, reserved 1179648K
  class space    used 9948K, committed 10560K, reserved 1048576K
}
Event: 2714.123 GC heap after
{Heap after GC invocations=5044 (full 110):
 PSYoungGen      total 9216K, used 842K [0x00000000eab00000, 0x00000000eb880000, 0x0000000100000000)
  eden space 8192K, 0% used [0x00000000eab00000,0x00000000eab00000,0x00000000eb300000)
  from space 1024K, 82% used [0x00000000eb780000,0x00000000eb852910,0x00000000eb880000)
  to   space 2048K, 0% used [0x00000000eb480000,0x00000000eb480000,0x00000000eb680000)
 ParOldGen       total 505344K, used 421566K [0x00000000c0000000, 0x00000000ded80000, 0x00000000eab00000)
  object space 505344K, 83% used [0x00000000c0000000,0x00000000d9bafb20,0x00000000ded80000)
 Metaspace       used 101015K, committed 102464K, reserved 1179648K
  class space    used 9948K, committed 10560K, reserved 1048576K
}
Event: 2714.146 GC heap before
{Heap before GC invocations=5045 (full 110):
 PSYoungGen      total 9216K, used 9034K [0x00000000eab00000, 0x00000000eb880000, 0x0000000100000000)
  eden space 8192K, 100% used [0x00000000eab00000,0x00000000eb300000,0x00000000eb300000)
  from space 1024K, 82% used [0x00000000eb780000,0x00000000eb852910,0x00000000eb880000)
  to   space 2048K, 0% used [0x00000000eb480000,0x00000000eb480000,0x00000000eb680000)
 ParOldGen       total 505344K, used 421566K [0x00000000c0000000, 0x00000000ded80000, 0x00000000eab00000)
  object space 505344K, 83% used [0x00000000c0000000,0x00000000d9bafb20,0x00000000ded80000)
 Metaspace       used 101017K, committed 102464K, reserved 1179648K
  class space    used 9948K, committed 10560K, reserved 1048576K
}
Event: 2714.152 GC heap after
{Heap after GC invocations=5045 (full 110):
 PSYoungGen      total 10240K, used 2047K [0x00000000eab00000, 0x00000000eba00000, 0x0000000100000000)
  eden space 8192K, 0% used [0x00000000eab00000,0x00000000eab00000,0x00000000eb300000)
  from space 2048K, 99% used [0x00000000eb480000,0x00000000eb67ffe0,0x00000000eb680000)
  to   space 3584K, 0% used [0x00000000eb680000,0x00000000eb680000,0x00000000eba00000)
 ParOldGen       total 505344K, used 422275K [0x00000000c0000000, 0x00000000ded80000, 0x00000000eab00000)
  object space 505344K, 83% used [0x00000000c0000000,0x00000000d9c60d60,0x00000000ded80000)
 Metaspace       used 101017K, committed 102464K, reserved 1179648K
  class space    used 9948K, committed 10560K, reserved 1048576K
}
Event: 2714.168 GC heap before
{Heap before GC invocations=5046 (full 110):
 PSYoungGen      total 10240K, used 10239K [0x00000000eab00000, 0x00000000eba00000, 0x0000000100000000)
  eden space 8192K, 100% used [0x00000000eab00000,0x00000000eb300000,0x00000000eb300000)
  from space 2048K, 99% used [0x00000000eb480000,0x00000000eb67ffe0,0x00000000eb680000)
  to   space 3584K, 0% used [0x00000000eb680000,0x00000000eb680000,0x00000000eba00000)
 ParOldGen       total 505344K, used 422275K [0x00000000c0000000, 0x00000000ded80000, 0x00000000eab00000)
  object space 505344K, 83% used [0x00000000c0000000,0x00000000d9c60d60,0x00000000ded80000)
 Metaspace       used 101018K, committed 102464K, reserved 1179648K
  class space    used 9948K, committed 10560K, reserved 1048576K
}
Event: 2714.175 GC heap after
{Heap after GC invocations=5046 (full 110):
 PSYoungGen      total 11776K, used 3200K [0x00000000eab00000, 0x00000000eba00000, 0x0000000100000000)
  eden space 8192K, 0% used [0x00000000eab00000,0x00000000eab00000,0x00000000eb300000)
  from space 3584K, 89% used [0x00000000eb680000,0x00000000eb9a0000,0x00000000eba00000)
  to   space 3584K, 0% used [0x00000000eb300000,0x00000000eb300000,0x00000000eb680000)
 ParOldGen       total 505344K, used 424309K [0x00000000c0000000, 0x00000000ded80000, 0x00000000eab00000)
  object space 505344K, 83% used [0x00000000c0000000,0x00000000d9e5d690,0x00000000ded80000)
 Metaspace       used 101018K, committed 102464K, reserved 1179648K
  class space    used 9948K, committed 10560K, reserved 1048576K
}
Event: 2714.209 GC heap before
{Heap before GC invocations=5047 (full 110):
 PSYoungGen      total 11776K, used 11392K [0x00000000eab00000, 0x00000000eba00000, 0x0000000100000000)
  eden space 8192K, 100% used [0x00000000eab00000,0x00000000eb300000,0x00000000eb300000)
  from space 3584K, 89% used [0x00000000eb680000,0x00000000eb9a0000,0x00000000eba00000)
  to   space 3584K, 0% used [0x00000000eb300000,0x00000000eb300000,0x00000000eb680000)
 ParOldGen       total 505344K, used 424309K [0x00000000c0000000, 0x00000000ded80000, 0x00000000eab00000)
  object space 505344K, 83% used [0x00000000c0000000,0x00000000d9e5d690,0x00000000ded80000)
 Metaspace       used 101018K, committed 102464K, reserved 1179648K
  class space    used 9948K, committed 10560K, reserved 1048576K
}
Event: 2714.227 GC heap after
{Heap after GC invocations=5047 (full 110):
 PSYoungGen      total 11776K, used 3568K [0x00000000eab00000, 0x00000000ec800000, 0x0000000100000000)
  eden space 8192K, 0% used [0x00000000eab00000,0x00000000eab00000,0x00000000eb300000)
  from space 3584K, 99% used [0x00000000eb300000,0x00000000eb67c010,0x00000000eb680000)
  to   space 9728K, 0% used [0x00000000ebe80000,0x00000000ebe80000,0x00000000ec800000)
 ParOldGen       total 505344K, used 429453K [0x00000000c0000000, 0x00000000ded80000, 0x00000000eab00000)
  object space 505344K, 84% used [0x00000000c0000000,0x00000000da363690,0x00000000ded80000)
 Metaspace       used 101018K, committed 102464K, reserved 1179648K
  class space    used 9948K, committed 10560K, reserved 1048576K
}
Event: 2714.278 GC heap before
{Heap before GC invocations=5048 (full 110):
 PSYoungGen      total 11776K, used 11144K [0x00000000eab00000, 0x00000000ec800000, 0x0000000100000000)
  eden space 8192K, 92% used [0x00000000eab00000,0x00000000eb2660a0,0x00000000eb300000)
  from space 3584K, 99% used [0x00000000eb300000,0x00000000eb67c010,0x00000000eb680000)
  to   space 9728K, 0% used [0x00000000ebe80000,0x00000000ebe80000,0x00000000ec800000)
 ParOldGen       total 505344K, used 429453K [0x00000000c0000000, 0x00000000ded80000, 0x00000000eab00000)
  object space 505344K, 84% used [0x00000000c0000000,0x00000000da363690,0x00000000ded80000)
 Metaspace       used 101018K, committed 102464K, reserved 1179648K
  class space    used 9948K, committed 10560K, reserved 1048576K
}
Event: 2714.299 GC heap after
{Heap after GC invocations=5048 (full 110):
 PSYoungGen      total 15872K, used 5628K [0x00000000eab00000, 0x00000000ec400000, 0x0000000100000000)
  eden space 10240K, 0% used [0x00000000eab00000,0x00000000eab00000,0x00000000eb500000)
  from space 5632K, 99% used [0x00000000ebe80000,0x00000000ec3ff258,0x00000000ec400000)
  to   space 7168K, 0% used [0x00000000eb600000,0x00000000eb600000,0x00000000ebd00000)
 ParOldGen       total 505344K, used 433085K [0x00000000c0000000, 0x00000000ded80000, 0x00000000eab00000)
  object space 505344K, 85% used [0x00000000c0000000,0x00000000da6ef6b0,0x00000000ded80000)
 Metaspace       used 101018K, committed 102464K, reserved 1179648K
  class space    used 9948K, committed 10560K, reserved 1048576K
}
Event: 2714.377 GC heap before
{Heap before GC invocations=5049 (full 110):
 PSYoungGen      total 15872K, used 15868K [0x00000000eab00000, 0x00000000ec400000, 0x0000000100000000)
  eden space 10240K, 100% used [0x00000000eab00000,0x00000000eb500000,0x00000000eb500000)
  from space 5632K, 99% used [0x00000000ebe80000,0x00000000ec3ff258,0x00000000ec400000)
  to   space 7168K, 0% used [0x00000000eb600000,0x00000000eb600000,0x00000000ebd00000)
 ParOldGen       total 505344K, used 433085K [0x00000000c0000000, 0x00000000ded80000, 0x00000000eab00000)
  object space 505344K, 85% used [0x00000000c0000000,0x00000000da6ef6b0,0x00000000ded80000)
 Metaspace       used 101018K, committed 102464K, reserved 1179648K
  class space    used 9948K, committed 10560K, reserved 1048576K
}
Event: 2714.391 GC heap after
{Heap after GC invocations=5049 (full 110):
 PSYoungGen      total 17408K, used 7161K [0x00000000eab00000, 0x00000000ec400000, 0x0000000100000000)
  eden space 10240K, 0% used [0x00000000eab00000,0x00000000eab00000,0x00000000eb500000)
  from space 7168K, 99% used [0x00000000eb600000,0x00000000ebcfe698,0x00000000ebd00000)
  to   space 5632K, 0% used [0x00000000ebe80000,0x00000000ebe80000,0x00000000ec400000)
 ParOldGen       total 505344K, used 439116K [0x00000000c0000000, 0x00000000ded80000, 0x00000000eab00000)
  object space 505344K, 86% used [0x00000000c0000000,0x00000000dacd30f8,0x00000000ded80000)
 Metaspace       used 101018K, committed 102464K, reserved 1179648K
  class space    used 9948K, committed 10560K, reserved 1048576K
}
Event: 2714.504 GC heap before
{Heap before GC invocations=5050 (full 110):
 PSYoungGen      total 17408K, used 17401K [0x00000000eab00000, 0x00000000ec400000, 0x0000000100000000)
  eden space 10240K, 99% used [0x00000000eab00000,0x00000000eb4ffff8,0x00000000eb500000)
  from space 7168K, 99% used [0x00000000eb600000,0x00000000ebcfe698,0x00000000ebd00000)
  to   space 5632K, 0% used [0x00000000ebe80000,0x00000000ebe80000,0x00000000ec400000)
 ParOldGen       total 505344K, used 469836K [0x00000000c0000000, 0x00000000ded80000, 0x00000000eab00000)
  object space 505344K, 92% used [0x00000000c0000000,0x00000000dcad3128,0x00000000ded80000)
 Metaspace       used 101022K, committed 102464K, reserved 1179648K
  class space    used 9948K, committed 10560K, reserved 1048576K
}
Event: 2714.512 GC heap after
{Heap after GC invocations=5050 (full 110):
 PSYoungGen      total 16896K, used 1809K [0x00000000eab00000, 0x00000000ec300000, 0x0000000100000000)
  eden space 12288K, 0% used [0x00000000eab00000,0x00000000eab00000,0x00000000eb700000)
  from space 4608K, 39% used [0x00000000ebe80000,0x00000000ec044648,0x00000000ec300000)
  to   space 6144K, 0% used [0x00000000eb700000,0x00000000eb700000,0x00000000ebd00000)
 ParOldGen       total 505344K, used 472428K [0x00000000c0000000, 0x00000000ded80000, 0x00000000eab00000)
  object space 505344K, 93% used [0x00000000c0000000,0x00000000dcd5b128,0x00000000ded80000)
 Metaspace       used 101022K, committed 102464K, reserved 1179648K
  class space    used 9948K, committed 10560K, reserved 1048576K
}
Event: 2714.629 GC heap before
{Heap before GC invocations=5051 (full 110):
 PSYoungGen      total 16896K, used 14097K [0x00000000eab00000, 0x00000000ec300000, 0x0000000100000000)
  eden space 12288K, 100% used [0x00000000eab00000,0x00000000eb700000,0x00000000eb700000)
  from space 4608K, 39% used [0x00000000ebe80000,0x00000000ec044648,0x00000000ec300000)
  to   space 6144K, 0% used [0x00000000eb700000,0x00000000eb700000,0x00000000ebd00000)
 ParOldGen       total 505344K, used 472428K [0x00000000c0000000, 0x00000000ded80000, 0x00000000eab00000)
  object space 505344K, 93% used [0x00000000c0000000,0x00000000dcd5b128,0x00000000ded80000)
 Metaspace       used 101022K, committed 102464K, reserved 1179648K
  class space    used 9948K, committed 10560K, reserved 1048576K
}
Event: 2714.640 GC heap after
{Heap after GC invocations=5051 (full 110):
 PSYoungGen      total 18432K, used 6112K [0x00000000eab00000, 0x00000000ec300000, 0x0000000100000000)
  eden space 12288K, 0% used [0x00000000eab00000,0x00000000eab00000,0x00000000eb700000)
  from space 6144K, 99% used [0x00000000eb700000,0x00000000ebcf82e0,0x00000000ebd00000)
  to   space 4608K, 0% used [0x00000000ebe80000,0x00000000ebe80000,0x00000000ec300000)
 ParOldGen       total 505344K, used 476785K [0x00000000c0000000, 0x00000000ded80000, 0x00000000eab00000)
  object space 505344K, 94% used [0x00000000c0000000,0x00000000dd19c780,0x00000000ded80000)
 Metaspace       used 101022K, committed 102464K, reserved 1179648K
  class space    used 9948K, committed 10560K, reserved 1048576K
}
Event: 2715.375 GC heap before
{Heap before GC invocations=5052 (full 110):
 PSYoungGen      total 18432K, used 18400K [0x00000000eab00000, 0x00000000ec300000, 0x0000000100000000)
  eden space 12288K, 99% used [0x00000000eab00000,0x00000000eb6ffee0,0x00000000eb700000)
  from space 6144K, 99% used [0x00000000eb700000,0x00000000ebcf82e0,0x00000000ebd00000)
  to   space 4608K, 0% used [0x00000000ebe80000,0x00000000ebe80000,0x00000000ec300000)
 ParOldGen       total 505344K, used 476785K [0x00000000c0000000, 0x00000000ded80000, 0x00000000eab00000)
  object space 505344K, 94% used [0x00000000c0000000,0x00000000dd19c780,0x00000000ded80000)
 Metaspace       used 101022K, committed 102464K, reserved 1179648K
  class space    used 9948K, committed 10560K, reserved 1048576K
}
Event: 2715.382 GC heap after
{Heap after GC invocations=5052 (full 110):
 PSYoungGen      total 15872K, used 2459K [0x00000000eab00000, 0x00000000ec200000, 0x0000000100000000)
  eden space 12288K, 0% used [0x00000000eab00000,0x00000000eab00000,0x00000000eb700000)
  from space 3584K, 68% used [0x00000000ebe80000,0x00000000ec0e6f38,0x00000000ec200000)
  to   space 5632K, 0% used [0x00000000eb700000,0x00000000eb700000,0x00000000ebc80000)
 ParOldGen       total 505344K, used 482506K [0x00000000c0000000, 0x00000000ded80000, 0x00000000eab00000)
  object space 505344K, 95% used [0x00000000c0000000,0x00000000dd732a60,0x00000000ded80000)
 Metaspace       used 101022K, committed 102464K, reserved 1179648K
  class space    used 9948K, committed 10560K, reserved 1048576K
}
Event: 2715.435 GC heap before
{Heap before GC invocations=5053 (full 110):
 PSYoungGen      total 15872K, used 14747K [0x00000000eab00000, 0x00000000ec200000, 0x0000000100000000)
  eden space 12288K, 100% used [0x00000000eab00000,0x00000000eb700000,0x00000000eb700000)
  from space 3584K, 68% used [0x00000000ebe80000,0x00000000ec0e6f38,0x00000000ec200000)
  to   space 5632K, 0% used [0x00000000eb700000,0x00000000eb700000,0x00000000ebc80000)
 ParOldGen       total 505344K, used 482506K [0x00000000c0000000, 0x00000000ded80000, 0x00000000eab00000)
  object space 505344K, 95% used [0x00000000c0000000,0x00000000dd732a60,0x00000000ded80000)
 Metaspace       used 101022K, committed 102464K, reserved 1179648K
  class space    used 9948K, committed 10560K, reserved 1048576K
}
Event: 2715.441 GC heap after
{Heap after GC invocations=5053 (full 110):
 PSYoungGen      total 17920K, used 890K [0x00000000eab00000, 0x00000000ebf00000, 0x0000000100000000)
  eden space 12288K, 0% used [0x00000000eab00000,0x00000000eab00000,0x00000000eb700000)
  from space 5632K, 15% used [0x00000000eb700000,0x00000000eb7de920,0x00000000ebc80000)
  to   space 2048K, 0% used [0x00000000ebd00000,0x00000000ebd00000,0x00000000ebf00000)
 ParOldGen       total 505344K, used 484090K [0x00000000c0000000, 0x00000000ded80000, 0x00000000eab00000)
  object space 505344K, 95% used [0x00000000c0000000,0x00000000dd8bea60,0x00000000ded80000)
 Metaspace       used 101022K, committed 102464K, reserved 1179648K
  class space    used 9948K, committed 10560K, reserved 1048576K
}

Dll operation events (12 events):
Event: 0.026 Loaded shared library c:\Users\alhdh\.vscode\extensions\redhat.java-1.30.0-win32-x64\jre\17.0.10-win32-x86_64\bin\java.dll
Event: 0.649 Loaded shared library c:\Users\alhdh\.vscode\extensions\redhat.java-1.30.0-win32-x64\jre\17.0.10-win32-x86_64\bin\zip.dll
Event: 0.657 Loaded shared library C:\Users\alhdh\.vscode\extensions\redhat.java-1.30.0-win32-x64\jre\17.0.10-win32-x86_64\bin\instrument.dll
Event: 0.704 Loaded shared library C:\Users\alhdh\.vscode\extensions\redhat.java-1.30.0-win32-x64\jre\17.0.10-win32-x86_64\bin\net.dll
Event: 0.711 Loaded shared library C:\Users\alhdh\.vscode\extensions\redhat.java-1.30.0-win32-x64\jre\17.0.10-win32-x86_64\bin\nio.dll
Event: 0.743 Loaded shared library C:\Users\alhdh\.vscode\extensions\redhat.java-1.30.0-win32-x64\jre\17.0.10-win32-x86_64\bin\zip.dll
Event: 0.814 Loaded shared library C:\Users\alhdh\.vscode\extensions\redhat.java-1.30.0-win32-x64\jre\17.0.10-win32-x86_64\bin\jimage.dll
Event: 1.099 Loaded shared library c:\Users\alhdh\.vscode\extensions\redhat.java-1.30.0-win32-x64\jre\17.0.10-win32-x86_64\bin\verify.dll
Event: 4.747 Loaded shared library C:\Users\alhdh\AppData\Roaming\Code\User\globalStorage\redhat.java\1.30.0\config_win\org.eclipse.equinox.launcher\org.eclipse.equinox.launcher.win32.win32.x86_64_1.2.900.v20240213-1244\eclipse_11900.dll
Event: 13.305 Loaded shared library C:\Users\alhdh\AppData\Local\Temp\jna-92902113\jna11220494631050735158.dll
Event: 1927.176 Loaded shared library C:\Users\alhdh\.vscode\extensions\redhat.java-1.30.0-win32-x64\jre\17.0.10-win32-x86_64\bin\sunmscapi.dll
Event: 1928.201 Loaded shared library C:\Users\alhdh\.vscode\extensions\redhat.java-1.30.0-win32-x64\jre\17.0.10-win32-x86_64\bin\extnet.dll

Deoptimization events (20 events):
Event: 2713.818 Thread 0x000002366b6e49a0 DEOPT PACKING pc=0x00000236599cb9b8 sp=0x000000afbf0fede0
Event: 2713.818 Thread 0x000002366b6e49a0 DEOPT UNPACKING pc=0x0000023657bc6e43 sp=0x000000afbf0fe280 mode 0
Event: 2713.818 Thread 0x000002366b6de460 DEOPT PACKING pc=0x0000023658a63f04 sp=0x000000afbd8feab0
Event: 2713.818 Thread 0x000002366b6de460 DEOPT UNPACKING pc=0x0000023657bc66a3 sp=0x000000afbd8fea38 mode 2
Event: 2713.818 Thread 0x0000023669516810 DEOPT PACKING pc=0x0000023658a63f04 sp=0x000000afbfdfecd0
Event: 2713.818 Thread 0x0000023669516810 DEOPT UNPACKING pc=0x0000023657bc66a3 sp=0x000000afbfdfec58 mode 2
Event: 2713.818 Thread 0x000002366ba2aed0 DEOPT PACKING pc=0x00000236599cb9b8 sp=0x000000afc15ff050
Event: 2713.819 Thread 0x000002366ba2aed0 DEOPT UNPACKING pc=0x0000023657bc6e43 sp=0x000000afc15fe4f0 mode 0
Event: 2713.819 Thread 0x000002366b6de460 DEOPT PACKING pc=0x00000236599cb9b8 sp=0x000000afbd8fedc0
Event: 2713.819 Thread 0x000002366b6de460 DEOPT UNPACKING pc=0x0000023657bc6e43 sp=0x000000afbd8fe260 mode 0
Event: 2713.819 Thread 0x0000023669516810 DEOPT PACKING pc=0x00000236599cb9b8 sp=0x000000afbfdfefe0
Event: 2713.819 Thread 0x0000023669516810 DEOPT UNPACKING pc=0x0000023657bc6e43 sp=0x000000afbfdfe480 mode 0
Event: 2713.819 Thread 0x0000023668f43b90 DEOPT PACKING pc=0x00000236599cb9b8 sp=0x000000afbfbfee50
Event: 2713.819 Thread 0x0000023668f43b90 DEOPT UNPACKING pc=0x0000023657bc6e43 sp=0x000000afbfbfe2f0 mode 0
Event: 2713.851 Thread 0x00000236695149b0 DEOPT PACKING pc=0x00000236599cb9b8 sp=0x000000afc1eff130
Event: 2713.851 Thread 0x00000236695149b0 DEOPT UNPACKING pc=0x0000023657bc6e43 sp=0x000000afc1efe5d0 mode 0
Event: 2713.852 Thread 0x000002366ba24ea0 Uncommon trap: trap_request=0xffffff45 fr.pc=0x00000236592826b0 relative=0x00000000000096b0
Event: 2713.852 Thread 0x000002366ba24ea0 Uncommon trap: reason=unstable_if action=reinterpret pc=0x00000236592826b0 method=org.eclipse.jdt.internal.core.NameLookup.<init>(Lorg/eclipse/jdt/internal/core/JavaProject;[Lorg/eclipse/jdt/core/IPackageFragmentRoot;Lorg/eclipse/jdt/internal/core/util/Ha
Event: 2713.852 Thread 0x000002366ba24ea0 DEOPT PACKING pc=0x00000236592826b0 sp=0x000000afc18fd9e0
Event: 2713.852 Thread 0x000002366ba24ea0 DEOPT UNPACKING pc=0x0000023657bc66a3 sp=0x000000afc18fd998 mode 2

Classes unloaded (20 events):
Event: 2399.588 Thread 0x0000023661839c00 Unloading class 0x00000001003cc000 'java/lang/invoke/LambdaForm$MH+0x00000001003cc000'
Event: 2399.588 Thread 0x0000023661839c00 Unloading class 0x00000001003ec000 'java/lang/invoke/LambdaForm$MH+0x00000001003ec000'
Event: 2399.588 Thread 0x0000023661839c00 Unloading class 0x000000010041a800 'java/lang/invoke/LambdaForm$MH+0x000000010041a800'
Event: 2399.588 Thread 0x0000023661839c00 Unloading class 0x00000001004c8800 'java/lang/invoke/LambdaForm$MH+0x00000001004c8800'
Event: 2399.588 Thread 0x0000023661839c00 Unloading class 0x0000000100570c00 'java/lang/invoke/LambdaForm$MH+0x0000000100570c00'
Event: 2399.588 Thread 0x0000023661839c00 Unloading class 0x00000001005c8400 'java/lang/invoke/LambdaForm$MH+0x00000001005c8400'
Event: 2607.881 Thread 0x0000023661839c00 Unloading class 0x00000001009f0c00 'jdk/internal/reflect/GeneratedConstructorAccessor81'
Event: 2607.881 Thread 0x0000023661839c00 Unloading class 0x00000001009f0800 'jdk/internal/reflect/GeneratedConstructorAccessor80'
Event: 2607.881 Thread 0x0000023661839c00 Unloading class 0x00000001009f0400 'jdk/internal/reflect/GeneratedConstructorAccessor79'
Event: 2607.881 Thread 0x0000023661839c00 Unloading class 0x00000001009f0000 'jdk/internal/reflect/GeneratedConstructorAccessor78'
Event: 2607.881 Thread 0x0000023661839c00 Unloading class 0x00000001009e8c00 'java/lang/invoke/LambdaForm$MH+0x00000001009e8c00'
Event: 2607.881 Thread 0x0000023661839c00 Unloading class 0x00000001009e8800 'java/lang/invoke/LambdaForm$MH+0x00000001009e8800'
Event: 2607.881 Thread 0x0000023661839c00 Unloading class 0x00000001009e8400 'java/lang/invoke/LambdaForm$MH+0x00000001009e8400'
Event: 2607.882 Thread 0x0000023661839c00 Unloading class 0x0000000100219800 'java/lang/invoke/LambdaForm$MH+0x0000000100219800'
Event: 2607.882 Thread 0x0000023661839c00 Unloading class 0x0000000100199c00 'java/lang/invoke/LambdaForm$MH+0x0000000100199c00'
Event: 2607.882 Thread 0x0000023661839c00 Unloading class 0x0000000100199400 'java/lang/invoke/LambdaForm$MH+0x0000000100199400'
Event: 2607.882 Thread 0x0000023661839c00 Unloading class 0x0000000100199000 'java/lang/invoke/LambdaForm$MH+0x0000000100199000'
Event: 2607.882 Thread 0x0000023661839c00 Unloading class 0x0000000100198c00 'java/lang/invoke/LambdaForm$MH+0x0000000100198c00'
Event: 2607.882 Thread 0x0000023661839c00 Unloading class 0x0000000100198800 'java/lang/invoke/LambdaForm$MH+0x0000000100198800'
Event: 2607.882 Thread 0x0000023661839c00 Unloading class 0x0000000100198000 'java/lang/invoke/LambdaForm$MH+0x0000000100198000'

Classes redefined (0 events):
No events

Internal exceptions (20 events):
Event: 2300.695 Thread 0x0000023668d403f0 Exception <a 'sun/nio/fs/WindowsException'{0x00000000eb5a8bd0}> (0x00000000eb5a8bd0) 
thrown [s\src\hotspot\share\prims\jni.cpp, line 516]
Event: 2315.261 Thread 0x0000023668d403f0 Exception <a 'sun/nio/fs/WindowsException'{0x00000000eab62ed0}> (0x00000000eab62ed0) 
thrown [s\src\hotspot\share\prims\jni.cpp, line 516]
Event: 2315.912 Thread 0x0000023668d403f0 Exception <a 'sun/nio/fs/WindowsException'{0x00000000eaba7a90}> (0x00000000eaba7a90) 
thrown [s\src\hotspot\share\prims\jni.cpp, line 516]
Event: 2316.980 Thread 0x0000023668d403f0 Exception <a 'sun/nio/fs/WindowsException'{0x00000000ead42ec0}> (0x00000000ead42ec0) 
thrown [s\src\hotspot\share\prims\jni.cpp, line 516]
Event: 2318.016 Thread 0x0000023668d403f0 Exception <a 'sun/nio/fs/WindowsException'{0x00000000eac20098}> (0x00000000eac20098) 
thrown [s\src\hotspot\share\prims\jni.cpp, line 516]
Event: 2399.311 Thread 0x0000023668d403f0 Exception <a 'sun/nio/fs/WindowsException'{0x00000000eab7a9d8}> (0x00000000eab7a9d8) 
thrown [s\src\hotspot\share\prims\jni.cpp, line 516]
Event: 2400.481 Thread 0x0000023668d403f0 Exception <a 'sun/nio/fs/WindowsException'{0x00000000eae4dbb0}> (0x00000000eae4dbb0) 
thrown [s\src\hotspot\share\prims\jni.cpp, line 516]
Event: 2400.485 Thread 0x000002366b6e5de0 Implicit null exception at 0x0000023658cd4700 to 0x0000023658cd4b19
Event: 2627.074 Thread 0x0000023669516810 Exception <a 'java/lang/ClassNotFoundException'{0x00000000eaea30d0}: sun/net/www/protocol/jdt/Handler> (0x00000000eaea30d0) 
thrown [s\src\hotspot\share\classfile\systemDictionary.cpp, line 256]
Event: 2627.074 Thread 0x0000023669516810 Exception <a 'java/lang/ClassNotFoundException'{0x00000000eaea5688}: sun/net/www/protocol/jdt/Handler> (0x00000000eaea5688) 
thrown [s\src\hotspot\share\classfile\systemDictionary.cpp, line 256]
Event: 2627.074 Thread 0x0000023669516810 Exception <a 'java/lang/ClassNotFoundException'{0x00000000eaea7a30}: sun/net/www/protocol/jdt/Handler> (0x00000000eaea7a30) 
thrown [s\src\hotspot\share\classfile\systemDictionary.cpp, line 256]
Event: 2627.943 Thread 0x0000023669516810 Implicit null exception at 0x0000023658eab9a3 to 0x0000023658eac2ec
Event: 2701.076 Thread 0x0000023668d403f0 Exception <a 'sun/nio/fs/WindowsException'{0x00000000eabb2bc0}> (0x00000000eabb2bc0) 
thrown [s\src\hotspot\share\prims\jni.cpp, line 516]
Event: 2701.807 Thread 0x0000023668d403f0 Exception <a 'sun/nio/fs/WindowsException'{0x00000000eabd81f8}> (0x00000000eabd81f8) 
thrown [s\src\hotspot\share\prims\jni.cpp, line 516]
Event: 2706.718 Thread 0x000002366ba29fa0 Implicit null exception at 0x0000023659448e35 to 0x000002365944a4f8
Event: 2706.735 Thread 0x0000023668d403f0 Exception <a 'sun/nio/fs/WindowsException'{0x00000000eb211e78}> (0x00000000eb211e78) 
thrown [s\src\hotspot\share\prims\jni.cpp, line 516]
Event: 2707.368 Thread 0x0000023668d403f0 Exception <a 'sun/nio/fs/WindowsException'{0x00000000eab1acf0}> (0x00000000eab1acf0) 
thrown [s\src\hotspot\share\prims\jni.cpp, line 516]
Event: 2713.852 Thread 0x000002366ba24ea0 Implicit null exception at 0x000002365927910f to 0x0000023659282698
Event: 2714.135 Thread 0x0000023668d403f0 Exception <a 'sun/nio/fs/WindowsException'{0x00000000eadf2e60}> (0x00000000eadf2e60) 
thrown [s\src\hotspot\share\prims\jni.cpp, line 516]
Event: 2714.776 Thread 0x0000023668d403f0 Exception <a 'sun/nio/fs/WindowsException'{0x00000000eacd2c10}> (0x00000000eacd2c10) 
thrown [s\src\hotspot\share\prims\jni.cpp, line 516]

VM Operations (20 events):
Event: 2714.118 Executing VM operation: ParallelGCFailedAllocation
Event: 2714.124 Executing VM operation: ParallelGCFailedAllocation done
Event: 2714.146 Executing VM operation: ParallelGCFailedAllocation
Event: 2714.152 Executing VM operation: ParallelGCFailedAllocation done
Event: 2714.168 Executing VM operation: ParallelGCFailedAllocation
Event: 2714.175 Executing VM operation: ParallelGCFailedAllocation done
Event: 2714.209 Executing VM operation: ParallelGCFailedAllocation
Event: 2714.227 Executing VM operation: ParallelGCFailedAllocation done
Event: 2714.278 Executing VM operation: ParallelGCFailedAllocation
Event: 2714.299 Executing VM operation: ParallelGCFailedAllocation done
Event: 2714.377 Executing VM operation: ParallelGCFailedAllocation
Event: 2714.391 Executing VM operation: ParallelGCFailedAllocation done
Event: 2714.504 Executing VM operation: ParallelGCFailedAllocation
Event: 2714.514 Executing VM operation: ParallelGCFailedAllocation done
Event: 2714.629 Executing VM operation: ParallelGCFailedAllocation
Event: 2714.641 Executing VM operation: ParallelGCFailedAllocation done
Event: 2715.375 Executing VM operation: ParallelGCFailedAllocation
Event: 2715.382 Executing VM operation: ParallelGCFailedAllocation done
Event: 2715.435 Executing VM operation: ParallelGCFailedAllocation
Event: 2715.441 Executing VM operation: ParallelGCFailedAllocation done

Events (20 events):
Event: 2701.300 loading class jdk/internal/module/IllegalAccessLogger done
Event: 2701.302 Thread 0x0000023669513a80 Thread added: 0x0000023669513a80
Event: 2701.322 Thread 0x0000023669513a80 Thread exited: 0x0000023669513a80
Event: 2701.782 Thread 0x0000023669517740 Thread added: 0x0000023669517740
Event: 2706.842 Thread 0x00000236766ce4c0 Thread added: 0x00000236766ce4c0
Event: 2707.021 loading class jdk/internal/module/IllegalAccessLogger
Event: 2707.021 loading class jdk/internal/module/IllegalAccessLogger done
Event: 2707.023 Thread 0x0000023669518670 Thread added: 0x0000023669518670
Event: 2707.029 Thread 0x0000023669518670 Thread exited: 0x0000023669518670
Event: 2707.072 Thread 0x0000023669518670 Thread added: 0x0000023669518670
Event: 2707.107 Thread 0x0000023669518670 Thread exited: 0x0000023669518670
Event: 2707.376 Thread 0x0000023669513a80 Thread added: 0x0000023669513a80
Event: 2707.883 Thread 0x00000236766ce4c0 Thread exited: 0x00000236766ce4c0
Event: 2713.784 Thread 0x0000023669518b80 Thread added: 0x0000023669518b80
Event: 2714.367 loading class jdk/internal/module/IllegalAccessLogger
Event: 2714.367 loading class jdk/internal/module/IllegalAccessLogger done
Event: 2714.369 Thread 0x0000023669513f90 Thread added: 0x0000023669513f90
Event: 2714.394 Thread 0x0000023669513f90 Thread exited: 0x0000023669513f90
Event: 2714.431 Thread 0x0000023669518670 Thread added: 0x0000023669518670
Event: 2714.467 Thread 0x0000023669518670 Thread exited: 0x0000023669518670


Dynamic libraries:
0x00007ff704300000 - 0x00007ff70430e000 	c:\Users\alhdh\.vscode\extensions\redhat.java-1.30.0-win32-x64\jre\17.0.10-win32-x86_64\bin\java.exe
0x00007ffe44d30000 - 0x00007ffe44f28000 	C:\Windows\SYSTEM32\ntdll.dll
0x00007ffdedc70000 - 0x00007ffdedc89000 	C:\Program Files\Avast Software\Avast\aswhook.dll
0x00007ffe44200000 - 0x00007ffe442bd000 	C:\Windows\System32\KERNEL32.DLL
0x00007ffe427e0000 - 0x00007ffe42ad6000 	C:\Windows\System32\KERNELBASE.dll
0x00007ffe426e0000 - 0x00007ffe427e0000 	C:\Windows\System32\ucrtbase.dll
0x00007ffe3d7a0000 - 0x00007ffe3d7b7000 	c:\Users\alhdh\.vscode\extensions\redhat.java-1.30.0-win32-x64\jre\17.0.10-win32-x86_64\bin\jli.dll
0x00007ffe443e0000 - 0x00007ffe4457e000 	C:\Windows\System32\USER32.dll
0x00007ffe42610000 - 0x00007ffe42632000 	C:\Windows\System32\win32u.dll
0x00007ffe44580000 - 0x00007ffe445ac000 	C:\Windows\System32\GDI32.dll
0x00007ffe42ae0000 - 0x00007ffe42bfa000 	C:\Windows\System32\gdi32full.dll
0x00007ffe42640000 - 0x00007ffe426dd000 	C:\Windows\System32\msvcp_win.dll
0x00007ffe3b920000 - 0x00007ffe3b93b000 	c:\Users\alhdh\.vscode\extensions\redhat.java-1.30.0-win32-x64\jre\17.0.10-win32-x86_64\bin\VCRUNTIME140.dll
0x00007ffe262f0000 - 0x00007ffe2658a000 	C:\Windows\WinSxS\amd64_microsoft.windows.common-controls_6595b64144ccf1df_6.0.19041.3636_none_60b6a03d71f818d5\COMCTL32.dll
0x00007ffe42d80000 - 0x00007ffe42e1e000 	C:\Windows\System32\msvcrt.dll
0x00007ffe44cb0000 - 0x00007ffe44ce0000 	C:\Windows\System32\IMM32.DLL
0x00007ffe3f700000 - 0x00007ffe3f70c000 	c:\Users\alhdh\.vscode\extensions\redhat.java-1.30.0-win32-x64\jre\17.0.10-win32-x86_64\bin\vcruntime140_1.dll
0x00007ffe17920000 - 0x00007ffe179ad000 	c:\Users\alhdh\.vscode\extensions\redhat.java-1.30.0-win32-x64\jre\17.0.10-win32-x86_64\bin\msvcp140.dll
0x00007ffe0b0f0000 - 0x00007ffe0bd52000 	c:\Users\alhdh\.vscode\extensions\redhat.java-1.30.0-win32-x64\jre\17.0.10-win32-x86_64\bin\server\jvm.dll
0x00007ffe44680000 - 0x00007ffe44733000 	C:\Windows\System32\ADVAPI32.dll
0x00007ffe44c10000 - 0x00007ffe44caf000 	C:\Windows\System32\sechost.dll
0x00007ffe43360000 - 0x00007ffe43486000 	C:\Windows\System32\RPCRT4.dll
0x00007ffe42d50000 - 0x00007ffe42d77000 	C:\Windows\System32\bcrypt.dll
0x00007ffe20650000 - 0x00007ffe20659000 	C:\Windows\SYSTEM32\WSOCK32.dll
0x00007ffe41960000 - 0x00007ffe419ab000 	C:\Windows\SYSTEM32\POWRPROF.dll
0x00007ffe44b40000 - 0x00007ffe44bab000 	C:\Windows\System32\WS2_32.dll
0x00007ffe3a730000 - 0x00007ffe3a73a000 	C:\Windows\SYSTEM32\VERSION.dll
0x00007ffe2a910000 - 0x00007ffe2a937000 	C:\Windows\SYSTEM32\WINMM.dll
0x00007ffe417d0000 - 0x00007ffe417e2000 	C:\Windows\SYSTEM32\UMPDC.dll
0x00007ffe40c00000 - 0x00007ffe40c12000 	C:\Windows\SYSTEM32\kernel.appcore.dll
0x00007ffe384c0000 - 0x00007ffe384ca000 	c:\Users\alhdh\.vscode\extensions\redhat.java-1.30.0-win32-x64\jre\17.0.10-win32-x86_64\bin\jimage.dll
0x00007ffe40900000 - 0x00007ffe40ae4000 	C:\Windows\SYSTEM32\DBGHELP.DLL
0x00007ffe37500000 - 0x00007ffe37534000 	C:\Windows\SYSTEM32\dbgcore.DLL
0x00007ffe42cc0000 - 0x00007ffe42d42000 	C:\Windows\System32\bcryptPrimitives.dll
0x00007ffe37360000 - 0x00007ffe3736e000 	c:\Users\alhdh\.vscode\extensions\redhat.java-1.30.0-win32-x64\jre\17.0.10-win32-x86_64\bin\instrument.dll
0x00007ffe313c0000 - 0x00007ffe313e5000 	c:\Users\alhdh\.vscode\extensions\redhat.java-1.30.0-win32-x64\jre\17.0.10-win32-x86_64\bin\java.dll
0x00007ffe2e9d0000 - 0x00007ffe2e9e8000 	c:\Users\alhdh\.vscode\extensions\redhat.java-1.30.0-win32-x64\jre\17.0.10-win32-x86_64\bin\zip.dll
0x00007ffe43490000 - 0x00007ffe43bd5000 	C:\Windows\System32\SHELL32.dll
0x00007ffe40090000 - 0x00007ffe4082b000 	C:\Windows\SYSTEM32\windows.storage.dll
0x00007ffe43c90000 - 0x00007ffe43fe4000 	C:\Windows\System32\combase.dll
0x00007ffe41d50000 - 0x00007ffe41d7d000 	C:\Windows\SYSTEM32\Wldp.dll
0x00007ffe448e0000 - 0x00007ffe4498d000 	C:\Windows\System32\SHCORE.dll
0x00007ffe44880000 - 0x00007ffe448d5000 	C:\Windows\System32\shlwapi.dll
0x00007ffe42330000 - 0x00007ffe42355000 	C:\Windows\SYSTEM32\profapi.dll
0x00007ffe258b0000 - 0x00007ffe258c9000 	C:\Users\alhdh\.vscode\extensions\redhat.java-1.30.0-win32-x64\jre\17.0.10-win32-x86_64\bin\net.dll
0x00007ffe3c520000 - 0x00007ffe3c62a000 	C:\Windows\SYSTEM32\WINHTTP.dll
0x00007ffe41b30000 - 0x00007ffe41b9a000 	C:\Windows\system32\mswsock.dll
0x00007ffe22220000 - 0x00007ffe22236000 	C:\Users\alhdh\.vscode\extensions\redhat.java-1.30.0-win32-x64\jre\17.0.10-win32-x86_64\bin\nio.dll
0x00007ffe2ee80000 - 0x00007ffe2ee90000 	c:\Users\alhdh\.vscode\extensions\redhat.java-1.30.0-win32-x64\jre\17.0.10-win32-x86_64\bin\verify.dll
0x00007ffe21720000 - 0x00007ffe2175e000 	C:\Users\alhdh\AppData\Roaming\Code\User\globalStorage\redhat.java\1.30.0\config_win\org.eclipse.equinox.launcher\org.eclipse.equinox.launcher.win32.win32.x86_64_1.2.900.v20240213-1244\eclipse_11900.dll
0x00007ffe44050000 - 0x00007ffe4417b000 	C:\Windows\System32\ole32.dll
0x00007ffe41d90000 - 0x00007ffe41da8000 	C:\Windows\SYSTEM32\CRYPTSP.dll
0x00007ffe41410000 - 0x00007ffe41444000 	C:\Windows\system32\rsaenh.dll
0x00007ffe422b0000 - 0x00007ffe422de000 	C:\Windows\SYSTEM32\USERENV.dll
0x00007ffe41cc0000 - 0x00007ffe41ccc000 	C:\Windows\SYSTEM32\CRYPTBASE.dll
0x00007ffe417f0000 - 0x00007ffe4182b000 	C:\Windows\SYSTEM32\IPHLPAPI.DLL
0x00007ffe44ce0000 - 0x00007ffe44ce8000 	C:\Windows\System32\NSI.dll
0x00007ffe3a630000 - 0x00007ffe3a647000 	C:\Windows\SYSTEM32\dhcpcsvc6.DLL
0x00007ffe3a4c0000 - 0x00007ffe3a4dd000 	C:\Windows\SYSTEM32\dhcpcsvc.DLL
0x00007ffe41830000 - 0x00007ffe418fa000 	C:\Windows\SYSTEM32\DNSAPI.dll
0x00007ffe18b90000 - 0x00007ffe18bd5000 	C:\Users\alhdh\AppData\Local\Temp\jna-92902113\jna11220494631050735158.dll
0x00007ffe43bf0000 - 0x00007ffe43bf8000 	C:\Windows\System32\PSAPI.DLL
0x00007ffe21760000 - 0x00007ffe2176e000 	C:\Users\alhdh\.vscode\extensions\redhat.java-1.30.0-win32-x64\jre\17.0.10-win32-x86_64\bin\sunmscapi.dll
0x00007ffe42400000 - 0x00007ffe4255d000 	C:\Windows\System32\CRYPT32.dll
0x00007ffe41ea0000 - 0x00007ffe41ec8000 	C:\Windows\SYSTEM32\ncrypt.dll
0x00007ffe41e60000 - 0x00007ffe41e9b000 	C:\Windows\SYSTEM32\NTASN1.dll
0x0000000055730000 - 0x000000005573b000 	C:\Program Files\National Instruments\Shared\mDNS Responder\nimdnsNSP.dll
0x0000000055710000 - 0x0000000055721000 	C:\Windows\SYSTEM32\nimdnsResponder.dll
0x00007ffe3a620000 - 0x00007ffe3a62a000 	C:\Windows\System32\rasadhlp.dll
0x00007ffe37640000 - 0x00007ffe376c0000 	C:\Windows\System32\fwpuclnt.dll
0x00007ffe21560000 - 0x00007ffe21569000 	C:\Users\alhdh\.vscode\extensions\redhat.java-1.30.0-win32-x64\jre\17.0.10-win32-x86_64\bin\extnet.dll

dbghelp: loaded successfully - version: 4.0.5 - missing functions: none
symbol engine: initialized successfully - sym options: 0x614 - pdb path: .;c:\Users\alhdh\.vscode\extensions\redhat.java-1.30.0-win32-x64\jre\17.0.10-win32-x86_64\bin;C:\Windows\SYSTEM32;C:\Program Files\Avast Software\Avast;C:\Windows\WinSxS\amd64_microsoft.windows.common-controls_6595b64144ccf1df_6.0.19041.3636_none_60b6a03d71f818d5;c:\Users\alhdh\.vscode\extensions\redhat.java-1.30.0-win32-x64\jre\17.0.10-win32-x86_64\bin\server;C:\Users\alhdh\AppData\Roaming\Code\User\globalStorage\redhat.java\1.30.0\config_win\org.eclipse.equinox.launcher\org.eclipse.equinox.launcher.win32.win32.x86_64_1.2.900.v20240213-1244;C:\Users\alhdh\AppData\Local\Temp\jna-92902113;C:\Program Files\National Instruments\Shared\mDNS Responder

VM Arguments:
jvm_args: --add-modules=ALL-SYSTEM --add-opens=java.base/java.util=ALL-UNNAMED --add-opens=java.base/java.lang=ALL-UNNAMED --add-opens=java.base/sun.nio.fs=ALL-UNNAMED -Declipse.application=org.eclipse.jdt.ls.core.id1 -Dosgi.bundles.defaultStartLevel=4 -Declipse.product=org.eclipse.jdt.ls.core.product -Djava.import.generatesMetadataFilesAtProjectRoot=false -DDetectVMInstallationsJob.disabled=true -Dfile.encoding=utf8 -XX:+UseParallelGC -XX:GCTimeRatio=4 -XX:AdaptiveSizePolicyWeight=90 -Dsun.zip.disableMemoryMapping=true -Xmx1G -Xms100m -Xlog:disable -javaagent:c:\Users\alhdh\.vscode\extensions\redhat.java-1.30.0-win32-x64\lombok\lombok-1.18.32.jar -XX:+HeapDumpOnOutOfMemoryError -XX:HeapDumpPath=c:\Users\alhdh\AppData\Roaming\Code\User\workspaceStorage\37dba57fa1d58a1a3d36af18158eedda\redhat.java -Daether.dependencyCollector.impl=bf 
java_command: c:\Users\alhdh\.vscode\extensions\redhat.java-1.30.0-win32-x64\server\plugins\org.eclipse.equinox.launcher_1.6.800.v20240330-1250.jar -configuration c:\Users\alhdh\AppData\Roaming\Code\User\globalStorage\redhat.java\1.30.0\config_win -data c:\Users\alhdh\AppData\Roaming\Code\User\workspaceStorage\37dba57fa1d58a1a3d36af18158eedda\redhat.java\jdt_ws --pipe=\\.\pipe\lsp-db8894b6e8c4dbc81db839333e6f7806-sock
java_class_path (initial): c:\Users\alhdh\.vscode\extensions\redhat.java-1.30.0-win32-x64\server\plugins\org.eclipse.equinox.launcher_1.6.800.v20240330-1250.jar
Launcher Type: SUN_STANDARD

[Global flags]
    uintx AdaptiveSizePolicyWeight                 = 90                                        {product} {command line}
     intx CICompilerCount                          = 4                                         {product} {ergonomic}
    uintx GCTimeRatio                              = 4                                         {product} {command line}
     bool HeapDumpOnOutOfMemoryError               = true                                   {manageable} {command line}
    ccstr HeapDumpPath                             = c:\Users\alhdh\AppData\Roaming\Code\User\workspaceStorage\37dba57fa1d58a1a3d36af18158eedda\redhat.java         {manageable} {command line}
   size_t InitialHeapSize                          = 104857600                                 {product} {command line}
   size_t MaxHeapSize                              = 1073741824                                {product} {command line}
   size_t MaxNewSize                               = 357564416                                 {product} {ergonomic}
   size_t MinHeapDeltaBytes                        = 524288                                    {product} {ergonomic}
   size_t MinHeapSize                              = 104857600                                 {product} {command line}
   size_t NewSize                                  = 34603008                                  {product} {ergonomic}
    uintx NonNMethodCodeHeapSize                   = 5839372                                {pd product} {ergonomic}
    uintx NonProfiledCodeHeapSize                  = 122909434                              {pd product} {ergonomic}
   size_t OldSize                                  = 70254592                                  {product} {ergonomic}
    uintx ProfiledCodeHeapSize                     = 122909434                              {pd product} {ergonomic}
    uintx ReservedCodeCacheSize                    = 251658240                              {pd product} {ergonomic}
     bool SegmentedCodeCache                       = true                                      {product} {ergonomic}
   size_t SoftMaxHeapSize                          = 1073741824                             {manageable} {ergonomic}
     bool UseCompressedClassPointers               = true                           {product lp64_product} {ergonomic}
     bool UseCompressedOops                        = true                           {product lp64_product} {ergonomic}
     bool UseLargePagesIndividualAllocation        = false                                  {pd product} {ergonomic}
     bool UseParallelGC                            = true                                      {product} {command line}

Logging:
Log output configuration:
 #0: stdout all=off uptime,level,tags
 #1: stderr all=off uptime,level,tags

Environment Variables:
JAVA_HOME=C:\Program Files\Java\jdk-17
CLASSPATH=.;
PATH=C:\Program Files\Microsoft MPI\Bin\;C:\Python311\Scripts\;C:\Python311\;C:\Program Files\Common Files\Oracle\Java\javapath;C:\Program Files (x86)\Common Files\Oracle\Java\javapath;D:\WATCOM\BINNT;D:\WATCOM\BINW;C:\Windows\system32;C:\Windows;C:\Windows\System32\Wbem;C:\Windows\System32\WindowsPowerShell\v1.0\;C:\Windows\System32\OpenSSH\;C:\Program Files\dotnet\;C:\Program Files\Microsoft SQL Server\130\Tools\Binn\;C:\Program Files\Microsoft SQL Server\Client SDK\ODBC\170\Tools\Binn\;C:\Program Files\Azure Data Studio\bin;C:\Program Files (x86)\Microsoft SQL Server\150\Tools\Binn\;C:\Program Files\Microsoft SQL Server\150\Tools\Binn\;C:\Program Files\Microsoft SQL Server\150\DTS\Binn\;C:\Program Files (x86)\Microsoft SQL Server\150\DTS\Binn\;D:\Latex\miktex\bin\x64\;C:\Program Files (x86)\IVI Foundation\VISA\WinNT\Bin\;C:\Program Files\IVI Foundation\VISA\Win64\Bin\;D:\Shared\LabVIEW CLI;C:\Program Files\Amazon\AWSCLIV2\;C:\Program Files\PuTTY\;C:\ProgramData\chocolatey\bin;C:\Program Files\Git\cmd;C:\Program Files\Java\jdk1.8.0_211\bin;C:\Program Files\CMake\bin;C:\Program Files\nodejs\;C:\Program Files (x86)\PDFtk\bin\;%MPJ_HOME%\bin;C:\ProgramData\chocolatey\lib\maven\apache-maven-3.9.6\bin;;C:\Program Files\Docker\Docker\resources\bin;C:\GnuWin32\bin;C:\ProgramData\chocolatey\lib\maven\apache-maven-3.9.6\bin;C:\dummy\mpj-v0_44\mpj-v0_44\bin;C:\Program Files\Java\jdk-11\bin;C:\Program Files\MySQL\MySQL Shell 8.0\bin\;D:\WATCOM\BINNT;D:\WATCOM\BINW;C:\Windows\system32;C:\Windows;C:\Windows\System32\Wbem;C:\Windows\System32\WindowsPowerShell\v1.0\;C:\Windows\System32\OpenSSH\;C:\Program Files (x86)\IncrediBuild;C:\Program Files\dotnet\;C:\Program Files\Microsoft SQL Server\130\Tools\Binn\;C:\Program Files\Microsoft SQL Server\Client SDK\ODBC\170\Tools\Binn\;C:\Program Files\Azure Data Studio\bin;C:\Program Files (x86)\Microsoft SQL Server\150\Tools\Binn\;C:\Program Files\Microsoft SQL Server\150\Tools\Binn\;C:\Program Files\Microsoft SQL Server\150\DTS\Binn\;C:\P
USERNAME=alhdh
OS=Windows_NT
PROCESSOR_IDENTIFIER=Intel64 Family 6 Model 158 Stepping 10, GenuineIntel
TMP=C:\Users\alhdh\AppData\Local\Temp
TEMP=C:\Users\alhdh\AppData\Local\Temp



Periodic native trim disabled


---------------  S Y S T E M  ---------------

OS:
 Windows 10 , 64 bit Build 19041 (10.0.19041.3636)
OS uptime: 0 days 3:48 hours
Hyper-V role detected

CPU: total 12 (initial active 12) (6 cores per cpu, 2 threads per core) family 6 model 158 stepping 10 microcode 0xf0, cx8, cmov, fxsr, ht, mmx, 3dnowpref, sse, sse2, sse3, ssse3, sse4.1, sse4.2, popcnt, lzcnt, tsc, tscinvbit, avx, avx2, aes, erms, clmul, bmi1, bmi2, adx, fma, vzeroupper, clflush, clflushopt, hv
Processor Information for processor 0
  Max Mhz: 2592, Current Mhz: 2592, Mhz Limit: 2592
Processor Information for processor 1
  Max Mhz: 2592, Current Mhz: 2592, Mhz Limit: 2592
Processor Information for processor 2
  Max Mhz: 2592, Current Mhz: 2592, Mhz Limit: 2592
Processor Information for processor 3
  Max Mhz: 2592, Current Mhz: 2592, Mhz Limit: 2592
Processor Information for processor 4
  Max Mhz: 2592, Current Mhz: 2592, Mhz Limit: 2592
Processor Information for processor 5
  Max Mhz: 2592, Current Mhz: 2592, Mhz Limit: 2592
Processor Information for processor 6
  Max Mhz: 2592, Current Mhz: 1495, Mhz Limit: 2592
Processor Information for processor 7
  Max Mhz: 2592, Current Mhz: 2592, Mhz Limit: 2592
Processor Information for processor 8
  Max Mhz: 2592, Current Mhz: 2592, Mhz Limit: 2592
Processor Information for processor 9
  Max Mhz: 2592, Current Mhz: 2592, Mhz Limit: 2592
Processor Information for processor 10
  Max Mhz: 2592, Current Mhz: 2592, Mhz Limit: 2592
Processor Information for processor 11
  Max Mhz: 2592, Current Mhz: 2592, Mhz Limit: 2592

Memory: 4k page, system-wide physical 8008M (1417M free)
TotalPageFile size 11021M (AvailPageFile size 11M)
current process WorkingSet (physical memory assigned to process): 943M, peak: 1027M
current process commit charge ("private bytes"): 892M, peak: 1155M

vm_info: OpenJDK 64-Bit Server VM (17.0.10+7) for windows-amd64 JRE (17.0.10+7), built on Jan 16 2024 23:25:11 by "admin" with MS VC++ 16.10 / 16.11 (VS2019)

END.
