#
# There is insufficient memory for the Java Runtime Environment to continue.
# Native memory allocation (malloc) failed to allocate 1048576 bytes for AllocateHeap
# Possible reasons:
#   The system is out of physical RAM or swap space
#   The process is running with CompressedOops enabled, and the Java Heap may be blocking the growth of the native heap
# Possible solutions:
#   Reduce memory load on the system
#   Increase physical memory or swap space
#   Check if swap backing store is full
#   Decrease Java heap size (-Xmx/-Xms)
#   Decrease number of Java threads
#   Decrease Java thread stack sizes (-Xss)
#   Set larger code cache with -XX:ReservedCodeCacheSize=
#   JVM is running with Unscaled Compressed Oops mode in which the Java heap is
#     placed in the first 4GB address space. The Java Heap base address is the
#     maximum limit for the native heap growth. Please use -XX:HeapBaseMinAddress
#     to set the Java Heap base and to place the Java Heap above 4GB virtual address.
# This output file may be truncated or incomplete.
#
#  Out of Memory Error (allocation.cpp:44), pid=15672, tid=19960
#
# JRE version: Java(TM) SE Runtime Environment (17.0.10+11) (build 17.0.10+11-LTS-240)
# Java VM: Java HotSpot(TM) 64-Bit Server VM (17.0.10+11-LTS-240, mixed mode, emulated-client, sharing, tiered, compressed oops, compressed class ptrs, g1 gc, windows-amd64)
# No core dump will be written. Minidumps are not enabled by default on client versions of Windows
#

---------------  S U M M A R Y ------------

Command Line: -XX:TieredStopAtLevel=1 com.alibou.security.SecurityApplication

Host: Intel(R) Core(TM) i7-9750H CPU @ 2.60GHz, 12 cores, 7G,  Windows 10 , 64 bit Build 19041 (10.0.19041.3636)
Time: Sat May  4 03:08:58 2024 Egypt Daylight Time elapsed time: 893.006688 seconds (0d 0h 14m 53s)

---------------  T H R E A D  ---------------

Current thread (0x000002993db8b5c0):  VMThread "VM Thread" [stack: 0x0000009b9d300000,0x0000009b9d400000] [id=19960]

Stack: [0x0000009b9d300000,0x0000009b9d400000]
Native frames: (J=compiled Java code, j=interpreted, Vv=VM code, C=native code)
V  [jvm.dll+0x677a5a]
V  [jvm.dll+0x7d8b2d]
V  [jvm.dll+0x7da48e]
V  [jvm.dll+0x7daaf3]
V  [jvm.dll+0x2455ff]
V  [jvm.dll+0xa5173]
V  [jvm.dll+0x2f4183]
V  [jvm.dll+0x2f00e0]
V  [jvm.dll+0x2d86b7]
V  [jvm.dll+0x31b227]
V  [jvm.dll+0x7df30b]
V  [jvm.dll+0x7e0044]
V  [jvm.dll+0x7e055d]
V  [jvm.dll+0x7e0934]
V  [jvm.dll+0x7e0a00]
V  [jvm.dll+0x78888a]
V  [jvm.dll+0x676935]
C  [ucrtbase.dll+0x21bb2]
C  [KERNEL32.DLL+0x17344]
C  [ntdll.dll+0x526b1]

VM_Operation (0x0000009b9cafeed0): G1CollectFull, mode: safepoint, requested by thread 0x000002993dbb04c0


---------------  P R O C E S S  ---------------

Threads class SMR info:
_java_thread_list=0x000002990a0334e0, length=14, elements={
0x000002993db8f1c0, 0x000002993db90040, 0x000002993dba48b0, 0x000002993dba5530,
0x000002993dba9310, 0x000002993dbaf590, 0x000002993dbb1770, 0x000002993dbb09d0,
0x000002993dbaeb70, 0x000002993dbad730, 0x000002993dbaffb0, 0x000002990536adc0,
0x000002990536ef90, 0x000002993dbb04c0
}

Java Threads: ( => current thread )
  0x000002993db8f1c0 JavaThread "Reference Handler" daemon [_thread_blocked, id=7220, stack(0x0000009b9d400000,0x0000009b9d500000)]
  0x000002993db90040 JavaThread "Finalizer" daemon [_thread_blocked, id=20176, stack(0x0000009b9d500000,0x0000009b9d600000)]
  0x000002993dba48b0 JavaThread "Signal Dispatcher" daemon [_thread_blocked, id=11620, stack(0x0000009b9d600000,0x0000009b9d700000)]
  0x000002993dba5530 JavaThread "Attach Listener" daemon [_thread_blocked, id=8864, stack(0x0000009b9d700000,0x0000009b9d800000)]
  0x000002993dba9310 JavaThread "Service Thread" daemon [_thread_blocked, id=15248, stack(0x0000009b9d800000,0x0000009b9d900000)]
  0x000002993dbaf590 JavaThread "Monitor Deflation Thread" daemon [_thread_blocked, id=13292, stack(0x0000009b9d900000,0x0000009b9da00000)]
  0x000002993dbb1770 JavaThread "C1 CompilerThread0" daemon [_thread_blocked, id=4376, stack(0x0000009b9da00000,0x0000009b9db00000)]
  0x000002993dbb09d0 JavaThread "Sweeper thread" daemon [_thread_blocked, id=21008, stack(0x0000009b9db00000,0x0000009b9dc00000)]
  0x000002993dbaeb70 JavaThread "Notification Thread" daemon [_thread_blocked, id=17448, stack(0x0000009b9de00000,0x0000009b9df00000)]
  0x000002993dbad730 JavaThread "Common-Cleaner" daemon [_thread_blocked, id=16628, stack(0x0000009b9e000000,0x0000009b9e100000)]
  0x000002993dbaffb0 JavaThread "mysql-cj-abandoned-connection-cleanup" daemon [_thread_blocked, id=19864, stack(0x0000009b9ef00000,0x0000009b9f000000)]
  0x000002990536adc0 JavaThread "Live Reload Server" daemon [_thread_in_native, id=19052, stack(0x0000009b9f800000,0x0000009b9f900000)]
  0x000002990536ef90 JavaThread "DestroyJavaVM" [_thread_blocked, id=3640, stack(0x0000009b9cd00000,0x0000009b9ce00000)]
  0x000002993dbb04c0 JavaThread "Thread-35" [_thread_blocked, id=7276, stack(0x0000009b9ca00000,0x0000009b9cb00000)]

Other Threads:
=>0x000002993db8b5c0 VMThread "VM Thread" [stack: 0x0000009b9d300000,0x0000009b9d400000] [id=19960]
  0x000002992b8f8a10 WatcherThread [stack: 0x0000009b9df00000,0x0000009b9e000000] [id=19640]
  0x000002992b8dbec0 GCTaskThread "GC Thread#0" [stack: 0x0000009b9ce00000,0x0000009b9cf00000] [id=1408]
  0x000002997f861aa0 GCTaskThread "GC Thread#1" [stack: 0x0000009b9e300000,0x0000009b9e400000] [id=18760]
  0x000002997f861d60 GCTaskThread "GC Thread#2" [stack: 0x0000009b9e400000,0x0000009b9e500000] [id=20824]
  0x000002997f7ffd00 GCTaskThread "GC Thread#3" [stack: 0x0000009b9e500000,0x0000009b9e600000] [id=16992]
  0x000002997f7fffc0 GCTaskThread "GC Thread#4" [stack: 0x0000009b9e600000,0x0000009b9e700000] [id=1876]
  0x000002997f800280 GCTaskThread "GC Thread#5" [stack: 0x0000009b9e700000,0x0000009b9e800000] [id=19184]
  0x000002997fab0890 GCTaskThread "GC Thread#6" [stack: 0x0000009b9ea00000,0x0000009b9eb00000] [id=12480]
  0x000002997fb3cce0 GCTaskThread "GC Thread#7" [stack: 0x0000009b9eb00000,0x0000009b9ec00000] [id=13812]
  0x00000299044213c0 GCTaskThread "GC Thread#8" [stack: 0x0000009b9e800000,0x0000009b9e900000] [id=19316]
  0x0000029904113530 GCTaskThread "GC Thread#9" [stack: 0x0000009b9ec00000,0x0000009b9ed00000] [id=20612]
  0x000002992b8ec960 ConcurrentGCThread "G1 Main Marker" [stack: 0x0000009b9cf00000,0x0000009b9d000000] [id=16840]
  0x000002992b8edb10 ConcurrentGCThread "G1 Conc#0" [stack: 0x0000009b9d000000,0x0000009b9d100000] [id=1000]
  0x0000029904559b70 ConcurrentGCThread "G1 Conc#1" [stack: 0x0000009b9ed00000,0x0000009b9ee00000] [id=17640]
  0x00000299042f4970 ConcurrentGCThread "G1 Conc#2" [stack: 0x0000009b9ee00000,0x0000009b9ef00000] [id=19628]
  0x000002993da430e0 ConcurrentGCThread "G1 Refine#0" [stack: 0x0000009b9d100000,0x0000009b9d200000] [id=14660]
  0x000002993da43b10 ConcurrentGCThread "G1 Service" [stack: 0x0000009b9d200000,0x0000009b9d300000] [id=20736]

Threads with active compile tasks:

VM state: at safepoint (normal execution)

VM Mutex/Monitor currently owned by a thread:  ([mutex/lock_event])
[0x000002992b87db40] Threads_lock - owner thread: 0x000002993db8b5c0
[0x000002992b87d5a0] Heap_lock - owner thread: 0x000002993dbb04c0

OutOfMemory and StackOverflow Exception counts:
StackOverflowErrors=16
LinkageErrors=188

Heap address: 0x0000000082c00000, size: 2004 MB, Compressed Oops mode: 32-bit

CDS archive(s) mapped at: [0x000002993e000000-0x000002993ebd0000-0x000002993ebd0000), size 12386304, SharedBaseAddress: 0x000002993e000000, ArchiveRelocationMode: 1.
Compressed class space mapped at: 0x000002993f000000-0x000002997f000000, reserved size: 1073741824
Narrow klass base: 0x000002993e000000, Narrow klass shift: 0, Narrow klass range: 0x100000000

GC Precious Log:
 CPUs: 12 total, 12 available
 Memory: 8008M
 Large Page Support: Disabled
 NUMA Support: Disabled
 Compressed Oops: Enabled (32-bit)
 Heap Region Size: 1M
 Heap Min Capacity: 8M
 Heap Initial Capacity: 126M
 Heap Max Capacity: 2004M
 Pre-touch: Disabled
 Parallel Workers: 10
 Concurrent Workers: 3
 Concurrent Refinement Workers: 10
 Periodic GC: Disabled

Heap:
 garbage-first heap   total 96256K, used 64836K [0x0000000082c00000, 0x0000000100000000)
  region size 1024K, 32 young (32768K), 3 survivors (3072K)
 Metaspace       used 78815K, committed 79488K, reserved 1179648K
  class space    used 11474K, committed 11776K, reserved 1048576K

Heap Regions: E=young(eden), S=young(survivor), O=old, HS=humongous(starts), HC=humongous(continues), CS=collection set, F=free, OA=open archive, CA=closed archive, TAMS=top-at-mark-start (previous, next)
|   0|0x0000000082c00000, 0x0000000082d00000, 0x0000000082d00000|100%|HS|  |TAMS 0x0000000082d00000, 0x0000000082c00000| Untracked 
|   1|0x0000000082d00000, 0x0000000082dfffe0, 0x0000000082e00000| 99%| O|  |TAMS 0x0000000082dfffe0, 0x0000000082d00000| Untracked 
|   2|0x0000000082e00000, 0x0000000082f00000, 0x0000000082f00000|100%| O|  |TAMS 0x0000000082f00000, 0x0000000082e00000| Untracked 
|   3|0x0000000082f00000, 0x0000000082ffffe8, 0x0000000083000000| 99%| O|  |TAMS 0x0000000082ffffe8, 0x0000000082f00000| Untracked 
|   4|0x0000000083000000, 0x0000000083100000, 0x0000000083100000|100%| O|  |TAMS 0x0000000083100000, 0x0000000083000000| Untracked 
|   5|0x0000000083100000, 0x00000000831fffe0, 0x0000000083200000| 99%| O|  |TAMS 0x00000000831fffe0, 0x0000000083100000| Untracked 
|   6|0x0000000083200000, 0x00000000832ffff8, 0x0000000083300000| 99%| O|  |TAMS 0x00000000832ffff8, 0x0000000083200000| Untracked 
|   7|0x0000000083300000, 0x00000000833ffc70, 0x0000000083400000| 99%| O|  |TAMS 0x00000000833ffc70, 0x0000000083300000| Untracked 
|   8|0x0000000083400000, 0x0000000083500000, 0x0000000083500000|100%| O|  |TAMS 0x0000000083500000, 0x0000000083400000| Untracked 
|   9|0x0000000083500000, 0x00000000835fffe8, 0x0000000083600000| 99%| O|  |TAMS 0x00000000835fffe8, 0x0000000083500000| Untracked 
|  10|0x0000000083600000, 0x00000000836ffff8, 0x0000000083700000| 99%| O|  |TAMS 0x00000000836ffff8, 0x0000000083600000| Untracked 
|  11|0x0000000083700000, 0x00000000837ff1e8, 0x0000000083800000| 99%| O|  |TAMS 0x00000000837ff1e8, 0x0000000083700000| Untracked 
|  12|0x0000000083800000, 0x00000000838fffe8, 0x0000000083900000| 99%| O|  |TAMS 0x00000000838fffe8, 0x0000000083800000| Untracked 
|  13|0x0000000083900000, 0x00000000839fffd0, 0x0000000083a00000| 99%| O|  |TAMS 0x00000000839fffd0, 0x0000000083900000| Untracked 
|  14|0x0000000083a00000, 0x0000000083affff8, 0x0000000083b00000| 99%| O|  |TAMS 0x0000000083affff8, 0x0000000083a00000| Untracked 
|  15|0x0000000083b00000, 0x0000000083bfffe8, 0x0000000083c00000| 99%| O|  |TAMS 0x0000000083bfffe8, 0x0000000083b00000| Untracked 
|  16|0x0000000083c00000, 0x0000000083cffe80, 0x0000000083d00000| 99%| O|  |TAMS 0x0000000083cffe80, 0x0000000083c00000| Untracked 
|  17|0x0000000083d00000, 0x0000000083dffff8, 0x0000000083e00000| 99%| O|  |TAMS 0x0000000083d00000, 0x0000000083d00000| Untracked 
|  18|0x0000000083e00000, 0x0000000083efffc8, 0x0000000083f00000| 99%| O|  |TAMS 0x0000000083efffc8, 0x0000000083e00000| Untracked 
|  19|0x0000000083f00000, 0x0000000084000000, 0x0000000084000000|100%| O|  |TAMS 0x0000000083f00000, 0x0000000083f00000| Untracked 
|  20|0x0000000084000000, 0x0000000084100000, 0x0000000084100000|100%| O|  |TAMS 0x0000000084000000, 0x0000000084000000| Untracked 
|  21|0x0000000084100000, 0x00000000841fffd0, 0x0000000084200000| 99%| O|  |TAMS 0x0000000084100000, 0x0000000084100000| Untracked 
|  22|0x0000000084200000, 0x00000000842fffb8, 0x0000000084300000| 99%| O|  |TAMS 0x0000000084200000, 0x0000000084200000| Untracked 
|  23|0x0000000084300000, 0x00000000843fffc8, 0x0000000084400000| 99%| O|  |TAMS 0x00000000843fffc8, 0x0000000084300000| Untracked 
|  24|0x0000000084400000, 0x00000000844fffe0, 0x0000000084500000| 99%| O|  |TAMS 0x0000000084400000, 0x0000000084400000| Untracked 
|  25|0x0000000084500000, 0x0000000084600000, 0x0000000084600000|100%| O|  |TAMS 0x0000000084500000, 0x0000000084500000| Untracked 
|  26|0x0000000084600000, 0x000000008462b678, 0x0000000084700000| 16%| O|  |TAMS 0x0000000084600000, 0x0000000084600000| Untracked 
|  27|0x0000000084700000, 0x00000000847e4540, 0x0000000084800000| 89%| O|  |TAMS 0x0000000084700000, 0x0000000084700000| Untracked 
|  28|0x0000000084800000, 0x0000000084900000, 0x0000000084900000|100%| O|  |TAMS 0x0000000084900000, 0x0000000084800000| Untracked 
|  29|0x0000000084900000, 0x0000000084a00000, 0x0000000084a00000|100%| O|  |TAMS 0x0000000084900000, 0x0000000084900000| Untracked 
|  30|0x0000000084a00000, 0x0000000084b00000, 0x0000000084b00000|100%| O|  |TAMS 0x0000000084a00000, 0x0000000084a00000| Untracked 
|  31|0x0000000084b00000, 0x0000000084c00000, 0x0000000084c00000|100%| O|  |TAMS 0x0000000084b00000, 0x0000000084b00000| Untracked 
|  32|0x0000000084c00000, 0x0000000084cfffe8, 0x0000000084d00000| 99%| O|  |TAMS 0x0000000084c00000, 0x0000000084c00000| Untracked 
|  33|0x0000000084d00000, 0x0000000084d2aa88, 0x0000000084e00000| 16%| O|  |TAMS 0x0000000084d00000, 0x0000000084d00000| Untracked 
|  34|0x0000000084e00000, 0x0000000084ea5190, 0x0000000084f00000| 64%| O|  |TAMS 0x0000000084e00000, 0x0000000084e00000| Untracked 
|  35|0x0000000084f00000, 0x0000000084f0aa00, 0x0000000085000000|  4%| O|  |TAMS 0x0000000084f00000, 0x0000000084f00000| Untracked 
|  36|0x0000000085000000, 0x0000000085000000, 0x0000000085100000|  0%| F|  |TAMS 0x0000000085000000, 0x0000000085000000| Untracked 
|  37|0x0000000085100000, 0x0000000085100000, 0x0000000085200000|  0%| F|  |TAMS 0x0000000085100000, 0x0000000085100000| Untracked 
|  38|0x0000000085200000, 0x0000000085200000, 0x0000000085300000|  0%| F|  |TAMS 0x0000000085200000, 0x0000000085200000| Untracked 
|  39|0x0000000085300000, 0x0000000085300000, 0x0000000085400000|  0%| F|  |TAMS 0x0000000085300000, 0x0000000085300000| Untracked 
|  40|0x0000000085400000, 0x0000000085400000, 0x0000000085500000|  0%| F|  |TAMS 0x0000000085400000, 0x0000000085400000| Untracked 
|  41|0x0000000085500000, 0x0000000085500000, 0x0000000085600000|  0%| F|  |TAMS 0x0000000085500000, 0x0000000085500000| Untracked 
|  42|0x0000000085600000, 0x0000000085600000, 0x0000000085700000|  0%| F|  |TAMS 0x0000000085600000, 0x0000000085600000| Untracked 
|  43|0x0000000085700000, 0x0000000085700000, 0x0000000085800000|  0%| F|  |TAMS 0x0000000085700000, 0x0000000085700000| Untracked 
|  44|0x0000000085800000, 0x0000000085800000, 0x0000000085900000|  0%| F|  |TAMS 0x0000000085800000, 0x0000000085800000| Untracked 
|  45|0x0000000085900000, 0x0000000085900000, 0x0000000085a00000|  0%| F|  |TAMS 0x0000000085900000, 0x0000000085900000| Untracked 
|  46|0x0000000085a00000, 0x0000000085a00000, 0x0000000085b00000|  0%| F|  |TAMS 0x0000000085a00000, 0x0000000085a00000| Untracked 
|  47|0x0000000085b00000, 0x0000000085b00000, 0x0000000085c00000|  0%| F|  |TAMS 0x0000000085b00000, 0x0000000085b00000| Untracked 
|  48|0x0000000085c00000, 0x0000000085c68520, 0x0000000085d00000| 40%| S|CS|TAMS 0x0000000085c00000, 0x0000000085c00000| Complete 
|  49|0x0000000085d00000, 0x0000000085d00000, 0x0000000085e00000|  0%| F|  |TAMS 0x0000000085d00000, 0x0000000085d00000| Untracked 
|  50|0x0000000085e00000, 0x0000000085e00000, 0x0000000085f00000|  0%| F|  |TAMS 0x0000000085e00000, 0x0000000085e00000| Untracked 
|  51|0x0000000085f00000, 0x0000000085f00000, 0x0000000086000000|  0%| F|  |TAMS 0x0000000085f00000, 0x0000000085f00000| Untracked 
|  52|0x0000000086000000, 0x0000000086000000, 0x0000000086100000|  0%| F|  |TAMS 0x0000000086000000, 0x0000000086000000| Untracked 
|  53|0x0000000086100000, 0x0000000086200000, 0x0000000086200000|100%| S|CS|TAMS 0x0000000086100000, 0x0000000086100000| Complete 
|  54|0x0000000086200000, 0x0000000086300000, 0x0000000086300000|100%| S|CS|TAMS 0x0000000086200000, 0x0000000086200000| Complete 
|  55|0x0000000086300000, 0x0000000086300000, 0x0000000086400000|  0%| F|  |TAMS 0x0000000086300000, 0x0000000086300000| Untracked 
|  56|0x0000000086400000, 0x0000000086400000, 0x0000000086500000|  0%| F|  |TAMS 0x0000000086400000, 0x0000000086400000| Untracked 
|  57|0x0000000086500000, 0x0000000086500000, 0x0000000086600000|  0%| F|  |TAMS 0x0000000086500000, 0x0000000086500000| Untracked 
|  58|0x0000000086600000, 0x0000000086600000, 0x0000000086700000|  0%| F|  |TAMS 0x0000000086600000, 0x0000000086600000| Untracked 
|  59|0x0000000086700000, 0x0000000086700000, 0x0000000086800000|  0%| F|  |TAMS 0x0000000086700000, 0x0000000086700000| Untracked 
|  60|0x0000000086800000, 0x0000000086800000, 0x0000000086900000|  0%| F|  |TAMS 0x0000000086800000, 0x0000000086800000| Untracked 
|  61|0x0000000086900000, 0x0000000086900000, 0x0000000086a00000|  0%| F|  |TAMS 0x0000000086900000, 0x0000000086900000| Untracked 
|  62|0x0000000086a00000, 0x0000000086a00000, 0x0000000086b00000|  0%| F|  |TAMS 0x0000000086a00000, 0x0000000086a00000| Untracked 
|  63|0x0000000086b00000, 0x0000000086b00000, 0x0000000086c00000|  0%| F|  |TAMS 0x0000000086b00000, 0x0000000086b00000| Untracked 
|  64|0x0000000086c00000, 0x0000000086c00000, 0x0000000086d00000|  0%| F|  |TAMS 0x0000000086c00000, 0x0000000086c00000| Untracked 
|  65|0x0000000086d00000, 0x0000000086de0180, 0x0000000086e00000| 87%| E|  |TAMS 0x0000000086d00000, 0x0000000086d00000| Complete 
|  66|0x0000000086e00000, 0x0000000086f00000, 0x0000000086f00000|100%| E|CS|TAMS 0x0000000086e00000, 0x0000000086e00000| Complete 
|  67|0x0000000086f00000, 0x0000000087000000, 0x0000000087000000|100%| E|CS|TAMS 0x0000000086f00000, 0x0000000086f00000| Complete 
|  68|0x0000000087000000, 0x0000000087100000, 0x0000000087100000|100%| E|CS|TAMS 0x0000000087000000, 0x0000000087000000| Complete 
|  69|0x0000000087100000, 0x0000000087200000, 0x0000000087200000|100%| E|CS|TAMS 0x0000000087100000, 0x0000000087100000| Complete 
|  70|0x0000000087200000, 0x0000000087300000, 0x0000000087300000|100%| E|CS|TAMS 0x0000000087200000, 0x0000000087200000| Complete 
|  71|0x0000000087300000, 0x0000000087400000, 0x0000000087400000|100%| E|CS|TAMS 0x0000000087300000, 0x0000000087300000| Complete 
|  72|0x0000000087400000, 0x0000000087500000, 0x0000000087500000|100%| E|CS|TAMS 0x0000000087400000, 0x0000000087400000| Complete 
|  73|0x0000000087500000, 0x0000000087600000, 0x0000000087600000|100%| E|CS|TAMS 0x0000000087500000, 0x0000000087500000| Complete 
|  74|0x0000000087600000, 0x0000000087700000, 0x0000000087700000|100%| E|CS|TAMS 0x0000000087600000, 0x0000000087600000| Complete 
|  75|0x0000000087700000, 0x0000000087800000, 0x0000000087800000|100%| E|CS|TAMS 0x0000000087700000, 0x0000000087700000| Complete 
|  76|0x0000000087800000, 0x0000000087900000, 0x0000000087900000|100%| E|CS|TAMS 0x0000000087800000, 0x0000000087800000| Complete 
|  77|0x0000000087900000, 0x0000000087a00000, 0x0000000087a00000|100%| E|CS|TAMS 0x0000000087900000, 0x0000000087900000| Complete 
|  78|0x0000000087a00000, 0x0000000087b00000, 0x0000000087b00000|100%| E|CS|TAMS 0x0000000087a00000, 0x0000000087a00000| Complete 
|  79|0x0000000087b00000, 0x0000000087c00000, 0x0000000087c00000|100%| E|CS|TAMS 0x0000000087b00000, 0x0000000087b00000| Complete 
|  80|0x0000000087c00000, 0x0000000087d00000, 0x0000000087d00000|100%| E|CS|TAMS 0x0000000087c00000, 0x0000000087c00000| Complete 
|  81|0x0000000087d00000, 0x0000000087e00000, 0x0000000087e00000|100%| E|CS|TAMS 0x0000000087d00000, 0x0000000087d00000| Complete 
|  82|0x0000000087e00000, 0x0000000087f00000, 0x0000000087f00000|100%| E|CS|TAMS 0x0000000087e00000, 0x0000000087e00000| Complete 
|  83|0x0000000087f00000, 0x0000000088000000, 0x0000000088000000|100%| E|CS|TAMS 0x0000000087f00000, 0x0000000087f00000| Complete 
|  84|0x0000000088000000, 0x0000000088100000, 0x0000000088100000|100%| E|CS|TAMS 0x0000000088000000, 0x0000000088000000| Complete 
|  85|0x0000000088100000, 0x0000000088200000, 0x0000000088200000|100%| E|CS|TAMS 0x0000000088100000, 0x0000000088100000| Complete 
|  86|0x0000000088200000, 0x0000000088300000, 0x0000000088300000|100%| E|CS|TAMS 0x0000000088200000, 0x0000000088200000| Complete 
| 109|0x0000000089900000, 0x0000000089a00000, 0x0000000089a00000|100%| E|CS|TAMS 0x0000000089900000, 0x0000000089900000| Complete 
| 110|0x0000000089a00000, 0x0000000089b00000, 0x0000000089b00000|100%| E|CS|TAMS 0x0000000089a00000, 0x0000000089a00000| Complete 
| 111|0x0000000089b00000, 0x0000000089c00000, 0x0000000089c00000|100%| E|CS|TAMS 0x0000000089b00000, 0x0000000089b00000| Complete 
| 112|0x0000000089c00000, 0x0000000089d00000, 0x0000000089d00000|100%| E|CS|TAMS 0x0000000089c00000, 0x0000000089c00000| Complete 
| 113|0x0000000089d00000, 0x0000000089e00000, 0x0000000089e00000|100%| E|CS|TAMS 0x0000000089d00000, 0x0000000089d00000| Complete 
| 114|0x0000000089e00000, 0x0000000089f00000, 0x0000000089f00000|100%| E|CS|TAMS 0x0000000089e00000, 0x0000000089e00000| Complete 
| 125|0x000000008a900000, 0x000000008aa00000, 0x000000008aa00000|100%| E|CS|TAMS 0x000000008a900000, 0x000000008a900000| Complete 

Card table byte_map: [0x0000029936840000,0x0000029936c30000] _byte_map_base: 0x000002993642a000

Marking Bits (Prev, Next): (CMBitMap*) 0x000002992b8dc4e0, (CMBitMap*) 0x000002992b8dc520
 Prev Bits: [0x0000029937020000, 0x0000029938f70000)
 Next Bits: [0x0000029938f70000, 0x000002993aec0000)

Polling page: 0x000002992b040000

Metaspace:

Usage:
  Non-class:     65.76 MB used.
      Class:     11.21 MB used.
       Both:     76.97 MB used.

Virtual space:
  Non-class space:      128.00 MB reserved,      66.12 MB ( 52%) committed,  2 nodes.
      Class space:        1.00 GB reserved,      11.50 MB (  1%) committed,  1 nodes.
             Both:        1.12 GB reserved,      77.62 MB (  7%) committed. 

Chunk freelists:
   Non-Class:  13.28 MB
       Class:  4.49 MB
        Both:  17.77 MB

MaxMetaspaceSize: unlimited
CompressedClassSpaceSize: 1.00 GB
Initial GC threshold: 21.00 MB
Current GC threshold: 129.94 MB
CDS: on
MetaspaceReclaimPolicy: balanced
 - commit_granule_bytes: 65536.
 - commit_granule_words: 8192.
 - virtual_space_node_default_size: 8388608.
 - enlarge_chunks_in_place: 1.
 - new_chunks_are_fully_committed: 0.
 - uncommit_free_chunks: 1.
 - use_allocation_guard: 0.
 - handle_deallocations: 1.


Internal statistics:

num_allocs_failed_limit: 11.
num_arena_births: 1206.
num_arena_deaths: 446.
num_vsnodes_births: 3.
num_vsnodes_deaths: 0.
num_space_committed: 1254.
num_space_uncommitted: 12.
num_chunks_returned_to_freelist: 734.
num_chunks_taken_from_freelist: 4504.
num_chunk_merges: 140.
num_chunk_splits: 2884.
num_chunks_enlarged: 2222.
num_inconsistent_stats: 0.

CodeCache: size=49152Kb used=21004Kb max_used=21983Kb free=28148Kb
 bounds [0x0000029933120000, 0x0000029934710000, 0x0000029936120000]
 total_blobs=13187 nmethods=12477 adapters=635
 compilation: enabled
              stopped_count=0, restarted_count=0
 full_count=0

Compilation events (20 events):
Event: 890.932 Thread 0x000002993dbb1770 12468       1       com.mysql.cj.NativeSession::setSocketTimeout (33 bytes)
Event: 890.932 Thread 0x000002993dbb1770 nmethod 12468 0x00000299345a5f90 code [0x00000299345a6160, 0x00000299345a6428]
Event: 890.932 Thread 0x000002993dbb1770 12469       1       com.mysql.cj.conf.IntegerProperty::checkRange (11 bytes)
Event: 890.932 Thread 0x000002993dbb1770 nmethod 12469 0x00000299345a5c10 code [0x00000299345a5da0, 0x00000299345a5ea8]
Event: 891.741 Thread 0x000002993dbb1770 12470       1       com.mysql.cj.protocol.a.NativeMessageBuilder::buildComQuery (10 bytes)
Event: 891.741 Thread 0x000002993dbb1770 nmethod 12470 0x00000299345a5810 code [0x00000299345a59c0, 0x00000299345a5b28]
Event: 891.741 Thread 0x000002993dbb1770 12471       1       com.mysql.cj.protocol.a.NativeMessageBuilder::buildComQuery (63 bytes)
Event: 891.741 Thread 0x000002993dbb1770 nmethod 12471 0x00000299345a5190 code [0x00000299345a5360, 0x00000299345a55e8]
Event: 892.023 Thread 0x000002993dbb1770 12472       1       java.util.logging.Logger$LoggerBundle::isSystemBundle (10 bytes)
Event: 892.023 Thread 0x000002993dbb1770 nmethod 12472 0x00000299345a4e90 code [0x00000299345a5020, 0x00000299345a5108]
Event: 892.023 Thread 0x000002993dbb1770 12473       1       java.util.logging.Logger::getResourceBundleName (8 bytes)
Event: 892.023 Thread 0x000002993dbb1770 nmethod 12473 0x00000299345a4b90 code [0x00000299345a4d20, 0x00000299345a4df8]
Event: 892.023 Thread 0x000002993dbb1770 12474       1       java.util.logging.Logger::getUseParentHandlers (8 bytes)
Event: 892.023 Thread 0x000002993dbb1770 nmethod 12474 0x00000299345a4890 code [0x00000299345a4a20, 0x00000299345a4af8]
Event: 892.032 Thread 0x000002993dbb1770 12475       1       java.lang.Exception::<init> (5 bytes)
Event: 892.033 Thread 0x000002993dbb1770 nmethod 12475 0x00000299345a4410 code [0x00000299345a45c0, 0x00000299345a47e8]
Event: 892.034 Thread 0x000002993dbb1770 12476  s!   1       org.hibernate.service.internal.AbstractServiceRegistryImpl::stopService (39 bytes)
Event: 892.034 Thread 0x000002993dbb1770 nmethod 12476 0x00000299345a3a90 code [0x00000299345a3c80, 0x00000299345a4188]
Event: 892.377 Thread 0x000002993dbb1770 12477   !   1       com.mysql.cj.jdbc.ConnectionImpl::getAutoCommit (37 bytes)
Event: 892.378 Thread 0x000002993dbb1770 nmethod 12477 0x00000299345a3390 code [0x00000299345a3540, 0x00000299345a37c8]

GC Heap History (20 events):
Event: 866.662 GC heap before
{Heap before GC invocations=50 (full 5):
 garbage-first heap   total 79872K, used 40186K [0x0000000082c00000, 0x0000000100000000)
  region size 1024K, 6 young (6144K), 3 survivors (3072K)
 Metaspace       used 79137K, committed 79808K, reserved 1179648K
  class space    used 11501K, committed 11776K, reserved 1048576K
}
Event: 866.729 GC heap after
{Heap after GC invocations=51 (full 6):
 garbage-first heap   total 79872K, used 27836K [0x0000000082c00000, 0x0000000100000000)
  region size 1024K, 0 young (0K), 0 survivors (0K)
 Metaspace       used 78524K, committed 79680K, reserved 1179648K
  class space    used 11443K, committed 11776K, reserved 1048576K
}
Event: 867.083 GC heap before
{Heap before GC invocations=51 (full 6):
 garbage-first heap   total 79872K, used 61628K [0x0000000082c00000, 0x0000000100000000)
  region size 1024K, 34 young (34816K), 0 survivors (0K)
 Metaspace       used 78628K, committed 79680K, reserved 1179648K
  class space    used 11458K, committed 11776K, reserved 1048576K
}
Event: 867.086 GC heap after
{Heap after GC invocations=52 (full 6):
 garbage-first heap   total 79872K, used 31139K [0x0000000082c00000, 0x0000000100000000)
  region size 1024K, 4 young (4096K), 4 survivors (4096K)
 Metaspace       used 78628K, committed 79680K, reserved 1179648K
  class space    used 11458K, committed 11776K, reserved 1048576K
}
Event: 871.205 GC heap before
{Heap before GC invocations=52 (full 6):
 garbage-first heap   total 79872K, used 61859K [0x0000000082c00000, 0x0000000100000000)
  region size 1024K, 34 young (34816K), 4 survivors (4096K)
 Metaspace       used 78742K, committed 79680K, reserved 1179648K
  class space    used 11474K, committed 11776K, reserved 1048576K
}
Event: 871.208 GC heap after
{Heap after GC invocations=53 (full 6):
 garbage-first heap   total 79872K, used 33604K [0x0000000082c00000, 0x0000000100000000)
  region size 1024K, 3 young (3072K), 3 survivors (3072K)
 Metaspace       used 78742K, committed 79680K, reserved 1179648K
  class space    used 11474K, committed 11776K, reserved 1048576K
}
Event: 873.059 GC heap before
{Heap before GC invocations=53 (full 6):
 garbage-first heap   total 79872K, used 62276K [0x0000000082c00000, 0x0000000100000000)
  region size 1024K, 31 young (31744K), 3 survivors (3072K)
 Metaspace       used 78985K, committed 79680K, reserved 1179648K
  class space    used 11491K, committed 11776K, reserved 1048576K
}
Event: 873.062 GC heap after
{Heap after GC invocations=54 (full 6):
 garbage-first heap   total 79872K, used 35460K [0x0000000082c00000, 0x0000000100000000)
  region size 1024K, 3 young (3072K), 3 survivors (3072K)
 Metaspace       used 78985K, committed 79680K, reserved 1179648K
  class space    used 11491K, committed 11776K, reserved 1048576K
}
Event: 875.538 GC heap before
{Heap before GC invocations=54 (full 6):
 garbage-first heap   total 79872K, used 55940K [0x0000000082c00000, 0x0000000100000000)
  region size 1024K, 24 young (24576K), 3 survivors (3072K)
 Metaspace       used 78999K, committed 79680K, reserved 1179648K
  class space    used 11493K, committed 11776K, reserved 1048576K
}
Event: 875.597 GC heap after
{Heap after GC invocations=55 (full 7):
 garbage-first heap   total 79872K, used 30441K [0x0000000082c00000, 0x0000000100000000)
  region size 1024K, 0 young (0K), 0 survivors (0K)
 Metaspace       used 78337K, committed 79360K, reserved 1179648K
  class space    used 11425K, committed 11776K, reserved 1048576K
}
Event: 875.812 GC heap before
{Heap before GC invocations=55 (full 7):
 garbage-first heap   total 79872K, used 63209K [0x0000000082c00000, 0x0000000100000000)
  region size 1024K, 32 young (32768K), 0 survivors (0K)
 Metaspace       used 78424K, committed 79360K, reserved 1179648K
  class space    used 11437K, committed 11776K, reserved 1048576K
}
Event: 875.815 GC heap after
{Heap after GC invocations=56 (full 7):
 garbage-first heap   total 96256K, used 33311K [0x0000000082c00000, 0x0000000100000000)
  region size 1024K, 3 young (3072K), 3 survivors (3072K)
 Metaspace       used 78424K, committed 79360K, reserved 1179648K
  class space    used 11437K, committed 11776K, reserved 1048576K
}
Event: 880.998 GC heap before
{Heap before GC invocations=56 (full 7):
 garbage-first heap   total 96256K, used 73247K [0x0000000082c00000, 0x0000000100000000)
  region size 1024K, 42 young (43008K), 3 survivors (3072K)
 Metaspace       used 78686K, committed 79360K, reserved 1179648K
  class space    used 11463K, committed 11776K, reserved 1048576K
}
Event: 881.002 GC heap after
{Heap after GC invocations=57 (full 7):
 garbage-first heap   total 96256K, used 35518K [0x0000000082c00000, 0x0000000100000000)
  region size 1024K, 5 young (5120K), 5 survivors (5120K)
 Metaspace       used 78686K, committed 79360K, reserved 1179648K
  class space    used 11463K, committed 11776K, reserved 1048576K
}
Event: 884.364 GC heap before
{Heap before GC invocations=57 (full 7):
 garbage-first heap   total 96256K, used 72382K [0x0000000082c00000, 0x0000000100000000)
  region size 1024K, 42 young (43008K), 5 survivors (5120K)
 Metaspace       used 78811K, committed 79488K, reserved 1179648K
  class space    used 11475K, committed 11776K, reserved 1048576K
}
Event: 884.420 GC heap after
{Heap after GC invocations=58 (full 8):
 garbage-first heap   total 96256K, used 30584K [0x0000000082c00000, 0x0000000100000000)
  region size 1024K, 0 young (0K), 0 survivors (0K)
 Metaspace       used 78384K, committed 79360K, reserved 1179648K
  class space    used 11432K, committed 11776K, reserved 1048576K
}
Event: 884.675 GC heap before
{Heap before GC invocations=58 (full 8):
 garbage-first heap   total 96256K, used 72568K [0x0000000082c00000, 0x0000000100000000)
  region size 1024K, 41 young (41984K), 0 survivors (0K)
 Metaspace       used 78513K, committed 79360K, reserved 1179648K
  class space    used 11448K, committed 11776K, reserved 1048576K
}
Event: 884.677 GC heap after
{Heap after GC invocations=59 (full 8):
 garbage-first heap   total 96256K, used 34350K [0x0000000082c00000, 0x0000000100000000)
  region size 1024K, 4 young (4096K), 4 survivors (4096K)
 Metaspace       used 78513K, committed 79360K, reserved 1179648K
  class space    used 11448K, committed 11776K, reserved 1048576K
}
Event: 888.376 GC heap before
{Heap before GC invocations=59 (full 8):
 garbage-first heap   total 96256K, used 74286K [0x0000000082c00000, 0x0000000100000000)
  region size 1024K, 43 young (44032K), 4 survivors (4096K)
 Metaspace       used 78780K, committed 79424K, reserved 1179648K
  class space    used 11471K, committed 11776K, reserved 1048576K
}
Event: 888.379 GC heap after
{Heap after GC invocations=60 (full 8):
 garbage-first heap   total 96256K, used 36164K [0x0000000082c00000, 0x0000000100000000)
  region size 1024K, 3 young (3072K), 3 survivors (3072K)
 Metaspace       used 78780K, committed 79424K, reserved 1179648K
  class space    used 11471K, committed 11776K, reserved 1048576K
}

Deoptimization events (10 events):
Event: 7.635 Thread 0x000002993dbafaa0 DEOPT PACKING pc=0x0000029933659101 sp=0x0000009b9e2f8c40
Event: 7.635 Thread 0x000002993dbafaa0 DEOPT UNPACKING pc=0x0000029933172b43 sp=0x0000009b9e2f80d0 mode 3
Event: 7.636 Thread 0x000002993dbae150 DEOPT PACKING pc=0x000002993364a097 sp=0x0000009b9dcff410
Event: 7.636 Thread 0x000002993dbae150 DEOPT UNPACKING pc=0x0000029933172b43 sp=0x0000009b9dcfe868 mode 3
Event: 16.157 Thread 0x000002993dbafaa0 DEOPT PACKING pc=0x000002993369f024 sp=0x0000009b9e2fa130
Event: 16.157 Thread 0x000002993dbafaa0 DEOPT UNPACKING pc=0x0000029933172b43 sp=0x0000009b9e2f9688 mode 0
Event: 16.821 Thread 0x000002993dbafaa0 DEOPT PACKING pc=0x00000299337135a2 sp=0x0000009b9e2fc340
Event: 16.821 Thread 0x000002993dbafaa0 DEOPT UNPACKING pc=0x0000029933172b43 sp=0x0000009b9e2fb848 mode 3
Event: 16.821 Thread 0x000002993dbafaa0 DEOPT PACKING pc=0x000002993370e695 sp=0x0000009b9e2fc300
Event: 16.821 Thread 0x000002993dbafaa0 DEOPT UNPACKING pc=0x0000029933172b43 sp=0x0000009b9e2fb848 mode 3

Classes unloaded (20 events):
Event: 884.376 Thread 0x000002993db8b5c0 Unloading class 0x000002993fb6f640 'com/alibou/security/SecurityApplication$$SpringCGLIB$$0'
Event: 884.376 Thread 0x000002993db8b5c0 Unloading class 0x000002993fb6f330 'com/alibou/security/user/User'
Event: 884.376 Thread 0x000002993db8b5c0 Unloading class 0x000002993fb6f138 'com/alibou/security/user/UserRepository'
Event: 884.376 Thread 0x000002993db8b5c0 Unloading class 0x000002993fb6eec8 'com/alibou/security/token/Token'
Event: 884.376 Thread 0x000002993db8b5c0 Unloading class 0x000002993fb6ecd0 'com/alibou/security/token/TokenRepository'
Event: 884.376 Thread 0x000002993db8b5c0 Unloading class 0x000002993fb6ea70 'com/alibou/security/document/Document'
Event: 884.376 Thread 0x000002993db8b5c0 Unloading class 0x000002993fb6e878 'com/alibou/security/document/DocumentRepository'
Event: 884.376 Thread 0x000002993db8b5c0 Unloading class 0x000002993fb6e670 'com/alibou/security/document/CompositeKey'
Event: 884.376 Thread 0x000002993db8b5c0 Unloading class 0x000002993fb6e418 'com/alibou/security/document/DocumentPermission'
Event: 884.376 Thread 0x000002993db8b5c0 Unloading class 0x000002993fb6e220 'com/alibou/security/document/DocumentPermissionRepository'
Event: 884.376 Thread 0x000002993db8b5c0 Unloading class 0x000002993fb6e000 'com/alibou/security/document/DocumentController'
Event: 884.376 Thread 0x000002993db8b5c0 Unloading class 0x000002993fb6d438 'com/alibou/security/demo/DemoController'
Event: 884.376 Thread 0x000002993db8b5c0 Unloading class 0x000002993fb6d228 'com/alibou/security/config/SecurityConfiguration'
Event: 884.376 Thread 0x000002993db8b5c0 Unloading class 0x000002993fb6d000 'com/alibou/security/config/LogoutService'
Event: 884.376 Thread 0x000002993db8b5c0 Unloading class 0x000002993fb72d90 'com/alibou/security/config/JwtService'
Event: 884.376 Thread 0x000002993db8b5c0 Unloading class 0x000002993fb72a28 'com/alibou/security/config/JwtAuthenticationFilter'
Event: 884.376 Thread 0x000002993db8b5c0 Unloading class 0x000002993fb72800 'com/alibou/security/config/ApplicationConfig'
Event: 884.376 Thread 0x000002993db8b5c0 Unloading class 0x000002993fb73420 'com/alibou/security/auth/AuthenticationService'
Event: 884.376 Thread 0x000002993db8b5c0 Unloading class 0x000002993fb73200 'com/alibou/security/auth/AuthenticationController'
Event: 884.376 Thread 0x000002993db8b5c0 Unloading class 0x000002993fb73000 'com/alibou/security/SecurityApplication'

Classes redefined (0 events):
No events

Internal exceptions (20 events):
Event: 884.601 Thread 0x000002993dbafaa0 Exception <a 'sun/nio/fs/WindowsException'{0x0000000086cf13a0}> (0x0000000086cf13a0) 
thrown [s\open\src\hotspot\share\prims\jni.cpp, line 516]
Event: 884.635 Thread 0x000002993dbafaa0 Exception <a 'java/lang/NoClassDefFoundError'{0x000000008678f150}: org/flywaydb/core/Flyway> (0x000000008678f150) 
thrown [s\open\src\hotspot\share\oops\constantPool.cpp, line 835]
Event: 884.635 Thread 0x000002993dbafaa0 Exception <a 'java/lang/NoClassDefFoundError'{0x000000008678f7a0}: liquibase/integration/spring/SpringLiquibase> (0x000000008678f7a0) 
thrown [s\open\src\hotspot\share\oops\constantPool.cpp, line 835]
Event: 884.640 Thread 0x000002993dbafaa0 Exception <a 'java/lang/NoClassDefFoundError'{0x00000000867fb240}: org/jooq/DSLContext> (0x00000000867fb240) 
thrown [s\open\src\hotspot\share\oops\constantPool.cpp, line 835]
Event: 884.640 Thread 0x000002993dbafaa0 Exception <a 'java/lang/NoClassDefFoundError'{0x000000008660c1b8}: org/springframework/batch/core/repository/JobRepository> (0x000000008660c1b8) 
thrown [s\open\src\hotspot\share\oops\constantPool.cpp, line 835]
Event: 884.640 Thread 0x000002993dbafaa0 Exception <a 'java/lang/NoClassDefFoundError'{0x000000008660c800}: org/quartz/Scheduler> (0x000000008660c800) 
thrown [s\open\src\hotspot\share\oops\constantPool.cpp, line 835]
Event: 884.640 Thread 0x000002993dbafaa0 Exception <a 'java/lang/NoClassDefFoundError'{0x000000008660ce70}: org/springframework/session/jdbc/JdbcIndexedSessionRepository> (0x000000008660ce70) 
thrown [s\open\src\hotspot\share\oops\constantPool.cpp, line 835]
Event: 884.681 Thread 0x000002993dbafaa0 Exception <a 'sun/nio/fs/WindowsException'{0x0000000089ebd600}> (0x0000000089ebd600) 
thrown [s\open\src\hotspot\share\prims\jni.cpp, line 516]
Event: 884.681 Thread 0x000002993dbafaa0 Exception <a 'sun/nio/fs/WindowsException'{0x0000000089ebdc58}> (0x0000000089ebdc58) 
thrown [s\open\src\hotspot\share\prims\jni.cpp, line 516]
Event: 884.681 Thread 0x000002993dbafaa0 Exception <a 'sun/nio/fs/WindowsException'{0x0000000089ebe330}> (0x0000000089ebe330) 
thrown [s\open\src\hotspot\share\prims\jni.cpp, line 516]
Event: 884.691 Thread 0x000002993dbafaa0 Exception <a 'java/io/FileNotFoundException'{0x0000000089ef89e8}> (0x0000000089ef89e8) 
thrown [s\open\src\hotspot\share\prims\jni.cpp, line 516]
Event: 884.729 Thread 0x000002993dbafaa0 Exception <a 'sun/nio/fs/WindowsException'{0x00000000880f8948}> (0x00000000880f8948) 
thrown [s\open\src\hotspot\share\prims\jni.cpp, line 516]
Event: 888.318 Thread 0x000002993dbafaa0 Exception <a 'java/lang/reflect/InvocationTargetException'{0x0000000087091ab8}> (0x0000000087091ab8) 
thrown [s\open\src\hotspot\share\runtime\reflection.cpp, line 1121]
Event: 888.338 Thread 0x000002993dbafaa0 Exception <a 'java/lang/reflect/InvocationTargetException'{0x0000000086a27f78}> (0x0000000086a27f78) 
thrown [s\open\src\hotspot\share\runtime\reflection.cpp, line 1121]
Event: 888.339 Thread 0x000002993dbafaa0 Exception <a 'java/lang/reflect/InvocationTargetException'{0x0000000086a48148}> (0x0000000086a48148) 
thrown [s\open\src\hotspot\share\runtime\reflection.cpp, line 1121]
Event: 888.346 Thread 0x000002993dbafaa0 Exception <a 'java/io/FileNotFoundException'{0x0000000086944e58}> (0x0000000086944e58) 
thrown [s\open\src\hotspot\share\prims\jni.cpp, line 516]
Event: 888.362 Thread 0x000002993dbafaa0 Exception <a 'java/lang/reflect/InvocationTargetException'{0x00000000867d0560}> (0x00000000867d0560) 
thrown [s\open\src\hotspot\share\runtime\reflection.cpp, line 1121]
Event: 888.382 Thread 0x000002993dbafaa0 Exception <a 'java/lang/reflect/InvocationTargetException'{0x0000000089e35d90}> (0x0000000089e35d90) 
thrown [s\open\src\hotspot\share\runtime\reflection.cpp, line 1121]
Event: 888.436 Thread 0x000002993dbafaa0 Exception <a 'sun/nio/fs/WindowsException'{0x0000000087c11c40}> (0x0000000087c11c40) 
thrown [s\open\src\hotspot\share\prims\jni.cpp, line 516]
Event: 892.032 Thread 0x000002990536b7e0 Exception <a 'java/lang/InterruptedException'{0x0000000086d4d450}: sleep interrupted> (0x0000000086d4d450) 
thrown [s\open\src\hotspot\share\prims\jvm.cpp, line 3064]

VM Operations (20 events):
Event: 884.677 Executing VM operation: G1CollectForAllocation done
Event: 885.688 Executing VM operation: Cleanup
Event: 885.689 Executing VM operation: Cleanup done
Event: 886.693 Executing VM operation: Cleanup
Event: 886.694 Executing VM operation: Cleanup done
Event: 887.704 Executing VM operation: Cleanup
Event: 887.704 Executing VM operation: Cleanup done
Event: 888.376 Executing VM operation: G1CollectForAllocation
Event: 888.379 Executing VM operation: G1CollectForAllocation done
Event: 889.386 Executing VM operation: Cleanup
Event: 889.386 Executing VM operation: Cleanup done
Event: 892.019 Executing VM operation: ThreadDump
Event: 892.019 Executing VM operation: ThreadDump done
Event: 892.019 Executing VM operation: ThreadDump
Event: 892.020 Executing VM operation: ThreadDump done
Event: 892.022 Executing VM operation: ThreadDump
Event: 892.022 Executing VM operation: ThreadDump done
Event: 892.023 Executing VM operation: ThreadDump
Event: 892.023 Executing VM operation: ThreadDump done
Event: 893.002 Executing VM operation: G1CollectFull

Events (20 events):
Event: 891.997 Thread 0x000002990536d640 Thread exited: 0x000002990536d640
Event: 892.018 Thread 0x000002990536c200 Thread exited: 0x000002990536c200
Event: 892.031 Thread 0x000002990536bcf0 Thread exited: 0x000002990536bcf0
Event: 892.031 Thread 0x0000029905370df0 Thread exited: 0x0000029905370df0
Event: 892.031 Thread 0x000002990536db50 Thread exited: 0x000002990536db50
Event: 892.032 Thread 0x000002990536e060 Thread exited: 0x000002990536e060
Event: 892.032 Thread 0x0000029905369980 Thread exited: 0x0000029905369980
Event: 892.032 Thread 0x000002990536b2d0 Thread exited: 0x000002990536b2d0
Event: 892.032 Thread 0x00000299053708e0 Thread exited: 0x00000299053708e0
Event: 892.032 Thread 0x0000029905371300 Thread exited: 0x0000029905371300
Event: 892.032 Thread 0x000002990536a3a0 Thread exited: 0x000002990536a3a0
Event: 892.032 Thread 0x000002990536a8b0 Thread exited: 0x000002990536a8b0
Event: 892.032 Thread 0x000002990536ea80 Thread exited: 0x000002990536ea80
Event: 892.032 Thread 0x00000299053703d0 Thread exited: 0x00000299053703d0
Event: 892.032 Thread 0x000002990536b7e0 Thread exited: 0x000002990536b7e0
Event: 892.032 Thread 0x000002990536d130 Thread exited: 0x000002990536d130
Event: 892.035 Thread 0x000002993dbafaa0 Thread added: 0x000002993dbafaa0
Event: 892.456 Thread 0x000002993dbae660 Thread exited: 0x000002993dbae660
Event: 892.456 Thread 0x000002993dbae150 Thread exited: 0x000002993dbae150
Event: 893.002 Thread 0x000002993dbafaa0 Thread exited: 0x000002993dbafaa0


Dynamic libraries:
0x00007ff60be90000 - 0x00007ff60bea0000 	C:\Program Files\Java\jdk-17\bin\java.exe
0x00007ffe44d30000 - 0x00007ffe44f28000 	C:\Windows\SYSTEM32\ntdll.dll
0x00007ffdedc70000 - 0x00007ffdedc89000 	C:\Program Files\Avast Software\Avast\aswhook.dll
0x00007ffe44200000 - 0x00007ffe442bd000 	C:\Windows\System32\KERNEL32.DLL
0x00007ffe427e0000 - 0x00007ffe42ad6000 	C:\Windows\System32\KERNELBASE.dll
0x00007ffe426e0000 - 0x00007ffe427e0000 	C:\Windows\System32\ucrtbase.dll
0x00007ffe384c0000 - 0x00007ffe384db000 	C:\Program Files\Java\jdk-17\bin\VCRUNTIME140.dll
0x00007ffe3d770000 - 0x00007ffe3d789000 	C:\Program Files\Java\jdk-17\bin\jli.dll
0x00007ffe44680000 - 0x00007ffe44733000 	C:\Windows\System32\ADVAPI32.dll
0x00007ffe42d80000 - 0x00007ffe42e1e000 	C:\Windows\System32\msvcrt.dll
0x00007ffe44c10000 - 0x00007ffe44caf000 	C:\Windows\System32\sechost.dll
0x00007ffe43360000 - 0x00007ffe43486000 	C:\Windows\System32\RPCRT4.dll
0x00007ffe42d50000 - 0x00007ffe42d77000 	C:\Windows\System32\bcrypt.dll
0x00007ffe443e0000 - 0x00007ffe4457e000 	C:\Windows\System32\USER32.dll
0x00007ffe42610000 - 0x00007ffe42632000 	C:\Windows\System32\win32u.dll
0x00007ffe262f0000 - 0x00007ffe2658a000 	C:\Windows\WinSxS\amd64_microsoft.windows.common-controls_6595b64144ccf1df_6.0.19041.3636_none_60b6a03d71f818d5\COMCTL32.dll
0x00007ffe44580000 - 0x00007ffe445ac000 	C:\Windows\System32\GDI32.dll
0x00007ffe42ae0000 - 0x00007ffe42bfa000 	C:\Windows\System32\gdi32full.dll
0x00007ffe42640000 - 0x00007ffe426dd000 	C:\Windows\System32\msvcp_win.dll
0x00007ffe3a730000 - 0x00007ffe3a73a000 	C:\Windows\SYSTEM32\VERSION.dll
0x00007ffe44cb0000 - 0x00007ffe44ce0000 	C:\Windows\System32\IMM32.DLL
0x00007ffe3d760000 - 0x00007ffe3d76c000 	C:\Program Files\Java\jdk-17\bin\vcruntime140_1.dll
0x00007ffe20bb0000 - 0x00007ffe20c3e000 	C:\Program Files\Java\jdk-17\bin\msvcp140.dll
0x00007ffe034e0000 - 0x00007ffe040bf000 	C:\Program Files\Java\jdk-17\bin\server\jvm.dll
0x00007ffe43bf0000 - 0x00007ffe43bf8000 	C:\Windows\System32\PSAPI.DLL
0x00007ffe2a910000 - 0x00007ffe2a937000 	C:\Windows\SYSTEM32\WINMM.dll
0x00007ffe20650000 - 0x00007ffe20659000 	C:\Windows\SYSTEM32\WSOCK32.dll
0x00007ffe44b40000 - 0x00007ffe44bab000 	C:\Windows\System32\WS2_32.dll
0x00007ffe40c00000 - 0x00007ffe40c12000 	C:\Windows\SYSTEM32\kernel.appcore.dll
0x00007ffe369a0000 - 0x00007ffe369aa000 	C:\Program Files\Java\jdk-17\bin\jimage.dll
0x00007ffe40900000 - 0x00007ffe40ae4000 	C:\Windows\SYSTEM32\DBGHELP.DLL
0x00007ffe37500000 - 0x00007ffe37534000 	C:\Windows\SYSTEM32\dbgcore.DLL
0x00007ffe42cc0000 - 0x00007ffe42d42000 	C:\Windows\System32\bcryptPrimitives.dll
0x00007ffe218c0000 - 0x00007ffe218e5000 	C:\Program Files\Java\jdk-17\bin\java.dll
0x00007ffe0e220000 - 0x00007ffe0e2f7000 	C:\Program Files\Java\jdk-17\bin\jsvml.dll
0x00007ffe43490000 - 0x00007ffe43bd5000 	C:\Windows\System32\SHELL32.dll
0x00007ffe40090000 - 0x00007ffe4082b000 	C:\Windows\SYSTEM32\windows.storage.dll
0x00007ffe43c90000 - 0x00007ffe43fe4000 	C:\Windows\System32\combase.dll
0x00007ffe41d50000 - 0x00007ffe41d7d000 	C:\Windows\SYSTEM32\Wldp.dll
0x00007ffe448e0000 - 0x00007ffe4498d000 	C:\Windows\System32\SHCORE.dll
0x00007ffe44880000 - 0x00007ffe448d5000 	C:\Windows\System32\shlwapi.dll
0x00007ffe42330000 - 0x00007ffe42355000 	C:\Windows\SYSTEM32\profapi.dll
0x00007ffe24ac0000 - 0x00007ffe24ad9000 	C:\Program Files\Java\jdk-17\bin\net.dll
0x00007ffe3c520000 - 0x00007ffe3c62a000 	C:\Windows\SYSTEM32\WINHTTP.dll
0x00007ffe41b30000 - 0x00007ffe41b9a000 	C:\Windows\system32\mswsock.dll
0x00007ffe22220000 - 0x00007ffe22236000 	C:\Program Files\Java\jdk-17\bin\nio.dll
0x00007ffe21940000 - 0x00007ffe21958000 	C:\Program Files\Java\jdk-17\bin\zip.dll
0x00007ffe21790000 - 0x00007ffe2179a000 	C:\Program Files\Java\jdk-17\bin\management.dll
0x00007ffe21780000 - 0x00007ffe2178b000 	C:\Program Files\Java\jdk-17\bin\management_ext.dll
0x00007ffe41d90000 - 0x00007ffe41da8000 	C:\Windows\SYSTEM32\CRYPTSP.dll
0x00007ffe41410000 - 0x00007ffe41444000 	C:\Windows\system32\rsaenh.dll
0x00007ffe422b0000 - 0x00007ffe422de000 	C:\Windows\SYSTEM32\USERENV.dll
0x00007ffe41cc0000 - 0x00007ffe41ccc000 	C:\Windows\SYSTEM32\CRYPTBASE.dll
0x00007ffe417f0000 - 0x00007ffe4182b000 	C:\Windows\SYSTEM32\IPHLPAPI.DLL
0x00007ffe44ce0000 - 0x00007ffe44ce8000 	C:\Windows\System32\NSI.dll
0x00007ffe3a630000 - 0x00007ffe3a647000 	C:\Windows\SYSTEM32\dhcpcsvc6.DLL
0x00007ffe3a4c0000 - 0x00007ffe3a4dd000 	C:\Windows\SYSTEM32\dhcpcsvc.DLL
0x00007ffe41830000 - 0x00007ffe418fa000 	C:\Windows\SYSTEM32\DNSAPI.dll
0x00007ffe21770000 - 0x00007ffe2177e000 	C:\Program Files\Java\jdk-17\bin\sunmscapi.dll
0x00007ffe42400000 - 0x00007ffe4255d000 	C:\Windows\System32\CRYPT32.dll
0x00007ffe41ea0000 - 0x00007ffe41ec8000 	C:\Windows\SYSTEM32\ncrypt.dll
0x00007ffe41e60000 - 0x00007ffe41e9b000 	C:\Windows\SYSTEM32\NTASN1.dll
0x00007ffe322f0000 - 0x00007ffe32300000 	C:\Program Files\Java\jdk-17\bin\verify.dll
0x00007ffe21730000 - 0x00007ffe21737000 	C:\Windows\system32\wshunix.dll

dbghelp: loaded successfully - version: 4.0.5 - missing functions: none
symbol engine: initialized successfully - sym options: 0x614 - pdb path: .;C:\Program Files\Java\jdk-17\bin;C:\Windows\SYSTEM32;C:\Program Files\Avast Software\Avast;C:\Windows\WinSxS\amd64_microsoft.windows.common-controls_6595b64144ccf1df_6.0.19041.3636_none_60b6a03d71f818d5;C:\Program Files\Java\jdk-17\bin\server

VM Arguments:
jvm_args: -XX:TieredStopAtLevel=1 
java_command: com.alibou.security.SecurityApplication
java_class_path (initial): D:\Personal\Spring-Senior2\Advanced Programming Techniques\Project\Realtime-collaborative-text-editor\target\classes;C:\Users\alhdh\.m2\repository\org\aspectj\aspectjweaver\1.9.20\aspectjweaver-1.9.20.jar;C:\Users\alhdh\.m2\repository\com\zaxxer\HikariCP\5.0.1\HikariCP-5.0.1.jar;C:\Users\alhdh\.m2\repository\org\springframework\spring-jdbc\6.0.12\spring-jdbc-6.0.12.jar;C:\Users\alhdh\.m2\repository\org\hibernate\orm\hibernate-core\6.2.9.Final\hibernate-core-6.2.9.Final.jar;C:\Users\alhdh\.m2\repository\jakarta\persistence\jakarta.persistence-api\3.1.0\jakarta.persistence-api-3.1.0.jar;C:\Users\alhdh\.m2\repository\jakarta\transaction\jakarta.transaction-api\2.0.1\jakarta.transaction-api-2.0.1.jar;C:\Users\alhdh\.m2\repository\org\jboss\logging\jboss-logging\3.5.3.Final\jboss-logging-3.5.3.Final.jar;C:\Users\alhdh\.m2\repository\org\hibernate\common\hibernate-commons-annotations\6.0.6.Final\hibernate-commons-annotations-6.0.6.Final.jar;C:\Users\alhdh\.m2\repository\io\smallrye\jandex\3.0.5\jandex-3.0.5.jar;C:\Users\alhdh\.m2\repository\com\fasterxml\classmate\1.5.1\classmate-1.5.1.jar;C:\Users\alhdh\.m2\repository\net\bytebuddy\byte-buddy\1.14.8\byte-buddy-1.14.8.jar;C:\Users\alhdh\.m2\repository\org\glassfish\jaxb\jaxb-runtime\4.0.3\jaxb-runtime-4.0.3.jar;C:\Users\alhdh\.m2\repository\org\glassfish\jaxb\jaxb-core\4.0.3\jaxb-core-4.0.3.jar;C:\Users\alhdh\.m2\repository\org\eclipse\angus\angus-activation\2.0.1\angus-activation-2.0.1.jar;C:\Users\alhdh\.m2\repository\org\glassfish\jaxb\txw2\4.0.3\txw2-4.0.3.jar;C:\Users\alhdh\.m2\repository\com\sun\istack\istack-commons-runtime\4.1.2\istack-commons-runtime-4.1.2.jar;C:\Users\alhdh\.m2\repository\jakarta\inject\jakarta.inject-api\2.0.1\jakarta.inject-api-2.0.1.jar;C:\Users\alhdh\.m2\repository\org\antlr\antlr4-runtime\4.10.1\antlr4-runtime-4.10.1.jar;C:\Users\alhdh\.m2\repository\org\springframework\data\spring-data-jpa\3.1.4\spring-data-jpa-3.1.4.jar;C:\Users\alhdh\.m2\repository\org\spring
Launcher Type: SUN_STANDARD

[Global flags]
     intx CICompilerCount                          = 4                                         {product} {ergonomic}
     uint ConcGCThreads                            = 3                                         {product} {ergonomic}
     uint G1ConcRefinementThreads                  = 10                                        {product} {ergonomic}
   size_t G1HeapRegionSize                         = 1048576                                   {product} {ergonomic}
    uintx GCDrainStackTargetSize                   = 64                                        {product} {ergonomic}
   size_t InitialHeapSize                          = 132120576                                 {product} {ergonomic}
   size_t MarkStackSize                            = 4194304                                   {product} {ergonomic}
   size_t MaxHeapSize                              = 2101346304                                {product} {ergonomic}
   size_t MaxNewSize                               = 1260388352                                {product} {ergonomic}
   size_t MinHeapDeltaBytes                        = 1048576                                   {product} {ergonomic}
   size_t MinHeapSize                              = 8388608                                   {product} {ergonomic}
    uintx NonProfiledCodeHeapSize                  = 0                                      {pd product} {ergonomic}
     bool ProfileInterpreter                       = false                                  {pd product} {command line}
    uintx ProfiledCodeHeapSize                     = 0                                      {pd product} {ergonomic}
   size_t SoftMaxHeapSize                          = 2101346304                             {manageable} {ergonomic}
     intx TieredStopAtLevel                        = 1                                         {product} {command line}
     bool UseCompressedClassPointers               = true                           {product lp64_product} {ergonomic}
     bool UseCompressedOops                        = true                           {product lp64_product} {ergonomic}
     bool UseG1GC                                  = true                                      {product} {ergonomic}
     bool UseLargePagesIndividualAllocation        = false                                  {pd product} {ergonomic}

Logging:
Log output configuration:
 #0: stdout all=warning uptime,level,tags
 #1: stderr all=off uptime,level,tags

Environment Variables:
JAVA_HOME=C:\Program Files\Java\jdk-17
CLASSPATH=.;
PATH=C:\Program Files\Microsoft MPI\Bin\;C:\Python311\Scripts\;C:\Python311\;C:\Program Files\Common Files\Oracle\Java\javapath;C:\Program Files (x86)\Common Files\Oracle\Java\javapath;D:\WATCOM\BINNT;D:\WATCOM\BINW;C:\Windows\system32;C:\Windows;C:\Windows\System32\Wbem;C:\Windows\System32\WindowsPowerShell\v1.0\;C:\Windows\System32\OpenSSH\;C:\Program Files\dotnet\;C:\Program Files\Microsoft SQL Server\130\Tools\Binn\;C:\Program Files\Microsoft SQL Server\Client SDK\ODBC\170\Tools\Binn\;C:\Program Files\Azure Data Studio\bin;C:\Program Files (x86)\Microsoft SQL Server\150\Tools\Binn\;C:\Program Files\Microsoft SQL Server\150\Tools\Binn\;C:\Program Files\Microsoft SQL Server\150\DTS\Binn\;C:\Program Files (x86)\Microsoft SQL Server\150\DTS\Binn\;D:\Latex\miktex\bin\x64\;C:\Program Files (x86)\IVI Foundation\VISA\WinNT\Bin\;C:\Program Files\IVI Foundation\VISA\Win64\Bin\;D:\Shared\LabVIEW CLI;C:\Program Files\Amazon\AWSCLIV2\;C:\Program Files\PuTTY\;C:\ProgramData\chocolatey\bin;C:\Program Files\Git\cmd;C:\Program Files\Java\jdk1.8.0_211\bin;C:\Program Files\CMake\bin;C:\Program Files\nodejs\;C:\Program Files (x86)\PDFtk\bin\;%MPJ_HOME%\bin;C:\ProgramData\chocolatey\lib\maven\apache-maven-3.9.6\bin;;C:\Program Files\Docker\Docker\resources\bin;C:\GnuWin32\bin;C:\ProgramData\chocolatey\lib\maven\apache-maven-3.9.6\bin;C:\dummy\mpj-v0_44\mpj-v0_44\bin;C:\Program Files\Java\jdk-11\bin;C:\Program Files\MySQL\MySQL Shell 8.0\bin\;D:\WATCOM\BINNT;D:\WATCOM\BINW;C:\Windows\system32;C:\Windows;C:\Windows\System32\Wbem;C:\Windows\System32\WindowsPowerShell\v1.0\;C:\Windows\System32\OpenSSH\;C:\Program Files (x86)\IncrediBuild;C:\Program Files\dotnet\;C:\Program Files\Microsoft SQL Server\130\Tools\Binn\;C:\Program Files\Microsoft SQL Server\Client SDK\ODBC\170\Tools\Binn\;C:\Program Files\Azure Data Studio\bin;C:\Program Files (x86)\Microsoft SQL Server\150\Tools\Binn\;C:\Program Files\Microsoft SQL Server\150\Tools\Binn\;C:\Program Files\Microsoft SQL Server\150\DTS\Binn\;C:\P
USERNAME=alhdh
LANG=en_US.UTF-8
OS=Windows_NT
PROCESSOR_IDENTIFIER=Intel64 Family 6 Model 158 Stepping 10, GenuineIntel



---------------  S Y S T E M  ---------------

OS:
 Windows 10 , 64 bit Build 19041 (10.0.19041.3636)
OS uptime: 0 days 5:46 hours
Hyper-V role detected

CPU: total 12 (initial active 12) (6 cores per cpu, 2 threads per core) family 6 model 158 stepping 10 microcode 0xf0, cx8, cmov, fxsr, ht, mmx, 3dnowpref, sse, sse2, sse3, ssse3, sse4.1, sse4.2, popcnt, lzcnt, tsc, tscinvbit, avx, avx2, aes, erms, clmul, bmi1, bmi2, adx, fma, vzeroupper, clflush, clflushopt, hv

Memory: 4k page, system-wide physical 8008M (1404M free)
TotalPageFile size 11021M (AvailPageFile size 5M)
current process WorkingSet (physical memory assigned to process): 271M, peak: 272M
current process commit charge ("private bytes"): 328M, peak: 329M

vm_info: Java HotSpot(TM) 64-Bit Server VM (17.0.10+11-LTS-240) for windows-amd64 JRE (17.0.10+11-LTS-240), built on Dec 19 2023 21:47:25 by "mach5one" with MS VC++ 17.1 (VS2022)

END.
