#
# There is insufficient memory for the Java Runtime Environment to continue.
# Native memory allocation (mmap) failed to map 132120576 bytes for G1 virtual space
# Possible reasons:
#   The system is out of physical RAM or swap space
#   The process is running with CompressedOops enabled, and the Java Heap may be blocking the growth of the native heap
# Possible solutions:
#   Reduce memory load on the system
#   Increase physical memory or swap space
#   Check if swap backing store is full
#   Decrease Java heap size (-Xmx/-Xms)
#   Decrease number of Java threads
#   Decrease Java thread stack sizes (-Xss)
#   Set larger code cache with -XX:ReservedCodeCacheSize=
#   JVM is running with Unscaled Compressed Oops mode in which the Java heap is
#     placed in the first 4GB address space. The Java Heap base address is the
#     maximum limit for the native heap growth. Please use -XX:HeapBaseMinAddress
#     to set the Java Heap base and to place the Java Heap above 4GB virtual address.
# This output file may be truncated or incomplete.
#
#  Out of Memory Error (os_windows.cpp:3548), pid=8104, tid=764
#
# JRE version:  (17.0.10+11) (build )
# Java VM: Java HotSpot(TM) 64-Bit Server VM (17.0.10+11-LTS-240, mixed mode, sharing, tiered, compressed oops, compressed class ptrs, g1 gc, windows-amd64)
# No core dump will be written. Minidumps are not enabled by default on client versions of Windows
#

---------------  S U M M A R Y ------------

Command Line: -Dclassworlds.conf=C:\ProgramData\chocolatey\lib\maven\apache-maven-3.9.6\bin\m2.conf -Dmaven.home=C:\ProgramData\chocolatey\lib\maven\apache-maven-3.9.6 -Dlibrary.jansi.path=C:\ProgramData\chocolatey\lib\maven\apache-maven-3.9.6\lib\jansi-native -Dmaven.multiModuleProjectDirectory=d:\Personal\Spring-Senior2\Advanced Programming Techniques\Project\Realtime-collaborative-text-editor org.codehaus.plexus.classworlds.launcher.Launcher --version

Host: Intel(R) Core(TM) i7-9750H CPU @ 2.60GHz, 12 cores, 7G,  Windows 10 , 64 bit Build 19041 (10.0.19041.3636)
Time: Fri May  3 22:56:55 2024 Egypt Daylight Time elapsed time: 0.036936 seconds (0d 0h 0m 0s)

---------------  T H R E A D  ---------------

Current thread (0x0000020b0d825d60):  JavaThread "Unknown thread" [_thread_in_vm, id=764, stack(0x00000032f7100000,0x00000032f7200000)]

Stack: [0x00000032f7100000,0x00000032f7200000]
Native frames: (J=compiled Java code, j=interpreted, Vv=VM code, C=native code)
V  [jvm.dll+0x677a5a]
V  [jvm.dll+0x7d8b2d]
V  [jvm.dll+0x7da48e]
V  [jvm.dll+0x7daaf3]
V  [jvm.dll+0x2455ff]
V  [jvm.dll+0x6749b9]
V  [jvm.dll+0x669382]
V  [jvm.dll+0x302e96]
V  [jvm.dll+0x30a416]
V  [jvm.dll+0x359cbe]
V  [jvm.dll+0x359eef]
V  [jvm.dll+0x2d9e88]
V  [jvm.dll+0x2dadf4]
V  [jvm.dll+0x7aa551]
V  [jvm.dll+0x367911]
V  [jvm.dll+0x789639]
V  [jvm.dll+0x3eb30f]
V  [jvm.dll+0x3ecd91]
C  [jli.dll+0x5297]
C  [ucrtbase.dll+0x21bb2]
C  [KERNEL32.DLL+0x17344]
C  [ntdll.dll+0x526b1]


---------------  P R O C E S S  ---------------

Threads class SMR info:
_java_thread_list=0x00007ffdde7b6a18, length=0, elements={
}

Java Threads: ( => current thread )

Other Threads:
  0x0000020b0d87ffb0 GCTaskThread "GC Thread#0" [stack: 0x00000032f7200000,0x00000032f7300000] [id=20556]
  0x0000020b0d890a50 ConcurrentGCThread "G1 Main Marker" [stack: 0x00000032f7300000,0x00000032f7400000] [id=20592]
  0x0000020b0d891c00 ConcurrentGCThread "G1 Conc#0" [stack: 0x00000032f7400000,0x00000032f7500000] [id=19044]

[error occurred during error reporting (printing all threads), id 0xc0000005, EXCEPTION_ACCESS_VIOLATION (0xc0000005) at pc=0x00007ffdddfeaae7]

VM state: not at safepoint (not fully initialized)

VM Mutex/Monitor currently owned by a thread:  ([mutex/lock_event])
[0x0000020b0d8236e0] Heap_lock - owner thread: 0x0000020b0d825d60

Heap address: 0x0000000082c00000, size: 2004 MB, Compressed Oops mode: 32-bit

CDS archive(s) mapped at: [0x0000000000000000-0x0000000000000000-0x0000000000000000), size 0, SharedBaseAddress: 0x0000000800000000, ArchiveRelocationMode: 1.
Narrow klass base: 0x0000000000000000, Narrow klass shift: 0, Narrow klass range: 0x0

GC Precious Log:
<Empty>

Heap:
 garbage-first heap   total 0K, used 0K [0x0000000082c00000, 0x0000000100000000)
  region size 1024K, 0 young (0K), 0 survivors (0K)

[error occurred during error reporting (printing heap information), id 0xc0000005, EXCEPTION_ACCESS_VIOLATION (0xc0000005) at pc=0x00007ffdde3d1249]

GC Heap History (0 events):
No events

Deoptimization events (0 events):
No events

Classes unloaded (0 events):
No events

Classes redefined (0 events):
No events

Internal exceptions (0 events):
No events

VM Operations (0 events):
No events

Events (1 events):
Event: 0.020 Loaded shared library C:\Program Files\Java\jdk-17\bin\java.dll


Dynamic libraries:
0x00007ff60be90000 - 0x00007ff60bea0000 	C:\Program Files\Java\jdk-17\bin\java.exe
0x00007ffe44d30000 - 0x00007ffe44f28000 	C:\Windows\SYSTEM32\ntdll.dll
0x00007ffdedc70000 - 0x00007ffdedc89000 	C:\Program Files\Avast Software\Avast\aswhook.dll
0x00007ffe44200000 - 0x00007ffe442bd000 	C:\Windows\System32\KERNEL32.DLL
0x00007ffe427e0000 - 0x00007ffe42ad6000 	C:\Windows\System32\KERNELBASE.dll
0x00007ffe426e0000 - 0x00007ffe427e0000 	C:\Windows\System32\ucrtbase.dll
0x00007ffe2e9d0000 - 0x00007ffe2e9e9000 	C:\Program Files\Java\jdk-17\bin\jli.dll
0x00007ffe3d690000 - 0x00007ffe3d6ab000 	C:\Program Files\Java\jdk-17\bin\VCRUNTIME140.dll
0x00007ffe44680000 - 0x00007ffe44733000 	C:\Windows\System32\ADVAPI32.dll
0x00007ffe42d80000 - 0x00007ffe42e1e000 	C:\Windows\System32\msvcrt.dll
0x00007ffe44c10000 - 0x00007ffe44caf000 	C:\Windows\System32\sechost.dll
0x00007ffe43360000 - 0x00007ffe43486000 	C:\Windows\System32\RPCRT4.dll
0x00007ffe42d50000 - 0x00007ffe42d77000 	C:\Windows\System32\bcrypt.dll
0x00007ffe443e0000 - 0x00007ffe4457e000 	C:\Windows\System32\USER32.dll
0x00007ffe262f0000 - 0x00007ffe2658a000 	C:\Windows\WinSxS\amd64_microsoft.windows.common-controls_6595b64144ccf1df_6.0.19041.3636_none_60b6a03d71f818d5\COMCTL32.dll
0x00007ffe42610000 - 0x00007ffe42632000 	C:\Windows\System32\win32u.dll
0x00007ffe44580000 - 0x00007ffe445ac000 	C:\Windows\System32\GDI32.dll
0x00007ffe42ae0000 - 0x00007ffe42bfa000 	C:\Windows\System32\gdi32full.dll
0x00007ffe42640000 - 0x00007ffe426dd000 	C:\Windows\System32\msvcp_win.dll
0x00007ffe3a730000 - 0x00007ffe3a73a000 	C:\Windows\SYSTEM32\VERSION.dll
0x00007ffe44cb0000 - 0x00007ffe44ce0000 	C:\Windows\System32\IMM32.DLL
0x00007ffe3d680000 - 0x00007ffe3d68c000 	C:\Program Files\Java\jdk-17\bin\vcruntime140_1.dll
0x00007ffe17920000 - 0x00007ffe179ae000 	C:\Program Files\Java\jdk-17\bin\msvcp140.dll
0x00007ffdddd00000 - 0x00007ffdde8df000 	C:\Program Files\Java\jdk-17\bin\server\jvm.dll
0x00007ffe43bf0000 - 0x00007ffe43bf8000 	C:\Windows\System32\PSAPI.DLL
0x00007ffe20650000 - 0x00007ffe20659000 	C:\Windows\SYSTEM32\WSOCK32.dll
0x00007ffe2a910000 - 0x00007ffe2a937000 	C:\Windows\SYSTEM32\WINMM.dll
0x00007ffe44b40000 - 0x00007ffe44bab000 	C:\Windows\System32\WS2_32.dll
0x00007ffe40c00000 - 0x00007ffe40c12000 	C:\Windows\SYSTEM32\kernel.appcore.dll
0x00007ffe3b810000 - 0x00007ffe3b81a000 	C:\Program Files\Java\jdk-17\bin\jimage.dll
0x00007ffe40900000 - 0x00007ffe40ae4000 	C:\Windows\SYSTEM32\DBGHELP.DLL
0x00007ffe37500000 - 0x00007ffe37534000 	C:\Windows\SYSTEM32\dbgcore.DLL
0x00007ffe42cc0000 - 0x00007ffe42d42000 	C:\Windows\System32\bcryptPrimitives.dll
0x00007ffe1b8c0000 - 0x00007ffe1b8e5000 	C:\Program Files\Java\jdk-17\bin\java.dll

dbghelp: loaded successfully - version: 4.0.5 - missing functions: none
symbol engine: initialized successfully - sym options: 0x614 - pdb path: .;C:\Program Files\Java\jdk-17\bin;C:\Windows\SYSTEM32;C:\Program Files\Avast Software\Avast;C:\Windows\WinSxS\amd64_microsoft.windows.common-controls_6595b64144ccf1df_6.0.19041.3636_none_60b6a03d71f818d5;C:\Program Files\Java\jdk-17\bin\server

VM Arguments:
jvm_args: -Dclassworlds.conf=C:\ProgramData\chocolatey\lib\maven\apache-maven-3.9.6\bin\m2.conf -Dmaven.home=C:\ProgramData\chocolatey\lib\maven\apache-maven-3.9.6 -Dlibrary.jansi.path=C:\ProgramData\chocolatey\lib\maven\apache-maven-3.9.6\lib\jansi-native -Dmaven.multiModuleProjectDirectory=d:\Personal\Spring-Senior2\Advanced Programming Techniques\Project\Realtime-collaborative-text-editor 
java_command: org.codehaus.plexus.classworlds.launcher.Launcher --version
java_class_path (initial): C:\ProgramData\chocolatey\lib\maven\apache-maven-3.9.6\boot\plexus-classworlds-2.7.0.jar
Launcher Type: SUN_STANDARD

[Global flags]
     intx CICompilerCount                          = 4                                         {product} {ergonomic}
     uint ConcGCThreads                            = 3                                         {product} {ergonomic}
     uint G1ConcRefinementThreads                  = 10                                        {product} {ergonomic}
   size_t G1HeapRegionSize                         = 1048576                                   {product} {ergonomic}
    uintx GCDrainStackTargetSize                   = 64                                        {product} {ergonomic}
   size_t InitialHeapSize                          = 132120576                                 {product} {ergonomic}
   size_t MarkStackSize                            = 4194304                                   {product} {ergonomic}
   size_t MaxHeapSize                              = 2101346304                                {product} {ergonomic}
   size_t MinHeapDeltaBytes                        = 1048576                                   {product} {ergonomic}
   size_t MinHeapSize                              = 8388608                                   {product} {ergonomic}
    uintx NonNMethodCodeHeapSize                   = 5839372                                {pd product} {ergonomic}
    uintx NonProfiledCodeHeapSize                  = 122909434                              {pd product} {ergonomic}
    uintx ProfiledCodeHeapSize                     = 122909434                              {pd product} {ergonomic}
    uintx ReservedCodeCacheSize                    = 251658240                              {pd product} {ergonomic}
     bool SegmentedCodeCache                       = true                                      {product} {ergonomic}
   size_t SoftMaxHeapSize                          = 2101346304                             {manageable} {ergonomic}
     bool UseCompressedClassPointers               = true                           {product lp64_product} {ergonomic}
     bool UseCompressedOops                        = true                           {product lp64_product} {ergonomic}
     bool UseG1GC                                  = true                                      {product} {ergonomic}
     bool UseLargePagesIndividualAllocation        = false                                  {pd product} {ergonomic}

Logging:
Log output configuration:
 #0: stdout all=warning uptime,level,tags
 #1: stderr all=off uptime,level,tags

Environment Variables:
JAVA_HOME=C:\Program Files\Java\jdk-17
CLASSPATH=.;
PATH=C:\Program Files\Microsoft MPI\Bin\;C:\Python311\Scripts\;C:\Python311\;C:\Program Files\Common Files\Oracle\Java\javapath;C:\Program Files (x86)\Common Files\Oracle\Java\javapath;D:\WATCOM\BINNT;D:\WATCOM\BINW;C:\Windows\system32;C:\Windows;C:\Windows\System32\Wbem;C:\Windows\System32\WindowsPowerShell\v1.0\;C:\Windows\System32\OpenSSH\;C:\Program Files\dotnet\;C:\Program Files\Microsoft SQL Server\130\Tools\Binn\;C:\Program Files\Microsoft SQL Server\Client SDK\ODBC\170\Tools\Binn\;C:\Program Files\Azure Data Studio\bin;C:\Program Files (x86)\Microsoft SQL Server\150\Tools\Binn\;C:\Program Files\Microsoft SQL Server\150\Tools\Binn\;C:\Program Files\Microsoft SQL Server\150\DTS\Binn\;C:\Program Files (x86)\Microsoft SQL Server\150\DTS\Binn\;D:\Latex\miktex\bin\x64\;C:\Program Files (x86)\IVI Foundation\VISA\WinNT\Bin\;C:\Program Files\IVI Foundation\VISA\Win64\Bin\;D:\Shared\LabVIEW CLI;C:\Program Files\Amazon\AWSCLIV2\;C:\Program Files\PuTTY\;C:\ProgramData\chocolatey\bin;C:\Program Files\Git\cmd;C:\Program Files\Java\jdk1.8.0_211\bin;C:\Program Files\CMake\bin;C:\Program Files\nodejs\;C:\Program Files (x86)\PDFtk\bin\;%MPJ_HOME%\bin;C:\ProgramData\chocolatey\lib\maven\apache-maven-3.9.6\bin;;C:\Program Files\Docker\Docker\resources\bin;C:\GnuWin32\bin;C:\ProgramData\chocolatey\lib\maven\apache-maven-3.9.6\bin;C:\dummy\mpj-v0_44\mpj-v0_44\bin;C:\Program Files\Java\jdk-11\bin;C:\Program Files\MySQL\MySQL Shell 8.0\bin\;D:\WATCOM\BINNT;D:\WATCOM\BINW;C:\Windows\system32;C:\Windows;C:\Windows\System32\Wbem;C:\Windows\System32\WindowsPowerShell\v1.0\;C:\Windows\System32\OpenSSH\;C:\Program Files (x86)\IncrediBuild;C:\Program Files\dotnet\;C:\Program Files\Microsoft SQL Server\130\Tools\Binn\;C:\Program Files\Microsoft SQL Server\Client SDK\ODBC\170\Tools\Binn\;C:\Program Files\Azure Data Studio\bin;C:\Program Files (x86)\Microsoft SQL Server\150\Tools\Binn\;C:\Program Files\Microsoft SQL Server\150\Tools\Binn\;C:\Program Files\Microsoft SQL Server\150\DTS\Binn\;C:\P
USERNAME=alhdh
OS=Windows_NT
PROCESSOR_IDENTIFIER=Intel64 Family 6 Model 158 Stepping 10, GenuineIntel



---------------  S Y S T E M  ---------------

OS:
 Windows 10 , 64 bit Build 19041 (10.0.19041.3636)
OS uptime: 0 days 1:34 hours
Hyper-V role detected

CPU: total 12 (initial active 12) (6 cores per cpu, 2 threads per core) family 6 model 158 stepping 10 microcode 0xf0, cx8, cmov, fxsr, ht, mmx, 3dnowpref, sse, sse2, sse3, ssse3, sse4.1, sse4.2, popcnt, lzcnt, tsc, tscinvbit, avx, avx2, aes, erms, clmul, bmi1, bmi2, adx, fma, vzeroupper, clflush, clflushopt, hv

Memory: 4k page, system-wide physical 8008M (1184M free)
TotalPageFile size 11034M (AvailPageFile size 81M)
current process WorkingSet (physical memory assigned to process): 10M, peak: 10M
current process commit charge ("private bytes"): 64M, peak: 190M

vm_info: Java HotSpot(TM) 64-Bit Server VM (17.0.10+11-LTS-240) for windows-amd64 JRE (17.0.10+11-LTS-240), built on Dec 19 2023 21:47:25 by "mach5one" with MS VC++ 17.1 (VS2022)

END.
