#
# There is insufficient memory for the Java Runtime Environment to continue.
# Native memory allocation (malloc) failed to allocate 1207936 bytes for Chunk::new
# Possible reasons:
#   The system is out of physical RAM or swap space
#   The process is running with CompressedOops enabled, and the Java Heap may be blocking the growth of the native heap
# Possible solutions:
#   Reduce memory load on the system
#   Increase physical memory or swap space
#   Check if swap backing store is full
#   Decrease Java heap size (-Xmx/-Xms)
#   Decrease number of Java threads
#   Decrease Java thread stack sizes (-Xss)
#   Set larger code cache with -XX:ReservedCodeCacheSize=
#   JVM is running with Unscaled Compressed Oops mode in which the Java heap is
#     placed in the first 4GB address space. The Java Heap base address is the
#     maximum limit for the native heap growth. Please use -XX:HeapBaseMinAddress
#     to set the Java Heap base and to place the Java Heap above 4GB virtual address.
# This output file may be truncated or incomplete.
#
#  Out of Memory Error (arena.cpp:191), pid=4612, tid=4296
#
# JRE version: OpenJDK Runtime Environment Temurin-17.0.10+7 (17.0.10+7) (build 17.0.10+7)
# Java VM: OpenJDK 64-Bit Server VM Temurin-17.0.10+7 (17.0.10+7, mixed mode, tiered, compressed oops, compressed class ptrs, parallel gc, windows-amd64)
# No core dump will be written. Minidumps are not enabled by default on client versions of Windows
#

---------------  S U M M A R Y ------------

Command Line: --add-modules=ALL-SYSTEM --add-opens=java.base/java.util=ALL-UNNAMED --add-opens=java.base/java.lang=ALL-UNNAMED --add-opens=java.base/sun.nio.fs=ALL-UNNAMED -Declipse.application=org.eclipse.jdt.ls.core.id1 -Dosgi.bundles.defaultStartLevel=4 -Declipse.product=org.eclipse.jdt.ls.core.product -Djava.import.generatesMetadataFilesAtProjectRoot=false -DDetectVMInstallationsJob.disabled=true -Dfile.encoding=utf8 -XX:+UseParallelGC -XX:GCTimeRatio=4 -XX:AdaptiveSizePolicyWeight=90 -Dsun.zip.disableMemoryMapping=true -Xmx1G -Xms100m -Xlog:disable -javaagent:c:\Users\alhdh\.vscode\extensions\redhat.java-1.30.0-win32-x64\lombok\lombok-1.18.32.jar -XX:+HeapDumpOnOutOfMemoryError -XX:HeapDumpPath=c:\Users\alhdh\AppData\Roaming\Code\User\workspaceStorage\37dba57fa1d58a1a3d36af18158eedda\redhat.java -Daether.dependencyCollector.impl=bf c:\Users\alhdh\.vscode\extensions\redhat.java-1.30.0-win32-x64\server\plugins\org.eclipse.equinox.launcher_1.6.800.v20240330-1250.jar -configuration c:\Users\alhdh\AppData\Roaming\Code\User\globalStorage\redhat.java\1.30.0\config_win -data c:\Users\alhdh\AppData\Roaming\Code\User\workspaceStorage\37dba57fa1d58a1a3d36af18158eedda\redhat.java\jdt_ws --pipe=\\.\pipe\lsp-9479ceb0ae02d68427f7b4c4b6d11b9c-sock

Host: Intel(R) Core(TM) i7-9750H CPU @ 2.60GHz, 12 cores, 7G,  Windows 10 , 64 bit Build 19041 (10.0.19041.3636)
Time: Sat May  4 02:26:46 2024 Egypt Daylight Time elapsed time: 35.975258 seconds (0d 0h 0m 35s)

---------------  T H R E A D  ---------------

Current thread (0x000001dda8919c10):  JavaThread "C2 CompilerThread1" daemon [_thread_in_native, id=4296, stack(0x00000033e5900000,0x00000033e5a00000)]


Current CompileTask:
C2:  35975 11219       4       org.eclipse.jdt.internal.compiler.lookup.BinaryTypeBinding::createMethod (1724 bytes)

Stack: [0x00000033e5900000,0x00000033e5a00000]
Native frames: (J=compiled Java code, j=interpreted, Vv=VM code, C=native code)
V  [jvm.dll+0x67d2c9]
V  [jvm.dll+0x834afa]
V  [jvm.dll+0x8365be]
V  [jvm.dll+0x836c23]
V  [jvm.dll+0x2477ff]
V  [jvm.dll+0xac514]
V  [jvm.dll+0xacb5c]
V  [jvm.dll+0x2aed1f]
V  [jvm.dll+0x584b67]
V  [jvm.dll+0x2228a2]
V  [jvm.dll+0x21bb42]
V  [jvm.dll+0x219201]
V  [jvm.dll+0x1a502d]
V  [jvm.dll+0x2290de]
V  [jvm.dll+0x2272ac]
V  [jvm.dll+0x7e9bb7]
V  [jvm.dll+0x7e3fba]
V  [jvm.dll+0x67c1b5]
C  [ucrtbase.dll+0x21bb2]
C  [KERNEL32.DLL+0x17344]
C  [ntdll.dll+0x526b1]


---------------  P R O C E S S  ---------------

Threads class SMR info:
_java_thread_list=0x000001dda8216f10, length=58, elements={
0x000001dd8c5b1c90, 0x000001dda0435740, 0x000001dd8c65ce00, 0x000001dda0439330,
0x000001dda043a1b0, 0x000001dda043b030, 0x000001dda54eb330, 0x000001dda54ee0f0,
0x000001dda54f0700, 0x000001dda5509c20, 0x000001dda5696a50, 0x000001dda5696f60,
0x000001dda5697980, 0x000001dda5697e90, 0x000001dda56983a0, 0x000001dda56988b0,
0x000001dda56992d0, 0x000001dda5699cf0, 0x000001dda569a200, 0x000001dda7477690,
0x000001dda7477180, 0x000001dda74743f0, 0x000001dda7476c70, 0x000001dda7477ba0,
0x000001dda747a930, 0x000001dda747ae40, 0x000001dda7478fe0, 0x000001dda74780b0,
0x000001dda7476250, 0x000001dda7475320, 0x000001dda7476760, 0x000001dda7479a00,
0x000001dda74785c0, 0x000001dda747a420, 0x000001dda7474900, 0x000001dda7479f10,
0x000001dda747b350, 0x000001dda747b860, 0x000001dda7474e10, 0x000001dda5698dc0,
0x000001dda77b8650, 0x000001dda77b7720, 0x000001dda77b9a90, 0x000001dda77bdc60,
0x000001dda77bd240, 0x000001dda77ba9c0, 0x000001dda8919c10, 0x000001dda8919170,
0x000001dda77b9fa0, 0x000001dda77b8b60, 0x000001dda77ba4b0, 0x000001dda77bbe00,
0x000001dda77baed0, 0x000001dda77b67f0, 0x000001dda77bcd30, 0x000001dda7475830,
0x000001dda77b6d00, 0x000001dda77b7210
}

Java Threads: ( => current thread )
  0x000001dd8c5b1c90 JavaThread "main" [_thread_blocked, id=1476, stack(0x00000033e1800000,0x00000033e1900000)]
  0x000001dda0435740 JavaThread "Reference Handler" daemon [_thread_blocked, id=2052, stack(0x00000033e1b00000,0x00000033e1c00000)]
  0x000001dd8c65ce00 JavaThread "Finalizer" daemon [_thread_blocked, id=17812, stack(0x00000033e1c00000,0x00000033e1d00000)]
  0x000001dda0439330 JavaThread "Signal Dispatcher" daemon [_thread_blocked, id=1756, stack(0x00000033e1d00000,0x00000033e1e00000)]
  0x000001dda043a1b0 JavaThread "Attach Listener" daemon [_thread_blocked, id=17640, stack(0x00000033e1e00000,0x00000033e1f00000)]
  0x000001dda043b030 JavaThread "Service Thread" daemon [_thread_blocked, id=5952, stack(0x00000033e1f00000,0x00000033e2000000)]
  0x000001dda54eb330 JavaThread "Monitor Deflation Thread" daemon [_thread_blocked, id=18456, stack(0x00000033e2000000,0x00000033e2100000)]
  0x000001dda54ee0f0 JavaThread "C2 CompilerThread0" daemon [_thread_in_native, id=17996, stack(0x00000033e2100000,0x00000033e2200000)]
  0x000001dda54f0700 JavaThread "C1 CompilerThread0" daemon [_thread_in_native, id=14884, stack(0x00000033e2200000,0x00000033e2300000)]
  0x000001dda5509c20 JavaThread "Sweeper thread" daemon [_thread_blocked, id=18620, stack(0x00000033e2300000,0x00000033e2400000)]
  0x000001dda5696a50 JavaThread "Common-Cleaner" daemon [_thread_blocked, id=12592, stack(0x00000033e2400000,0x00000033e2500000)]
  0x000001dda5696f60 JavaThread "Notification Thread" daemon [_thread_blocked, id=6532, stack(0x00000033e2500000,0x00000033e2600000)]
  0x000001dda5697980 JavaThread "Active Thread: Equinox Container: 70cd4985-2e1d-4257-9a34-65fbeece3ebc" [_thread_blocked, id=18220, stack(0x00000033e2800000,0x00000033e2900000)]
  0x000001dda5697e90 JavaThread "Framework Event Dispatcher: Equinox Container: 70cd4985-2e1d-4257-9a34-65fbeece3ebc" daemon [_thread_blocked, id=5552, stack(0x00000033e3000000,0x00000033e3100000)]
  0x000001dda56983a0 JavaThread "Start Level: Equinox Container: 70cd4985-2e1d-4257-9a34-65fbeece3ebc" daemon [_thread_blocked, id=20392, stack(0x00000033e3100000,0x00000033e3200000)]
  0x000001dda56988b0 JavaThread "Bundle File Closer" daemon [_thread_blocked, id=16176, stack(0x00000033e3300000,0x00000033e3400000)]
  0x000001dda56992d0 JavaThread "SCR Component Actor" daemon [_thread_blocked, id=19996, stack(0x00000033e3400000,0x00000033e3500000)]
  0x000001dda5699cf0 JavaThread "Worker-JM" [_thread_blocked, id=17700, stack(0x00000033e2700000,0x00000033e2800000)]
  0x000001dda569a200 JavaThread "Worker-0" [_thread_blocked, id=15020, stack(0x00000033e3800000,0x00000033e3900000)]
  0x000001dda7477690 JavaThread "Worker-1: Update project APT" [_thread_blocked, id=5612, stack(0x00000033e3900000,0x00000033e3a00000)]
  0x000001dda7477180 JavaThread "Java indexing" daemon [_thread_blocked, id=6512, stack(0x00000033e3b00000,0x00000033e3c00000)]
  0x000001dda74743f0 JavaThread "Worker-2: Refreshing workspace" [_thread_blocked, id=19680, stack(0x00000033e3c00000,0x00000033e3d00000)]
  0x000001dda7476c70 JavaThread "JNA Cleaner" daemon [_thread_blocked, id=4904, stack(0x00000033e3d00000,0x00000033e3e00000)]
  0x000001dda7477ba0 JavaThread "Thread-2" daemon [_thread_in_native, id=1672, stack(0x00000033e4000000,0x00000033e4100000)]
  0x000001dda747a930 JavaThread "Thread-3" daemon [_thread_in_native, id=2340, stack(0x00000033e4100000,0x00000033e4200000)]
  0x000001dda747ae40 JavaThread "Thread-4" daemon [_thread_in_native, id=18748, stack(0x00000033e4200000,0x00000033e4300000)]
  0x000001dda7478fe0 JavaThread "Thread-5" daemon [_thread_in_native, id=5992, stack(0x00000033e4300000,0x00000033e4400000)]
  0x000001dda74780b0 JavaThread "Thread-6" daemon [_thread_in_native, id=9180, stack(0x00000033e4400000,0x00000033e4500000)]
  0x000001dda7476250 JavaThread "Thread-7" daemon [_thread_in_native, id=13784, stack(0x00000033e4500000,0x00000033e4600000)]
  0x000001dda7475320 JavaThread "Thread-8" daemon [_thread_in_native, id=220, stack(0x00000033e4600000,0x00000033e4700000)]
  0x000001dda7476760 JavaThread "Thread-9" daemon [_thread_in_native, id=16672, stack(0x00000033e4700000,0x00000033e4800000)]
  0x000001dda7479a00 JavaThread "Thread-10" daemon [_thread_in_native, id=8912, stack(0x00000033e4800000,0x00000033e4900000)]
  0x000001dda74785c0 JavaThread "Thread-11" daemon [_thread_in_native, id=20464, stack(0x00000033e4900000,0x00000033e4a00000)]
  0x000001dda747a420 JavaThread "Thread-12" daemon [_thread_in_native, id=15372, stack(0x00000033e4a00000,0x00000033e4b00000)]
  0x000001dda7474900 JavaThread "Thread-13" daemon [_thread_in_native, id=7220, stack(0x00000033e4b00000,0x00000033e4c00000)]
  0x000001dda7479f10 JavaThread "Thread-14" daemon [_thread_in_native, id=7968, stack(0x00000033e4c00000,0x00000033e4d00000)]
  0x000001dda747b350 JavaThread "pool-2-thread-1" [_thread_blocked, id=2988, stack(0x00000033e4d00000,0x00000033e4e00000)]
  0x000001dda747b860 JavaThread "WorkspaceEventsHandler" [_thread_blocked, id=13252, stack(0x00000033e4e00000,0x00000033e4f00000)]
  0x000001dda7474e10 JavaThread "pool-1-thread-1" [_thread_in_vm, id=3204, stack(0x00000033e4f00000,0x00000033e5000000)]
  0x000001dda5698dc0 JavaThread "Worker-3: Initialize workspace" [_thread_blocked, id=8984, stack(0x00000033e3600000,0x00000033e3700000)]
  0x000001dda77b8650 JavaThread "Worker-4" [_thread_blocked, id=15188, stack(0x00000033e5000000,0x00000033e5100000)]
  0x000001dda77b7720 JavaThread "Worker-5" [_thread_blocked, id=3680, stack(0x00000033e5100000,0x00000033e5200000)]
  0x000001dda77b9a90 JavaThread "ForkJoinPool.commonPool-worker-1" daemon [_thread_blocked, id=9392, stack(0x00000033e5200000,0x00000033e5300000)]
  0x000001dda77bdc60 JavaThread "ForkJoinPool.commonPool-worker-2" daemon [_thread_blocked, id=17544, stack(0x00000033e5300000,0x00000033e5400000)]
  0x000001dda77bd240 JavaThread "ForkJoinPool.commonPool-worker-3" daemon [_thread_blocked, id=21420, stack(0x00000033e5400000,0x00000033e5500000)]
  0x000001dda77ba9c0 JavaThread "ForkJoinPool.commonPool-worker-4" daemon [_thread_blocked, id=16136, stack(0x00000033e5500000,0x00000033e5600000)]
=>0x000001dda8919c10 JavaThread "C2 CompilerThread1" daemon [_thread_in_native, id=4296, stack(0x00000033e5900000,0x00000033e5a00000)]
  0x000001dda8919170 JavaThread "C2 CompilerThread2" daemon [_thread_in_native, id=15448, stack(0x00000033e5a00000,0x00000033e5b00000)]
  0x000001dda77b9fa0 JavaThread "ForkJoinPool.commonPool-worker-5" daemon [_thread_blocked, id=528, stack(0x00000033e3700000,0x00000033e3800000)]
  0x000001dda77b8b60 JavaThread "ForkJoinPool.commonPool-worker-6" daemon [_thread_blocked, id=7092, stack(0x00000033e3a00000,0x00000033e3b00000)]
  0x000001dda77ba4b0 JavaThread "ForkJoinPool.commonPool-worker-7" daemon [_thread_blocked, id=4732, stack(0x00000033e5600000,0x00000033e5700000)]
  0x000001dda77bbe00 JavaThread "ForkJoinPool.commonPool-worker-8" daemon [_thread_blocked, id=6240, stack(0x00000033e5700000,0x00000033e5800000)]
  0x000001dda77baed0 JavaThread "ForkJoinPool.commonPool-worker-9" daemon [_thread_in_vm, id=5892, stack(0x00000033e5800000,0x00000033e5900000)]
  0x000001dda77b67f0 JavaThread "ForkJoinPool.commonPool-worker-10" daemon [_thread_blocked, id=13720, stack(0x00000033e5b00000,0x00000033e5c00000)]
  0x000001dda77bcd30 JavaThread "Worker-6" [_thread_blocked, id=13820, stack(0x00000033e1500000,0x00000033e1600000)]
  0x000001dda7475830 JavaThread "Worker-7" [_thread_blocked, id=21448, stack(0x00000033e5c00000,0x00000033e5d00000)]
  0x000001dda77b6d00 JavaThread "SCR Component Registry" daemon [_thread_blocked, id=7196, stack(0x00000033e5d00000,0x00000033e5e00000)]
  0x000001dda77b7210 JavaThread "ForkJoinPool.commonPool-worker-11" daemon [_thread_blocked, id=3760, stack(0x00000033e5e00000,0x00000033e5f00000)]

Other Threads:
  0x000001dd8c637ed0 VMThread "VM Thread" [stack: 0x00000033e1a00000,0x00000033e1b00000] [id=5700] _threads_hazard_ptr=0x000001dda8216f10
  0x000001dda6c9cb30 WatcherThread [stack: 0x00000033e2600000,0x00000033e2700000] [id=9416]
  0x000001dd8c5c0840 GCTaskThread "GC Thread#0" [stack: 0x00000033e1900000,0x00000033e1a00000] [id=18292]
  0x000001dda73d45f0 GCTaskThread "GC Thread#1" [stack: 0x00000033e2900000,0x00000033e2a00000] [id=18916]
  0x000001dda73d4cc0 GCTaskThread "GC Thread#2" [stack: 0x00000033e2a00000,0x00000033e2b00000] [id=20176]
  0x000001dda73549f0 GCTaskThread "GC Thread#3" [stack: 0x00000033e2b00000,0x00000033e2c00000] [id=18076]
  0x000001dda7225ba0 GCTaskThread "GC Thread#4" [stack: 0x00000033e2c00000,0x00000033e2d00000] [id=14288]
  0x000001dda7226880 GCTaskThread "GC Thread#5" [stack: 0x00000033e2d00000,0x00000033e2e00000] [id=5876]
  0x000001dda7226b40 GCTaskThread "GC Thread#6" [stack: 0x00000033e2e00000,0x00000033e2f00000] [id=7120]
  0x000001dda775d750 GCTaskThread "GC Thread#7" [stack: 0x00000033e3200000,0x00000033e3300000] [id=3564]
  0x000001dda7fdac50 GCTaskThread "GC Thread#8" [stack: 0x00000033e3500000,0x00000033e3600000] [id=21432]
  0x000001dda7fd4030 GCTaskThread "GC Thread#9" [stack: 0x00000033e2f00000,0x00000033e3000000] [id=11408]

Threads with active compile tasks:
C2 CompilerThread0    36110 10340   !   4       org.eclipse.jdt.internal.compiler.classfmt.ClassFileReader::<init> (2158 bytes)
C1 CompilerThread0    36118 11437       2       org.eclipse.jdt.core.dom.QualifiedName::accept0 (34 bytes)
C2 CompilerThread1    36147 11219       4       org.eclipse.jdt.internal.compiler.lookup.BinaryTypeBinding::createMethod (1724 bytes)
C2 CompilerThread2    36157 11402       4       java.lang.Class::searchFields (43 bytes)

VM state: synchronizing (normal execution)

VM Mutex/Monitor currently owned by a thread:  ([mutex/lock_event])
[0x000001dd8c5ac530] Threads_lock - owner thread: 0x000001dd8c637ed0
[0x000001dd8c5ad610] Heap_lock - owner thread: 0x000001dda7477690

Heap address: 0x00000000c0000000, size: 1024 MB, Compressed Oops mode: 32-bit

CDS archive(s) not mapped
Compressed class space mapped at: 0x0000000100000000-0x0000000140000000, reserved size: 1073741824
Narrow klass base: 0x0000000000000000, Narrow klass shift: 3, Narrow klass range: 0x140000000

GC Precious Log:
 CPUs: 12 total, 12 available
 Memory: 8008M
 Large Page Support: Disabled
 NUMA Support: Disabled
 Compressed Oops: Enabled (32-bit)
 Alignments: Space 512K, Generation 512K, Heap 2M
 Heap Min Capacity: 100M
 Heap Initial Capacity: 100M
 Heap Max Capacity: 1G
 Pre-touch: Disabled
 Parallel Workers: 10

Heap:
 PSYoungGen      total 11776K, used 11776K [0x00000000eab00000, 0x00000000ebb00000, 0x0000000100000000)
  eden space 10240K, 100% used [0x00000000eab00000,0x00000000eb500000,0x00000000eb500000)
  from space 1536K, 100% used [0x00000000eb780000,0x00000000eb900000,0x00000000eb900000)
  to   space 2560K, 1% used [0x00000000eb500000,0x00000000eb510000,0x00000000eb780000)
 ParOldGen       total 87552K, used 69403K [0x00000000c0000000, 0x00000000c5580000, 0x00000000eab00000)
  object space 87552K, 79% used [0x00000000c0000000,0x00000000c43decf0,0x00000000c5580000)
 Metaspace       used 73135K, committed 74368K, reserved 1179648K
  class space    used 7663K, committed 8256K, reserved 1048576K

Card table byte_map: [0x000001dd8bf40000,0x000001dd8c150000] _byte_map_base: 0x000001dd8b940000

Marking Bits: (ParMarkBitMap*) 0x00007ffe0bc8d7d0
 Begin Bits: [0x000001dd9e240000, 0x000001dd9f240000)
 End Bits:   [0x000001dd9f240000, 0x000001dda0240000)

Polling page: 0x000001dd8a320000

Metaspace:

Usage:
  Non-class:     63.94 MB used.
      Class:      7.48 MB used.
       Both:     71.42 MB used.

Virtual space:
  Non-class space:      128.00 MB reserved,      64.56 MB ( 50%) committed,  2 nodes.
      Class space:        1.00 GB reserved,       8.06 MB ( <1%) committed,  1 nodes.
             Both:        1.12 GB reserved,      72.62 MB (  6%) committed. 

Chunk freelists:
   Non-Class:  15.20 MB
       Class:  7.88 MB
        Both:  23.08 MB

MaxMetaspaceSize: unlimited
CompressedClassSpaceSize: 1.00 GB
Initial GC threshold: 21.00 MB
Current GC threshold: 117.19 MB
CDS: off
MetaspaceReclaimPolicy: balanced
 - commit_granule_bytes: 65536.
 - commit_granule_words: 8192.
 - virtual_space_node_default_size: 8388608.
 - enlarge_chunks_in_place: 1.
 - new_chunks_are_fully_committed: 0.
 - uncommit_free_chunks: 1.
 - use_allocation_guard: 0.
 - handle_deallocations: 1.


Internal statistics:

num_allocs_failed_limit: 11.
num_arena_births: 942.
num_arena_deaths: 16.
num_vsnodes_births: 3.
num_vsnodes_deaths: 0.
num_space_committed: 1162.
num_space_uncommitted: 0.
num_chunks_returned_to_freelist: 27.
num_chunks_taken_from_freelist: 4201.
num_chunk_merges: 16.
num_chunk_splits: 2466.
num_chunks_enlarged: 1255.
num_inconsistent_stats: 0.

CodeHeap 'non-profiled nmethods': size=120000Kb used=5968Kb max_used=5968Kb free=114032Kb
 bounds [0x000001dd96d10000, 0x000001dd972f0000, 0x000001dd9e240000]
CodeHeap 'profiled nmethods': size=120000Kb used=21526Kb max_used=21526Kb free=98473Kb
 bounds [0x000001dd8f240000, 0x000001dd90750000, 0x000001dd96770000]
CodeHeap 'non-nmethods': size=5760Kb used=1380Kb max_used=1512Kb free=4379Kb
 bounds [0x000001dd96770000, 0x000001dd969e0000, 0x000001dd96d10000]
 total_blobs=10564 nmethods=9837 adapters=639
 compilation: enabled
              stopped_count=0, restarted_count=0
 full_count=0

Compilation events (20 events):
Event: 35.924 Thread 0x000001dda54f0700 nmethod 11395 0x000001dd90727c10 code [0x000001dd90727da0, 0x000001dd90727eb8]
Event: 35.924 Thread 0x000001dda54f0700 11396       2       org.eclipse.jdt.internal.compiler.parser.Scanner::getScanContext (65 bytes)
Event: 35.926 Thread 0x000001dda54f0700 nmethod 11396 0x000001dd90727f90 code [0x000001dd90728160, 0x000001dd90728488]
Event: 35.926 Thread 0x000001dda54f0700 11397       2       java.util.AbstractList::add (11 bytes)
Event: 35.926 Thread 0x000001dda54f0700 nmethod 11397 0x000001dd90728610 code [0x000001dd907287c0, 0x000001dd90728938]
Event: 35.930 Thread 0x000001dda54f0700 11398   !   3       lombok.core.FieldAugment$ReflectionFieldAugment::get (61 bytes)
Event: 35.932 Thread 0x000001dda54f0700 nmethod 11398 0x000001dd90728a10 code [0x000001dd90728c80, 0x000001dd90729618]
Event: 35.932 Thread 0x000001dda54f0700 11400       3       org.eclipse.jdt.core.dom.ASTNode::hashCode (5 bytes)
Event: 35.932 Thread 0x000001dda54f0700 nmethod 11400 0x000001dd90729b10 code [0x000001dd90729ca0, 0x000001dd90729de8]
Event: 35.933 Thread 0x000001dda54f0700 11399       1       org.eclipse.jdt.core.dom.AST::apiLevel (5 bytes)
Event: 35.933 Thread 0x000001dda54f0700 nmethod 11399 0x000001dd972cb890 code [0x000001dd972cba20, 0x000001dd972cbaf8]
Event: 35.933 Thread 0x000001dda54f0700 11401       2       org.eclipse.jdt.core.dom.ASTConverter::recordPendingNameScopeResolution (30 bytes)
Event: 35.933 Thread 0x000001dda54f0700 nmethod 11401 0x000001dd90729e90 code [0x000001dd9072a040, 0x000001dd9072a268]
Event: 35.933 Thread 0x000001dda54f0700 11403  s    2       org.eclipse.jdt.core.dom.ASTNode$NodeList::updateCursors (54 bytes)
Event: 35.934 Thread 0x000001dda54f0700 nmethod 11403 0x000001dd9072a390 code [0x000001dd9072a580, 0x000001dd9072a938]
Event: 35.934 Thread 0x000001dda54f0700 11404       2       org.eclipse.jdt.core.dom.ASTNode$NodeList::add (127 bytes)
Event: 35.936 Thread 0x000001dda54f0700 nmethod 11404 0x000001dd9072ab10 code [0x000001dd9072ad20, 0x000001dd9072b178]
Event: 35.938 Thread 0x000001dda54f0700 11405       2       org.eclipse.core.internal.resources.Resource::isLocal (17 bytes)
Event: 35.939 Thread 0x000001dda54f0700 nmethod 11405 0x000001dd9072b490 code [0x000001dd9072b620, 0x000001dd9072b798]
Event: 35.963 Thread 0x000001dda54f0700 11406   !   3       org.eclipse.osgi.internal.loader.classpath.ClasspathManager::findClassImpl (308 bytes)

GC Heap History (20 events):
Event: 33.794 GC heap before
{Heap before GC invocations=130 (full 5):
 PSYoungGen      total 11776K, used 11616K [0x00000000eab00000, 0x00000000eb780000, 0x0000000100000000)
  eden space 11264K, 100% used [0x00000000eab00000,0x00000000eb600000,0x00000000eb600000)
  from space 512K, 68% used [0x00000000eb700000,0x00000000eb758000,0x00000000eb780000)
  to   space 512K, 0% used [0x00000000eb680000,0x00000000eb680000,0x00000000eb700000)
 ParOldGen       total 87552K, used 63821K [0x00000000c0000000, 0x00000000c5580000, 0x00000000eab00000)
  object space 87552K, 72% used [0x00000000c0000000,0x00000000c3e537f0,0x00000000c5580000)
 Metaspace       used 70875K, committed 72256K, reserved 1114112K
  class space    used 7475K, committed 8128K, reserved 1048576K
}
Event: 33.797 GC heap after
{Heap after GC invocations=130 (full 5):
 PSYoungGen      total 11776K, used 352K [0x00000000eab00000, 0x00000000eb780000, 0x0000000100000000)
  eden space 11264K, 0% used [0x00000000eab00000,0x00000000eab00000,0x00000000eb600000)
  from space 512K, 68% used [0x00000000eb680000,0x00000000eb6d8000,0x00000000eb700000)
  to   space 512K, 0% used [0x00000000eb700000,0x00000000eb700000,0x00000000eb780000)
 ParOldGen       total 87552K, used 64053K [0x00000000c0000000, 0x00000000c5580000, 0x00000000eab00000)
  object space 87552K, 73% used [0x00000000c0000000,0x00000000c3e8d7f0,0x00000000c5580000)
 Metaspace       used 70875K, committed 72256K, reserved 1114112K
  class space    used 7475K, committed 8128K, reserved 1048576K
}
Event: 33.833 GC heap before
{Heap before GC invocations=131 (full 5):
 PSYoungGen      total 11776K, used 11616K [0x00000000eab00000, 0x00000000eb780000, 0x0000000100000000)
  eden space 11264K, 100% used [0x00000000eab00000,0x00000000eb600000,0x00000000eb600000)
  from space 512K, 68% used [0x00000000eb680000,0x00000000eb6d8000,0x00000000eb700000)
  to   space 512K, 0% used [0x00000000eb700000,0x00000000eb700000,0x00000000eb780000)
 ParOldGen       total 87552K, used 64053K [0x00000000c0000000, 0x00000000c5580000, 0x00000000eab00000)
  object space 87552K, 73% used [0x00000000c0000000,0x00000000c3e8d7f0,0x00000000c5580000)
 Metaspace       used 70925K, committed 72320K, reserved 1114112K
  class space    used 7480K, committed 8128K, reserved 1048576K
}
Event: 33.835 GC heap after
{Heap after GC invocations=131 (full 5):
 PSYoungGen      total 11776K, used 416K [0x00000000eab00000, 0x00000000eb780000, 0x0000000100000000)
  eden space 11264K, 0% used [0x00000000eab00000,0x00000000eab00000,0x00000000eb600000)
  from space 512K, 81% used [0x00000000eb700000,0x00000000eb768000,0x00000000eb780000)
  to   space 512K, 0% used [0x00000000eb680000,0x00000000eb680000,0x00000000eb700000)
 ParOldGen       total 87552K, used 64314K [0x00000000c0000000, 0x00000000c5580000, 0x00000000eab00000)
  object space 87552K, 73% used [0x00000000c0000000,0x00000000c3ece800,0x00000000c5580000)
 Metaspace       used 70925K, committed 72320K, reserved 1114112K
  class space    used 7480K, committed 8128K, reserved 1048576K
}
Event: 33.930 GC heap before
{Heap before GC invocations=132 (full 5):
 PSYoungGen      total 11776K, used 11679K [0x00000000eab00000, 0x00000000eb780000, 0x0000000100000000)
  eden space 11264K, 99% used [0x00000000eab00000,0x00000000eb5ffc88,0x00000000eb600000)
  from space 512K, 81% used [0x00000000eb700000,0x00000000eb768000,0x00000000eb780000)
  to   space 512K, 0% used [0x00000000eb680000,0x00000000eb680000,0x00000000eb700000)
 ParOldGen       total 87552K, used 64314K [0x00000000c0000000, 0x00000000c5580000, 0x00000000eab00000)
  object space 87552K, 73% used [0x00000000c0000000,0x00000000c3ece800,0x00000000c5580000)
 Metaspace       used 71128K, committed 72448K, reserved 1114112K
  class space    used 7515K, committed 8128K, reserved 1048576K
}
Event: 33.934 GC heap after
{Heap after GC invocations=132 (full 5):
 PSYoungGen      total 11776K, used 512K [0x00000000eab00000, 0x00000000eb900000, 0x0000000100000000)
  eden space 11264K, 0% used [0x00000000eab00000,0x00000000eab00000,0x00000000eb600000)
  from space 512K, 100% used [0x00000000eb680000,0x00000000eb700000,0x00000000eb700000)
  to   space 1536K, 0% used [0x00000000eb780000,0x00000000eb780000,0x00000000eb900000)
 ParOldGen       total 87552K, used 64998K [0x00000000c0000000, 0x00000000c5580000, 0x00000000eab00000)
  object space 87552K, 74% used [0x00000000c0000000,0x00000000c3f79840,0x00000000c5580000)
 Metaspace       used 71128K, committed 72448K, reserved 1114112K
  class space    used 7515K, committed 8128K, reserved 1048576K
}
Event: 34.111 GC heap before
{Heap before GC invocations=133 (full 5):
 PSYoungGen      total 11776K, used 11776K [0x00000000eab00000, 0x00000000eb900000, 0x0000000100000000)
  eden space 11264K, 100% used [0x00000000eab00000,0x00000000eb600000,0x00000000eb600000)
  from space 512K, 100% used [0x00000000eb680000,0x00000000eb700000,0x00000000eb700000)
  to   space 1536K, 0% used [0x00000000eb780000,0x00000000eb780000,0x00000000eb900000)
 ParOldGen       total 87552K, used 64998K [0x00000000c0000000, 0x00000000c5580000, 0x00000000eab00000)
  object space 87552K, 74% used [0x00000000c0000000,0x00000000c3f79840,0x00000000c5580000)
 Metaspace       used 71486K, committed 72768K, reserved 1114112K
  class space    used 7543K, committed 8128K, reserved 1048576K
}
Event: 34.114 GC heap after
{Heap after GC invocations=133 (full 5):
 PSYoungGen      total 12288K, used 736K [0x00000000eab00000, 0x00000000eb880000, 0x0000000100000000)
  eden space 11264K, 0% used [0x00000000eab00000,0x00000000eab00000,0x00000000eb600000)
  from space 1024K, 71% used [0x00000000eb780000,0x00000000eb838000,0x00000000eb880000)
  to   space 1024K, 0% used [0x00000000eb680000,0x00000000eb680000,0x00000000eb780000)
 ParOldGen       total 87552K, used 65467K [0x00000000c0000000, 0x00000000c5580000, 0x00000000eab00000)
  object space 87552K, 74% used [0x00000000c0000000,0x00000000c3feecd8,0x00000000c5580000)
 Metaspace       used 71486K, committed 72768K, reserved 1114112K
  class space    used 7543K, committed 8128K, reserved 1048576K
}
Event: 34.449 GC heap before
{Heap before GC invocations=134 (full 5):
 PSYoungGen      total 12288K, used 12000K [0x00000000eab00000, 0x00000000eb880000, 0x0000000100000000)
  eden space 11264K, 100% used [0x00000000eab00000,0x00000000eb600000,0x00000000eb600000)
  from space 1024K, 71% used [0x00000000eb780000,0x00000000eb838000,0x00000000eb880000)
  to   space 1024K, 0% used [0x00000000eb680000,0x00000000eb680000,0x00000000eb780000)
 ParOldGen       total 87552K, used 65467K [0x00000000c0000000, 0x00000000c5580000, 0x00000000eab00000)
  object space 87552K, 74% used [0x00000000c0000000,0x00000000c3feecd8,0x00000000c5580000)
 Metaspace       used 71715K, committed 73024K, reserved 1114112K
  class space    used 7569K, committed 8192K, reserved 1048576K
}
Event: 34.454 GC heap after
{Heap after GC invocations=134 (full 5):
 PSYoungGen      total 12288K, used 1024K [0x00000000eab00000, 0x00000000eba00000, 0x0000000100000000)
  eden space 11264K, 0% used [0x00000000eab00000,0x00000000eab00000,0x00000000eb600000)
  from space 1024K, 100% used [0x00000000eb680000,0x00000000eb780000,0x00000000eb780000)
  to   space 2048K, 0% used [0x00000000eb800000,0x00000000eb800000,0x00000000eba00000)
 ParOldGen       total 87552K, used 65928K [0x00000000c0000000, 0x00000000c5580000, 0x00000000eab00000)
  object space 87552K, 75% used [0x00000000c0000000,0x00000000c40622d8,0x00000000c5580000)
 Metaspace       used 71715K, committed 73024K, reserved 1114112K
  class space    used 7569K, committed 8192K, reserved 1048576K
}
Event: 34.731 GC heap before
{Heap before GC invocations=135 (full 5):
 PSYoungGen      total 12288K, used 12288K [0x00000000eab00000, 0x00000000eba00000, 0x0000000100000000)
  eden space 11264K, 100% used [0x00000000eab00000,0x00000000eb600000,0x00000000eb600000)
  from space 1024K, 100% used [0x00000000eb680000,0x00000000eb780000,0x00000000eb780000)
  to   space 2048K, 0% used [0x00000000eb800000,0x00000000eb800000,0x00000000eba00000)
 ParOldGen       total 87552K, used 65928K [0x00000000c0000000, 0x00000000c5580000, 0x00000000eab00000)
  object space 87552K, 75% used [0x00000000c0000000,0x00000000c40622d8,0x00000000c5580000)
 Metaspace       used 71903K, committed 73216K, reserved 1114112K
  class space    used 7587K, committed 8192K, reserved 1048576K
}
Event: 34.737 GC heap after
{Heap after GC invocations=135 (full 5):
 PSYoungGen      total 12288K, used 976K [0x00000000eab00000, 0x00000000eb900000, 0x0000000100000000)
  eden space 11264K, 0% used [0x00000000eab00000,0x00000000eab00000,0x00000000eb600000)
  from space 1024K, 95% used [0x00000000eb800000,0x00000000eb8f4030,0x00000000eb900000)
  to   space 1536K, 0% used [0x00000000eb600000,0x00000000eb600000,0x00000000eb780000)
 ParOldGen       total 87552K, used 66898K [0x00000000c0000000, 0x00000000c5580000, 0x00000000eab00000)
  object space 87552K, 76% used [0x00000000c0000000,0x00000000c4154bc0,0x00000000c5580000)
 Metaspace       used 71903K, committed 73216K, reserved 1114112K
  class space    used 7587K, committed 8192K, reserved 1048576K
}
Event: 34.963 GC heap before
{Heap before GC invocations=136 (full 5):
 PSYoungGen      total 12288K, used 12240K [0x00000000eab00000, 0x00000000eb900000, 0x0000000100000000)
  eden space 11264K, 100% used [0x00000000eab00000,0x00000000eb600000,0x00000000eb600000)
  from space 1024K, 95% used [0x00000000eb800000,0x00000000eb8f4030,0x00000000eb900000)
  to   space 1536K, 0% used [0x00000000eb600000,0x00000000eb600000,0x00000000eb780000)
 ParOldGen       total 87552K, used 66898K [0x00000000c0000000, 0x00000000c5580000, 0x00000000eab00000)
  object space 87552K, 76% used [0x00000000c0000000,0x00000000c4154bc0,0x00000000c5580000)
 Metaspace       used 72031K, committed 73344K, reserved 1114112K
  class space    used 7590K, committed 8192K, reserved 1048576K
}
Event: 34.967 GC heap after
{Heap after GC invocations=136 (full 5):
 PSYoungGen      total 12800K, used 1520K [0x00000000eab00000, 0x00000000eba00000, 0x0000000100000000)
  eden space 11264K, 0% used [0x00000000eab00000,0x00000000eab00000,0x00000000eb600000)
  from space 1536K, 98% used [0x00000000eb600000,0x00000000eb77c030,0x00000000eb780000)
  to   space 2048K, 0% used [0x00000000eb800000,0x00000000eb800000,0x00000000eba00000)
 ParOldGen       total 87552K, used 67227K [0x00000000c0000000, 0x00000000c5580000, 0x00000000eab00000)
  object space 87552K, 76% used [0x00000000c0000000,0x00000000c41a6c00,0x00000000c5580000)
 Metaspace       used 72031K, committed 73344K, reserved 1114112K
  class space    used 7590K, committed 8192K, reserved 1048576K
}
Event: 35.141 GC heap before
{Heap before GC invocations=137 (full 5):
 PSYoungGen      total 12800K, used 12784K [0x00000000eab00000, 0x00000000eba00000, 0x0000000100000000)
  eden space 11264K, 100% used [0x00000000eab00000,0x00000000eb600000,0x00000000eb600000)
  from space 1536K, 98% used [0x00000000eb600000,0x00000000eb77c030,0x00000000eb780000)
  to   space 2048K, 0% used [0x00000000eb800000,0x00000000eb800000,0x00000000eba00000)
 ParOldGen       total 87552K, used 67227K [0x00000000c0000000, 0x00000000c5580000, 0x00000000eab00000)
  object space 87552K, 76% used [0x00000000c0000000,0x00000000c41a6c00,0x00000000c5580000)
 Metaspace       used 72123K, committed 73408K, reserved 1114112K
  class space    used 7594K, committed 8192K, reserved 1048576K
}
Event: 35.147 GC heap after
{Heap after GC invocations=137 (full 5):
 PSYoungGen      total 12288K, used 890K [0x00000000eab00000, 0x00000000eb900000, 0x0000000100000000)
  eden space 11264K, 0% used [0x00000000eab00000,0x00000000eab00000,0x00000000eb600000)
  from space 1024K, 86% used [0x00000000eb800000,0x00000000eb8de920,0x00000000eb900000)
  to   space 1536K, 0% used [0x00000000eb600000,0x00000000eb600000,0x00000000eb780000)
 ParOldGen       total 87552K, used 68783K [0x00000000c0000000, 0x00000000c5580000, 0x00000000eab00000)
  object space 87552K, 78% used [0x00000000c0000000,0x00000000c432bc70,0x00000000c5580000)
 Metaspace       used 72123K, committed 73408K, reserved 1114112K
  class space    used 7594K, committed 8192K, reserved 1048576K
}
Event: 35.324 GC heap before
{Heap before GC invocations=138 (full 5):
 PSYoungGen      total 12288K, used 12154K [0x00000000eab00000, 0x00000000eb900000, 0x0000000100000000)
  eden space 11264K, 100% used [0x00000000eab00000,0x00000000eb600000,0x00000000eb600000)
  from space 1024K, 86% used [0x00000000eb800000,0x00000000eb8de920,0x00000000eb900000)
  to   space 1536K, 0% used [0x00000000eb600000,0x00000000eb600000,0x00000000eb780000)
 ParOldGen       total 87552K, used 68783K [0x00000000c0000000, 0x00000000c5580000, 0x00000000eab00000)
  object space 87552K, 78% used [0x00000000c0000000,0x00000000c432bc70,0x00000000c5580000)
 Metaspace       used 72193K, committed 73472K, reserved 1114112K
  class space    used 7595K, committed 8192K, reserved 1048576K
}
Event: 35.327 GC heap after
{Heap after GC invocations=138 (full 5):
 PSYoungGen      total 12800K, used 1328K [0x00000000eab00000, 0x00000000eb900000, 0x0000000100000000)
  eden space 11264K, 0% used [0x00000000eab00000,0x00000000eab00000,0x00000000eb600000)
  from space 1536K, 86% used [0x00000000eb600000,0x00000000eb74c010,0x00000000eb780000)
  to   space 1536K, 0% used [0x00000000eb780000,0x00000000eb780000,0x00000000eb900000)
 ParOldGen       total 87552K, used 68783K [0x00000000c0000000, 0x00000000c5580000, 0x00000000eab00000)
  object space 87552K, 78% used [0x00000000c0000000,0x00000000c432bc70,0x00000000c5580000)
 Metaspace       used 72193K, committed 73472K, reserved 1114112K
  class space    used 7595K, committed 8192K, reserved 1048576K
}
Event: 35.500 GC heap before
{Heap before GC invocations=139 (full 5):
 PSYoungGen      total 12800K, used 12592K [0x00000000eab00000, 0x00000000eb900000, 0x0000000100000000)
  eden space 11264K, 100% used [0x00000000eab00000,0x00000000eb600000,0x00000000eb600000)
  from space 1536K, 86% used [0x00000000eb600000,0x00000000eb74c010,0x00000000eb780000)
  to   space 1536K, 0% used [0x00000000eb780000,0x00000000eb780000,0x00000000eb900000)
 ParOldGen       total 87552K, used 68783K [0x00000000c0000000, 0x00000000c5580000, 0x00000000eab00000)
  object space 87552K, 78% used [0x00000000c0000000,0x00000000c432bc70,0x00000000c5580000)
 Metaspace       used 72292K, committed 73536K, reserved 1179648K
  class space    used 7595K, committed 8192K, reserved 1048576K
}
Event: 35.506 GC heap after
{Heap after GC invocations=139 (full 5):
 PSYoungGen      total 11776K, used 1536K [0x00000000eab00000, 0x00000000ebb00000, 0x0000000100000000)
  eden space 10240K, 0% used [0x00000000eab00000,0x00000000eab00000,0x00000000eb500000)
  from space 1536K, 100% used [0x00000000eb780000,0x00000000eb900000,0x00000000eb900000)
  to   space 2560K, 0% used [0x00000000eb500000,0x00000000eb500000,0x00000000eb780000)
 ParOldGen       total 87552K, used 69379K [0x00000000c0000000, 0x00000000c5580000, 0x00000000eab00000)
  object space 87552K, 79% used [0x00000000c0000000,0x00000000c43c0cf0,0x00000000c5580000)
 Metaspace       used 72292K, committed 73536K, reserved 1179648K
  class space    used 7595K, committed 8192K, reserved 1048576K
}

Dll operation events (10 events):
Event: 0.041 Loaded shared library c:\Users\alhdh\.vscode\extensions\redhat.java-1.30.0-win32-x64\jre\17.0.10-win32-x86_64\bin\java.dll
Event: 0.871 Loaded shared library c:\Users\alhdh\.vscode\extensions\redhat.java-1.30.0-win32-x64\jre\17.0.10-win32-x86_64\bin\zip.dll
Event: 0.882 Loaded shared library C:\Users\alhdh\.vscode\extensions\redhat.java-1.30.0-win32-x64\jre\17.0.10-win32-x86_64\bin\instrument.dll
Event: 0.940 Loaded shared library C:\Users\alhdh\.vscode\extensions\redhat.java-1.30.0-win32-x64\jre\17.0.10-win32-x86_64\bin\net.dll
Event: 0.947 Loaded shared library C:\Users\alhdh\.vscode\extensions\redhat.java-1.30.0-win32-x64\jre\17.0.10-win32-x86_64\bin\nio.dll
Event: 0.971 Loaded shared library C:\Users\alhdh\.vscode\extensions\redhat.java-1.30.0-win32-x64\jre\17.0.10-win32-x86_64\bin\zip.dll
Event: 1.039 Loaded shared library C:\Users\alhdh\.vscode\extensions\redhat.java-1.30.0-win32-x64\jre\17.0.10-win32-x86_64\bin\jimage.dll
Event: 1.309 Loaded shared library c:\Users\alhdh\.vscode\extensions\redhat.java-1.30.0-win32-x64\jre\17.0.10-win32-x86_64\bin\verify.dll
Event: 3.858 Loaded shared library C:\Users\alhdh\AppData\Roaming\Code\User\globalStorage\redhat.java\1.30.0\config_win\org.eclipse.equinox.launcher\org.eclipse.equinox.launcher.win32.win32.x86_64_1.2.900.v20240213-1244\eclipse_11900.dll
Event: 11.029 Loaded shared library C:\Users\alhdh\AppData\Local\Temp\jna-92902113\jna9426562304582375671.dll

Deoptimization events (20 events):
Event: 35.336 Thread 0x000001dda7474e10 DEOPT UNPACKING pc=0x000001dd967c66a3 sp=0x00000033e4ffbf78 mode 2
Event: 35.336 Thread 0x000001dda77bdc60 DEOPT UNPACKING pc=0x000001dd967c66a3 sp=0x00000033e53fcc28 mode 2
Event: 35.337 Thread 0x000001dda569a200 DEOPT PACKING pc=0x000001dd9717ce10 sp=0x00000033e38fd6b0
Event: 35.337 Thread 0x000001dda569a200 DEOPT UNPACKING pc=0x000001dd967c66a3 sp=0x00000033e38fd668 mode 2
Event: 35.509 Thread 0x000001dda77bdc60 DEOPT PACKING pc=0x000001dd9051e43d sp=0x00000033e53fc890
Event: 35.509 Thread 0x000001dda77bdc60 DEOPT UNPACKING pc=0x000001dd967c6e43 sp=0x00000033e53fbca0 mode 0
Event: 35.543 Thread 0x000001dda77bdc60 Uncommon trap: trap_request=0xffffff45 fr.pc=0x000001dd971c0344 relative=0x0000000000000384
Event: 35.543 Thread 0x000001dda77bdc60 Uncommon trap: reason=unstable_if action=reinterpret pc=0x000001dd971c0344 method=java.util.IdentityHashMap.maskNull(Ljava/lang/Object;)Ljava/lang/Object; @ 1 c2
Event: 35.543 Thread 0x000001dda77bdc60 DEOPT PACKING pc=0x000001dd971c0344 sp=0x00000033e53fc170
Event: 35.543 Thread 0x000001dda77bdc60 DEOPT UNPACKING pc=0x000001dd967c66a3 sp=0x00000033e53fc0b8 mode 2
Event: 35.545 Thread 0x000001dda77bdc60 Uncommon trap: trap_request=0xffffff45 fr.pc=0x000001dd971c10b8 relative=0x0000000000000038
Event: 35.545 Thread 0x000001dda77bdc60 Uncommon trap: reason=unstable_if action=reinterpret pc=0x000001dd971c10b8 method=java.util.IdentityHashMap.maskNull(Ljava/lang/Object;)Ljava/lang/Object; @ 1 c2
Event: 35.545 Thread 0x000001dda77bdc60 DEOPT PACKING pc=0x000001dd971c10b8 sp=0x00000033e53fc110
Event: 35.545 Thread 0x000001dda77bdc60 DEOPT UNPACKING pc=0x000001dd967c66a3 sp=0x00000033e53fc0b0 mode 2
Event: 35.552 Thread 0x000001dda7474e10 DEOPT PACKING pc=0x000001dd8fe12603 sp=0x00000033e4ffb2a0
Event: 35.552 Thread 0x000001dda7474e10 DEOPT UNPACKING pc=0x000001dd967c6e43 sp=0x00000033e4ffa7f8 mode 0
Event: 35.934 Thread 0x000001dda77bdc60 Uncommon trap: trap_request=0xffffff45 fr.pc=0x000001dd971d3050 relative=0x0000000000000870
Event: 35.934 Thread 0x000001dda77bdc60 Uncommon trap: reason=unstable_if action=reinterpret pc=0x000001dd971d3050 method=java.util.WeakHashMap.remove(Ljava/lang/Object;)Ljava/lang/Object; @ 92 c2
Event: 35.934 Thread 0x000001dda77bdc60 DEOPT PACKING pc=0x000001dd971d3050 sp=0x00000033e53fce90
Event: 35.934 Thread 0x000001dda77bdc60 DEOPT UNPACKING pc=0x000001dd967c66a3 sp=0x00000033e53fcdd8 mode 2

Classes unloaded (8 events):
Event: 6.282 Thread 0x000001dd8c637ed0 Unloading class 0x0000000100248400 'java/lang/invoke/LambdaForm$MH+0x0000000100248400'
Event: 6.282 Thread 0x000001dd8c637ed0 Unloading class 0x0000000100248000 'java/lang/invoke/LambdaForm$MH+0x0000000100248000'
Event: 6.282 Thread 0x000001dd8c637ed0 Unloading class 0x0000000100247c00 'java/lang/invoke/LambdaForm$MH+0x0000000100247c00'
Event: 6.282 Thread 0x000001dd8c637ed0 Unloading class 0x0000000100247800 'java/lang/invoke/LambdaForm$MH+0x0000000100247800'
Event: 6.282 Thread 0x000001dd8c637ed0 Unloading class 0x0000000100247400 'java/lang/invoke/LambdaForm$BMH+0x0000000100247400'
Event: 6.282 Thread 0x000001dd8c637ed0 Unloading class 0x0000000100247000 'java/lang/invoke/LambdaForm$DMH+0x0000000100247000'
Event: 6.282 Thread 0x000001dd8c637ed0 Unloading class 0x0000000100244400 'java/lang/invoke/LambdaForm$DMH+0x0000000100244400'
Event: 31.850 Thread 0x000001dd8c637ed0 Unloading class 0x00000001006dd400 'java/lang/invoke/LambdaForm$DMH+0x00000001006dd400'

Classes redefined (0 events):
No events

Internal exceptions (20 events):
Event: 29.916 Thread 0x000001dda77bd240 Exception <a 'java/lang/NoSuchMethodError'{0x00000000eac6a7a8}: 'java.lang.Object java.lang.invoke.DirectMethodHandle$Holder.invokeVirtual(java.lang.Object, java.lang.Object, java.lang.Object)'> (0x00000000eac6a7a8) 
thrown [s\src\hotspot\share\interpreter\linkResolver.cpp, line 759]
Event: 30.078 Thread 0x000001dda569a200 Exception <a 'java/lang/NoSuchMethodError'{0x00000000eadf4370}: 'java.lang.Object java.lang.invoke.DirectMethodHandle$Holder.invokeSpecial(java.lang.Object, java.lang.Object, int, long)'> (0x00000000eadf4370) 
thrown [s\src\hotspot\share\interpreter\linkResolver.cpp, line 759]
Event: 31.685 Thread 0x000001dda77bdc60 Exception <a 'java/lang/IncompatibleClassChangeError'{0x00000000eb5ab568}: Found class java.lang.Object, but interface was expected> (0x00000000eb5ab568) 
thrown [s\src\hotspot\share\interpreter\linkResolver.cpp, line 826]
Event: 31.722 Thread 0x000001dda77b7210 Exception <a 'java/lang/NoSuchMethodError'{0x00000000eaf8e168}: 'int java.lang.invoke.DirectMethodHandle$Holder.invokeStatic(java.lang.Object, int, java.lang.Object)'> (0x00000000eaf8e168) 
thrown [s\src\hotspot\share\interpreter\linkResolver.cpp, line 759]
Event: 32.210 Thread 0x000001dda77bd240 Exception <a 'java/lang/NoSuchMethodError'{0x00000000eae6f9b8}: 'java.lang.Object java.lang.invoke.DirectMethodHandle$Holder.newInvokeSpecial(java.lang.Object, java.lang.Object, int, java.lang.Object, java.lang.Object)'> (0x00000000eae6f9b8) 
thrown [s\src\hotspot\share\interpreter\linkResolver.cpp, line 759]
Event: 32.305 Thread 0x000001dda77bd240 Exception <a 'java/io/FileNotFoundException'{0x00000000eb3f6260}> (0x00000000eb3f6260) 
thrown [s\src\hotspot\share\prims\jni.cpp, line 516]
Event: 32.306 Thread 0x000001dda77bd240 Exception <a 'java/io/FileNotFoundException'{0x00000000eb3f74e8}> (0x00000000eb3f74e8) 
thrown [s\src\hotspot\share\prims\jni.cpp, line 516]
Event: 32.306 Thread 0x000001dda77bd240 Exception <a 'java/io/FileNotFoundException'{0x00000000eb3f84c8}> (0x00000000eb3f84c8) 
thrown [s\src\hotspot\share\prims\jni.cpp, line 516]
Event: 33.746 Thread 0x000001dda77bcd30 Exception <a 'java/lang/NoSuchMethodError'{0x00000000eac25db0}: 'int java.lang.invoke.DirectMethodHandle$Holder.invokeSpecial(java.lang.Object, java.lang.Object, java.lang.Object, java.lang.Object, java.lang.Object, java.lang.Object)'> (0x00000000eac25db0) 
thrown [s\src\hotspot\share\interpreter\linkResolver.cpp, line 759]
Event: 33.846 Thread 0x000001dda5698dc0 Exception <a 'java/io/FileNotFoundException'{0x00000000eaee2768}> (0x00000000eaee2768) 
thrown [s\src\hotspot\share\prims\jni.cpp, line 516]
Event: 33.847 Thread 0x000001dda5698dc0 Exception <a 'java/io/FileNotFoundException'{0x00000000eaee34e0}> (0x00000000eaee34e0) 
thrown [s\src\hotspot\share\prims\jni.cpp, line 516]
Event: 33.876 Thread 0x000001dda569a200 Exception <a 'java/lang/NoSuchMethodError'{0x00000000eb17f848}: 'int java.lang.invoke.DirectMethodHandle$Holder.invokeStatic(java.lang.Object, java.lang.Object, java.lang.Object, int)'> (0x00000000eb17f848) 
thrown [s\src\hotspot\share\interpreter\linkResolver.cpp, line 759]
Event: 33.940 Thread 0x000001dda569a200 Implicit null exception at 0x000001dd9726ffeb to 0x000001dd97270d00
Event: 33.941 Thread 0x000001dda77bdc60 Implicit null exception at 0x000001dd9726ffeb to 0x000001dd97270d00
Event: 35.336 Thread 0x000001dda7474e10 Implicit null exception at 0x000001dd9717cca5 to 0x000001dd9717ce00
Event: 35.336 Thread 0x000001dda77bdc60 Implicit null exception at 0x000001dd9717cca5 to 0x000001dd9717ce00
Event: 35.336 Thread 0x000001dda569a200 Implicit null exception at 0x000001dd9717cca5 to 0x000001dd9717ce00
Event: 35.543 Thread 0x000001dda77bdc60 Implicit null exception at 0x000001dd971bfff8 to 0x000001dd971c0334
Event: 35.746 Thread 0x000001dda77bdc60 Exception <a 'java/lang/LinkageError'{0x00000000eaeb42e0}: loader lombok.launch.ShadowClassLoader @56b2c840 attempted duplicate class definition for lombok.eclipse.agent.PatchDiagnostics. (lombok.eclipse.agent.PatchDiagnostics is in unnamed module of loader lombok.launch.ShadowClassLoader @56b2c840, parent loader org.eclipse.osgi.internal.loader.EquinoxClassLoader @1c982c34)> (0x00000000eaeb42e0) 
thrown [s\src\hotspot\share\classfile\systemDictionary.cpp, line 1724]
Event: 35.837 Thread 0x000001dda77bdc60 Exception <a 'java/lang/LinkageError'{0x00000000eb087c58}: loader lombok.launch.ShadowClassLoader @56b2c840 attempted duplicate class definition for lombok.launch.PatchFixesHider$ValPortal. (lombok.launch.PatchFixesHider$ValPortal is in unnamed module of loader lombok.launch.ShadowClassLoader @56b2c840, parent loader org.eclipse.osgi.internal.loader.EquinoxClassLoader @1c982c34)> (0x00000000eb087c58) 
thrown [s\src\hotspot\share\classfile\systemDictionary.cpp, line 1724]

VM Operations (20 events):
Event: 34.187 Executing VM operation: HandshakeAllThreads
Event: 34.188 Executing VM operation: HandshakeAllThreads done
Event: 34.322 Executing VM operation: HandshakeAllThreads
Event: 34.326 Executing VM operation: HandshakeAllThreads done
Event: 34.391 Executing VM operation: HandshakeAllThreads
Event: 34.391 Executing VM operation: HandshakeAllThreads done
Event: 34.449 Executing VM operation: ParallelGCFailedAllocation
Event: 34.454 Executing VM operation: ParallelGCFailedAllocation done
Event: 34.479 Executing VM operation: HandshakeAllThreads
Event: 34.491 Executing VM operation: HandshakeAllThreads done
Event: 34.730 Executing VM operation: ParallelGCFailedAllocation
Event: 34.741 Executing VM operation: ParallelGCFailedAllocation done
Event: 34.957 Executing VM operation: ParallelGCFailedAllocation
Event: 34.968 Executing VM operation: ParallelGCFailedAllocation done
Event: 35.141 Executing VM operation: ParallelGCFailedAllocation
Event: 35.148 Executing VM operation: ParallelGCFailedAllocation done
Event: 35.323 Executing VM operation: ParallelGCFailedAllocation
Event: 35.327 Executing VM operation: ParallelGCFailedAllocation done
Event: 35.500 Executing VM operation: ParallelGCFailedAllocation
Event: 35.509 Executing VM operation: ParallelGCFailedAllocation done

Events (20 events):
Event: 33.737 Thread 0x000001dda7475830 Thread added: 0x000001dda7475830
Event: 33.745 Thread 0x000001dda5509c20 flushing nmethod 0x000001dd8f39ca10
Event: 33.748 Thread 0x000001dda5509c20 flushing nmethod 0x000001dd8f463490
Event: 33.760 Thread 0x000001dda5509c20 flushing nmethod 0x000001dd8f940e10
Event: 33.760 Thread 0x000001dda5509c20 flushing nmethod 0x000001dd8f94e110
Event: 33.760 Thread 0x000001dda5509c20 flushing nmethod 0x000001dd8f94e690
Event: 33.760 Thread 0x000001dda5509c20 flushing nmethod 0x000001dd8f965e90
Event: 33.761 Thread 0x000001dda5509c20 flushing nmethod 0x000001dd8f9dcc10
Event: 33.801 loading class java/util/ArrayDeque$DeqSpliterator
Event: 33.802 loading class java/util/ArrayDeque$DeqSpliterator done
Event: 33.875 loading class java/util/concurrent/ConcurrentHashMap$TreeBin
Event: 33.876 loading class java/util/concurrent/ConcurrentHashMap$TreeBin done
Event: 33.887 Thread 0x000001dda77b6d00 Thread added: 0x000001dda77b6d00
Event: 34.016 loading class java/util/concurrent/ForkJoinTask$AdaptedCallable
Event: 34.016 loading class java/util/concurrent/ForkJoinTask$AdaptedCallable done
Event: 34.016 loading class java/util/concurrent/CountedCompleter
Event: 34.017 loading class java/util/concurrent/CountedCompleter done
Event: 34.020 Thread 0x000001dda77b7210 Thread added: 0x000001dda77b7210
Event: 34.476 loading class java/util/regex/Pattern$LazyLoop
Event: 34.477 loading class java/util/regex/Pattern$LazyLoop done


Dynamic libraries:
0x00007ff704300000 - 0x00007ff70430e000 	c:\Users\alhdh\.vscode\extensions\redhat.java-1.30.0-win32-x64\jre\17.0.10-win32-x86_64\bin\java.exe
0x00007ffe44d30000 - 0x00007ffe44f28000 	C:\Windows\SYSTEM32\ntdll.dll
0x00007ffdedc70000 - 0x00007ffdedc89000 	C:\Program Files\Avast Software\Avast\aswhook.dll
0x00007ffe44200000 - 0x00007ffe442bd000 	C:\Windows\System32\KERNEL32.DLL
0x00007ffe427e0000 - 0x00007ffe42ad6000 	C:\Windows\System32\KERNELBASE.dll
0x00007ffe426e0000 - 0x00007ffe427e0000 	C:\Windows\System32\ucrtbase.dll
0x00007ffe3d7a0000 - 0x00007ffe3d7b7000 	c:\Users\alhdh\.vscode\extensions\redhat.java-1.30.0-win32-x64\jre\17.0.10-win32-x86_64\bin\jli.dll
0x00007ffe443e0000 - 0x00007ffe4457e000 	C:\Windows\System32\USER32.dll
0x00007ffe3b920000 - 0x00007ffe3b93b000 	c:\Users\alhdh\.vscode\extensions\redhat.java-1.30.0-win32-x64\jre\17.0.10-win32-x86_64\bin\VCRUNTIME140.dll
0x00007ffe42610000 - 0x00007ffe42632000 	C:\Windows\System32\win32u.dll
0x00007ffe44580000 - 0x00007ffe445ac000 	C:\Windows\System32\GDI32.dll
0x00007ffe262f0000 - 0x00007ffe2658a000 	C:\Windows\WinSxS\amd64_microsoft.windows.common-controls_6595b64144ccf1df_6.0.19041.3636_none_60b6a03d71f818d5\COMCTL32.dll
0x00007ffe42d80000 - 0x00007ffe42e1e000 	C:\Windows\System32\msvcrt.dll
0x00007ffe42ae0000 - 0x00007ffe42bfa000 	C:\Windows\System32\gdi32full.dll
0x00007ffe42640000 - 0x00007ffe426dd000 	C:\Windows\System32\msvcp_win.dll
0x00007ffe44cb0000 - 0x00007ffe44ce0000 	C:\Windows\System32\IMM32.DLL
0x00007ffe3f700000 - 0x00007ffe3f70c000 	c:\Users\alhdh\.vscode\extensions\redhat.java-1.30.0-win32-x64\jre\17.0.10-win32-x86_64\bin\vcruntime140_1.dll
0x00007ffe17920000 - 0x00007ffe179ad000 	c:\Users\alhdh\.vscode\extensions\redhat.java-1.30.0-win32-x64\jre\17.0.10-win32-x86_64\bin\msvcp140.dll
0x00007ffe0b0f0000 - 0x00007ffe0bd52000 	c:\Users\alhdh\.vscode\extensions\redhat.java-1.30.0-win32-x64\jre\17.0.10-win32-x86_64\bin\server\jvm.dll
0x00007ffe44680000 - 0x00007ffe44733000 	C:\Windows\System32\ADVAPI32.dll
0x00007ffe44c10000 - 0x00007ffe44caf000 	C:\Windows\System32\sechost.dll
0x00007ffe43360000 - 0x00007ffe43486000 	C:\Windows\System32\RPCRT4.dll
0x00007ffe42d50000 - 0x00007ffe42d77000 	C:\Windows\System32\bcrypt.dll
0x00007ffe41960000 - 0x00007ffe419ab000 	C:\Windows\SYSTEM32\POWRPROF.dll
0x00007ffe20650000 - 0x00007ffe20659000 	C:\Windows\SYSTEM32\WSOCK32.dll
0x00007ffe44b40000 - 0x00007ffe44bab000 	C:\Windows\System32\WS2_32.dll
0x00007ffe2a910000 - 0x00007ffe2a937000 	C:\Windows\SYSTEM32\WINMM.dll
0x00007ffe3a730000 - 0x00007ffe3a73a000 	C:\Windows\SYSTEM32\VERSION.dll
0x00007ffe417d0000 - 0x00007ffe417e2000 	C:\Windows\SYSTEM32\UMPDC.dll
0x00007ffe40c00000 - 0x00007ffe40c12000 	C:\Windows\SYSTEM32\kernel.appcore.dll
0x00007ffe37360000 - 0x00007ffe3736a000 	c:\Users\alhdh\.vscode\extensions\redhat.java-1.30.0-win32-x64\jre\17.0.10-win32-x86_64\bin\jimage.dll
0x00007ffe40900000 - 0x00007ffe40ae4000 	C:\Windows\SYSTEM32\DBGHELP.DLL
0x00007ffe37500000 - 0x00007ffe37534000 	C:\Windows\SYSTEM32\dbgcore.DLL
0x00007ffe42cc0000 - 0x00007ffe42d42000 	C:\Windows\System32\bcryptPrimitives.dll
0x00007ffe313e0000 - 0x00007ffe313ee000 	c:\Users\alhdh\.vscode\extensions\redhat.java-1.30.0-win32-x64\jre\17.0.10-win32-x86_64\bin\instrument.dll
0x00007ffe21910000 - 0x00007ffe21935000 	c:\Users\alhdh\.vscode\extensions\redhat.java-1.30.0-win32-x64\jre\17.0.10-win32-x86_64\bin\java.dll
0x00007ffe313c0000 - 0x00007ffe313d8000 	c:\Users\alhdh\.vscode\extensions\redhat.java-1.30.0-win32-x64\jre\17.0.10-win32-x86_64\bin\zip.dll
0x00007ffe43490000 - 0x00007ffe43bd5000 	C:\Windows\System32\SHELL32.dll
0x00007ffe40090000 - 0x00007ffe4082b000 	C:\Windows\SYSTEM32\windows.storage.dll
0x00007ffe43c90000 - 0x00007ffe43fe4000 	C:\Windows\System32\combase.dll
0x00007ffe41d50000 - 0x00007ffe41d7d000 	C:\Windows\SYSTEM32\Wldp.dll
0x00007ffe448e0000 - 0x00007ffe4498d000 	C:\Windows\System32\SHCORE.dll
0x00007ffe44880000 - 0x00007ffe448d5000 	C:\Windows\System32\shlwapi.dll
0x00007ffe42330000 - 0x00007ffe42355000 	C:\Windows\SYSTEM32\profapi.dll
0x00007ffe2e9d0000 - 0x00007ffe2e9e9000 	C:\Users\alhdh\.vscode\extensions\redhat.java-1.30.0-win32-x64\jre\17.0.10-win32-x86_64\bin\net.dll
0x00007ffe3c520000 - 0x00007ffe3c62a000 	C:\Windows\SYSTEM32\WINHTTP.dll
0x00007ffe41b30000 - 0x00007ffe41b9a000 	C:\Windows\system32\mswsock.dll
0x00007ffe258b0000 - 0x00007ffe258c6000 	C:\Users\alhdh\.vscode\extensions\redhat.java-1.30.0-win32-x64\jre\17.0.10-win32-x86_64\bin\nio.dll
0x00007ffe2ee80000 - 0x00007ffe2ee90000 	c:\Users\alhdh\.vscode\extensions\redhat.java-1.30.0-win32-x64\jre\17.0.10-win32-x86_64\bin\verify.dll
0x00007ffe21530000 - 0x00007ffe2156e000 	C:\Users\alhdh\AppData\Roaming\Code\User\globalStorage\redhat.java\1.30.0\config_win\org.eclipse.equinox.launcher\org.eclipse.equinox.launcher.win32.win32.x86_64_1.2.900.v20240213-1244\eclipse_11900.dll
0x00007ffe44050000 - 0x00007ffe4417b000 	C:\Windows\System32\ole32.dll
0x00007ffe41d90000 - 0x00007ffe41da8000 	C:\Windows\SYSTEM32\CRYPTSP.dll
0x00007ffe41410000 - 0x00007ffe41444000 	C:\Windows\system32\rsaenh.dll
0x00007ffe422b0000 - 0x00007ffe422de000 	C:\Windows\SYSTEM32\USERENV.dll
0x00007ffe41cc0000 - 0x00007ffe41ccc000 	C:\Windows\SYSTEM32\CRYPTBASE.dll
0x00007ffe417f0000 - 0x00007ffe4182b000 	C:\Windows\SYSTEM32\IPHLPAPI.DLL
0x00007ffe44ce0000 - 0x00007ffe44ce8000 	C:\Windows\System32\NSI.dll
0x00007ffe3a630000 - 0x00007ffe3a647000 	C:\Windows\SYSTEM32\dhcpcsvc6.DLL
0x00007ffe3a4c0000 - 0x00007ffe3a4dd000 	C:\Windows\SYSTEM32\dhcpcsvc.DLL
0x00007ffe41830000 - 0x00007ffe418fa000 	C:\Windows\SYSTEM32\DNSAPI.dll
0x00007ffe167a0000 - 0x00007ffe167e5000 	C:\Users\alhdh\AppData\Local\Temp\jna-92902113\jna9426562304582375671.dll
0x00007ffe43bf0000 - 0x00007ffe43bf8000 	C:\Windows\System32\PSAPI.DLL

dbghelp: loaded successfully - version: 4.0.5 - missing functions: none
symbol engine: initialized successfully - sym options: 0x614 - pdb path: .;c:\Users\alhdh\.vscode\extensions\redhat.java-1.30.0-win32-x64\jre\17.0.10-win32-x86_64\bin;C:\Windows\SYSTEM32;C:\Program Files\Avast Software\Avast;C:\Windows\WinSxS\amd64_microsoft.windows.common-controls_6595b64144ccf1df_6.0.19041.3636_none_60b6a03d71f818d5;c:\Users\alhdh\.vscode\extensions\redhat.java-1.30.0-win32-x64\jre\17.0.10-win32-x86_64\bin\server;C:\Users\alhdh\AppData\Roaming\Code\User\globalStorage\redhat.java\1.30.0\config_win\org.eclipse.equinox.launcher\org.eclipse.equinox.launcher.win32.win32.x86_64_1.2.900.v20240213-1244;C:\Users\alhdh\AppData\Local\Temp\jna-92902113

VM Arguments:
jvm_args: --add-modules=ALL-SYSTEM --add-opens=java.base/java.util=ALL-UNNAMED --add-opens=java.base/java.lang=ALL-UNNAMED --add-opens=java.base/sun.nio.fs=ALL-UNNAMED -Declipse.application=org.eclipse.jdt.ls.core.id1 -Dosgi.bundles.defaultStartLevel=4 -Declipse.product=org.eclipse.jdt.ls.core.product -Djava.import.generatesMetadataFilesAtProjectRoot=false -DDetectVMInstallationsJob.disabled=true -Dfile.encoding=utf8 -XX:+UseParallelGC -XX:GCTimeRatio=4 -XX:AdaptiveSizePolicyWeight=90 -Dsun.zip.disableMemoryMapping=true -Xmx1G -Xms100m -Xlog:disable -javaagent:c:\Users\alhdh\.vscode\extensions\redhat.java-1.30.0-win32-x64\lombok\lombok-1.18.32.jar -XX:+HeapDumpOnOutOfMemoryError -XX:HeapDumpPath=c:\Users\alhdh\AppData\Roaming\Code\User\workspaceStorage\37dba57fa1d58a1a3d36af18158eedda\redhat.java -Daether.dependencyCollector.impl=bf 
java_command: c:\Users\alhdh\.vscode\extensions\redhat.java-1.30.0-win32-x64\server\plugins\org.eclipse.equinox.launcher_1.6.800.v20240330-1250.jar -configuration c:\Users\alhdh\AppData\Roaming\Code\User\globalStorage\redhat.java\1.30.0\config_win -data c:\Users\alhdh\AppData\Roaming\Code\User\workspaceStorage\37dba57fa1d58a1a3d36af18158eedda\redhat.java\jdt_ws --pipe=\\.\pipe\lsp-9479ceb0ae02d68427f7b4c4b6d11b9c-sock
java_class_path (initial): c:\Users\alhdh\.vscode\extensions\redhat.java-1.30.0-win32-x64\server\plugins\org.eclipse.equinox.launcher_1.6.800.v20240330-1250.jar
Launcher Type: SUN_STANDARD

[Global flags]
    uintx AdaptiveSizePolicyWeight                 = 90                                        {product} {command line}
     intx CICompilerCount                          = 4                                         {product} {ergonomic}
    uintx GCTimeRatio                              = 4                                         {product} {command line}
     bool HeapDumpOnOutOfMemoryError               = true                                   {manageable} {command line}
    ccstr HeapDumpPath                             = c:\Users\alhdh\AppData\Roaming\Code\User\workspaceStorage\37dba57fa1d58a1a3d36af18158eedda\redhat.java         {manageable} {command line}
   size_t InitialHeapSize                          = 104857600                                 {product} {command line}
   size_t MaxHeapSize                              = 1073741824                                {product} {command line}
   size_t MaxNewSize                               = 357564416                                 {product} {ergonomic}
   size_t MinHeapDeltaBytes                        = 524288                                    {product} {ergonomic}
   size_t MinHeapSize                              = 104857600                                 {product} {command line}
   size_t NewSize                                  = 34603008                                  {product} {ergonomic}
    uintx NonNMethodCodeHeapSize                   = 5839372                                {pd product} {ergonomic}
    uintx NonProfiledCodeHeapSize                  = 122909434                              {pd product} {ergonomic}
   size_t OldSize                                  = 70254592                                  {product} {ergonomic}
    uintx ProfiledCodeHeapSize                     = 122909434                              {pd product} {ergonomic}
    uintx ReservedCodeCacheSize                    = 251658240                              {pd product} {ergonomic}
     bool SegmentedCodeCache                       = true                                      {product} {ergonomic}
   size_t SoftMaxHeapSize                          = 1073741824                             {manageable} {ergonomic}
     bool UseCompressedClassPointers               = true                           {product lp64_product} {ergonomic}
     bool UseCompressedOops                        = true                           {product lp64_product} {ergonomic}
     bool UseLargePagesIndividualAllocation        = false                                  {pd product} {ergonomic}
     bool UseParallelGC                            = true                                      {product} {command line}

Logging:
Log output configuration:
 #0: stdout all=off uptime,level,tags
 #1: stderr all=off uptime,level,tags

Environment Variables:
JAVA_HOME=C:\Program Files\Java\jdk-17
CLASSPATH=.;
PATH=C:\Program Files\Microsoft MPI\Bin\;C:\Python311\Scripts\;C:\Python311\;C:\Program Files\Common Files\Oracle\Java\javapath;C:\Program Files (x86)\Common Files\Oracle\Java\javapath;D:\WATCOM\BINNT;D:\WATCOM\BINW;C:\Windows\system32;C:\Windows;C:\Windows\System32\Wbem;C:\Windows\System32\WindowsPowerShell\v1.0\;C:\Windows\System32\OpenSSH\;C:\Program Files\dotnet\;C:\Program Files\Microsoft SQL Server\130\Tools\Binn\;C:\Program Files\Microsoft SQL Server\Client SDK\ODBC\170\Tools\Binn\;C:\Program Files\Azure Data Studio\bin;C:\Program Files (x86)\Microsoft SQL Server\150\Tools\Binn\;C:\Program Files\Microsoft SQL Server\150\Tools\Binn\;C:\Program Files\Microsoft SQL Server\150\DTS\Binn\;C:\Program Files (x86)\Microsoft SQL Server\150\DTS\Binn\;D:\Latex\miktex\bin\x64\;C:\Program Files (x86)\IVI Foundation\VISA\WinNT\Bin\;C:\Program Files\IVI Foundation\VISA\Win64\Bin\;D:\Shared\LabVIEW CLI;C:\Program Files\Amazon\AWSCLIV2\;C:\Program Files\PuTTY\;C:\ProgramData\chocolatey\bin;C:\Program Files\Git\cmd;C:\Program Files\Java\jdk1.8.0_211\bin;C:\Program Files\CMake\bin;C:\Program Files\nodejs\;C:\Program Files (x86)\PDFtk\bin\;%MPJ_HOME%\bin;C:\ProgramData\chocolatey\lib\maven\apache-maven-3.9.6\bin;;C:\Program Files\Docker\Docker\resources\bin;C:\GnuWin32\bin;C:\ProgramData\chocolatey\lib\maven\apache-maven-3.9.6\bin;C:\dummy\mpj-v0_44\mpj-v0_44\bin;C:\Program Files\Java\jdk-11\bin;C:\Program Files\MySQL\MySQL Shell 8.0\bin\;D:\WATCOM\BINNT;D:\WATCOM\BINW;C:\Windows\system32;C:\Windows;C:\Windows\System32\Wbem;C:\Windows\System32\WindowsPowerShell\v1.0\;C:\Windows\System32\OpenSSH\;C:\Program Files (x86)\IncrediBuild;C:\Program Files\dotnet\;C:\Program Files\Microsoft SQL Server\130\Tools\Binn\;C:\Program Files\Microsoft SQL Server\Client SDK\ODBC\170\Tools\Binn\;C:\Program Files\Azure Data Studio\bin;C:\Program Files (x86)\Microsoft SQL Server\150\Tools\Binn\;C:\Program Files\Microsoft SQL Server\150\Tools\Binn\;C:\Program Files\Microsoft SQL Server\150\DTS\Binn\;C:\P
USERNAME=alhdh
OS=Windows_NT
PROCESSOR_IDENTIFIER=Intel64 Family 6 Model 158 Stepping 10, GenuineIntel
TMP=C:\Users\alhdh\AppData\Local\Temp
TEMP=C:\Users\alhdh\AppData\Local\Temp



Periodic native trim disabled


---------------  S Y S T E M  ---------------

OS:
 Windows 10 , 64 bit Build 19041 (10.0.19041.3636)
OS uptime: 0 days 5:04 hours
Hyper-V role detected

CPU: total 12 (initial active 12) (6 cores per cpu, 2 threads per core) family 6 model 158 stepping 10 microcode 0xf0, cx8, cmov, fxsr, ht, mmx, 3dnowpref, sse, sse2, sse3, ssse3, sse4.1, sse4.2, popcnt, lzcnt, tsc, tscinvbit, avx, avx2, aes, erms, clmul, bmi1, bmi2, adx, fma, vzeroupper, clflush, clflushopt, hv
Processor Information for all 12 processors :
  Max Mhz: 2592, Current Mhz: 2592, Mhz Limit: 2592

Memory: 4k page, system-wide physical 8008M (1416M free)
TotalPageFile size 11021M (AvailPageFile size 17M)
current process WorkingSet (physical memory assigned to process): 322M, peak: 339M
current process commit charge ("private bytes"): 367M, peak: 389M

vm_info: OpenJDK 64-Bit Server VM (17.0.10+7) for windows-amd64 JRE (17.0.10+7), built on Jan 16 2024 23:25:11 by "admin" with MS VC++ 16.10 / 16.11 (VS2019)

END.
