#
# There is insufficient memory for the Java Runtime Environment to continue.
# Native memory allocation (malloc) failed to allocate 251696 bytes for Chunk::new
# Possible reasons:
#   The system is out of physical RAM or swap space
#   The process is running with CompressedOops enabled, and the Java Heap may be blocking the growth of the native heap
# Possible solutions:
#   Reduce memory load on the system
#   Increase physical memory or swap space
#   Check if swap backing store is full
#   Decrease Java heap size (-Xmx/-Xms)
#   Decrease number of Java threads
#   Decrease Java thread stack sizes (-Xss)
#   Set larger code cache with -XX:ReservedCodeCacheSize=
#   JVM is running with Unscaled Compressed Oops mode in which the Java heap is
#     placed in the first 4GB address space. The Java Heap base address is the
#     maximum limit for the native heap growth. Please use -XX:HeapBaseMinAddress
#     to set the Java Heap base and to place the Java Heap above 4GB virtual address.
# This output file may be truncated or incomplete.
#
#  Out of Memory Error (arena.cpp:191), pid=22416, tid=13120
#
# JRE version: OpenJDK Runtime Environment Temurin-17.0.10+7 (17.0.10+7) (build 17.0.10+7)
# Java VM: OpenJDK 64-Bit Server VM Temurin-17.0.10+7 (17.0.10+7, mixed mode, tiered, compressed oops, compressed class ptrs, parallel gc, windows-amd64)
# No core dump will be written. Minidumps are not enabled by default on client versions of Windows
#

---------------  S U M M A R Y ------------

Command Line: --add-modules=ALL-SYSTEM --add-opens=java.base/java.util=ALL-UNNAMED --add-opens=java.base/java.lang=ALL-UNNAMED --add-opens=java.base/sun.nio.fs=ALL-UNNAMED -Declipse.application=org.eclipse.jdt.ls.core.id1 -Dosgi.bundles.defaultStartLevel=4 -Declipse.product=org.eclipse.jdt.ls.core.product -Djava.import.generatesMetadataFilesAtProjectRoot=false -DDetectVMInstallationsJob.disabled=true -Dfile.encoding=utf8 -XX:+UseParallelGC -XX:GCTimeRatio=4 -XX:AdaptiveSizePolicyWeight=90 -Dsun.zip.disableMemoryMapping=true -Xmx1G -Xms100m -Xlog:disable -javaagent:c:\Users\alhdh\.vscode\extensions\redhat.java-1.30.0-win32-x64\lombok\lombok-1.18.32.jar c:\Users\alhdh\.vscode\extensions\redhat.java-1.30.0-win32-x64\server\plugins\org.eclipse.equinox.launcher_1.6.800.v20240330-1250.jar -configuration c:\Users\alhdh\AppData\Roaming\Code\User\globalStorage\redhat.java\1.30.0\config_ss_win -data c:\Users\alhdh\AppData\Roaming\Code\User\workspaceStorage\37dba57fa1d58a1a3d36af18158eedda\redhat.java\ss_ws --pipe=\\.\pipe\lsp-cfcb85d085a6a0d4cf1c03cc6902d5eb-sock

Host: Intel(R) Core(TM) i7-9750H CPU @ 2.60GHz, 12 cores, 7G,  Windows 10 , 64 bit Build 19041 (10.0.19041.3636)
Time: Fri May  3 19:58:42 2024 Egypt Daylight Time elapsed time: 1.326357 seconds (0d 0h 0m 1s)

---------------  T H R E A D  ---------------

Current thread (0x000001fd22b7c870):  JavaThread "C2 CompilerThread1" daemon [_thread_in_native, id=13120, stack(0x0000007857b00000,0x0000007857c00000)]


Current CompileTask:
C2:   1326 1093       4       jdk.internal.jimage.ImageLocation::verify (218 bytes)

Stack: [0x0000007857b00000,0x0000007857c00000]
Native frames: (J=compiled Java code, j=interpreted, Vv=VM code, C=native code)
V  [jvm.dll+0x67d2c9]
V  [jvm.dll+0x834afa]
V  [jvm.dll+0x8365be]
V  [jvm.dll+0x836c23]
V  [jvm.dll+0x2477ff]
V  [jvm.dll+0xac514]
V  [jvm.dll+0xacb5c]
V  [jvm.dll+0x2aed1f]
V  [jvm.dll+0x584b67]
V  [jvm.dll+0x2228a2]
V  [jvm.dll+0x222c8f]
V  [jvm.dll+0x21bdb6]
V  [jvm.dll+0x219201]
V  [jvm.dll+0x1a502d]
V  [jvm.dll+0x2290de]
V  [jvm.dll+0x2272ac]
V  [jvm.dll+0x7e9bb7]
V  [jvm.dll+0x7e3fba]
V  [jvm.dll+0x67c1b5]
C  [ucrtbase.dll+0x21bb2]
C  [KERNEL32.DLL+0x17344]
C  [ntdll.dll+0x526b1]


---------------  P R O C E S S  ---------------

Threads class SMR info:
_java_thread_list=0x000001fd24c79040, length=13, elements={
0x000001fd09c01aa0, 0x000001fd1da7f790, 0x000001fd1da80ef0, 0x000001fd22b68270,
0x000001fd22b690f0, 0x000001fd22b6be80, 0x000001fd22b6e600, 0x000001fd22b70490,
0x000001fd22b7cdc0, 0x000001fd1da867a0, 0x000001fd22c4e420, 0x000001fd24363aa0,
0x000001fd22b7c870
}

Java Threads: ( => current thread )
  0x000001fd09c01aa0 JavaThread "main" [_thread_in_native, id=2616, stack(0x0000007856e00000,0x0000007856f00000)]
  0x000001fd1da7f790 JavaThread "Reference Handler" daemon [_thread_blocked, id=11764, stack(0x0000007857100000,0x0000007857200000)]
  0x000001fd1da80ef0 JavaThread "Finalizer" daemon [_thread_blocked, id=5412, stack(0x0000007857200000,0x0000007857300000)]
  0x000001fd22b68270 JavaThread "Signal Dispatcher" daemon [_thread_blocked, id=17956, stack(0x0000007857300000,0x0000007857400000)]
  0x000001fd22b690f0 JavaThread "Attach Listener" daemon [_thread_blocked, id=5796, stack(0x0000007857400000,0x0000007857500000)]
  0x000001fd22b6be80 JavaThread "Service Thread" daemon [_thread_blocked, id=14160, stack(0x0000007857500000,0x0000007857600000)]
  0x000001fd22b6e600 JavaThread "Monitor Deflation Thread" daemon [_thread_blocked, id=10388, stack(0x0000007857600000,0x0000007857700000)]
  0x000001fd22b70490 JavaThread "C2 CompilerThread0" daemon [_thread_in_native, id=20148, stack(0x0000007857700000,0x0000007857800000)]
  0x000001fd22b7cdc0 JavaThread "C1 CompilerThread0" daemon [_thread_blocked, id=14404, stack(0x0000007857800000,0x0000007857900000)]
  0x000001fd1da867a0 JavaThread "Sweeper thread" daemon [_thread_blocked, id=21620, stack(0x0000007857900000,0x0000007857a00000)]
  0x000001fd22c4e420 JavaThread "Common-Cleaner" daemon [_thread_blocked, id=6004, stack(0x0000007857a00000,0x0000007857b00000)]
  0x000001fd24363aa0 JavaThread "Notification Thread" daemon [_thread_blocked, id=12356, stack(0x0000007857c00000,0x0000007857d00000)]
=>0x000001fd22b7c870 JavaThread "C2 CompilerThread1" daemon [_thread_in_native, id=13120, stack(0x0000007857b00000,0x0000007857c00000)]

Other Threads:
  0x000001fd22b34870 VMThread "VM Thread" [stack: 0x0000007857000000,0x0000007857100000] [id=16096]
  0x000001fd24363f80 WatcherThread [stack: 0x0000007857d00000,0x0000007857e00000] [id=1240]
  0x000001fd09c16750 GCTaskThread "GC Thread#0" [stack: 0x0000007856f00000,0x0000007857000000] [id=21288]
  0x000001fd2483eff0 GCTaskThread "GC Thread#1" [stack: 0x0000007857e00000,0x0000007857f00000] [id=10348]
  0x000001fd2493b390 GCTaskThread "GC Thread#2" [stack: 0x0000007857f00000,0x0000007858000000] [id=14268]
  0x000001fd2493b650 GCTaskThread "GC Thread#3" [stack: 0x0000007858000000,0x0000007858100000] [id=960]
  0x000001fd244f6410 GCTaskThread "GC Thread#4" [stack: 0x0000007858100000,0x0000007858200000] [id=17240]
  0x000001fd244f6ae0 GCTaskThread "GC Thread#5" [stack: 0x0000007858200000,0x0000007858300000] [id=1732]
  0x000001fd244f6da0 GCTaskThread "GC Thread#6" [stack: 0x0000007858300000,0x0000007858400000] [id=12380]

Threads with active compile tasks:
C2 CompilerThread0     1378 1085       4       lombok.launch.PackageShader::apply (252 bytes)
C2 CompilerThread1     1378 1093       4       jdk.internal.jimage.ImageLocation::verify (218 bytes)

VM state: not at safepoint (normal execution)

VM Mutex/Monitor currently owned by a thread: None

Heap address: 0x00000000c0000000, size: 1024 MB, Compressed Oops mode: 32-bit

CDS archive(s) not mapped
Compressed class space mapped at: 0x0000000100000000-0x0000000140000000, reserved size: 1073741824
Narrow klass base: 0x0000000000000000, Narrow klass shift: 3, Narrow klass range: 0x140000000

GC Precious Log:
 CPUs: 12 total, 12 available
 Memory: 8008M
 Large Page Support: Disabled
 NUMA Support: Disabled
 Compressed Oops: Enabled (32-bit)
 Alignments: Space 512K, Generation 512K, Heap 2M
 Heap Min Capacity: 100M
 Heap Initial Capacity: 100M
 Heap Max Capacity: 1G
 Pre-touch: Disabled
 Parallel Workers: 10

Heap:
 PSYoungGen      total 29696K, used 10610K [0x00000000eab00000, 0x00000000ecc00000, 0x0000000100000000)
  eden space 25600K, 28% used [0x00000000eab00000,0x00000000eb23f8d8,0x00000000ec400000)
  from space 4096K, 77% used [0x00000000ec400000,0x00000000ec71d278,0x00000000ec800000)
  to   space 4096K, 0% used [0x00000000ec800000,0x00000000ec800000,0x00000000ecc00000)
 ParOldGen       total 68608K, used 16K [0x00000000c0000000, 0x00000000c4300000, 0x00000000eab00000)
  object space 68608K, 0% used [0x00000000c0000000,0x00000000c0004000,0x00000000c4300000)
 Metaspace       used 12157K, committed 12288K, reserved 1114112K
  class space    used 1189K, committed 1280K, reserved 1048576K

Card table byte_map: [0x000001fd095a0000,0x000001fd097b0000] _byte_map_base: 0x000001fd08fa0000

Marking Bits: (ParMarkBitMap*) 0x00007ffa42fdd7d0
 Begin Bits: [0x000001fd1b890000, 0x000001fd1c890000)
 End Bits:   [0x000001fd1c890000, 0x000001fd1d890000)

Polling page: 0x000001fd07be0000

Metaspace:

Usage:
  Non-class:     10.71 MB used.
      Class:      1.16 MB used.
       Both:     11.87 MB used.

Virtual space:
  Non-class space:       64.00 MB reserved,      10.75 MB ( 17%) committed,  1 nodes.
      Class space:        1.00 GB reserved,       1.25 MB ( <1%) committed,  1 nodes.
             Both:        1.06 GB reserved,      12.00 MB (  1%) committed. 

Chunk freelists:
   Non-Class:  4.38 MB
       Class:  14.61 MB
        Both:  18.98 MB

MaxMetaspaceSize: unlimited
CompressedClassSpaceSize: 1.00 GB
Initial GC threshold: 21.00 MB
Current GC threshold: 21.00 MB
CDS: off
MetaspaceReclaimPolicy: balanced
 - commit_granule_bytes: 65536.
 - commit_granule_words: 8192.
 - virtual_space_node_default_size: 8388608.
 - enlarge_chunks_in_place: 1.
 - new_chunks_are_fully_committed: 0.
 - uncommit_free_chunks: 1.
 - use_allocation_guard: 0.
 - handle_deallocations: 1.


Internal statistics:

num_allocs_failed_limit: 0.
num_arena_births: 30.
num_arena_deaths: 0.
num_vsnodes_births: 2.
num_vsnodes_deaths: 0.
num_space_committed: 192.
num_space_uncommitted: 0.
num_chunks_returned_to_freelist: 0.
num_chunks_taken_from_freelist: 137.
num_chunk_merges: 0.
num_chunk_splits: 95.
num_chunks_enlarged: 84.
num_inconsistent_stats: 0.

CodeHeap 'non-profiled nmethods': size=120000Kb used=454Kb max_used=454Kb free=119545Kb
 bounds [0x000001fd14360000, 0x000001fd145d0000, 0x000001fd1b890000]
CodeHeap 'profiled nmethods': size=120000Kb used=1948Kb max_used=1948Kb free=118051Kb
 bounds [0x000001fd0c890000, 0x000001fd0cb00000, 0x000001fd13dc0000]
CodeHeap 'non-nmethods': size=5760Kb used=1145Kb max_used=1174Kb free=4614Kb
 bounds [0x000001fd13dc0000, 0x000001fd14030000, 0x000001fd14360000]
 total_blobs=1541 nmethods=1103 adapters=353
 compilation: enabled
              stopped_count=0, restarted_count=0
 full_count=0

Compilation events (20 events):
Event: 1.294 Thread 0x000001fd22b7cdc0 1092       3       java.net.URI::quote (214 bytes)
Event: 1.296 Thread 0x000001fd22b7c870 nmethod 1050 0x000001fd143cde90 code [0x000001fd143ce100, 0x000001fd143d0340]
Event: 1.297 Thread 0x000001fd22b7c870 1093       4       jdk.internal.jimage.ImageLocation::verify (218 bytes)
Event: 1.299 Thread 0x000001fd22b7cdc0 nmethod 1092 0x000001fd0ca6cb90 code [0x000001fd0ca6cf60, 0x000001fd0ca6e838]
Event: 1.302 Thread 0x000001fd22b7cdc0 1094       3       java.io.File::isDirectory (34 bytes)
Event: 1.303 Thread 0x000001fd22b7cdc0 nmethod 1094 0x000001fd0ca6f210 code [0x000001fd0ca6f400, 0x000001fd0ca6f928]
Event: 1.315 Thread 0x000001fd22b7cdc0 1096       3       org.lombokweb.asm.ClassReader::readUtf (44 bytes)
Event: 1.316 Thread 0x000001fd22b7cdc0 nmethod 1096 0x000001fd0ca6fb10 code [0x000001fd0ca6fce0, 0x000001fd0ca70078]
Event: 1.316 Thread 0x000001fd22b7cdc0 1097       3       org.lombokweb.asm.ClassReader::readUtf (161 bytes)
Event: 1.317 Thread 0x000001fd22b7cdc0 nmethod 1097 0x000001fd0ca70210 code [0x000001fd0ca703e0, 0x000001fd0ca70848]
Event: 1.317 Thread 0x000001fd22b7cdc0 1098       3       org.lombokweb.asm.ClassReader::getItem (7 bytes)
Event: 1.317 Thread 0x000001fd22b7cdc0 nmethod 1098 0x000001fd0ca70b10 code [0x000001fd0ca70ca0, 0x000001fd0ca70dd8]
Event: 1.317 Thread 0x000001fd22b7cdc0 1099       3       org.lombokweb.asm.Symbol::<init> (38 bytes)
Event: 1.317 Thread 0x000001fd22b7cdc0 nmethod 1099 0x000001fd0ca70e90 code [0x000001fd0ca71020, 0x000001fd0ca711d8]
Event: 1.318 Thread 0x000001fd22b7cdc0 1100       3       org.lombokweb.asm.SymbolTable::add (39 bytes)
Event: 1.318 Thread 0x000001fd22b7cdc0 nmethod 1100 0x000001fd0ca71310 code [0x000001fd0ca714c0, 0x000001fd0ca71778]
Event: 1.318 Thread 0x000001fd22b7cdc0 1101       3       org.lombokweb.asm.ClassReader::readUTF8 (23 bytes)
Event: 1.319 Thread 0x000001fd22b7cdc0 nmethod 1101 0x000001fd0ca71890 code [0x000001fd0ca71a40, 0x000001fd0ca71c98]
Event: 1.319 Thread 0x000001fd22b7cdc0 1102       3       java.io.File::getAbsolutePath (8 bytes)
Event: 1.319 Thread 0x000001fd22b7cdc0 nmethod 1102 0x000001fd0ca71d90 code [0x000001fd0ca71f40, 0x000001fd0ca720a8]

GC Heap History (2 events):
Event: 1.085 GC heap before
{Heap before GC invocations=1 (full 0):
 PSYoungGen      total 29696K, used 25600K [0x00000000eab00000, 0x00000000ecc00000, 0x0000000100000000)
  eden space 25600K, 100% used [0x00000000eab00000,0x00000000ec400000,0x00000000ec400000)
  from space 4096K, 0% used [0x00000000ec800000,0x00000000ec800000,0x00000000ecc00000)
  to   space 4096K, 0% used [0x00000000ec400000,0x00000000ec400000,0x00000000ec800000)
 ParOldGen       total 68608K, used 0K [0x00000000c0000000, 0x00000000c4300000, 0x00000000eab00000)
  object space 68608K, 0% used [0x00000000c0000000,0x00000000c0000000,0x00000000c4300000)
 Metaspace       used 10989K, committed 11200K, reserved 1114112K
  class space    used 1096K, committed 1216K, reserved 1048576K
}
Event: 1.099 GC heap after
{Heap after GC invocations=1 (full 0):
 PSYoungGen      total 29696K, used 3188K [0x00000000eab00000, 0x00000000ecc00000, 0x0000000100000000)
  eden space 25600K, 0% used [0x00000000eab00000,0x00000000eab00000,0x00000000ec400000)
  from space 4096K, 77% used [0x00000000ec400000,0x00000000ec71d278,0x00000000ec800000)
  to   space 4096K, 0% used [0x00000000ec800000,0x00000000ec800000,0x00000000ecc00000)
 ParOldGen       total 68608K, used 16K [0x00000000c0000000, 0x00000000c4300000, 0x00000000eab00000)
  object space 68608K, 0% used [0x00000000c0000000,0x00000000c0004000,0x00000000c4300000)
 Metaspace       used 10989K, committed 11200K, reserved 1114112K
  class space    used 1096K, committed 1216K, reserved 1048576K
}

Dll operation events (8 events):
Event: 0.011 Loaded shared library c:\Users\alhdh\.vscode\extensions\redhat.java-1.30.0-win32-x64\jre\17.0.10-win32-x86_64\bin\java.dll
Event: 0.185 Loaded shared library c:\Users\alhdh\.vscode\extensions\redhat.java-1.30.0-win32-x64\jre\17.0.10-win32-x86_64\bin\zip.dll
Event: 0.190 Loaded shared library C:\Users\alhdh\.vscode\extensions\redhat.java-1.30.0-win32-x64\jre\17.0.10-win32-x86_64\bin\instrument.dll
Event: 0.207 Loaded shared library C:\Users\alhdh\.vscode\extensions\redhat.java-1.30.0-win32-x64\jre\17.0.10-win32-x86_64\bin\net.dll
Event: 0.209 Loaded shared library C:\Users\alhdh\.vscode\extensions\redhat.java-1.30.0-win32-x64\jre\17.0.10-win32-x86_64\bin\nio.dll
Event: 0.217 Loaded shared library C:\Users\alhdh\.vscode\extensions\redhat.java-1.30.0-win32-x64\jre\17.0.10-win32-x86_64\bin\zip.dll
Event: 0.234 Loaded shared library C:\Users\alhdh\.vscode\extensions\redhat.java-1.30.0-win32-x64\jre\17.0.10-win32-x86_64\bin\jimage.dll
Event: 0.291 Loaded shared library c:\Users\alhdh\.vscode\extensions\redhat.java-1.30.0-win32-x64\jre\17.0.10-win32-x86_64\bin\verify.dll

Deoptimization events (20 events):
Event: 1.011 Thread 0x000001fd09c01aa0 DEOPT PACKING pc=0x000001fd143a6218 sp=0x0000007856efdf90
Event: 1.011 Thread 0x000001fd09c01aa0 DEOPT UNPACKING pc=0x000001fd13e166a3 sp=0x0000007856efdf28 mode 2
Event: 1.244 Thread 0x000001fd09c01aa0 Uncommon trap: trap_request=0xffffff45 fr.pc=0x000001fd143a186c relative=0x000000000000102c
Event: 1.245 Thread 0x000001fd09c01aa0 Uncommon trap: reason=unstable_if action=reinterpret pc=0x000001fd143a186c method=lombok.patcher.PatchScript.classMatches(Ljava/lang/String;Ljava/util/Collection;)Z @ 25 c2
Event: 1.245 Thread 0x000001fd09c01aa0 DEOPT PACKING pc=0x000001fd143a186c sp=0x0000007856ef82b0
Event: 1.245 Thread 0x000001fd09c01aa0 DEOPT UNPACKING pc=0x000001fd13e166a3 sp=0x0000007856ef8218 mode 2
Event: 1.245 Thread 0x000001fd09c01aa0 Uncommon trap: trap_request=0xffffff45 fr.pc=0x000001fd143b7998 relative=0x0000000000000478
Event: 1.245 Thread 0x000001fd09c01aa0 Uncommon trap: reason=unstable_if action=reinterpret pc=0x000001fd143b7998 method=java.lang.String.<init>([BIILjava/nio/charset/Charset;)V @ 47 c2
Event: 1.245 Thread 0x000001fd09c01aa0 DEOPT PACKING pc=0x000001fd143b7998 sp=0x0000007856ef7680
Event: 1.245 Thread 0x000001fd09c01aa0 DEOPT UNPACKING pc=0x000001fd13e166a3 sp=0x0000007856ef7638 mode 2
Event: 1.247 Thread 0x000001fd09c01aa0 DEOPT PACKING pc=0x000001fd0c902ec5 sp=0x0000007856ef7750
Event: 1.247 Thread 0x000001fd09c01aa0 DEOPT UNPACKING pc=0x000001fd13e16e43 sp=0x0000007856ef6c00 mode 0
Event: 1.265 Thread 0x000001fd09c01aa0 DEOPT PACKING pc=0x000001fd0c902ec5 sp=0x0000007856ef3b30
Event: 1.265 Thread 0x000001fd09c01aa0 DEOPT UNPACKING pc=0x000001fd13e16e43 sp=0x0000007856ef2fe0 mode 0
Event: 1.273 Thread 0x000001fd09c01aa0 DEOPT PACKING pc=0x000001fd0c902ec5 sp=0x0000007856ef3b30
Event: 1.273 Thread 0x000001fd09c01aa0 DEOPT UNPACKING pc=0x000001fd13e16e43 sp=0x0000007856ef2fe0 mode 0
Event: 1.292 Thread 0x000001fd09c01aa0 DEOPT PACKING pc=0x000001fd0c902ec5 sp=0x0000007856ef3b30
Event: 1.292 Thread 0x000001fd09c01aa0 DEOPT UNPACKING pc=0x000001fd13e16e43 sp=0x0000007856ef2fe0 mode 0
Event: 1.303 Thread 0x000001fd09c01aa0 DEOPT PACKING pc=0x000001fd0c902ec5 sp=0x0000007856ef7660
Event: 1.303 Thread 0x000001fd09c01aa0 DEOPT UNPACKING pc=0x000001fd13e16e43 sp=0x0000007856ef6b10 mode 0

Classes unloaded (0 events):
No events

Classes redefined (0 events):
No events

Internal exceptions (20 events):
Event: 0.668 Thread 0x000001fd09c01aa0 Exception <a 'java/io/FileNotFoundException'{0x00000000eb874798}> (0x00000000eb874798) 
thrown [s\src\hotspot\share\prims\jni.cpp, line 516]
Event: 0.668 Thread 0x000001fd09c01aa0 Exception <a 'java/io/FileNotFoundException'{0x00000000eb875488}> (0x00000000eb875488) 
thrown [s\src\hotspot\share\prims\jni.cpp, line 516]
Event: 0.668 Thread 0x000001fd09c01aa0 Exception <a 'java/io/FileNotFoundException'{0x00000000eb876148}> (0x00000000eb876148) 
thrown [s\src\hotspot\share\prims\jni.cpp, line 516]
Event: 0.676 Thread 0x000001fd09c01aa0 Implicit null exception at 0x000001fd143839f2 to 0x000001fd14383f40
Event: 0.680 Thread 0x000001fd09c01aa0 Exception <a 'java/io/FileNotFoundException'{0x00000000eb8b0a28}> (0x00000000eb8b0a28) 
thrown [s\src\hotspot\share\prims\jni.cpp, line 516]
Event: 0.953 Thread 0x000001fd09c01aa0 Exception <a 'java/lang/ClassNotFoundException'{0x00000000ec0bca70}: sun/net/www/protocol/c/Handler> (0x00000000ec0bca70) 
thrown [s\src\hotspot\share\classfile\systemDictionary.cpp, line 256]
Event: 0.954 Thread 0x000001fd09c01aa0 Exception <a 'java/lang/ClassNotFoundException'{0x00000000ec0bde78}: sun/net/www/protocol/d/Handler> (0x00000000ec0bde78) 
thrown [s\src\hotspot\share\classfile\systemDictionary.cpp, line 256]
Event: 0.954 Thread 0x000001fd09c01aa0 Exception <a 'java/lang/ClassNotFoundException'{0x00000000ec0bf138}: sun/net/www/protocol/c/Handler> (0x00000000ec0bf138) 
thrown [s\src\hotspot\share\classfile\systemDictionary.cpp, line 256]
Event: 0.964 Thread 0x000001fd09c01aa0 Exception <a 'java/io/FileNotFoundException'{0x00000000ec0e2730}> (0x00000000ec0e2730) 
thrown [s\src\hotspot\share\prims\jni.cpp, line 516]
Event: 1.011 Thread 0x000001fd09c01aa0 Implicit null exception at 0x000001fd143bc700 to 0x000001fd143bd0e0
Event: 1.011 Thread 0x000001fd09c01aa0 Implicit null exception at 0x000001fd143b05ec to 0x000001fd143b07ec
Event: 1.011 Thread 0x000001fd09c01aa0 Implicit null exception at 0x000001fd143a968e to 0x000001fd143a98dc
Event: 1.011 Thread 0x000001fd09c01aa0 Implicit null exception at 0x000001fd143a618f to 0x000001fd143a6209
Event: 1.072 Thread 0x000001fd09c01aa0 Exception <a 'java/lang/NoSuchMethodError'{0x00000000ec3ba9a0}: 'int java.lang.invoke.DirectMethodHandle$Holder.invokeStaticInit(java.lang.Object, java.lang.Object, java.lang.Object, java.lang.Object)'> (0x00000000ec3ba9a0) 
thrown [s\src\hotspot\share\interpreter\linkResolver.cpp, line 759]
Event: 1.073 Thread 0x000001fd09c01aa0 Exception <a 'java/lang/NoSuchMethodError'{0x00000000ec3c5010}: 'java.lang.Object java.lang.invoke.DirectMethodHandle$Holder.invokeInterface(java.lang.Object, java.lang.Object)'> (0x00000000ec3c5010) 
thrown [s\src\hotspot\share\interpreter\linkResolver.cpp, line 759]
Event: 1.074 Thread 0x000001fd09c01aa0 Exception <a 'java/lang/IncompatibleClassChangeError'{0x00000000ec3c8808}: Found class java.lang.Object, but interface was expected> (0x00000000ec3c8808) 
thrown [s\src\hotspot\share\interpreter\linkResolver.cpp, line 826]
Event: 1.074 Thread 0x000001fd09c01aa0 Exception <a 'java/lang/NoSuchMethodError'{0x00000000ec3cccf8}: 'void java.lang.invoke.DirectMethodHandle$Holder.invokeStatic(java.lang.Object, java.lang.Object)'> (0x00000000ec3cccf8) 
thrown [s\src\hotspot\share\interpreter\linkResolver.cpp, line 759]
Event: 1.075 Thread 0x000001fd09c01aa0 Exception <a 'java/lang/NoSuchMethodError'{0x00000000ec3d04f8}: 'void java.lang.invoke.DirectMethodHandle$Holder.invokeStaticInit(java.lang.Object, java.lang.Object)'> (0x00000000ec3d04f8) 
thrown [s\src\hotspot\share\interpreter\linkResolver.cpp, line 759]
Event: 1.077 Thread 0x000001fd09c01aa0 Exception <a 'java/lang/NoSuchMethodError'{0x00000000ec3d7988}: 'int java.lang.invoke.DirectMethodHandle$Holder.invokeStaticInit(java.lang.Object, java.lang.Object)'> (0x00000000ec3d7988) 
thrown [s\src\hotspot\share\interpreter\linkResolver.cpp, line 759]
Event: 1.155 Thread 0x000001fd09c01aa0 Exception <a 'java/lang/NoSuchMethodError'{0x00000000eac42950}: 'void java.lang.invoke.DirectMethodHandle$Holder.invokeSpecial(java.lang.Object, java.lang.Object, java.lang.Object)'> (0x00000000eac42950) 
thrown [s\src\hotspot\share\interpreter\linkResolver.cpp, line 759]

VM Operations (10 events):
Event: 0.162 Executing VM operation: HandshakeAllThreads
Event: 0.162 Executing VM operation: HandshakeAllThreads done
Event: 0.624 Executing VM operation: HandshakeAllThreads
Event: 0.624 Executing VM operation: HandshakeAllThreads done
Event: 0.656 Executing VM operation: HandshakeAllThreads
Event: 0.656 Executing VM operation: HandshakeAllThreads done
Event: 0.900 Executing VM operation: ICBufferFull
Event: 0.901 Executing VM operation: ICBufferFull done
Event: 1.085 Executing VM operation: ParallelGCFailedAllocation
Event: 1.099 Executing VM operation: ParallelGCFailedAllocation done

Events (20 events):
Event: 1.187 loading class java/util/concurrent/SynchronousQueue$Transferer
Event: 1.187 loading class java/util/concurrent/SynchronousQueue$Transferer done
Event: 1.187 loading class java/util/concurrent/SynchronousQueue$TransferStack done
Event: 1.187 loading class java/util/concurrent/SynchronousQueue$TransferStack$SNode
Event: 1.187 loading class java/util/concurrent/ForkJoinPool$ManagedBlocker
Event: 1.187 loading class java/util/concurrent/ForkJoinPool$ManagedBlocker done
Event: 1.187 loading class java/util/concurrent/SynchronousQueue$TransferStack$SNode done
Event: 1.188 loading class java/util/concurrent/RejectedExecutionHandler
Event: 1.188 loading class java/util/concurrent/RejectedExecutionHandler done
Event: 1.188 loading class java/util/concurrent/LinkedBlockingQueue
Event: 1.188 loading class java/util/concurrent/LinkedBlockingQueue done
Event: 1.188 loading class java/util/concurrent/LinkedBlockingQueue$Node
Event: 1.188 loading class java/util/concurrent/LinkedBlockingQueue$Node done
Event: 1.206 loading class java/util/concurrent/Semaphore$NonfairSync
Event: 1.206 loading class java/util/concurrent/Semaphore$Sync
Event: 1.206 loading class java/util/concurrent/Semaphore$Sync done
Event: 1.206 loading class java/util/concurrent/Semaphore$NonfairSync done
Event: 1.226 Thread 0x000001fd22b7c870 Thread added: 0x000001fd22b7c870
Event: 1.278 loading class java/lang/TypeNotPresentException
Event: 1.278 loading class java/lang/TypeNotPresentException done


Dynamic libraries:
0x00007ff61f4a0000 - 0x00007ff61f4ae000 	c:\Users\alhdh\.vscode\extensions\redhat.java-1.30.0-win32-x64\jre\17.0.10-win32-x86_64\bin\java.exe
0x00007ffabeb70000 - 0x00007ffabed68000 	C:\Windows\SYSTEM32\ntdll.dll
0x00007ffa979b0000 - 0x00007ffa979c9000 	C:\Program Files\Avast Software\Avast\aswhook.dll
0x00007ffabd720000 - 0x00007ffabd7dd000 	C:\Windows\System32\KERNEL32.DLL
0x00007ffabc410000 - 0x00007ffabc706000 	C:\Windows\System32\KERNELBASE.dll
0x00007ffabc780000 - 0x00007ffabc880000 	C:\Windows\System32\ucrtbase.dll
0x00007ffaa4ab0000 - 0x00007ffaa4ac7000 	c:\Users\alhdh\.vscode\extensions\redhat.java-1.30.0-win32-x64\jre\17.0.10-win32-x86_64\bin\jli.dll
0x00007ffa9bc50000 - 0x00007ffa9bc6b000 	c:\Users\alhdh\.vscode\extensions\redhat.java-1.30.0-win32-x64\jre\17.0.10-win32-x86_64\bin\VCRUNTIME140.dll
0x00007ffabda60000 - 0x00007ffabdbfe000 	C:\Windows\System32\USER32.dll
0x00007ffaa7520000 - 0x00007ffaa77ba000 	C:\Windows\WinSxS\amd64_microsoft.windows.common-controls_6595b64144ccf1df_6.0.19041.3636_none_60b6a03d71f818d5\COMCTL32.dll
0x00007ffabc8d0000 - 0x00007ffabc8f2000 	C:\Windows\System32\win32u.dll
0x00007ffabe620000 - 0x00007ffabe6be000 	C:\Windows\System32\msvcrt.dll
0x00007ffabe5f0000 - 0x00007ffabe61c000 	C:\Windows\System32\GDI32.dll
0x00007ffabc240000 - 0x00007ffabc35a000 	C:\Windows\System32\gdi32full.dll
0x00007ffabcb20000 - 0x00007ffabcbbd000 	C:\Windows\System32\msvcp_win.dll
0x00007ffabcbc0000 - 0x00007ffabcbf0000 	C:\Windows\System32\IMM32.DLL
0x00007ffab7940000 - 0x00007ffab794c000 	c:\Users\alhdh\.vscode\extensions\redhat.java-1.30.0-win32-x64\jre\17.0.10-win32-x86_64\bin\vcruntime140_1.dll
0x00007ffa91880000 - 0x00007ffa9190d000 	c:\Users\alhdh\.vscode\extensions\redhat.java-1.30.0-win32-x64\jre\17.0.10-win32-x86_64\bin\msvcp140.dll
0x00007ffa42440000 - 0x00007ffa430a2000 	c:\Users\alhdh\.vscode\extensions\redhat.java-1.30.0-win32-x64\jre\17.0.10-win32-x86_64\bin\server\jvm.dll
0x00007ffabd3a0000 - 0x00007ffabd453000 	C:\Windows\System32\ADVAPI32.dll
0x00007ffabdfc0000 - 0x00007ffabe05f000 	C:\Windows\System32\sechost.dll
0x00007ffabe060000 - 0x00007ffabe186000 	C:\Windows\System32\RPCRT4.dll
0x00007ffabcaf0000 - 0x00007ffabcb17000 	C:\Windows\System32\bcrypt.dll
0x00007ffaa2a60000 - 0x00007ffaa2a69000 	C:\Windows\SYSTEM32\WSOCK32.dll
0x00007ffabb7a0000 - 0x00007ffabb7eb000 	C:\Windows\SYSTEM32\POWRPROF.dll
0x00007ffaa5780000 - 0x00007ffaa57a7000 	C:\Windows\SYSTEM32\WINMM.dll
0x00007ffab1b30000 - 0x00007ffab1b3a000 	C:\Windows\SYSTEM32\VERSION.dll
0x00007ffabe190000 - 0x00007ffabe1fb000 	C:\Windows\System32\WS2_32.dll
0x00007ffabb610000 - 0x00007ffabb622000 	C:\Windows\SYSTEM32\UMPDC.dll
0x00007ffabaa40000 - 0x00007ffabaa52000 	C:\Windows\SYSTEM32\kernel.appcore.dll
0x00007ffaa6ea0000 - 0x00007ffaa6eaa000 	c:\Users\alhdh\.vscode\extensions\redhat.java-1.30.0-win32-x64\jre\17.0.10-win32-x86_64\bin\jimage.dll
0x00007ffaba730000 - 0x00007ffaba914000 	C:\Windows\SYSTEM32\DBGHELP.DLL
0x00007ffab1970000 - 0x00007ffab19a4000 	C:\Windows\SYSTEM32\dbgcore.DLL
0x00007ffabc900000 - 0x00007ffabc982000 	C:\Windows\System32\bcryptPrimitives.dll
0x00007ffaa6ca0000 - 0x00007ffaa6cae000 	c:\Users\alhdh\.vscode\extensions\redhat.java-1.30.0-win32-x64\jre\17.0.10-win32-x86_64\bin\instrument.dll
0x00007ffa91850000 - 0x00007ffa91875000 	c:\Users\alhdh\.vscode\extensions\redhat.java-1.30.0-win32-x64\jre\17.0.10-win32-x86_64\bin\java.dll
0x00007ffa974b0000 - 0x00007ffa974c8000 	c:\Users\alhdh\.vscode\extensions\redhat.java-1.30.0-win32-x64\jre\17.0.10-win32-x86_64\bin\zip.dll
0x00007ffabcc50000 - 0x00007ffabd395000 	C:\Windows\System32\SHELL32.dll
0x00007ffab9ed0000 - 0x00007ffaba66b000 	C:\Windows\SYSTEM32\windows.storage.dll
0x00007ffabe290000 - 0x00007ffabe5e4000 	C:\Windows\System32\combase.dll
0x00007ffabbb90000 - 0x00007ffabbbbd000 	C:\Windows\SYSTEM32\Wldp.dll
0x00007ffabd8c0000 - 0x00007ffabd96d000 	C:\Windows\System32\SHCORE.dll
0x00007ffabdf60000 - 0x00007ffabdfb5000 	C:\Windows\System32\shlwapi.dll
0x00007ffabc170000 - 0x00007ffabc195000 	C:\Windows\SYSTEM32\profapi.dll
0x00007ffa96a40000 - 0x00007ffa96a59000 	C:\Users\alhdh\.vscode\extensions\redhat.java-1.30.0-win32-x64\jre\17.0.10-win32-x86_64\bin\net.dll
0x00007ffab66e0000 - 0x00007ffab67ea000 	C:\Windows\SYSTEM32\WINHTTP.dll
0x00007ffabb970000 - 0x00007ffabb9da000 	C:\Windows\system32\mswsock.dll
0x00007ffa96710000 - 0x00007ffa96726000 	C:\Users\alhdh\.vscode\extensions\redhat.java-1.30.0-win32-x64\jre\17.0.10-win32-x86_64\bin\nio.dll
0x00007ffaa6b70000 - 0x00007ffaa6b80000 	c:\Users\alhdh\.vscode\extensions\redhat.java-1.30.0-win32-x64\jre\17.0.10-win32-x86_64\bin\verify.dll

dbghelp: loaded successfully - version: 4.0.5 - missing functions: none
symbol engine: initialized successfully - sym options: 0x614 - pdb path: .;c:\Users\alhdh\.vscode\extensions\redhat.java-1.30.0-win32-x64\jre\17.0.10-win32-x86_64\bin;C:\Windows\SYSTEM32;C:\Program Files\Avast Software\Avast;C:\Windows\WinSxS\amd64_microsoft.windows.common-controls_6595b64144ccf1df_6.0.19041.3636_none_60b6a03d71f818d5;c:\Users\alhdh\.vscode\extensions\redhat.java-1.30.0-win32-x64\jre\17.0.10-win32-x86_64\bin\server

VM Arguments:
jvm_args: --add-modules=ALL-SYSTEM --add-opens=java.base/java.util=ALL-UNNAMED --add-opens=java.base/java.lang=ALL-UNNAMED --add-opens=java.base/sun.nio.fs=ALL-UNNAMED -Declipse.application=org.eclipse.jdt.ls.core.id1 -Dosgi.bundles.defaultStartLevel=4 -Declipse.product=org.eclipse.jdt.ls.core.product -Djava.import.generatesMetadataFilesAtProjectRoot=false -DDetectVMInstallationsJob.disabled=true -Dfile.encoding=utf8 -XX:+UseParallelGC -XX:GCTimeRatio=4 -XX:AdaptiveSizePolicyWeight=90 -Dsun.zip.disableMemoryMapping=true -Xmx1G -Xms100m -Xlog:disable -javaagent:c:\Users\alhdh\.vscode\extensions\redhat.java-1.30.0-win32-x64\lombok\lombok-1.18.32.jar 
java_command: c:\Users\alhdh\.vscode\extensions\redhat.java-1.30.0-win32-x64\server\plugins\org.eclipse.equinox.launcher_1.6.800.v20240330-1250.jar -configuration c:\Users\alhdh\AppData\Roaming\Code\User\globalStorage\redhat.java\1.30.0\config_ss_win -data c:\Users\alhdh\AppData\Roaming\Code\User\workspaceStorage\37dba57fa1d58a1a3d36af18158eedda\redhat.java\ss_ws --pipe=\\.\pipe\lsp-cfcb85d085a6a0d4cf1c03cc6902d5eb-sock
java_class_path (initial): c:\Users\alhdh\.vscode\extensions\redhat.java-1.30.0-win32-x64\server\plugins\org.eclipse.equinox.launcher_1.6.800.v20240330-1250.jar
Launcher Type: SUN_STANDARD

[Global flags]
    uintx AdaptiveSizePolicyWeight                 = 90                                        {product} {command line}
     intx CICompilerCount                          = 4                                         {product} {ergonomic}
    uintx GCTimeRatio                              = 4                                         {product} {command line}
   size_t InitialHeapSize                          = 104857600                                 {product} {command line}
   size_t MaxHeapSize                              = 1073741824                                {product} {command line}
   size_t MaxNewSize                               = 357564416                                 {product} {ergonomic}
   size_t MinHeapDeltaBytes                        = 524288                                    {product} {ergonomic}
   size_t MinHeapSize                              = 104857600                                 {product} {command line}
   size_t NewSize                                  = 34603008                                  {product} {ergonomic}
    uintx NonNMethodCodeHeapSize                   = 5839372                                {pd product} {ergonomic}
    uintx NonProfiledCodeHeapSize                  = 122909434                              {pd product} {ergonomic}
   size_t OldSize                                  = 70254592                                  {product} {ergonomic}
    uintx ProfiledCodeHeapSize                     = 122909434                              {pd product} {ergonomic}
    uintx ReservedCodeCacheSize                    = 251658240                              {pd product} {ergonomic}
     bool SegmentedCodeCache                       = true                                      {product} {ergonomic}
   size_t SoftMaxHeapSize                          = 1073741824                             {manageable} {ergonomic}
     bool UseCompressedClassPointers               = true                           {product lp64_product} {ergonomic}
     bool UseCompressedOops                        = true                           {product lp64_product} {ergonomic}
     bool UseLargePagesIndividualAllocation        = false                                  {pd product} {ergonomic}
     bool UseParallelGC                            = true                                      {product} {command line}

Logging:
Log output configuration:
 #0: stdout all=off uptime,level,tags
 #1: stderr all=off uptime,level,tags

Environment Variables:
JAVA_HOME=C:\Program Files\Java\jdk-17
CLASSPATH=.;
PATH=C:\Program Files\Microsoft MPI\Bin\;C:\Python311\Scripts\;C:\Python311\;C:\Program Files\Common Files\Oracle\Java\javapath;C:\Program Files (x86)\Common Files\Oracle\Java\javapath;D:\WATCOM\BINNT;D:\WATCOM\BINW;C:\Windows\system32;C:\Windows;C:\Windows\System32\Wbem;C:\Windows\System32\WindowsPowerShell\v1.0\;C:\Windows\System32\OpenSSH\;C:\Program Files\dotnet\;C:\Program Files\Microsoft SQL Server\130\Tools\Binn\;C:\Program Files\Microsoft SQL Server\Client SDK\ODBC\170\Tools\Binn\;C:\Program Files\Azure Data Studio\bin;C:\Program Files (x86)\Microsoft SQL Server\150\Tools\Binn\;C:\Program Files\Microsoft SQL Server\150\Tools\Binn\;C:\Program Files\Microsoft SQL Server\150\DTS\Binn\;C:\Program Files (x86)\Microsoft SQL Server\150\DTS\Binn\;D:\Latex\miktex\bin\x64\;C:\Program Files (x86)\IVI Foundation\VISA\WinNT\Bin\;C:\Program Files\IVI Foundation\VISA\Win64\Bin\;D:\Shared\LabVIEW CLI;C:\Program Files\Amazon\AWSCLIV2\;C:\Program Files\PuTTY\;C:\ProgramData\chocolatey\bin;C:\Program Files\Git\cmd;C:\Program Files\Java\jdk1.8.0_211\bin;C:\Program Files\CMake\bin;C:\Program Files\nodejs\;C:\Program Files (x86)\PDFtk\bin\;%MPJ_HOME%\bin;C:\ProgramData\chocolatey\lib\maven\apache-maven-3.9.6\bin;;C:\Program Files\Docker\Docker\resources\bin;C:\GnuWin32\bin;C:\ProgramData\chocolatey\lib\maven\apache-maven-3.9.6\bin;C:\dummy\mpj-v0_44\mpj-v0_44\bin;C:\Program Files\Java\jdk-11\bin;C:\Program Files\MySQL\MySQL Shell 8.0\bin\;D:\WATCOM\BINNT;D:\WATCOM\BINW;C:\Windows\system32;C:\Windows;C:\Windows\System32\Wbem;C:\Windows\System32\WindowsPowerShell\v1.0\;C:\Windows\System32\OpenSSH\;C:\Program Files (x86)\IncrediBuild;C:\Program Files\dotnet\;C:\Program Files\Microsoft SQL Server\130\Tools\Binn\;C:\Program Files\Microsoft SQL Server\Client SDK\ODBC\170\Tools\Binn\;C:\Program Files\Azure Data Studio\bin;C:\Program Files (x86)\Microsoft SQL Server\150\Tools\Binn\;C:\Program Files\Microsoft SQL Server\150\Tools\Binn\;C:\Program Files\Microsoft SQL Server\150\DTS\Binn\;C:\P
USERNAME=alhdh
OS=Windows_NT
PROCESSOR_IDENTIFIER=Intel64 Family 6 Model 158 Stepping 10, GenuineIntel
TMP=C:\Users\alhdh\AppData\Local\Temp
TEMP=C:\Users\alhdh\AppData\Local\Temp



Periodic native trim disabled


---------------  S Y S T E M  ---------------

OS:
 Windows 10 , 64 bit Build 19041 (10.0.19041.3636)
OS uptime: 0 days 0:57 hours
Hyper-V role detected

CPU: total 12 (initial active 12) (6 cores per cpu, 2 threads per core) family 6 model 158 stepping 10 microcode 0xf0, cx8, cmov, fxsr, ht, mmx, 3dnowpref, sse, sse2, sse3, ssse3, sse4.1, sse4.2, popcnt, lzcnt, tsc, tscinvbit, avx, avx2, aes, erms, clmul, bmi1, bmi2, adx, fma, vzeroupper, clflush, clflushopt, hv
Processor Information for all 12 processors :
  Max Mhz: 2592, Current Mhz: 2592, Mhz Limit: 2592

Memory: 4k page, system-wide physical 8008M (1668M free)
TotalPageFile size 10958M (AvailPageFile size 4M)
current process WorkingSet (physical memory assigned to process): 80M, peak: 80M
current process commit charge ("private bytes"): 209M, peak: 209M

vm_info: OpenJDK 64-Bit Server VM (17.0.10+7) for windows-amd64 JRE (17.0.10+7), built on Jan 16 2024 23:25:11 by "admin" with MS VC++ 16.10 / 16.11 (VS2019)

END.
