#
# There is insufficient memory for the Java Runtime Environment to continue.
# Native memory allocation (malloc) failed to allocate 908576 bytes for Chunk::new
# Possible reasons:
#   The system is out of physical RAM or swap space
#   The process is running with CompressedOops enabled, and the Java Heap may be blocking the growth of the native heap
# Possible solutions:
#   Reduce memory load on the system
#   Increase physical memory or swap space
#   Check if swap backing store is full
#   Decrease Java heap size (-Xmx/-Xms)
#   Decrease number of Java threads
#   Decrease Java thread stack sizes (-Xss)
#   Set larger code cache with -XX:ReservedCodeCacheSize=
#   JVM is running with Unscaled Compressed Oops mode in which the Java heap is
#     placed in the first 4GB address space. The Java Heap base address is the
#     maximum limit for the native heap growth. Please use -XX:HeapBaseMinAddress
#     to set the Java Heap base and to place the Java Heap above 4GB virtual address.
# This output file may be truncated or incomplete.
#
#  Out of Memory Error (arena.cpp:191), pid=15028, tid=20736
#
# JRE version: OpenJDK Runtime Environment Temurin-17.0.10+7 (17.0.10+7) (build 17.0.10+7)
# Java VM: OpenJDK 64-Bit Server VM Temurin-17.0.10+7 (17.0.10+7, mixed mode, tiered, compressed oops, compressed class ptrs, parallel gc, windows-amd64)
# No core dump will be written. Minidumps are not enabled by default on client versions of Windows
#

---------------  S U M M A R Y ------------

Command Line: --add-modules=ALL-SYSTEM --add-opens=java.base/java.util=ALL-UNNAMED --add-opens=java.base/java.lang=ALL-UNNAMED --add-opens=java.base/sun.nio.fs=ALL-UNNAMED -Declipse.application=org.eclipse.jdt.ls.core.id1 -Dosgi.bundles.defaultStartLevel=4 -Declipse.product=org.eclipse.jdt.ls.core.product -Djava.import.generatesMetadataFilesAtProjectRoot=false -DDetectVMInstallationsJob.disabled=true -Dfile.encoding=utf8 -XX:+UseParallelGC -XX:GCTimeRatio=4 -XX:AdaptiveSizePolicyWeight=90 -Dsun.zip.disableMemoryMapping=true -Xmx1G -Xms100m -Xlog:disable -javaagent:c:\Users\alhdh\.vscode\extensions\redhat.java-1.30.0-win32-x64\lombok\lombok-1.18.32.jar -XX:+HeapDumpOnOutOfMemoryError -XX:HeapDumpPath=c:\Users\alhdh\AppData\Roaming\Code\User\workspaceStorage\37dba57fa1d58a1a3d36af18158eedda\redhat.java -Daether.dependencyCollector.impl=bf c:\Users\alhdh\.vscode\extensions\redhat.java-1.30.0-win32-x64\server\plugins\org.eclipse.equinox.launcher_1.6.800.v20240330-1250.jar -configuration c:\Users\alhdh\AppData\Roaming\Code\User\globalStorage\redhat.java\1.30.0\config_win -data c:\Users\alhdh\AppData\Roaming\Code\User\workspaceStorage\37dba57fa1d58a1a3d36af18158eedda\redhat.java\jdt_ws --pipe=\\.\pipe\lsp-9a30aab25fbc8e5b4e9f9f8b13de739a-sock

Host: Intel(R) Core(TM) i7-9750H CPU @ 2.60GHz, 12 cores, 7G,  Windows 10 , 64 bit Build 19041 (10.0.19041.3636)
Time: Sat May  4 00:25:55 2024 Egypt Daylight Time elapsed time: 23.300199 seconds (0d 0h 0m 23s)

---------------  T H R E A D  ---------------

Current thread (0x000002501a513980):  JavaThread "C2 CompilerThread0" daemon [_thread_in_native, id=20736, stack(0x0000008cf5b00000,0x0000008cf5c00000)]


Current CompileTask:
C2:  23300 7960       4       org.eclipse.jdt.internal.compiler.lookup.BinaryTypeBinding::createMethod (1724 bytes)

Stack: [0x0000008cf5b00000,0x0000008cf5c00000]
Native frames: (J=compiled Java code, j=interpreted, Vv=VM code, C=native code)
V  [jvm.dll+0x67d2c9]
V  [jvm.dll+0x834afa]
V  [jvm.dll+0x8365be]
V  [jvm.dll+0x836c23]
V  [jvm.dll+0x2477ff]
V  [jvm.dll+0xac514]
V  [jvm.dll+0xacb5c]
V  [jvm.dll+0x2aed1f]
V  [jvm.dll+0x584b67]
V  [jvm.dll+0x2228a2]
V  [jvm.dll+0x21b5cd]
V  [jvm.dll+0x219201]
V  [jvm.dll+0x1a502d]
V  [jvm.dll+0x2290de]
V  [jvm.dll+0x2272ac]
V  [jvm.dll+0x7e9bb7]
V  [jvm.dll+0x7e3fba]
V  [jvm.dll+0x67c1b5]
C  [ucrtbase.dll+0x21bb2]
C  [KERNEL32.DLL+0x17344]
C  [ntdll.dll+0x526b1]


---------------  P R O C E S S  ---------------

Threads class SMR info:
_java_thread_list=0x000002501c818b40, length=45, elements={
0x000002507f8a1d80, 0x000002501a4ef5f0, 0x00000250153e71d0, 0x00000250153eb940,
0x000002501a50c420, 0x000002501a50f2b0, 0x000002501a512c90, 0x000002501a513980,
0x000002501a553310, 0x000002501a570b30, 0x000002507f903d50, 0x000002501bd9fc20,
0x000002501c396590, 0x000002501c7a0360, 0x000002501c7a0840, 0x000002501cba32f0,
0x000002501ce77270, 0x000002501cc55ec0, 0x000002501cb8b450, 0x000002501cc57300,
0x000002501cc54a80, 0x000002501cc54f90, 0x000002501cc57810, 0x000002501cc54060,
0x000002501cc554a0, 0x000002501cc563d0, 0x000002501cc568e0, 0x000002501cc56df0,
0x000002501dff70c0, 0x000002501dff7ae0, 0x000002501dff9430, 0x000002501dff8500,
0x000002501dff75d0, 0x000002501dff6190, 0x000002501dff9940, 0x000002501dff4330,
0x000002501dff3400, 0x000002501dff7ff0, 0x000002501dff8a10, 0x000002501dff8f20,
0x000002501dff5260, 0x000002501dff2ef0, 0x000002501eed7060, 0x000002501eed0100,
0x000002501eed2980
}

Java Threads: ( => current thread )
  0x000002507f8a1d80 JavaThread "main" [_thread_blocked, id=14768, stack(0x0000008cf5200000,0x0000008cf5300000)]
  0x000002501a4ef5f0 JavaThread "Reference Handler" daemon [_thread_blocked, id=9624, stack(0x0000008cf5500000,0x0000008cf5600000)]
  0x00000250153e71d0 JavaThread "Finalizer" daemon [_thread_blocked, id=13224, stack(0x0000008cf5600000,0x0000008cf5700000)]
  0x00000250153eb940 JavaThread "Signal Dispatcher" daemon [_thread_blocked, id=9188, stack(0x0000008cf5700000,0x0000008cf5800000)]
  0x000002501a50c420 JavaThread "Attach Listener" daemon [_thread_blocked, id=5800, stack(0x0000008cf5800000,0x0000008cf5900000)]
  0x000002501a50f2b0 JavaThread "Service Thread" daemon [_thread_blocked, id=3900, stack(0x0000008cf5900000,0x0000008cf5a00000)]
  0x000002501a512c90 JavaThread "Monitor Deflation Thread" daemon [_thread_blocked, id=19744, stack(0x0000008cf5a00000,0x0000008cf5b00000)]
=>0x000002501a513980 JavaThread "C2 CompilerThread0" daemon [_thread_in_native, id=20736, stack(0x0000008cf5b00000,0x0000008cf5c00000)]
  0x000002501a553310 JavaThread "C1 CompilerThread0" daemon [_thread_blocked, id=21040, stack(0x0000008cf5c00000,0x0000008cf5d00000)]
  0x000002501a570b30 JavaThread "Sweeper thread" daemon [_thread_blocked, id=19932, stack(0x0000008cf5d00000,0x0000008cf5e00000)]
  0x000002507f903d50 JavaThread "Common-Cleaner" daemon [_thread_blocked, id=9120, stack(0x0000008cf5e00000,0x0000008cf5f00000)]
  0x000002501bd9fc20 JavaThread "Notification Thread" daemon [_thread_blocked, id=16604, stack(0x0000008cf6000000,0x0000008cf6100000)]
  0x000002501c396590 JavaThread "Active Thread: Equinox Container: 731e8b08-e439-4845-b7dc-51a4e389e678" [_thread_blocked, id=1796, stack(0x0000008cf6900000,0x0000008cf6a00000)]
  0x000002501c7a0360 JavaThread "Framework Event Dispatcher: Equinox Container: 731e8b08-e439-4845-b7dc-51a4e389e678" daemon [_thread_blocked, id=20468, stack(0x0000008cf6a00000,0x0000008cf6b00000)]
  0x000002501c7a0840 JavaThread "Start Level: Equinox Container: 731e8b08-e439-4845-b7dc-51a4e389e678" daemon [_thread_blocked, id=7300, stack(0x0000008cf6b00000,0x0000008cf6c00000)]
  0x000002501cba32f0 JavaThread "Bundle File Closer" daemon [_thread_blocked, id=13760, stack(0x0000008cf6800000,0x0000008cf6900000)]
  0x000002501ce77270 JavaThread "SCR Component Actor" daemon [_thread_blocked, id=16140, stack(0x0000008cf6d00000,0x0000008cf6e00000)]
  0x000002501cc55ec0 JavaThread "Worker-JM" [_thread_blocked, id=3316, stack(0x0000008cf7100000,0x0000008cf7200000)]
  0x000002501cb8b450 JavaThread "C2 CompilerThread1" daemon [_thread_in_native, id=13288, stack(0x0000008cf5f00000,0x0000008cf6000000)]
  0x000002501cc57300 JavaThread "Worker-0: Java indexing... " [_thread_blocked, id=4684, stack(0x0000008cf7200000,0x0000008cf7300000)]
  0x000002501cc54a80 JavaThread "Worker-1: Update project APT" [_thread_blocked, id=6916, stack(0x0000008cf7300000,0x0000008cf7400000)]
  0x000002501cc54f90 JavaThread "Worker-2" [_thread_blocked, id=15132, stack(0x0000008cf7400000,0x0000008cf7500000)]
  0x000002501cc57810 JavaThread "Java indexing" daemon [_thread_in_Java, id=13152, stack(0x0000008cf7600000,0x0000008cf7700000)]
  0x000002501cc54060 JavaThread "Worker-3: Refreshing workspace" [_thread_blocked, id=15912, stack(0x0000008cf7700000,0x0000008cf7800000)]
  0x000002501cc554a0 JavaThread "Worker-4: Building" [_thread_blocked, id=12028, stack(0x0000008cf7800000,0x0000008cf7900000)]
  0x000002501cc563d0 JavaThread "JNA Cleaner" daemon [_thread_blocked, id=20176, stack(0x0000008cf7900000,0x0000008cf7a00000)]
  0x000002501cc568e0 JavaThread "Thread-2" daemon [_thread_in_native, id=15000, stack(0x0000008cf7c00000,0x0000008cf7d00000)]
  0x000002501cc56df0 JavaThread "Thread-3" daemon [_thread_in_native, id=20512, stack(0x0000008cf7d00000,0x0000008cf7e00000)]
  0x000002501dff70c0 JavaThread "Thread-4" daemon [_thread_in_native, id=19660, stack(0x0000008cf7e00000,0x0000008cf7f00000)]
  0x000002501dff7ae0 JavaThread "Thread-5" daemon [_thread_in_native, id=13232, stack(0x0000008cf7f00000,0x0000008cf8000000)]
  0x000002501dff9430 JavaThread "Thread-6" daemon [_thread_in_native, id=19812, stack(0x0000008cf8000000,0x0000008cf8100000)]
  0x000002501dff8500 JavaThread "Thread-7" daemon [_thread_in_native, id=20976, stack(0x0000008cf8100000,0x0000008cf8200000)]
  0x000002501dff75d0 JavaThread "Thread-8" daemon [_thread_in_native, id=2252, stack(0x0000008cf8200000,0x0000008cf8300000)]
  0x000002501dff6190 JavaThread "Thread-9" daemon [_thread_in_native, id=8104, stack(0x0000008cf8300000,0x0000008cf8400000)]
  0x000002501dff9940 JavaThread "Thread-10" daemon [_thread_in_native, id=21288, stack(0x0000008cf8400000,0x0000008cf8500000)]
  0x000002501dff4330 JavaThread "Thread-11" daemon [_thread_in_native, id=11896, stack(0x0000008cf8500000,0x0000008cf8600000)]
  0x000002501dff3400 JavaThread "Thread-12" daemon [_thread_in_native, id=3008, stack(0x0000008cf8600000,0x0000008cf8700000)]
  0x000002501dff7ff0 JavaThread "Thread-13" daemon [_thread_in_native, id=16800, stack(0x0000008cf8700000,0x0000008cf8800000)]
  0x000002501dff8a10 JavaThread "Thread-14" daemon [_thread_in_native, id=14592, stack(0x0000008cf8800000,0x0000008cf8900000)]
  0x000002501dff8f20 JavaThread "pool-2-thread-1" [_thread_blocked, id=9256, stack(0x0000008cf8900000,0x0000008cf8a00000)]
  0x000002501dff5260 JavaThread "WorkspaceEventsHandler" [_thread_blocked, id=11788, stack(0x0000008cf8a00000,0x0000008cf8b00000)]
  0x000002501dff2ef0 JavaThread "pool-1-thread-1" [_thread_in_Java, id=4292, stack(0x0000008cf8b00000,0x0000008cf8c00000)]
  0x000002501eed7060 JavaThread "Worker-5" [_thread_blocked, id=13976, stack(0x0000008cf9800000,0x0000008cf9900000)]
  0x000002501eed0100 JavaThread "Worker-6" [_thread_blocked, id=13452, stack(0x0000008cf9900000,0x0000008cf9a00000)]
  0x000002501eed2980 JavaThread "Compiler Processing Task" daemon [_thread_in_Java, id=14432, stack(0x0000008cf6f00000,0x0000008cf7000000)]

Other Threads:
  0x000002507f94ed00 VMThread "VM Thread" [stack: 0x0000008cf5400000,0x0000008cf5500000] [id=3004]
  0x000002501bcdbc10 WatcherThread [stack: 0x0000008cf6100000,0x0000008cf6200000] [id=6836]
  0x000002507f8b6890 GCTaskThread "GC Thread#0" [stack: 0x0000008cf5300000,0x0000008cf5400000] [id=8064]
  0x000002501c3c3fd0 GCTaskThread "GC Thread#1" [stack: 0x0000008cf6200000,0x0000008cf6300000] [id=14840]
  0x000002501c3c4aa0 GCTaskThread "GC Thread#2" [stack: 0x0000008cf6300000,0x0000008cf6400000] [id=1136]
  0x000002501c3dc840 GCTaskThread "GC Thread#3" [stack: 0x0000008cf6400000,0x0000008cf6500000] [id=13184]
  0x000002501c3dcb00 GCTaskThread "GC Thread#4" [stack: 0x0000008cf6500000,0x0000008cf6600000] [id=5228]
  0x000002501c2cd6f0 GCTaskThread "GC Thread#5" [stack: 0x0000008cf6600000,0x0000008cf6700000] [id=21148]
  0x000002501c2cd9b0 GCTaskThread "GC Thread#6" [stack: 0x0000008cf6700000,0x0000008cf6800000] [id=1264]
  0x000002501c7cc270 GCTaskThread "GC Thread#7" [stack: 0x0000008cf6c00000,0x0000008cf6d00000] [id=16480]
  0x000002501c98e0d0 GCTaskThread "GC Thread#8" [stack: 0x0000008cf6e00000,0x0000008cf6f00000] [id=7392]
  0x000002501cbf2eb0 GCTaskThread "GC Thread#9" [stack: 0x0000008cf7000000,0x0000008cf7100000] [id=15172]

Threads with active compile tasks:
C2 CompilerThread0    23428 7960       4       org.eclipse.jdt.internal.compiler.lookup.BinaryTypeBinding::createMethod (1724 bytes)
C2 CompilerThread1    23429 8002       4       org.eclipse.jdt.internal.compiler.impl.CompilerOptions::versionFromJdkLevel (204 bytes)

VM state: not at safepoint (normal execution)

VM Mutex/Monitor currently owned by a thread: None

Heap address: 0x00000000c0000000, size: 1024 MB, Compressed Oops mode: 32-bit

CDS archive(s) not mapped
Compressed class space mapped at: 0x0000000100000000-0x0000000140000000, reserved size: 1073741824
Narrow klass base: 0x0000000000000000, Narrow klass shift: 3, Narrow klass range: 0x140000000

GC Precious Log:
 CPUs: 12 total, 12 available
 Memory: 8008M
 Large Page Support: Disabled
 NUMA Support: Disabled
 Compressed Oops: Enabled (32-bit)
 Alignments: Space 512K, Generation 512K, Heap 2M
 Heap Min Capacity: 100M
 Heap Initial Capacity: 100M
 Heap Max Capacity: 1G
 Pre-touch: Disabled
 Parallel Workers: 10

Heap:
 PSYoungGen      total 19968K, used 19325K [0x00000000eab00000, 0x00000000ec080000, 0x0000000100000000)
  eden space 18432K, 99% used [0x00000000eab00000,0x00000000ebcfa790,0x00000000ebd00000)
  from space 1536K, 75% used [0x00000000ebf00000,0x00000000ec023138,0x00000000ec080000)
  to   space 1536K, 0% used [0x00000000ebd80000,0x00000000ebd80000,0x00000000ebf00000)
 ParOldGen       total 68608K, used 45014K [0x00000000c0000000, 0x00000000c4300000, 0x00000000eab00000)
  object space 68608K, 65% used [0x00000000c0000000,0x00000000c2bf5980,0x00000000c4300000)
 Metaspace       used 62982K, committed 64192K, reserved 1114112K
  class space    used 6706K, committed 7232K, reserved 1048576K

Card table byte_map: [0x000002507fb30000,0x000002507fd40000] _byte_map_base: 0x000002507f530000

Marking Bits: (ParMarkBitMap*) 0x00007ffe0bc8d7d0
 Begin Bits: [0x0000025012ff0000, 0x0000025013ff0000)
 End Bits:   [0x0000025013ff0000, 0x0000025014ff0000)

Polling page: 0x000002507f410000

Metaspace:

Usage:
  Non-class:     54.96 MB used.
      Class:      6.55 MB used.
       Both:     61.51 MB used.

Virtual space:
  Non-class space:       64.00 MB reserved,      55.62 MB ( 87%) committed,  1 nodes.
      Class space:        1.00 GB reserved,       7.06 MB ( <1%) committed,  1 nodes.
             Both:        1.06 GB reserved,      62.69 MB (  6%) committed. 

Chunk freelists:
   Non-Class:  8.31 MB
       Class:  8.94 MB
        Both:  17.25 MB

MaxMetaspaceSize: unlimited
CompressedClassSpaceSize: 1.00 GB
Initial GC threshold: 21.00 MB
Current GC threshold: 97.31 MB
CDS: off
MetaspaceReclaimPolicy: balanced
 - commit_granule_bytes: 65536.
 - commit_granule_words: 8192.
 - virtual_space_node_default_size: 8388608.
 - enlarge_chunks_in_place: 1.
 - new_chunks_are_fully_committed: 0.
 - uncommit_free_chunks: 1.
 - use_allocation_guard: 0.
 - handle_deallocations: 1.


Internal statistics:

num_allocs_failed_limit: 11.
num_arena_births: 782.
num_arena_deaths: 14.
num_vsnodes_births: 2.
num_vsnodes_deaths: 0.
num_space_committed: 1003.
num_space_uncommitted: 0.
num_chunks_returned_to_freelist: 25.
num_chunks_taken_from_freelist: 3506.
num_chunk_merges: 16.
num_chunk_splits: 2053.
num_chunks_enlarged: 995.
num_inconsistent_stats: 0.

CodeHeap 'non-profiled nmethods': size=120000Kb used=4362Kb max_used=4362Kb free=115638Kb
 bounds [0x000002500bac0000, 0x000002500bf10000, 0x0000025012ff0000]
CodeHeap 'profiled nmethods': size=120000Kb used=15443Kb max_used=15443Kb free=104556Kb
 bounds [0x0000025003ff0000, 0x0000025004f10000, 0x000002500b520000]
CodeHeap 'non-nmethods': size=5760Kb used=1348Kb max_used=1428Kb free=4411Kb
 bounds [0x000002500b520000, 0x000002500b790000, 0x000002500bac0000]
 total_blobs=7776 nmethods=7087 adapters=602
 compilation: enabled
              stopped_count=0, restarted_count=0
 full_count=0

Compilation events (20 events):
Event: 23.221 Thread 0x000002501a553310 7990       3       org.eclipse.jdt.internal.compiler.lookup.BinaryTypeBinding::provideSyntheticEEA (116 bytes)
Event: 23.221 Thread 0x000002501cb8b450 nmethod 7969 0x000002500befcc10 code [0x000002500befcda0, 0x000002500befd338]
Event: 23.222 Thread 0x000002501cb8b450 7978       4       jdk.internal.jimage.ImageStringsReader::stringFromByteBufferMatches (138 bytes)
Event: 23.223 Thread 0x000002501a553310 nmethod 7990 0x0000025004efa210 code [0x0000025004efa440, 0x0000025004efab98]
Event: 23.224 Thread 0x000002501a553310 7991       3       java.text.Format::<init> (5 bytes)
Event: 23.224 Thread 0x000002501a553310 nmethod 7991 0x0000025004efae90 code [0x0000025004efb020, 0x0000025004efb178]
Event: 23.234 Thread 0x000002501a553310 7992       3       org.eclipse.jdt.internal.compiler.lookup.ReferenceBinding$3::compare (46 bytes)
Event: 23.235 Thread 0x000002501a553310 nmethod 7992 0x0000025004efb210 code [0x0000025004efb3c0, 0x0000025004efb588]
Event: 23.236 Thread 0x000002501cb8b450 nmethod 7978 0x000002500befd590 code [0x000002500befd720, 0x000002500befdaa8]
Event: 23.236 Thread 0x000002501cb8b450 7976       4       jdk.internal.org.objectweb.asm.SymbolTable::addType (81 bytes)
Event: 23.237 Thread 0x000002501a553310 7993       3       java.util.stream.MatchOps$1MatchSink::accept (44 bytes)
Event: 23.238 Thread 0x000002501a553310 nmethod 7993 0x0000025004efb710 code [0x0000025004efb8c0, 0x0000025004efbb28]
Event: 23.240 Thread 0x000002501a553310 7994       3       org.eclipse.jdt.internal.core.JavaElement::getChildren (26 bytes)
Event: 23.240 Thread 0x000002501a553310 nmethod 7994 0x0000025004efbc10 code [0x0000025004efbe00, 0x0000025004efc438]
Event: 23.250 Thread 0x000002501a553310 7995   !   3       java.text.MessageFormat::makeFormat (656 bytes)
Event: 23.260 Thread 0x000002501a553310 nmethod 7995 0x0000025004efc590 code [0x0000025004efcbc0, 0x0000025004effd68]
Event: 23.263 Thread 0x000002501a553310 7996       3       java.lang.Class::getField0 (99 bytes)
Event: 23.264 Thread 0x000002501a553310 nmethod 7996 0x0000025004f01290 code [0x0000025004f014c0, 0x0000025004f019e8]
Event: 23.292 Thread 0x000002501a553310 7997       3       java.lang.Class::privateGetDeclaredFields (64 bytes)
Event: 23.293 Thread 0x000002501a553310 nmethod 7997 0x0000025004f01c10 code [0x0000025004f01e20, 0x0000025004f02558]

GC Heap History (20 events):
Event: 17.933 GC heap before
{Heap before GC invocations=32 (full 3):
 PSYoungGen      total 18944K, used 18432K [0x00000000eab00000, 0x00000000ebe80000, 0x0000000100000000)
  eden space 18432K, 100% used [0x00000000eab00000,0x00000000ebd00000,0x00000000ebd00000)
  from space 512K, 0% used [0x00000000ebe00000,0x00000000ebe00000,0x00000000ebe80000)
  to   space 512K, 0% used [0x00000000ebd80000,0x00000000ebd80000,0x00000000ebe00000)
 ParOldGen       total 68608K, used 33638K [0x00000000c0000000, 0x00000000c4300000, 0x00000000eab00000)
  object space 68608K, 49% used [0x00000000c0000000,0x00000000c20d9a58,0x00000000c4300000)
 Metaspace       used 58841K, committed 60032K, reserved 1114112K
  class space    used 6337K, committed 6848K, reserved 1048576K
}
Event: 17.938 GC heap after
{Heap after GC invocations=32 (full 3):
 PSYoungGen      total 18944K, used 495K [0x00000000eab00000, 0x00000000ec100000, 0x0000000100000000)
  eden space 18432K, 0% used [0x00000000eab00000,0x00000000eab00000,0x00000000ebd00000)
  from space 512K, 96% used [0x00000000ebd80000,0x00000000ebdfbe28,0x00000000ebe00000)
  to   space 2048K, 0% used [0x00000000ebf00000,0x00000000ebf00000,0x00000000ec100000)
 ParOldGen       total 68608K, used 34633K [0x00000000c0000000, 0x00000000c4300000, 0x00000000eab00000)
  object space 68608K, 50% used [0x00000000c0000000,0x00000000c21d2668,0x00000000c4300000)
 Metaspace       used 58841K, committed 60032K, reserved 1114112K
  class space    used 6337K, committed 6848K, reserved 1048576K
}
Event: 18.274 GC heap before
{Heap before GC invocations=33 (full 3):
 PSYoungGen      total 18944K, used 18927K [0x00000000eab00000, 0x00000000ec100000, 0x0000000100000000)
  eden space 18432K, 100% used [0x00000000eab00000,0x00000000ebd00000,0x00000000ebd00000)
  from space 512K, 96% used [0x00000000ebd80000,0x00000000ebdfbe28,0x00000000ebe00000)
  to   space 2048K, 0% used [0x00000000ebf00000,0x00000000ebf00000,0x00000000ec100000)
 ParOldGen       total 68608K, used 34633K [0x00000000c0000000, 0x00000000c4300000, 0x00000000eab00000)
  object space 68608K, 50% used [0x00000000c0000000,0x00000000c21d2668,0x00000000c4300000)
 Metaspace       used 59123K, committed 60288K, reserved 1114112K
  class space    used 6344K, committed 6848K, reserved 1048576K
}
Event: 18.275 GC heap after
{Heap after GC invocations=33 (full 3):
 PSYoungGen      total 18944K, used 416K [0x00000000eab00000, 0x00000000ebf80000, 0x0000000100000000)
  eden space 18432K, 0% used [0x00000000eab00000,0x00000000eab00000,0x00000000ebd00000)
  from space 512K, 81% used [0x00000000ebf00000,0x00000000ebf68010,0x00000000ebf80000)
  to   space 1024K, 0% used [0x00000000ebd80000,0x00000000ebd80000,0x00000000ebe80000)
 ParOldGen       total 68608K, used 34905K [0x00000000c0000000, 0x00000000c4300000, 0x00000000eab00000)
  object space 68608K, 50% used [0x00000000c0000000,0x00000000c2216668,0x00000000c4300000)
 Metaspace       used 59123K, committed 60288K, reserved 1114112K
  class space    used 6344K, committed 6848K, reserved 1048576K
}
Event: 18.857 GC heap before
{Heap before GC invocations=34 (full 3):
 PSYoungGen      total 18944K, used 18848K [0x00000000eab00000, 0x00000000ebf80000, 0x0000000100000000)
  eden space 18432K, 100% used [0x00000000eab00000,0x00000000ebd00000,0x00000000ebd00000)
  from space 512K, 81% used [0x00000000ebf00000,0x00000000ebf68010,0x00000000ebf80000)
  to   space 1024K, 0% used [0x00000000ebd80000,0x00000000ebd80000,0x00000000ebe80000)
 ParOldGen       total 68608K, used 34905K [0x00000000c0000000, 0x00000000c4300000, 0x00000000eab00000)
  object space 68608K, 50% used [0x00000000c0000000,0x00000000c2216668,0x00000000c4300000)
 Metaspace       used 60232K, committed 61376K, reserved 1114112K
  class space    used 6465K, committed 6976K, reserved 1048576K
}
Event: 18.859 GC heap after
{Heap after GC invocations=34 (full 3):
 PSYoungGen      total 19456K, used 1019K [0x00000000eab00000, 0x00000000ec600000, 0x0000000100000000)
  eden space 18432K, 0% used [0x00000000eab00000,0x00000000eab00000,0x00000000ebd00000)
  from space 1024K, 99% used [0x00000000ebd80000,0x00000000ebe7ee30,0x00000000ebe80000)
  to   space 4608K, 0% used [0x00000000ec180000,0x00000000ec180000,0x00000000ec600000)
 ParOldGen       total 68608K, used 37502K [0x00000000c0000000, 0x00000000c4300000, 0x00000000eab00000)
  object space 68608K, 54% used [0x00000000c0000000,0x00000000c249fb20,0x00000000c4300000)
 Metaspace       used 60232K, committed 61376K, reserved 1114112K
  class space    used 6465K, committed 6976K, reserved 1048576K
}
Event: 19.689 GC heap before
{Heap before GC invocations=35 (full 3):
 PSYoungGen      total 19456K, used 19451K [0x00000000eab00000, 0x00000000ec600000, 0x0000000100000000)
  eden space 18432K, 100% used [0x00000000eab00000,0x00000000ebd00000,0x00000000ebd00000)
  from space 1024K, 99% used [0x00000000ebd80000,0x00000000ebe7ee30,0x00000000ebe80000)
  to   space 4608K, 0% used [0x00000000ec180000,0x00000000ec180000,0x00000000ec600000)
 ParOldGen       total 68608K, used 37502K [0x00000000c0000000, 0x00000000c4300000, 0x00000000eab00000)
  object space 68608K, 54% used [0x00000000c0000000,0x00000000c249fb20,0x00000000c4300000)
 Metaspace       used 61114K, committed 62336K, reserved 1114112K
  class space    used 6557K, committed 7104K, reserved 1048576K
}
Event: 19.692 GC heap after
{Heap after GC invocations=35 (full 3):
 PSYoungGen      total 20992K, used 2050K [0x00000000eab00000, 0x00000000ec400000, 0x0000000100000000)
  eden space 18432K, 0% used [0x00000000eab00000,0x00000000eab00000,0x00000000ebd00000)
  from space 2560K, 80% used [0x00000000ec180000,0x00000000ec380b40,0x00000000ec400000)
  to   space 3072K, 0% used [0x00000000ebe00000,0x00000000ebe00000,0x00000000ec100000)
 ParOldGen       total 68608K, used 38368K [0x00000000c0000000, 0x00000000c4300000, 0x00000000eab00000)
  object space 68608K, 55% used [0x00000000c0000000,0x00000000c2578280,0x00000000c4300000)
 Metaspace       used 61114K, committed 62336K, reserved 1114112K
  class space    used 6557K, committed 7104K, reserved 1048576K
}
Event: 19.870 GC heap before
{Heap before GC invocations=36 (full 3):
 PSYoungGen      total 20992K, used 20482K [0x00000000eab00000, 0x00000000ec400000, 0x0000000100000000)
  eden space 18432K, 100% used [0x00000000eab00000,0x00000000ebd00000,0x00000000ebd00000)
  from space 2560K, 80% used [0x00000000ec180000,0x00000000ec380b40,0x00000000ec400000)
  to   space 3072K, 0% used [0x00000000ebe00000,0x00000000ebe00000,0x00000000ec100000)
 ParOldGen       total 68608K, used 38368K [0x00000000c0000000, 0x00000000c4300000, 0x00000000eab00000)
  object space 68608K, 55% used [0x00000000c0000000,0x00000000c2578280,0x00000000c4300000)
 Metaspace       used 61187K, committed 62400K, reserved 1114112K
  class space    used 6562K, committed 7104K, reserved 1048576K
}
Event: 19.877 GC heap after
{Heap after GC invocations=36 (full 3):
 PSYoungGen      total 20480K, used 1728K [0x00000000eab00000, 0x00000000ec200000, 0x0000000100000000)
  eden space 18432K, 0% used [0x00000000eab00000,0x00000000eab00000,0x00000000ebd00000)
  from space 2048K, 84% used [0x00000000ebe00000,0x00000000ebfb0000,0x00000000ec000000)
  to   space 2048K, 0% used [0x00000000ec000000,0x00000000ec000000,0x00000000ec200000)
 ParOldGen       total 68608K, used 40248K [0x00000000c0000000, 0x00000000c4300000, 0x00000000eab00000)
  object space 68608K, 58% used [0x00000000c0000000,0x00000000c274e1f8,0x00000000c4300000)
 Metaspace       used 61187K, committed 62400K, reserved 1114112K
  class space    used 6562K, committed 7104K, reserved 1048576K
}
Event: 20.389 GC heap before
{Heap before GC invocations=37 (full 3):
 PSYoungGen      total 20480K, used 20160K [0x00000000eab00000, 0x00000000ec200000, 0x0000000100000000)
  eden space 18432K, 100% used [0x00000000eab00000,0x00000000ebd00000,0x00000000ebd00000)
  from space 2048K, 84% used [0x00000000ebe00000,0x00000000ebfb0000,0x00000000ec000000)
  to   space 2048K, 0% used [0x00000000ec000000,0x00000000ec000000,0x00000000ec200000)
 ParOldGen       total 68608K, used 40248K [0x00000000c0000000, 0x00000000c4300000, 0x00000000eab00000)
  object space 68608K, 58% used [0x00000000c0000000,0x00000000c274e1f8,0x00000000c4300000)
 Metaspace       used 61633K, committed 62720K, reserved 1114112K
  class space    used 6610K, committed 7104K, reserved 1048576K
}
Event: 20.393 GC heap after
{Heap after GC invocations=37 (full 3):
 PSYoungGen      total 19968K, used 1280K [0x00000000eab00000, 0x00000000ec180000, 0x0000000100000000)
  eden space 18432K, 0% used [0x00000000eab00000,0x00000000eab00000,0x00000000ebd00000)
  from space 1536K, 83% used [0x00000000ec000000,0x00000000ec140020,0x00000000ec180000)
  to   space 1536K, 0% used [0x00000000ebe80000,0x00000000ebe80000,0x00000000ec000000)
 ParOldGen       total 68608K, used 41765K [0x00000000c0000000, 0x00000000c4300000, 0x00000000eab00000)
  object space 68608K, 60% used [0x00000000c0000000,0x00000000c28c9520,0x00000000c4300000)
 Metaspace       used 61633K, committed 62720K, reserved 1114112K
  class space    used 6610K, committed 7104K, reserved 1048576K
}
Event: 20.874 GC heap before
{Heap before GC invocations=38 (full 3):
 PSYoungGen      total 19968K, used 19712K [0x00000000eab00000, 0x00000000ec180000, 0x0000000100000000)
  eden space 18432K, 100% used [0x00000000eab00000,0x00000000ebd00000,0x00000000ebd00000)
  from space 1536K, 83% used [0x00000000ec000000,0x00000000ec140020,0x00000000ec180000)
  to   space 1536K, 0% used [0x00000000ebe80000,0x00000000ebe80000,0x00000000ec000000)
 ParOldGen       total 68608K, used 41765K [0x00000000c0000000, 0x00000000c4300000, 0x00000000eab00000)
  object space 68608K, 60% used [0x00000000c0000000,0x00000000c28c9520,0x00000000c4300000)
 Metaspace       used 61939K, committed 63168K, reserved 1114112K
  class space    used 6631K, committed 7168K, reserved 1048576K
}
Event: 20.880 GC heap after
{Heap after GC invocations=38 (full 3):
 PSYoungGen      total 19456K, used 979K [0x00000000eab00000, 0x00000000ec080000, 0x0000000100000000)
  eden space 18432K, 0% used [0x00000000eab00000,0x00000000eab00000,0x00000000ebd00000)
  from space 1024K, 95% used [0x00000000ebe80000,0x00000000ebf74e68,0x00000000ebf80000)
  to   space 1024K, 0% used [0x00000000ebf80000,0x00000000ebf80000,0x00000000ec080000)
 ParOldGen       total 68608K, used 42889K [0x00000000c0000000, 0x00000000c4300000, 0x00000000eab00000)
  object space 68608K, 62% used [0x00000000c0000000,0x00000000c29e27c8,0x00000000c4300000)
 Metaspace       used 61939K, committed 63168K, reserved 1114112K
  class space    used 6631K, committed 7168K, reserved 1048576K
}
Event: 21.361 GC heap before
{Heap before GC invocations=39 (full 3):
 PSYoungGen      total 19456K, used 19411K [0x00000000eab00000, 0x00000000ec080000, 0x0000000100000000)
  eden space 18432K, 100% used [0x00000000eab00000,0x00000000ebd00000,0x00000000ebd00000)
  from space 1024K, 95% used [0x00000000ebe80000,0x00000000ebf74e68,0x00000000ebf80000)
  to   space 1024K, 0% used [0x00000000ebf80000,0x00000000ebf80000,0x00000000ec080000)
 ParOldGen       total 68608K, used 42889K [0x00000000c0000000, 0x00000000c4300000, 0x00000000eab00000)
  object space 68608K, 62% used [0x00000000c0000000,0x00000000c29e27c8,0x00000000c4300000)
 Metaspace       used 62033K, committed 63168K, reserved 1114112K
  class space    used 6638K, committed 7168K, reserved 1048576K
}
Event: 21.365 GC heap after
{Heap after GC invocations=39 (full 3):
 PSYoungGen      total 18944K, used 512K [0x00000000eab00000, 0x00000000ec000000, 0x0000000100000000)
  eden space 18432K, 0% used [0x00000000eab00000,0x00000000eab00000,0x00000000ebd00000)
  from space 512K, 100% used [0x00000000ebf80000,0x00000000ec000000,0x00000000ec000000)
  to   space 1024K, 0% used [0x00000000ebe00000,0x00000000ebe00000,0x00000000ebf00000)
 ParOldGen       total 68608K, used 43660K [0x00000000c0000000, 0x00000000c4300000, 0x00000000eab00000)
  object space 68608K, 63% used [0x00000000c0000000,0x00000000c2aa33b0,0x00000000c4300000)
 Metaspace       used 62033K, committed 63168K, reserved 1114112K
  class space    used 6638K, committed 7168K, reserved 1048576K
}
Event: 22.190 GC heap before
{Heap before GC invocations=40 (full 3):
 PSYoungGen      total 18944K, used 18944K [0x00000000eab00000, 0x00000000ec000000, 0x0000000100000000)
  eden space 18432K, 100% used [0x00000000eab00000,0x00000000ebd00000,0x00000000ebd00000)
  from space 512K, 100% used [0x00000000ebf80000,0x00000000ec000000,0x00000000ec000000)
  to   space 1024K, 0% used [0x00000000ebe00000,0x00000000ebe00000,0x00000000ebf00000)
 ParOldGen       total 68608K, used 43660K [0x00000000c0000000, 0x00000000c4300000, 0x00000000eab00000)
  object space 68608K, 63% used [0x00000000c0000000,0x00000000c2aa33b0,0x00000000c4300000)
 Metaspace       used 62221K, committed 63424K, reserved 1114112K
  class space    used 6656K, committed 7232K, reserved 1048576K
}
Event: 22.195 GC heap after
{Heap after GC invocations=40 (full 3):
 PSYoungGen      total 19456K, used 1020K [0x00000000eab00000, 0x00000000ec100000, 0x0000000100000000)
  eden space 18432K, 0% used [0x00000000eab00000,0x00000000eab00000,0x00000000ebd00000)
  from space 1024K, 99% used [0x00000000ebe00000,0x00000000ebeff3b8,0x00000000ebf00000)
  to   space 2048K, 0% used [0x00000000ebf00000,0x00000000ebf00000,0x00000000ec100000)
 ParOldGen       total 68608K, used 44036K [0x00000000c0000000, 0x00000000c4300000, 0x00000000eab00000)
  object space 68608K, 64% used [0x00000000c0000000,0x00000000c2b013b0,0x00000000c4300000)
 Metaspace       used 62221K, committed 63424K, reserved 1114112K
  class space    used 6656K, committed 7232K, reserved 1048576K
}
Event: 23.007 GC heap before
{Heap before GC invocations=41 (full 3):
 PSYoungGen      total 19456K, used 19452K [0x00000000eab00000, 0x00000000ec100000, 0x0000000100000000)
  eden space 18432K, 100% used [0x00000000eab00000,0x00000000ebd00000,0x00000000ebd00000)
  from space 1024K, 99% used [0x00000000ebe00000,0x00000000ebeff3b8,0x00000000ebf00000)
  to   space 2048K, 0% used [0x00000000ebf00000,0x00000000ebf00000,0x00000000ec100000)
 ParOldGen       total 68608K, used 44036K [0x00000000c0000000, 0x00000000c4300000, 0x00000000eab00000)
  object space 68608K, 64% used [0x00000000c0000000,0x00000000c2b013b0,0x00000000c4300000)
 Metaspace       used 62490K, committed 63680K, reserved 1114112K
  class space    used 6660K, committed 7232K, reserved 1048576K
}
Event: 23.015 GC heap after
{Heap after GC invocations=41 (full 3):
 PSYoungGen      total 19968K, used 1164K [0x00000000eab00000, 0x00000000ec080000, 0x0000000100000000)
  eden space 18432K, 0% used [0x00000000eab00000,0x00000000eab00000,0x00000000ebd00000)
  from space 1536K, 75% used [0x00000000ebf00000,0x00000000ec023138,0x00000000ec080000)
  to   space 1536K, 0% used [0x00000000ebd80000,0x00000000ebd80000,0x00000000ebf00000)
 ParOldGen       total 68608K, used 45014K [0x00000000c0000000, 0x00000000c4300000, 0x00000000eab00000)
  object space 68608K, 65% used [0x00000000c0000000,0x00000000c2bf5980,0x00000000c4300000)
 Metaspace       used 62490K, committed 63680K, reserved 1114112K
  class space    used 6660K, committed 7232K, reserved 1048576K
}

Dll operation events (10 events):
Event: 0.029 Loaded shared library c:\Users\alhdh\.vscode\extensions\redhat.java-1.30.0-win32-x64\jre\17.0.10-win32-x86_64\bin\java.dll
Event: 0.593 Loaded shared library c:\Users\alhdh\.vscode\extensions\redhat.java-1.30.0-win32-x64\jre\17.0.10-win32-x86_64\bin\zip.dll
Event: 0.603 Loaded shared library C:\Users\alhdh\.vscode\extensions\redhat.java-1.30.0-win32-x64\jre\17.0.10-win32-x86_64\bin\instrument.dll
Event: 0.638 Loaded shared library C:\Users\alhdh\.vscode\extensions\redhat.java-1.30.0-win32-x64\jre\17.0.10-win32-x86_64\bin\net.dll
Event: 0.646 Loaded shared library C:\Users\alhdh\.vscode\extensions\redhat.java-1.30.0-win32-x64\jre\17.0.10-win32-x86_64\bin\nio.dll
Event: 0.670 Loaded shared library C:\Users\alhdh\.vscode\extensions\redhat.java-1.30.0-win32-x64\jre\17.0.10-win32-x86_64\bin\zip.dll
Event: 0.725 Loaded shared library C:\Users\alhdh\.vscode\extensions\redhat.java-1.30.0-win32-x64\jre\17.0.10-win32-x86_64\bin\jimage.dll
Event: 1.003 Loaded shared library c:\Users\alhdh\.vscode\extensions\redhat.java-1.30.0-win32-x64\jre\17.0.10-win32-x86_64\bin\verify.dll
Event: 3.445 Loaded shared library C:\Users\alhdh\AppData\Roaming\Code\User\globalStorage\redhat.java\1.30.0\config_win\org.eclipse.equinox.launcher\org.eclipse.equinox.launcher.win32.win32.x86_64_1.2.900.v20240213-1244\eclipse_11900.dll
Event: 10.662 Loaded shared library C:\Users\alhdh\AppData\Local\Temp\jna-92902113\jna10896939779051579897.dll

Deoptimization events (20 events):
Event: 23.111 Thread 0x000002501cc554a0 Uncommon trap: trap_request=0xffffffc6 fr.pc=0x000002500be7b300 relative=0x0000000000000a00
Event: 23.111 Thread 0x000002501cc554a0 Uncommon trap: reason=bimorphic_or_optimized_type_check action=maybe_recompile pc=0x000002500be7b300 method=java.util.HashMap.putVal(ILjava/lang/Object;Ljava/lang/Object;ZZ)Ljava/lang/Object; @ 203 c2
Event: 23.111 Thread 0x000002501cc554a0 DEOPT PACKING pc=0x000002500be7b300 sp=0x0000008cf78fd7b0
Event: 23.111 Thread 0x000002501cc554a0 DEOPT UNPACKING pc=0x000002500b5766a3 sp=0x0000008cf78fd6b0 mode 2
Event: 23.204 Thread 0x000002501cc57810 Uncommon trap: trap_request=0xffffffbe fr.pc=0x000002500befc06c relative=0x00000000000003ac
Event: 23.209 Thread 0x000002501cc57810 Uncommon trap: reason=profile_predicate action=maybe_recompile pc=0x000002500befc06c method=java.util.Arrays.binarySearch0([Ljava/lang/Object;IILjava/lang/Object;)I @ 12 c2
Event: 23.209 Thread 0x000002501cc57810 DEOPT PACKING pc=0x000002500befc06c sp=0x0000008cf76fe380
Event: 23.209 Thread 0x000002501cc57810 DEOPT UNPACKING pc=0x000002500b5766a3 sp=0x0000008cf76fe2f0 mode 2
Event: 23.210 Thread 0x000002501cc57810 Uncommon trap: trap_request=0xffffffbe fr.pc=0x000002500befc06c relative=0x00000000000003ac
Event: 23.210 Thread 0x000002501cc57810 Uncommon trap: reason=profile_predicate action=maybe_recompile pc=0x000002500befc06c method=java.util.Arrays.binarySearch0([Ljava/lang/Object;IILjava/lang/Object;)I @ 12 c2
Event: 23.210 Thread 0x000002501cc57810 DEOPT PACKING pc=0x000002500befc06c sp=0x0000008cf76fe380
Event: 23.210 Thread 0x000002501cc57810 DEOPT UNPACKING pc=0x000002500b5766a3 sp=0x0000008cf76fe2f0 mode 2
Event: 23.219 Thread 0x000002501cc57810 Uncommon trap: trap_request=0xffffffbe fr.pc=0x000002500befc06c relative=0x00000000000003ac
Event: 23.219 Thread 0x000002501cc57810 Uncommon trap: reason=profile_predicate action=maybe_recompile pc=0x000002500befc06c method=java.util.Arrays.binarySearch0([Ljava/lang/Object;IILjava/lang/Object;)I @ 12 c2
Event: 23.219 Thread 0x000002501cc57810 DEOPT PACKING pc=0x000002500befc06c sp=0x0000008cf76fe380
Event: 23.219 Thread 0x000002501cc57810 DEOPT UNPACKING pc=0x000002500b5766a3 sp=0x0000008cf76fe2f0 mode 2
Event: 23.220 Thread 0x000002501cc57810 Uncommon trap: trap_request=0xffffffbe fr.pc=0x000002500befc06c relative=0x00000000000003ac
Event: 23.220 Thread 0x000002501cc57810 Uncommon trap: reason=profile_predicate action=maybe_recompile pc=0x000002500befc06c method=java.util.Arrays.binarySearch0([Ljava/lang/Object;IILjava/lang/Object;)I @ 12 c2
Event: 23.220 Thread 0x000002501cc57810 DEOPT PACKING pc=0x000002500befc06c sp=0x0000008cf76fe380
Event: 23.220 Thread 0x000002501cc57810 DEOPT UNPACKING pc=0x000002500b5766a3 sp=0x0000008cf76fe2f0 mode 2

Classes unloaded (7 events):
Event: 9.100 Thread 0x000002507f94ed00 Unloading class 0x0000000100252400 'java/lang/invoke/LambdaForm$MH+0x0000000100252400'
Event: 9.100 Thread 0x000002507f94ed00 Unloading class 0x0000000100252000 'java/lang/invoke/LambdaForm$MH+0x0000000100252000'
Event: 9.100 Thread 0x000002507f94ed00 Unloading class 0x0000000100251c00 'java/lang/invoke/LambdaForm$MH+0x0000000100251c00'
Event: 9.100 Thread 0x000002507f94ed00 Unloading class 0x0000000100251800 'java/lang/invoke/LambdaForm$MH+0x0000000100251800'
Event: 9.100 Thread 0x000002507f94ed00 Unloading class 0x0000000100251400 'java/lang/invoke/LambdaForm$BMH+0x0000000100251400'
Event: 9.100 Thread 0x000002507f94ed00 Unloading class 0x0000000100251000 'java/lang/invoke/LambdaForm$DMH+0x0000000100251000'
Event: 9.100 Thread 0x000002507f94ed00 Unloading class 0x000000010024c400 'java/lang/invoke/LambdaForm$DMH+0x000000010024c400'

Classes redefined (0 events):
No events

Internal exceptions (20 events):
Event: 14.266 Thread 0x000002501cc554a0 Exception <a 'sun/nio/fs/WindowsException'{0x00000000ebb90d38}> (0x00000000ebb90d38) 
thrown [s\src\hotspot\share\prims\jni.cpp, line 516]
Event: 14.275 Thread 0x000002501cc554a0 Exception <a 'sun/nio/fs/WindowsException'{0x00000000ebb94a60}> (0x00000000ebb94a60) 
thrown [s\src\hotspot\share\prims\jni.cpp, line 516]
Event: 14.279 Thread 0x000002501cc554a0 Exception <a 'sun/nio/fs/WindowsException'{0x00000000ebb96f98}> (0x00000000ebb96f98) 
thrown [s\src\hotspot\share\prims\jni.cpp, line 516]
Event: 14.300 Thread 0x000002501cc554a0 Exception <a 'sun/nio/fs/WindowsException'{0x00000000ebc20f70}> (0x00000000ebc20f70) 
thrown [s\src\hotspot\share\prims\jni.cpp, line 516]
Event: 14.307 Thread 0x000002501cc554a0 Exception <a 'sun/nio/fs/WindowsException'{0x00000000ebc8cdd0}> (0x00000000ebc8cdd0) 
thrown [s\src\hotspot\share\prims\jni.cpp, line 516]
Event: 14.341 Thread 0x000002501cc554a0 Exception <a 'sun/nio/fs/WindowsException'{0x00000000eab08a00}> (0x00000000eab08a00) 
thrown [s\src\hotspot\share\prims\jni.cpp, line 516]
Event: 14.352 Thread 0x000002501cc554a0 Exception <a 'sun/nio/fs/WindowsException'{0x00000000eab1c930}> (0x00000000eab1c930) 
thrown [s\src\hotspot\share\prims\jni.cpp, line 516]
Event: 14.361 Thread 0x000002501cc554a0 Exception <a 'sun/nio/fs/WindowsException'{0x00000000eab6da00}> (0x00000000eab6da00) 
thrown [s\src\hotspot\share\prims\jni.cpp, line 516]
Event: 14.368 Thread 0x000002501cc554a0 Exception <a 'sun/nio/fs/WindowsException'{0x00000000eab794b8}> (0x00000000eab794b8) 
thrown [s\src\hotspot\share\prims\jni.cpp, line 516]
Event: 14.379 Thread 0x000002501cc554a0 Exception <a 'sun/nio/fs/WindowsException'{0x00000000eab83f38}> (0x00000000eab83f38) 
thrown [s\src\hotspot\share\prims\jni.cpp, line 516]
Event: 14.387 Thread 0x000002501cc554a0 Exception <a 'sun/nio/fs/WindowsException'{0x00000000eabc2f18}> (0x00000000eabc2f18) 
thrown [s\src\hotspot\share\prims\jni.cpp, line 516]
Event: 14.396 Thread 0x000002501cc554a0 Exception <a 'sun/nio/fs/WindowsException'{0x00000000eabce138}> (0x00000000eabce138) 
thrown [s\src\hotspot\share\prims\jni.cpp, line 516]
Event: 14.710 Thread 0x000002501cc54060 Exception <a 'java/lang/NoSuchMethodError'{0x00000000eb0f5670}: 'int java.lang.invoke.DirectMethodHandle$Holder.invokeSpecialIFC(java.lang.Object, java.lang.Object, java.lang.Object, java.lang.Object)'> (0x00000000eb0f5670) 
thrown [s\src\hotspot\share\interpreter\linkResolver.cpp, line 759]
Event: 15.358 Thread 0x000002501cc57300 Exception <a 'java/lang/NoClassDefFoundError'{0x00000000ebbea520}: com/google/inject/servlet/ServletModuleTargetVisitor> (0x00000000ebbea520) 
thrown [s\src\hotspot\share\classfile\systemDictionary.cpp, line 245]
Event: 16.628 Thread 0x000002501cc54f90 Exception <a 'java/io/FileNotFoundException'{0x00000000eb191738}> (0x00000000eb191738) 
thrown [s\src\hotspot\share\prims\jni.cpp, line 516]
Event: 16.651 Thread 0x000002501cc54f90 Exception <a 'java/io/FileNotFoundException'{0x00000000eb25d400}> (0x00000000eb25d400) 
thrown [s\src\hotspot\share\prims\jni.cpp, line 516]
Event: 16.654 Thread 0x000002501cc54f90 Exception <a 'java/io/FileNotFoundException'{0x00000000eb25e4c8}> (0x00000000eb25e4c8) 
thrown [s\src\hotspot\share\prims\jni.cpp, line 516]
Event: 16.655 Thread 0x000002501cc54f90 Exception <a 'java/io/FileNotFoundException'{0x00000000eb25f218}> (0x00000000eb25f218) 
thrown [s\src\hotspot\share\prims\jni.cpp, line 516]
Event: 20.141 Thread 0x000002501cc554a0 Exception <a 'java/lang/NoSuchMethodError'{0x00000000eb3bc9a0}: 'int java.lang.invoke.DirectMethodHandle$Holder.invokeSpecialIFC(java.lang.Object, java.lang.Object, java.lang.Object)'> (0x00000000eb3bc9a0) 
thrown [s\src\hotspot\share\interpreter\linkResolver.cpp, line 759]
Event: 20.190 Thread 0x000002501cc554a0 Implicit null exception at 0x000002500be39fa5 to 0x000002500be3a1d0

VM Operations (20 events):
Event: 20.016 Executing VM operation: HandshakeAllThreads
Event: 20.034 Executing VM operation: HandshakeAllThreads done
Event: 20.048 Executing VM operation: HandshakeAllThreads
Event: 20.065 Executing VM operation: HandshakeAllThreads done
Event: 20.116 Executing VM operation: HandshakeAllThreads
Event: 20.116 Executing VM operation: HandshakeAllThreads done
Event: 20.388 Executing VM operation: ParallelGCFailedAllocation
Event: 20.393 Executing VM operation: ParallelGCFailedAllocation done
Event: 20.866 Executing VM operation: ParallelGCFailedAllocation
Event: 20.885 Executing VM operation: ParallelGCFailedAllocation done
Event: 21.361 Executing VM operation: ParallelGCFailedAllocation
Event: 21.365 Executing VM operation: ParallelGCFailedAllocation done
Event: 21.971 Executing VM operation: HandshakeAllThreads
Event: 21.973 Executing VM operation: HandshakeAllThreads done
Event: 22.189 Executing VM operation: ParallelGCFailedAllocation
Event: 22.229 Executing VM operation: ParallelGCFailedAllocation done
Event: 22.975 Executing VM operation: ICBufferFull
Event: 22.993 Executing VM operation: ICBufferFull done
Event: 23.007 Executing VM operation: ParallelGCFailedAllocation
Event: 23.018 Executing VM operation: ParallelGCFailedAllocation done

Events (20 events):
Event: 19.763 Thread 0x000002501dff3e20 Thread exited: 0x000002501dff3e20
Event: 19.768 Thread 0x000002501dff6bb0 Thread exited: 0x000002501dff6bb0
Event: 19.796 Thread 0x000002501eed0b20 Thread exited: 0x000002501eed0b20
Event: 19.818 Thread 0x000002501dff66a0 Thread exited: 0x000002501dff66a0
Event: 19.840 Thread 0x000002501dff5c80 Thread exited: 0x000002501dff5c80
Event: 19.846 Thread 0x000002501cc54570 Thread exited: 0x000002501cc54570
Event: 19.859 Thread 0x000002501dff4d50 Thread exited: 0x000002501dff4d50
Event: 19.865 Thread 0x000002501eed6b50 Thread exited: 0x000002501eed6b50
Event: 19.962 Thread 0x000002501eed42d0 Thread exited: 0x000002501eed42d0
Event: 19.970 Thread 0x000002501dff29e0 Thread exited: 0x000002501dff29e0
Event: 20.113 loading class java/util/stream/ReduceOps$4
Event: 20.114 loading class java/util/stream/ReduceOps$4 done
Event: 20.116 loading class java/util/stream/ReduceOps$4ReducingSink
Event: 20.117 loading class java/util/stream/ReduceOps$4ReducingSink done
Event: 20.125 loading class java/nio/file/Files$2
Event: 20.126 loading class java/nio/file/Files$2 done
Event: 21.934 Thread 0x000002501d731e80 Thread exited: 0x000002501d731e80
Event: 23.170 loading class jdk/internal/module/IllegalAccessLogger
Event: 23.170 loading class jdk/internal/module/IllegalAccessLogger done
Event: 23.202 Thread 0x000002501eed2980 Thread added: 0x000002501eed2980


Dynamic libraries:
0x00007ff704300000 - 0x00007ff70430e000 	c:\Users\alhdh\.vscode\extensions\redhat.java-1.30.0-win32-x64\jre\17.0.10-win32-x86_64\bin\java.exe
0x00007ffe44d30000 - 0x00007ffe44f28000 	C:\Windows\SYSTEM32\ntdll.dll
0x00007ffdedc70000 - 0x00007ffdedc89000 	C:\Program Files\Avast Software\Avast\aswhook.dll
0x00007ffe44200000 - 0x00007ffe442bd000 	C:\Windows\System32\KERNEL32.DLL
0x00007ffe427e0000 - 0x00007ffe42ad6000 	C:\Windows\System32\KERNELBASE.dll
0x00007ffe426e0000 - 0x00007ffe427e0000 	C:\Windows\System32\ucrtbase.dll
0x00007ffe3b920000 - 0x00007ffe3b93b000 	c:\Users\alhdh\.vscode\extensions\redhat.java-1.30.0-win32-x64\jre\17.0.10-win32-x86_64\bin\VCRUNTIME140.dll
0x00007ffe3d7a0000 - 0x00007ffe3d7b7000 	c:\Users\alhdh\.vscode\extensions\redhat.java-1.30.0-win32-x64\jre\17.0.10-win32-x86_64\bin\jli.dll
0x00007ffe443e0000 - 0x00007ffe4457e000 	C:\Windows\System32\USER32.dll
0x00007ffe42610000 - 0x00007ffe42632000 	C:\Windows\System32\win32u.dll
0x00007ffe262f0000 - 0x00007ffe2658a000 	C:\Windows\WinSxS\amd64_microsoft.windows.common-controls_6595b64144ccf1df_6.0.19041.3636_none_60b6a03d71f818d5\COMCTL32.dll
0x00007ffe44580000 - 0x00007ffe445ac000 	C:\Windows\System32\GDI32.dll
0x00007ffe42d80000 - 0x00007ffe42e1e000 	C:\Windows\System32\msvcrt.dll
0x00007ffe42ae0000 - 0x00007ffe42bfa000 	C:\Windows\System32\gdi32full.dll
0x00007ffe42640000 - 0x00007ffe426dd000 	C:\Windows\System32\msvcp_win.dll
0x00007ffe44cb0000 - 0x00007ffe44ce0000 	C:\Windows\System32\IMM32.DLL
0x00007ffe3f700000 - 0x00007ffe3f70c000 	c:\Users\alhdh\.vscode\extensions\redhat.java-1.30.0-win32-x64\jre\17.0.10-win32-x86_64\bin\vcruntime140_1.dll
0x00007ffe17920000 - 0x00007ffe179ad000 	c:\Users\alhdh\.vscode\extensions\redhat.java-1.30.0-win32-x64\jre\17.0.10-win32-x86_64\bin\msvcp140.dll
0x00007ffe0b0f0000 - 0x00007ffe0bd52000 	c:\Users\alhdh\.vscode\extensions\redhat.java-1.30.0-win32-x64\jre\17.0.10-win32-x86_64\bin\server\jvm.dll
0x00007ffe44680000 - 0x00007ffe44733000 	C:\Windows\System32\ADVAPI32.dll
0x00007ffe44c10000 - 0x00007ffe44caf000 	C:\Windows\System32\sechost.dll
0x00007ffe43360000 - 0x00007ffe43486000 	C:\Windows\System32\RPCRT4.dll
0x00007ffe42d50000 - 0x00007ffe42d77000 	C:\Windows\System32\bcrypt.dll
0x00007ffe20650000 - 0x00007ffe20659000 	C:\Windows\SYSTEM32\WSOCK32.dll
0x00007ffe41960000 - 0x00007ffe419ab000 	C:\Windows\SYSTEM32\POWRPROF.dll
0x00007ffe2a910000 - 0x00007ffe2a937000 	C:\Windows\SYSTEM32\WINMM.dll
0x00007ffe3a730000 - 0x00007ffe3a73a000 	C:\Windows\SYSTEM32\VERSION.dll
0x00007ffe44b40000 - 0x00007ffe44bab000 	C:\Windows\System32\WS2_32.dll
0x00007ffe417d0000 - 0x00007ffe417e2000 	C:\Windows\SYSTEM32\UMPDC.dll
0x00007ffe40c00000 - 0x00007ffe40c12000 	C:\Windows\SYSTEM32\kernel.appcore.dll
0x00007ffe384c0000 - 0x00007ffe384ca000 	c:\Users\alhdh\.vscode\extensions\redhat.java-1.30.0-win32-x64\jre\17.0.10-win32-x86_64\bin\jimage.dll
0x00007ffe40900000 - 0x00007ffe40ae4000 	C:\Windows\SYSTEM32\DBGHELP.DLL
0x00007ffe37500000 - 0x00007ffe37534000 	C:\Windows\SYSTEM32\dbgcore.DLL
0x00007ffe42cc0000 - 0x00007ffe42d42000 	C:\Windows\System32\bcryptPrimitives.dll
0x00007ffe37360000 - 0x00007ffe3736e000 	c:\Users\alhdh\.vscode\extensions\redhat.java-1.30.0-win32-x64\jre\17.0.10-win32-x86_64\bin\instrument.dll
0x00007ffe313c0000 - 0x00007ffe313e5000 	c:\Users\alhdh\.vscode\extensions\redhat.java-1.30.0-win32-x64\jre\17.0.10-win32-x86_64\bin\java.dll
0x00007ffe2e9d0000 - 0x00007ffe2e9e8000 	c:\Users\alhdh\.vscode\extensions\redhat.java-1.30.0-win32-x64\jre\17.0.10-win32-x86_64\bin\zip.dll
0x00007ffe43490000 - 0x00007ffe43bd5000 	C:\Windows\System32\SHELL32.dll
0x00007ffe40090000 - 0x00007ffe4082b000 	C:\Windows\SYSTEM32\windows.storage.dll
0x00007ffe43c90000 - 0x00007ffe43fe4000 	C:\Windows\System32\combase.dll
0x00007ffe41d50000 - 0x00007ffe41d7d000 	C:\Windows\SYSTEM32\Wldp.dll
0x00007ffe448e0000 - 0x00007ffe4498d000 	C:\Windows\System32\SHCORE.dll
0x00007ffe44880000 - 0x00007ffe448d5000 	C:\Windows\System32\shlwapi.dll
0x00007ffe42330000 - 0x00007ffe42355000 	C:\Windows\SYSTEM32\profapi.dll
0x00007ffe258b0000 - 0x00007ffe258c9000 	C:\Users\alhdh\.vscode\extensions\redhat.java-1.30.0-win32-x64\jre\17.0.10-win32-x86_64\bin\net.dll
0x00007ffe3c520000 - 0x00007ffe3c62a000 	C:\Windows\SYSTEM32\WINHTTP.dll
0x00007ffe41b30000 - 0x00007ffe41b9a000 	C:\Windows\system32\mswsock.dll
0x00007ffe22220000 - 0x00007ffe22236000 	C:\Users\alhdh\.vscode\extensions\redhat.java-1.30.0-win32-x64\jre\17.0.10-win32-x86_64\bin\nio.dll
0x00007ffe2ee80000 - 0x00007ffe2ee90000 	c:\Users\alhdh\.vscode\extensions\redhat.java-1.30.0-win32-x64\jre\17.0.10-win32-x86_64\bin\verify.dll
0x00007ffe20e50000 - 0x00007ffe20e8e000 	C:\Users\alhdh\AppData\Roaming\Code\User\globalStorage\redhat.java\1.30.0\config_win\org.eclipse.equinox.launcher\org.eclipse.equinox.launcher.win32.win32.x86_64_1.2.900.v20240213-1244\eclipse_11900.dll
0x00007ffe44050000 - 0x00007ffe4417b000 	C:\Windows\System32\ole32.dll
0x00007ffe41d90000 - 0x00007ffe41da8000 	C:\Windows\SYSTEM32\CRYPTSP.dll
0x00007ffe41410000 - 0x00007ffe41444000 	C:\Windows\system32\rsaenh.dll
0x00007ffe422b0000 - 0x00007ffe422de000 	C:\Windows\SYSTEM32\USERENV.dll
0x00007ffe41cc0000 - 0x00007ffe41ccc000 	C:\Windows\SYSTEM32\CRYPTBASE.dll
0x00007ffe417f0000 - 0x00007ffe4182b000 	C:\Windows\SYSTEM32\IPHLPAPI.DLL
0x00007ffe44ce0000 - 0x00007ffe44ce8000 	C:\Windows\System32\NSI.dll
0x00007ffe3a630000 - 0x00007ffe3a647000 	C:\Windows\SYSTEM32\dhcpcsvc6.DLL
0x00007ffe3a4c0000 - 0x00007ffe3a4dd000 	C:\Windows\SYSTEM32\dhcpcsvc.DLL
0x00007ffe41830000 - 0x00007ffe418fa000 	C:\Windows\SYSTEM32\DNSAPI.dll
0x00007ffe178d0000 - 0x00007ffe17915000 	C:\Users\alhdh\AppData\Local\Temp\jna-92902113\jna10896939779051579897.dll
0x00007ffe43bf0000 - 0x00007ffe43bf8000 	C:\Windows\System32\PSAPI.DLL

dbghelp: loaded successfully - version: 4.0.5 - missing functions: none
symbol engine: initialized successfully - sym options: 0x614 - pdb path: .;c:\Users\alhdh\.vscode\extensions\redhat.java-1.30.0-win32-x64\jre\17.0.10-win32-x86_64\bin;C:\Windows\SYSTEM32;C:\Program Files\Avast Software\Avast;C:\Windows\WinSxS\amd64_microsoft.windows.common-controls_6595b64144ccf1df_6.0.19041.3636_none_60b6a03d71f818d5;c:\Users\alhdh\.vscode\extensions\redhat.java-1.30.0-win32-x64\jre\17.0.10-win32-x86_64\bin\server;C:\Users\alhdh\AppData\Roaming\Code\User\globalStorage\redhat.java\1.30.0\config_win\org.eclipse.equinox.launcher\org.eclipse.equinox.launcher.win32.win32.x86_64_1.2.900.v20240213-1244;C:\Users\alhdh\AppData\Local\Temp\jna-92902113

VM Arguments:
jvm_args: --add-modules=ALL-SYSTEM --add-opens=java.base/java.util=ALL-UNNAMED --add-opens=java.base/java.lang=ALL-UNNAMED --add-opens=java.base/sun.nio.fs=ALL-UNNAMED -Declipse.application=org.eclipse.jdt.ls.core.id1 -Dosgi.bundles.defaultStartLevel=4 -Declipse.product=org.eclipse.jdt.ls.core.product -Djava.import.generatesMetadataFilesAtProjectRoot=false -DDetectVMInstallationsJob.disabled=true -Dfile.encoding=utf8 -XX:+UseParallelGC -XX:GCTimeRatio=4 -XX:AdaptiveSizePolicyWeight=90 -Dsun.zip.disableMemoryMapping=true -Xmx1G -Xms100m -Xlog:disable -javaagent:c:\Users\alhdh\.vscode\extensions\redhat.java-1.30.0-win32-x64\lombok\lombok-1.18.32.jar -XX:+HeapDumpOnOutOfMemoryError -XX:HeapDumpPath=c:\Users\alhdh\AppData\Roaming\Code\User\workspaceStorage\37dba57fa1d58a1a3d36af18158eedda\redhat.java -Daether.dependencyCollector.impl=bf 
java_command: c:\Users\alhdh\.vscode\extensions\redhat.java-1.30.0-win32-x64\server\plugins\org.eclipse.equinox.launcher_1.6.800.v20240330-1250.jar -configuration c:\Users\alhdh\AppData\Roaming\Code\User\globalStorage\redhat.java\1.30.0\config_win -data c:\Users\alhdh\AppData\Roaming\Code\User\workspaceStorage\37dba57fa1d58a1a3d36af18158eedda\redhat.java\jdt_ws --pipe=\\.\pipe\lsp-9a30aab25fbc8e5b4e9f9f8b13de739a-sock
java_class_path (initial): c:\Users\alhdh\.vscode\extensions\redhat.java-1.30.0-win32-x64\server\plugins\org.eclipse.equinox.launcher_1.6.800.v20240330-1250.jar
Launcher Type: SUN_STANDARD

[Global flags]
    uintx AdaptiveSizePolicyWeight                 = 90                                        {product} {command line}
     intx CICompilerCount                          = 4                                         {product} {ergonomic}
    uintx GCTimeRatio                              = 4                                         {product} {command line}
     bool HeapDumpOnOutOfMemoryError               = true                                   {manageable} {command line}
    ccstr HeapDumpPath                             = c:\Users\alhdh\AppData\Roaming\Code\User\workspaceStorage\37dba57fa1d58a1a3d36af18158eedda\redhat.java         {manageable} {command line}
   size_t InitialHeapSize                          = 104857600                                 {product} {command line}
   size_t MaxHeapSize                              = 1073741824                                {product} {command line}
   size_t MaxNewSize                               = 357564416                                 {product} {ergonomic}
   size_t MinHeapDeltaBytes                        = 524288                                    {product} {ergonomic}
   size_t MinHeapSize                              = 104857600                                 {product} {command line}
   size_t NewSize                                  = 34603008                                  {product} {ergonomic}
    uintx NonNMethodCodeHeapSize                   = 5839372                                {pd product} {ergonomic}
    uintx NonProfiledCodeHeapSize                  = 122909434                              {pd product} {ergonomic}
   size_t OldSize                                  = 70254592                                  {product} {ergonomic}
    uintx ProfiledCodeHeapSize                     = 122909434                              {pd product} {ergonomic}
    uintx ReservedCodeCacheSize                    = 251658240                              {pd product} {ergonomic}
     bool SegmentedCodeCache                       = true                                      {product} {ergonomic}
   size_t SoftMaxHeapSize                          = 1073741824                             {manageable} {ergonomic}
     bool UseCompressedClassPointers               = true                           {product lp64_product} {ergonomic}
     bool UseCompressedOops                        = true                           {product lp64_product} {ergonomic}
     bool UseLargePagesIndividualAllocation        = false                                  {pd product} {ergonomic}
     bool UseParallelGC                            = true                                      {product} {command line}

Logging:
Log output configuration:
 #0: stdout all=off uptime,level,tags
 #1: stderr all=off uptime,level,tags

Environment Variables:
JAVA_HOME=C:\Program Files\Java\jdk-17
CLASSPATH=.;
PATH=C:\Program Files\Microsoft MPI\Bin\;C:\Python311\Scripts\;C:\Python311\;C:\Program Files\Common Files\Oracle\Java\javapath;C:\Program Files (x86)\Common Files\Oracle\Java\javapath;D:\WATCOM\BINNT;D:\WATCOM\BINW;C:\Windows\system32;C:\Windows;C:\Windows\System32\Wbem;C:\Windows\System32\WindowsPowerShell\v1.0\;C:\Windows\System32\OpenSSH\;C:\Program Files\dotnet\;C:\Program Files\Microsoft SQL Server\130\Tools\Binn\;C:\Program Files\Microsoft SQL Server\Client SDK\ODBC\170\Tools\Binn\;C:\Program Files\Azure Data Studio\bin;C:\Program Files (x86)\Microsoft SQL Server\150\Tools\Binn\;C:\Program Files\Microsoft SQL Server\150\Tools\Binn\;C:\Program Files\Microsoft SQL Server\150\DTS\Binn\;C:\Program Files (x86)\Microsoft SQL Server\150\DTS\Binn\;D:\Latex\miktex\bin\x64\;C:\Program Files (x86)\IVI Foundation\VISA\WinNT\Bin\;C:\Program Files\IVI Foundation\VISA\Win64\Bin\;D:\Shared\LabVIEW CLI;C:\Program Files\Amazon\AWSCLIV2\;C:\Program Files\PuTTY\;C:\ProgramData\chocolatey\bin;C:\Program Files\Git\cmd;C:\Program Files\Java\jdk1.8.0_211\bin;C:\Program Files\CMake\bin;C:\Program Files\nodejs\;C:\Program Files (x86)\PDFtk\bin\;%MPJ_HOME%\bin;C:\ProgramData\chocolatey\lib\maven\apache-maven-3.9.6\bin;;C:\Program Files\Docker\Docker\resources\bin;C:\GnuWin32\bin;C:\ProgramData\chocolatey\lib\maven\apache-maven-3.9.6\bin;C:\dummy\mpj-v0_44\mpj-v0_44\bin;C:\Program Files\Java\jdk-11\bin;C:\Program Files\MySQL\MySQL Shell 8.0\bin\;D:\WATCOM\BINNT;D:\WATCOM\BINW;C:\Windows\system32;C:\Windows;C:\Windows\System32\Wbem;C:\Windows\System32\WindowsPowerShell\v1.0\;C:\Windows\System32\OpenSSH\;C:\Program Files (x86)\IncrediBuild;C:\Program Files\dotnet\;C:\Program Files\Microsoft SQL Server\130\Tools\Binn\;C:\Program Files\Microsoft SQL Server\Client SDK\ODBC\170\Tools\Binn\;C:\Program Files\Azure Data Studio\bin;C:\Program Files (x86)\Microsoft SQL Server\150\Tools\Binn\;C:\Program Files\Microsoft SQL Server\150\Tools\Binn\;C:\Program Files\Microsoft SQL Server\150\DTS\Binn\;C:\P
USERNAME=alhdh
OS=Windows_NT
PROCESSOR_IDENTIFIER=Intel64 Family 6 Model 158 Stepping 10, GenuineIntel
TMP=C:\Users\alhdh\AppData\Local\Temp
TEMP=C:\Users\alhdh\AppData\Local\Temp



Periodic native trim disabled


---------------  S Y S T E M  ---------------

OS:
 Windows 10 , 64 bit Build 19041 (10.0.19041.3636)
OS uptime: 0 days 3:03 hours
Hyper-V role detected

CPU: total 12 (initial active 12) (6 cores per cpu, 2 threads per core) family 6 model 158 stepping 10 microcode 0xf0, cx8, cmov, fxsr, ht, mmx, 3dnowpref, sse, sse2, sse3, ssse3, sse4.1, sse4.2, popcnt, lzcnt, tsc, tscinvbit, avx, avx2, aes, erms, clmul, bmi1, bmi2, adx, fma, vzeroupper, clflush, clflushopt, hv
Processor Information for processor 0
  Max Mhz: 2592, Current Mhz: 2592, Mhz Limit: 2592
Processor Information for processor 1
  Max Mhz: 2592, Current Mhz: 1495, Mhz Limit: 2592
Processor Information for processor 2
  Max Mhz: 2592, Current Mhz: 2592, Mhz Limit: 2592
Processor Information for processor 3
  Max Mhz: 2592, Current Mhz: 2592, Mhz Limit: 2592
Processor Information for processor 4
  Max Mhz: 2592, Current Mhz: 2592, Mhz Limit: 2592
Processor Information for processor 5
  Max Mhz: 2592, Current Mhz: 2592, Mhz Limit: 2592
Processor Information for processor 6
  Max Mhz: 2592, Current Mhz: 2592, Mhz Limit: 2592
Processor Information for processor 7
  Max Mhz: 2592, Current Mhz: 2592, Mhz Limit: 2592
Processor Information for processor 8
  Max Mhz: 2592, Current Mhz: 2592, Mhz Limit: 2592
Processor Information for processor 9
  Max Mhz: 2592, Current Mhz: 1495, Mhz Limit: 2592
Processor Information for processor 10
  Max Mhz: 2592, Current Mhz: 2592, Mhz Limit: 2592
Processor Information for processor 11
  Max Mhz: 2592, Current Mhz: 2592, Mhz Limit: 2592

Memory: 4k page, system-wide physical 8008M (993M free)
TotalPageFile size 11021M (AvailPageFile size 5M)
current process WorkingSet (physical memory assigned to process): 245M, peak: 253M
current process commit charge ("private bytes"): 315M, peak: 334M

vm_info: OpenJDK 64-Bit Server VM (17.0.10+7) for windows-amd64 JRE (17.0.10+7), built on Jan 16 2024 23:25:11 by "admin" with MS VC++ 16.10 / 16.11 (VS2019)

END.
