#
# There is insufficient memory for the Java Runtime Environment to continue.
# Native memory allocation (malloc) failed to allocate 2097152 bytes for AllocateHeap
# Possible reasons:
#   The system is out of physical RAM or swap space
#   The process is running with CompressedOops enabled, and the Java Heap may be blocking the growth of the native heap
# Possible solutions:
#   Reduce memory load on the system
#   Increase physical memory or swap space
#   Check if swap backing store is full
#   Decrease Java heap size (-Xmx/-Xms)
#   Decrease number of Java threads
#   Decrease Java thread stack sizes (-Xss)
#   Set larger code cache with -XX:ReservedCodeCacheSize=
#   JVM is running with Unscaled Compressed Oops mode in which the Java heap is
#     placed in the first 4GB address space. The Java Heap base address is the
#     maximum limit for the native heap growth. Please use -XX:HeapBaseMinAddress
#     to set the Java Heap base and to place the Java Heap above 4GB virtual address.
# This output file may be truncated or incomplete.
#
#  Out of Memory Error (allocation.cpp:44), pid=17724, tid=11120
#
# JRE version: Java(TM) SE Runtime Environment (17.0.10+11) (build 17.0.10+11-LTS-240)
# Java VM: Java HotSpot(TM) 64-Bit Server VM (17.0.10+11-LTS-240, mixed mode, emulated-client, sharing, tiered, compressed oops, compressed class ptrs, g1 gc, windows-amd64)
# No core dump will be written. Minidumps are not enabled by default on client versions of Windows
#

---------------  S U M M A R Y ------------

Command Line: -XX:TieredStopAtLevel=1 com.alibou.security.SecurityApplication

Host: Intel(R) Core(TM) i7-9750H CPU @ 2.60GHz, 12 cores, 7G,  Windows 10 , 64 bit Build 19041 (10.0.19041.3636)
Time: Sat May  4 01:04:35 2024 Egypt Daylight Time elapsed time: 552.417482 seconds (0d 0h 9m 12s)

---------------  T H R E A D  ---------------

Current thread (0x0000022bc2b89c30):  VMThread "VM Thread" [stack: 0x0000005ce2700000,0x0000005ce2800000] [id=11120]

Stack: [0x0000005ce2700000,0x0000005ce2800000]
Native frames: (J=compiled Java code, j=interpreted, Vv=VM code, C=native code)
V  [jvm.dll+0x677a5a]
V  [jvm.dll+0x7d8b2d]
V  [jvm.dll+0x7da48e]
V  [jvm.dll+0x7daaf3]
V  [jvm.dll+0x2455ff]
V  [jvm.dll+0xa5173]
V  [jvm.dll+0x2f4211]
V  [jvm.dll+0x2f00e0]
V  [jvm.dll+0x2d86b7]
V  [jvm.dll+0x31b227]
V  [jvm.dll+0x7df30b]
V  [jvm.dll+0x7e0044]
V  [jvm.dll+0x7e055d]
V  [jvm.dll+0x7e0934]
V  [jvm.dll+0x7e0a00]
V  [jvm.dll+0x78888a]
V  [jvm.dll+0x676935]
C  [ucrtbase.dll+0x21bb2]
C  [KERNEL32.DLL+0x17344]
C  [ntdll.dll+0x526b1]

VM_Operation (0x0000005ce1efee80): G1CollectFull, mode: safepoint, requested by thread 0x0000022c099bb8f0


---------------  P R O C E S S  ---------------

Threads class SMR info:
_java_thread_list=0x0000022c0ad6b5c0, length=16, elements={
0x0000022bc2b8e0f0, 0x0000022bc2b8ef70, 0x0000022bc2ba2df0, 0x0000022bc2ba5a80,
0x0000022bc2ba7450, 0x0000022bc2ba7e10, 0x0000022bc2bb50b0, 0x0000022bc2bd59d0,
0x0000022c080fb2e0, 0x0000022c08107060, 0x0000022c0965f540, 0x0000022c099baed0,
0x0000022c0abdcd70, 0x0000022c0abdd280, 0x0000022c0abdf0e0, 0x0000022c099bb8f0
}

Java Threads: ( => current thread )
  0x0000022bc2b8e0f0 JavaThread "Reference Handler" daemon [_thread_blocked, id=8336, stack(0x0000005ce2800000,0x0000005ce2900000)]
  0x0000022bc2b8ef70 JavaThread "Finalizer" daemon [_thread_blocked, id=6416, stack(0x0000005ce2900000,0x0000005ce2a00000)]
  0x0000022bc2ba2df0 JavaThread "Signal Dispatcher" daemon [_thread_blocked, id=14344, stack(0x0000005ce2a00000,0x0000005ce2b00000)]
  0x0000022bc2ba5a80 JavaThread "Attach Listener" daemon [_thread_blocked, id=8496, stack(0x0000005ce2b00000,0x0000005ce2c00000)]
  0x0000022bc2ba7450 JavaThread "Service Thread" daemon [_thread_blocked, id=12456, stack(0x0000005ce2c00000,0x0000005ce2d00000)]
  0x0000022bc2ba7e10 JavaThread "Monitor Deflation Thread" daemon [_thread_blocked, id=6628, stack(0x0000005ce2d00000,0x0000005ce2e00000)]
  0x0000022bc2bb50b0 JavaThread "C1 CompilerThread0" daemon [_thread_blocked, id=17948, stack(0x0000005ce2e00000,0x0000005ce2f00000)]
  0x0000022bc2bd59d0 JavaThread "Sweeper thread" daemon [_thread_blocked, id=10432, stack(0x0000005ce2f00000,0x0000005ce3000000)]
  0x0000022c080fb2e0 JavaThread "Notification Thread" daemon [_thread_blocked, id=4684, stack(0x0000005ce3200000,0x0000005ce3300000)]
  0x0000022c08107060 JavaThread "Common-Cleaner" daemon [_thread_blocked, id=2944, stack(0x0000005ce3400000,0x0000005ce3500000)]
  0x0000022c0965f540 JavaThread "mysql-cj-abandoned-connection-cleanup" daemon [_thread_blocked, id=12240, stack(0x0000005ce4300000,0x0000005ce4400000)]
  0x0000022c099baed0 JavaThread "Live Reload Server" daemon [_thread_in_native, id=19028, stack(0x0000005ce4c00000,0x0000005ce4d00000)]
  0x0000022c0abdcd70 JavaThread "DestroyJavaVM" [_thread_blocked, id=18068, stack(0x0000005ce2100000,0x0000005ce2200000)]
  0x0000022c0abdd280 JavaThread "File Watcher" daemon [_thread_blocked, id=11392, stack(0x0000005ce1f00000,0x0000005ce2000000)]
  0x0000022c0abdf0e0 JavaThread "File Watcher" daemon [_thread_blocked, id=1812, stack(0x0000005ce2000000,0x0000005ce2100000)]
  0x0000022c099bb8f0 JavaThread "Thread-37" [_thread_blocked, id=1472, stack(0x0000005ce1e00000,0x0000005ce1f00000)]

Other Threads:
=>0x0000022bc2b89c30 VMThread "VM Thread" [stack: 0x0000005ce2700000,0x0000005ce2800000] [id=11120]
  0x0000022bb0985230 WatcherThread [stack: 0x0000005ce3300000,0x0000005ce3400000] [id=15948]
  0x0000022bb096ce90 GCTaskThread "GC Thread#0" [stack: 0x0000005ce2200000,0x0000005ce2300000] [id=8244]
  0x0000022c08847780 GCTaskThread "GC Thread#1" [stack: 0x0000005ce3700000,0x0000005ce3800000] [id=19384]
  0x0000022c08847a40 GCTaskThread "GC Thread#2" [stack: 0x0000005ce3800000,0x0000005ce3900000] [id=17524]
  0x0000022c08847d00 GCTaskThread "GC Thread#3" [stack: 0x0000005ce3900000,0x0000005ce3a00000] [id=11360]
  0x0000022c08847fc0 GCTaskThread "GC Thread#4" [stack: 0x0000005ce3a00000,0x0000005ce3b00000] [id=2432]
  0x0000022c0885e7f0 GCTaskThread "GC Thread#5" [stack: 0x0000005ce3b00000,0x0000005ce3c00000] [id=10808]
  0x0000022c089f6060 GCTaskThread "GC Thread#6" [stack: 0x0000005ce3e00000,0x0000005ce3f00000] [id=3032]
  0x0000022c089f7be0 GCTaskThread "GC Thread#7" [stack: 0x0000005ce3f00000,0x0000005ce4000000] [id=20960]
  0x0000022c089f7660 GCTaskThread "GC Thread#8" [stack: 0x0000005ce3c00000,0x0000005ce3d00000] [id=19944]
  0x0000022c089f6e20 GCTaskThread "GC Thread#9" [stack: 0x0000005ce4000000,0x0000005ce4100000] [id=7984]
  0x0000022bb097d860 ConcurrentGCThread "G1 Main Marker" [stack: 0x0000005ce2300000,0x0000005ce2400000] [id=13228]
  0x0000022bb097e270 ConcurrentGCThread "G1 Conc#0" [stack: 0x0000005ce2400000,0x0000005ce2500000] [id=1636]
  0x0000022c089f6320 ConcurrentGCThread "G1 Conc#1" [stack: 0x0000005ce4100000,0x0000005ce4200000] [id=6208]
  0x0000022c089f70e0 ConcurrentGCThread "G1 Conc#2" [stack: 0x0000005ce4200000,0x0000005ce4300000] [id=9260]
  0x0000022bb09cec80 ConcurrentGCThread "G1 Refine#0" [stack: 0x0000005ce2500000,0x0000005ce2600000] [id=6632]
  0x0000022bc2a43820 ConcurrentGCThread "G1 Service" [stack: 0x0000005ce2600000,0x0000005ce2700000] [id=9392]

Threads with active compile tasks:

VM state: at safepoint (normal execution)

VM Mutex/Monitor currently owned by a thread:  ([mutex/lock_event])
[0x0000022bae63ac10] Threads_lock - owner thread: 0x0000022bc2b89c30
[0x0000022bae63b870] Heap_lock - owner thread: 0x0000022c099bb8f0

Heap address: 0x0000000082c00000, size: 2004 MB, Compressed Oops mode: 32-bit

CDS archive(s) mapped at: [0x0000022bc3000000-0x0000022bc3bd0000-0x0000022bc3bd0000), size 12386304, SharedBaseAddress: 0x0000022bc3000000, ArchiveRelocationMode: 1.
Compressed class space mapped at: 0x0000022bc4000000-0x0000022c04000000, reserved size: 1073741824
Narrow klass base: 0x0000022bc3000000, Narrow klass shift: 0, Narrow klass range: 0x100000000

GC Precious Log:
 CPUs: 12 total, 12 available
 Memory: 8008M
 Large Page Support: Disabled
 NUMA Support: Disabled
 Compressed Oops: Enabled (32-bit)
 Heap Region Size: 1M
 Heap Min Capacity: 8M
 Heap Initial Capacity: 126M
 Heap Max Capacity: 2004M
 Pre-touch: Disabled
 Parallel Workers: 10
 Concurrent Workers: 3
 Concurrent Refinement Workers: 10
 Periodic GC: Disabled

Heap:
 garbage-first heap   total 109568K, used 48185K [0x0000000082c00000, 0x0000000100000000)
  region size 1024K, 18 young (18432K), 7 survivors (7168K)
 Metaspace       used 80833K, committed 81600K, reserved 1179648K
  class space    used 11688K, committed 12032K, reserved 1048576K

Heap Regions: E=young(eden), S=young(survivor), O=old, HS=humongous(starts), HC=humongous(continues), CS=collection set, F=free, OA=open archive, CA=closed archive, TAMS=top-at-mark-start (previous, next)
|   0|0x0000000082c00000, 0x0000000082d00000, 0x0000000082d00000|100%|HS|  |TAMS 0x0000000082d00000, 0x0000000082c00000| Untracked 
|   1|0x0000000082d00000, 0x0000000082dffff0, 0x0000000082e00000| 99%| O|  |TAMS 0x0000000082dffff0, 0x0000000082d00000| Untracked 
|   2|0x0000000082e00000, 0x0000000082efffc0, 0x0000000082f00000| 99%| O|  |TAMS 0x0000000082efffc0, 0x0000000082e00000| Untracked 
|   3|0x0000000082f00000, 0x0000000082ffffc0, 0x0000000083000000| 99%| O|  |TAMS 0x0000000082ffffc0, 0x0000000082f00000| Untracked 
|   4|0x0000000083000000, 0x0000000083100000, 0x0000000083100000|100%| O|  |TAMS 0x0000000083100000, 0x0000000083000000| Untracked 
|   5|0x0000000083100000, 0x00000000831fffb8, 0x0000000083200000| 99%| O|  |TAMS 0x00000000831fffb8, 0x0000000083100000| Untracked 
|   6|0x0000000083200000, 0x00000000832ffff0, 0x0000000083300000| 99%| O|  |TAMS 0x00000000832ffff0, 0x0000000083200000| Untracked 
|   7|0x0000000083300000, 0x0000000083400000, 0x0000000083400000|100%| O|  |TAMS 0x0000000083400000, 0x0000000083300000| Untracked 
|   8|0x0000000083400000, 0x0000000083500000, 0x0000000083500000|100%| O|  |TAMS 0x0000000083500000, 0x0000000083400000| Untracked 
|   9|0x0000000083500000, 0x00000000835ffff8, 0x0000000083600000| 99%| O|  |TAMS 0x00000000835ffff8, 0x0000000083500000| Untracked 
|  10|0x0000000083600000, 0x00000000836ffff0, 0x0000000083700000| 99%| O|  |TAMS 0x00000000836ffff0, 0x0000000083600000| Untracked 
|  11|0x0000000083700000, 0x0000000083800000, 0x0000000083800000|100%| O|  |TAMS 0x0000000083800000, 0x0000000083700000| Untracked 
|  12|0x0000000083800000, 0x0000000083900000, 0x0000000083900000|100%| O|  |TAMS 0x0000000083900000, 0x0000000083800000| Untracked 
|  13|0x0000000083900000, 0x00000000839fffd0, 0x0000000083a00000| 99%| O|  |TAMS 0x00000000839fffd0, 0x0000000083900000| Untracked 
|  14|0x0000000083a00000, 0x0000000083affff0, 0x0000000083b00000| 99%| O|  |TAMS 0x0000000083affff0, 0x0000000083a00000| Untracked 
|  15|0x0000000083b00000, 0x0000000083bfffe8, 0x0000000083c00000| 99%| O|  |TAMS 0x0000000083bfffe8, 0x0000000083b00000| Untracked 
|  16|0x0000000083c00000, 0x0000000083d00000, 0x0000000083d00000|100%| O|  |TAMS 0x0000000083d00000, 0x0000000083c00000| Untracked 
|  17|0x0000000083d00000, 0x0000000083dffff8, 0x0000000083e00000| 99%| O|  |TAMS 0x0000000083dffff8, 0x0000000083d00000| Untracked 
|  18|0x0000000083e00000, 0x0000000083efffc0, 0x0000000083f00000| 99%| O|  |TAMS 0x0000000083efffc0, 0x0000000083e00000| Untracked 
|  19|0x0000000083f00000, 0x0000000084000000, 0x0000000084000000|100%| O|  |TAMS 0x0000000084000000, 0x0000000083f00000| Untracked 
|  20|0x0000000084000000, 0x00000000840fffc0, 0x0000000084100000| 99%| O|  |TAMS 0x0000000084000000, 0x0000000084000000| Untracked 
|  21|0x0000000084100000, 0x00000000841fff48, 0x0000000084200000| 99%| O|  |TAMS 0x00000000841fff48, 0x0000000084100000| Untracked 
|  22|0x0000000084200000, 0x00000000842ffff8, 0x0000000084300000| 99%| O|  |TAMS 0x00000000842ffff8, 0x0000000084200000| Untracked 
|  23|0x0000000084300000, 0x00000000843fffc0, 0x0000000084400000| 99%| O|  |TAMS 0x00000000843fffc0, 0x0000000084300000| Untracked 
|  24|0x0000000084400000, 0x00000000844ffff0, 0x0000000084500000| 99%| O|  |TAMS 0x00000000844ffff0, 0x0000000084400000| Untracked 
|  25|0x0000000084500000, 0x00000000845fffe8, 0x0000000084600000| 99%| O|  |TAMS 0x0000000084500000, 0x0000000084500000| Untracked 
|  26|0x0000000084600000, 0x0000000084700000, 0x0000000084700000|100%| O|  |TAMS 0x0000000084600000, 0x0000000084600000| Untracked 
|  27|0x0000000084700000, 0x00000000847ffff0, 0x0000000084800000| 99%| O|  |TAMS 0x0000000084700000, 0x0000000084700000| Untracked 
|  28|0x0000000084800000, 0x00000000848ffff8, 0x0000000084900000| 99%| O|  |TAMS 0x0000000084800000, 0x0000000084800000| Untracked 
|  29|0x0000000084900000, 0x000000008496f8a8, 0x0000000084a00000| 43%| O|  |TAMS 0x0000000084900000, 0x0000000084900000| Untracked 
|  30|0x0000000084a00000, 0x0000000084a4efa8, 0x0000000084b00000| 30%| O|  |TAMS 0x0000000084a00000, 0x0000000084a00000| Untracked 
|  31|0x0000000084b00000, 0x0000000084b00000, 0x0000000084c00000|  0%| F|  |TAMS 0x0000000084b00000, 0x0000000084b00000| Untracked 
|  32|0x0000000084c00000, 0x0000000084c3ed00, 0x0000000084d00000| 24%| O|  |TAMS 0x0000000084c00000, 0x0000000084c00000| Untracked 
|  33|0x0000000084d00000, 0x0000000084d74f28, 0x0000000084e00000| 45%| O|  |TAMS 0x0000000084d00000, 0x0000000084d00000| Untracked 
|  34|0x0000000084e00000, 0x0000000084e00000, 0x0000000084f00000|  0%| F|  |TAMS 0x0000000084e00000, 0x0000000084e00000| Untracked 
|  35|0x0000000084f00000, 0x0000000084f00000, 0x0000000085000000|  0%| F|  |TAMS 0x0000000084f00000, 0x0000000084f00000| Untracked 
|  36|0x0000000085000000, 0x0000000085000000, 0x0000000085100000|  0%| F|  |TAMS 0x0000000085000000, 0x0000000085000000| Untracked 
|  37|0x0000000085100000, 0x0000000085100000, 0x0000000085200000|  0%| F|  |TAMS 0x0000000085100000, 0x0000000085100000| Untracked 
|  38|0x0000000085200000, 0x000000008521d0c0, 0x0000000085300000| 11%| O|  |TAMS 0x0000000085200000, 0x0000000085200000| Untracked 
|  39|0x0000000085300000, 0x0000000085300000, 0x0000000085400000|  0%| F|  |TAMS 0x0000000085300000, 0x0000000085300000| Untracked 
|  40|0x0000000085400000, 0x0000000085400000, 0x0000000085500000|  0%| F|  |TAMS 0x0000000085400000, 0x0000000085400000| Untracked 
|  41|0x0000000085500000, 0x0000000085500000, 0x0000000085600000|  0%| F|  |TAMS 0x0000000085500000, 0x0000000085500000| Untracked 
|  42|0x0000000085600000, 0x0000000085600000, 0x0000000085700000|  0%| F|  |TAMS 0x0000000085600000, 0x0000000085600000| Untracked 
|  43|0x0000000085700000, 0x0000000085700000, 0x0000000085800000|  0%| F|  |TAMS 0x0000000085700000, 0x0000000085700000| Untracked 
|  44|0x0000000085800000, 0x0000000085800000, 0x0000000085900000|  0%| F|  |TAMS 0x0000000085800000, 0x0000000085800000| Untracked 
|  45|0x0000000085900000, 0x0000000085900000, 0x0000000085a00000|  0%| F|  |TAMS 0x0000000085900000, 0x0000000085900000| Untracked 
|  46|0x0000000085a00000, 0x0000000085a00000, 0x0000000085b00000|  0%| F|  |TAMS 0x0000000085a00000, 0x0000000085a00000| Untracked 
|  47|0x0000000085b00000, 0x0000000085b67c50, 0x0000000085c00000| 40%| S|CS|TAMS 0x0000000085b00000, 0x0000000085b00000| Complete 
|  48|0x0000000085c00000, 0x0000000085d00000, 0x0000000085d00000|100%| S|CS|TAMS 0x0000000085c00000, 0x0000000085c00000| Complete 
|  49|0x0000000085d00000, 0x0000000085e00000, 0x0000000085e00000|100%| S|CS|TAMS 0x0000000085d00000, 0x0000000085d00000| Complete 
|  50|0x0000000085e00000, 0x0000000085f00000, 0x0000000085f00000|100%| S|CS|TAMS 0x0000000085e00000, 0x0000000085e00000| Complete 
|  51|0x0000000085f00000, 0x0000000085f00000, 0x0000000086000000|  0%| F|  |TAMS 0x0000000085f00000, 0x0000000085f00000| Untracked 
|  52|0x0000000086000000, 0x0000000086000000, 0x0000000086100000|  0%| F|  |TAMS 0x0000000086000000, 0x0000000086000000| Untracked 
|  53|0x0000000086100000, 0x0000000086100000, 0x0000000086200000|  0%| F|  |TAMS 0x0000000086100000, 0x0000000086100000| Untracked 
|  54|0x0000000086200000, 0x0000000086200000, 0x0000000086300000|  0%| F|  |TAMS 0x0000000086200000, 0x0000000086200000| Untracked 
|  55|0x0000000086300000, 0x0000000086400000, 0x0000000086400000|100%| S|CS|TAMS 0x0000000086300000, 0x0000000086300000| Complete 
|  56|0x0000000086400000, 0x0000000086500000, 0x0000000086500000|100%| S|CS|TAMS 0x0000000086400000, 0x0000000086400000| Complete 
|  57|0x0000000086500000, 0x0000000086600000, 0x0000000086600000|100%| S|CS|TAMS 0x0000000086500000, 0x0000000086500000| Complete 
|  58|0x0000000086600000, 0x0000000086600000, 0x0000000086700000|  0%| F|  |TAMS 0x0000000086600000, 0x0000000086600000| Untracked 
|  59|0x0000000086700000, 0x0000000086700000, 0x0000000086800000|  0%| F|  |TAMS 0x0000000086700000, 0x0000000086700000| Untracked 
|  60|0x0000000086800000, 0x0000000086800000, 0x0000000086900000|  0%| F|  |TAMS 0x0000000086800000, 0x0000000086800000| Untracked 
|  61|0x0000000086900000, 0x0000000086900000, 0x0000000086a00000|  0%| F|  |TAMS 0x0000000086900000, 0x0000000086900000| Untracked 
|  62|0x0000000086a00000, 0x0000000086a17920, 0x0000000086b00000|  9%| O|  |TAMS 0x0000000086a00000, 0x0000000086a00000| Untracked 
|  63|0x0000000086b00000, 0x0000000086b00000, 0x0000000086c00000|  0%| F|  |TAMS 0x0000000086b00000, 0x0000000086b00000| Untracked 
|  64|0x0000000086c00000, 0x0000000086c00000, 0x0000000086d00000|  0%| F|  |TAMS 0x0000000086c00000, 0x0000000086c00000| Untracked 
|  65|0x0000000086d00000, 0x0000000086d00000, 0x0000000086e00000|  0%| F|  |TAMS 0x0000000086d00000, 0x0000000086d00000| Untracked 
|  66|0x0000000086e00000, 0x0000000086e00000, 0x0000000086f00000|  0%| F|  |TAMS 0x0000000086e00000, 0x0000000086e00000| Untracked 
|  67|0x0000000086f00000, 0x0000000086f00000, 0x0000000087000000|  0%| F|  |TAMS 0x0000000086f00000, 0x0000000086f00000| Untracked 
|  68|0x0000000087000000, 0x0000000087000000, 0x0000000087100000|  0%| F|  |TAMS 0x0000000087000000, 0x0000000087000000| Untracked 
|  69|0x0000000087100000, 0x0000000087100000, 0x0000000087200000|  0%| F|  |TAMS 0x0000000087100000, 0x0000000087100000| Untracked 
|  70|0x0000000087200000, 0x0000000087200000, 0x0000000087300000|  0%| F|  |TAMS 0x0000000087200000, 0x0000000087200000| Untracked 
|  71|0x0000000087300000, 0x0000000087300000, 0x0000000087400000|  0%| F|  |TAMS 0x0000000087300000, 0x0000000087300000| Untracked 
|  72|0x0000000087400000, 0x0000000087400000, 0x0000000087500000|  0%| F|  |TAMS 0x0000000087400000, 0x0000000087400000| Untracked 
|  73|0x0000000087500000, 0x0000000087500000, 0x0000000087600000|  0%| F|  |TAMS 0x0000000087500000, 0x0000000087500000| Untracked 
|  74|0x0000000087600000, 0x0000000087600000, 0x0000000087700000|  0%| F|  |TAMS 0x0000000087600000, 0x0000000087600000| Untracked 
|  75|0x0000000087700000, 0x0000000087700000, 0x0000000087800000|  0%| F|  |TAMS 0x0000000087700000, 0x0000000087700000| Untracked 
|  76|0x0000000087800000, 0x0000000087800000, 0x0000000087900000|  0%| F|  |TAMS 0x0000000087800000, 0x0000000087800000| Untracked 
|  77|0x0000000087900000, 0x0000000087900000, 0x0000000087a00000|  0%| F|  |TAMS 0x0000000087900000, 0x0000000087900000| Untracked 
|  78|0x0000000087a00000, 0x0000000087a00000, 0x0000000087b00000|  0%| F|  |TAMS 0x0000000087a00000, 0x0000000087a00000| Untracked 
|  79|0x0000000087b00000, 0x0000000087b00000, 0x0000000087c00000|  0%| F|  |TAMS 0x0000000087b00000, 0x0000000087b00000| Untracked 
|  80|0x0000000087c00000, 0x0000000087c00000, 0x0000000087d00000|  0%| F|  |TAMS 0x0000000087c00000, 0x0000000087c00000| Untracked 
|  81|0x0000000087d00000, 0x0000000087d00000, 0x0000000087e00000|  0%| F|  |TAMS 0x0000000087d00000, 0x0000000087d00000| Untracked 
|  82|0x0000000087e00000, 0x0000000087e00000, 0x0000000087f00000|  0%| F|  |TAMS 0x0000000087e00000, 0x0000000087e00000| Untracked 
|  83|0x0000000087f00000, 0x0000000087f00000, 0x0000000088000000|  0%| F|  |TAMS 0x0000000087f00000, 0x0000000087f00000| Untracked 
|  84|0x0000000088000000, 0x0000000088000000, 0x0000000088100000|  0%| F|  |TAMS 0x0000000088000000, 0x0000000088000000| Untracked 
|  85|0x0000000088100000, 0x0000000088100000, 0x0000000088200000|  0%| F|  |TAMS 0x0000000088100000, 0x0000000088100000| Untracked 
|  86|0x0000000088200000, 0x0000000088200000, 0x0000000088300000|  0%| F|  |TAMS 0x0000000088200000, 0x0000000088200000| Untracked 
|  87|0x0000000088300000, 0x0000000088300000, 0x0000000088400000|  0%| F|  |TAMS 0x0000000088300000, 0x0000000088300000| Untracked 
|  88|0x0000000088400000, 0x0000000088400000, 0x0000000088500000|  0%| F|  |TAMS 0x0000000088400000, 0x0000000088400000| Untracked 
|  89|0x0000000088500000, 0x0000000088500000, 0x0000000088600000|  0%| F|  |TAMS 0x0000000088500000, 0x0000000088500000| Untracked 
|  90|0x0000000088600000, 0x0000000088600000, 0x0000000088700000|  0%| F|  |TAMS 0x0000000088600000, 0x0000000088600000| Untracked 
|  91|0x0000000088700000, 0x0000000088700000, 0x0000000088800000|  0%| F|  |TAMS 0x0000000088700000, 0x0000000088700000| Untracked 
|  92|0x0000000088800000, 0x0000000088800000, 0x0000000088900000|  0%| F|  |TAMS 0x0000000088800000, 0x0000000088800000| Untracked 
|  93|0x0000000088900000, 0x0000000088900000, 0x0000000088a00000|  0%| F|  |TAMS 0x0000000088900000, 0x0000000088900000| Untracked 
|  94|0x0000000088a00000, 0x0000000088a00000, 0x0000000088b00000|  0%| F|  |TAMS 0x0000000088a00000, 0x0000000088a00000| Untracked 
|  95|0x0000000088b00000, 0x0000000088b00000, 0x0000000088c00000|  0%| F|  |TAMS 0x0000000088b00000, 0x0000000088b00000| Untracked 
|  96|0x0000000088c00000, 0x0000000088cbe3e8, 0x0000000088d00000| 74%| E|  |TAMS 0x0000000088c00000, 0x0000000088c00000| Complete 
|  97|0x0000000088d00000, 0x0000000088e00000, 0x0000000088e00000|100%| E|CS|TAMS 0x0000000088d00000, 0x0000000088d00000| Complete 
|  98|0x0000000088e00000, 0x0000000088f00000, 0x0000000088f00000|100%| E|CS|TAMS 0x0000000088e00000, 0x0000000088e00000| Complete 
|  99|0x0000000088f00000, 0x0000000089000000, 0x0000000089000000|100%| E|CS|TAMS 0x0000000088f00000, 0x0000000088f00000| Complete 
| 100|0x0000000089000000, 0x0000000089100000, 0x0000000089100000|100%| E|CS|TAMS 0x0000000089000000, 0x0000000089000000| Complete 
| 101|0x0000000089100000, 0x0000000089200000, 0x0000000089200000|100%| E|CS|TAMS 0x0000000089100000, 0x0000000089100000| Complete 
| 102|0x0000000089200000, 0x0000000089300000, 0x0000000089300000|100%| E|CS|TAMS 0x0000000089200000, 0x0000000089200000| Complete 
| 103|0x0000000089300000, 0x0000000089400000, 0x0000000089400000|100%| E|CS|TAMS 0x0000000089300000, 0x0000000089300000| Complete 
| 111|0x0000000089b00000, 0x0000000089c00000, 0x0000000089c00000|100%| E|CS|TAMS 0x0000000089b00000, 0x0000000089b00000| Complete 
| 112|0x0000000089c00000, 0x0000000089d00000, 0x0000000089d00000|100%| E|CS|TAMS 0x0000000089c00000, 0x0000000089c00000| Complete 
| 113|0x0000000089d00000, 0x0000000089e00000, 0x0000000089e00000|100%| E|CS|TAMS 0x0000000089d00000, 0x0000000089d00000| Complete 

Card table byte_map: [0x0000022bbb8e0000,0x0000022bbbcd0000] _byte_map_base: 0x0000022bbb4ca000

Marking Bits (Prev, Next): (CMBitMap*) 0x0000022bb096d4b0, (CMBitMap*) 0x0000022bb096d4f0
 Prev Bits: [0x0000022bbc0c0000, 0x0000022bbe010000)
 Next Bits: [0x0000022bbe010000, 0x0000022bbff60000)

Polling page: 0x0000022bae840000

Metaspace:

Usage:
  Non-class:     67.52 MB used.
      Class:     11.41 MB used.
       Both:     78.94 MB used.

Virtual space:
  Non-class space:      128.00 MB reserved,      67.94 MB ( 53%) committed,  2 nodes.
      Class space:        1.00 GB reserved,      11.75 MB (  1%) committed,  1 nodes.
             Both:        1.12 GB reserved,      79.69 MB (  7%) committed. 

Chunk freelists:
   Non-Class:  11.47 MB
       Class:  4.15 MB
        Both:  15.62 MB

MaxMetaspaceSize: unlimited
CompressedClassSpaceSize: 1.00 GB
Initial GC threshold: 21.00 MB
Current GC threshold: 132.12 MB
CDS: on
MetaspaceReclaimPolicy: balanced
 - commit_granule_bytes: 65536.
 - commit_granule_words: 8192.
 - virtual_space_node_default_size: 8388608.
 - enlarge_chunks_in_place: 1.
 - new_chunks_are_fully_committed: 0.
 - uncommit_free_chunks: 1.
 - use_allocation_guard: 0.
 - handle_deallocations: 1.


Internal statistics:

num_allocs_failed_limit: 9.
num_arena_births: 1142.
num_arena_deaths: 298.
num_vsnodes_births: 3.
num_vsnodes_deaths: 0.
num_space_committed: 1275.
num_space_uncommitted: 0.
num_chunks_returned_to_freelist: 338.
num_chunks_taken_from_freelist: 4386.
num_chunk_merges: 115.
num_chunk_splits: 2991.
num_chunks_enlarged: 2248.
num_inconsistent_stats: 0.

CodeCache: size=49152Kb used=19755Kb max_used=20457Kb free=29396Kb
 bounds [0x0000022bb81b0000, 0x0000022bb9630000, 0x0000022bbb1b0000]
 total_blobs=12322 nmethods=11617 adapters=631
 compilation: enabled
              stopped_count=0, restarted_count=0
 full_count=0

Compilation events (20 events):
Event: 548.953 Thread 0x0000022bc2bb50b0 11608   !   1       java.util.ArrayList::batchRemove (184 bytes)
Event: 548.954 Thread 0x0000022bc2bb50b0 nmethod 11608 0x0000022bb951f610 code [0x0000022bb951f820, 0x0000022bb951fe58]
Event: 550.808 Thread 0x0000022bc2bb50b0 11609       1       org.springframework.context.event.AbstractApplicationEventMulticaster$ListenerCacheKey::hashCode (19 bytes)
Event: 550.809 Thread 0x0000022bc2bb50b0 nmethod 11609 0x0000022bb951f210 code [0x0000022bb951f3c0, 0x0000022bb951f4f8]
Event: 550.878 Thread 0x0000022bc2bb50b0 11610       1       java.util.concurrent.FutureTask::finishCompletion (71 bytes)
Event: 550.879 Thread 0x0000022bc2bb50b0 nmethod 11610 0x0000022bb951ec10 code [0x0000022bb951ede0, 0x0000022bb951f0b8]
Event: 550.879 Thread 0x0000022bc2bb50b0 11612  s!   1       org.apache.catalina.util.LifecycleBase::stop (347 bytes)
Event: 550.882 Thread 0x0000022bc2bb50b0 nmethod 11612 0x0000022bb951d010 code [0x0000022bb951d360, 0x0000022bb951e3c8]
Event: 550.882 Thread 0x0000022bc2bb50b0 11611       1       java.util.concurrent.FutureTask::done (1 bytes)
Event: 550.883 Thread 0x0000022bc2bb50b0 nmethod 11611 0x0000022bb951cd10 code [0x0000022bb951cea0, 0x0000022bb951cf58]
Event: 550.916 Thread 0x0000022bc2bb50b0 11613       1       java.lang.Exception::<init> (5 bytes)
Event: 550.918 Thread 0x0000022bc2bb50b0 nmethod 11613 0x0000022bb951c890 code [0x0000022bb951ca40, 0x0000022bb951cc68]
Event: 550.919 Thread 0x0000022bc2bb50b0 11614  s!   1       org.apache.catalina.util.LifecycleBase::destroy (274 bytes)
Event: 550.923 Thread 0x0000022bc2bb50b0 nmethod 11614 0x0000022bb951af90 code [0x0000022bb951b2a0, 0x0000022bb951c1a8]
Event: 551.384 Thread 0x0000022bc2bb50b0 11615       1       java.util.ImmutableCollections::listFromArray (39 bytes)
Event: 551.385 Thread 0x0000022bc2bb50b0 nmethod 11615 0x0000022bb951a890 code [0x0000022bb951aa40, 0x0000022bb951ae28]
Event: 551.385 Thread 0x0000022bc2bb50b0 11616       1       com.zaxxer.hikari.pool.PoolBase::setNetworkTimeout (21 bytes)
Event: 551.385 Thread 0x0000022bc2bb50b0 nmethod 11616 0x0000022bb951a590 code [0x0000022bb951a720, 0x0000022bb951a828]
Event: 551.392 Thread 0x0000022bc2bb50b0 11617       1       com.mysql.cj.protocol.a.result.NativeResultset::<init> (66 bytes)
Event: 551.393 Thread 0x0000022bc2bb50b0 nmethod 11617 0x0000022bb9519f90 code [0x0000022bb951a140, 0x0000022bb951a4a8]

GC Heap History (20 events):
Event: 432.398 GC heap before
{Heap before GC invocations=35 (full 5):
 garbage-first heap   total 109568K, used 84159K [0x0000000082c00000, 0x0000000100000000)
  region size 1024K, 52 young (53248K), 0 survivors (0K)
 Metaspace       used 79109K, committed 79808K, reserved 1179648K
  class space    used 11518K, committed 11840K, reserved 1048576K
}
Event: 432.404 GC heap after
{Heap after GC invocations=36 (full 5):
 garbage-first heap   total 109568K, used 34863K [0x0000000082c00000, 0x0000000100000000)
  region size 1024K, 4 young (4096K), 4 survivors (4096K)
 Metaspace       used 79109K, committed 79808K, reserved 1179648K
  class space    used 11518K, committed 11840K, reserved 1048576K
}
Event: 465.962 GC heap before
{Heap before GC invocations=36 (full 5):
 garbage-first heap   total 109568K, used 84015K [0x0000000082c00000, 0x0000000100000000)
  region size 1024K, 53 young (54272K), 4 survivors (4096K)
 Metaspace       used 79380K, committed 80128K, reserved 1179648K
  class space    used 11545K, committed 11904K, reserved 1048576K
}
Event: 465.973 GC heap after
{Heap after GC invocations=37 (full 5):
 garbage-first heap   total 109568K, used 37635K [0x0000000082c00000, 0x0000000100000000)
  region size 1024K, 7 young (7168K), 7 survivors (7168K)
 Metaspace       used 79380K, committed 80128K, reserved 1179648K
  class space    used 11545K, committed 11904K, reserved 1048576K
}
Event: 475.816 GC heap before
{Heap before GC invocations=37 (full 5):
 garbage-first heap   total 109568K, used 85763K [0x0000000082c00000, 0x0000000100000000)
  region size 1024K, 54 young (55296K), 7 survivors (7168K)
 Metaspace       used 79631K, committed 80320K, reserved 1179648K
  class space    used 11580K, committed 11904K, reserved 1048576K
}
Event: 475.828 GC heap after
{Heap after GC invocations=38 (full 5):
 garbage-first heap   total 109568K, used 39995K [0x0000000082c00000, 0x0000000100000000)
  region size 1024K, 6 young (6144K), 6 survivors (6144K)
 Metaspace       used 79631K, committed 80320K, reserved 1179648K
  class space    used 11580K, committed 11904K, reserved 1048576K
}
Event: 481.438 GC heap before
{Heap before GC invocations=38 (full 5):
 garbage-first heap   total 109568K, used 86075K [0x0000000082c00000, 0x0000000100000000)
  region size 1024K, 51 young (52224K), 6 survivors (6144K)
 Metaspace       used 79846K, committed 80640K, reserved 1179648K
  class space    used 11596K, committed 11968K, reserved 1048576K
}
Event: 481.447 GC heap after
{Heap after GC invocations=39 (full 5):
 garbage-first heap   total 109568K, used 41004K [0x0000000082c00000, 0x0000000100000000)
  region size 1024K, 5 young (5120K), 5 survivors (5120K)
 Metaspace       used 79846K, committed 80640K, reserved 1179648K
  class space    used 11596K, committed 11968K, reserved 1048576K
}
Event: 519.634 GC heap before
{Heap before GC invocations=39 (full 5):
 garbage-first heap   total 109568K, used 57388K [0x0000000082c00000, 0x0000000100000000)
  region size 1024K, 22 young (22528K), 5 survivors (5120K)
 Metaspace       used 80022K, committed 80768K, reserved 1179648K
  class space    used 11609K, committed 11968K, reserved 1048576K
}
Event: 519.775 GC heap after
{Heap after GC invocations=40 (full 6):
 garbage-first heap   total 109568K, used 31551K [0x0000000082c00000, 0x0000000100000000)
  region size 1024K, 0 young (0K), 0 survivors (0K)
 Metaspace       used 79986K, committed 80768K, reserved 1179648K
  class space    used 11600K, committed 11968K, reserved 1048576K
}
Event: 522.407 GC heap before
{Heap before GC invocations=40 (full 6):
 garbage-first heap   total 109568K, used 84799K [0x0000000082c00000, 0x0000000100000000)
  region size 1024K, 53 young (54272K), 0 survivors (0K)
 Metaspace       used 80113K, committed 80832K, reserved 1179648K
  class space    used 11617K, committed 11968K, reserved 1048576K
}
Event: 522.415 GC heap after
{Heap after GC invocations=41 (full 6):
 garbage-first heap   total 109568K, used 35647K [0x0000000082c00000, 0x0000000100000000)
  region size 1024K, 4 young (4096K), 4 survivors (4096K)
 Metaspace       used 80113K, committed 80832K, reserved 1179648K
  class space    used 11617K, committed 11968K, reserved 1048576K
}
Event: 531.678 GC heap before
{Heap before GC invocations=41 (full 6):
 garbage-first heap   total 109568K, used 86847K [0x0000000082c00000, 0x0000000100000000)
  region size 1024K, 54 young (55296K), 4 survivors (4096K)
 Metaspace       used 80414K, committed 81152K, reserved 1179648K
  class space    used 11645K, committed 11968K, reserved 1048576K
}
Event: 531.686 GC heap after
{Heap after GC invocations=42 (full 6):
 garbage-first heap   total 109568K, used 38696K [0x0000000082c00000, 0x0000000100000000)
  region size 1024K, 4 young (4096K), 4 survivors (4096K)
 Metaspace       used 80414K, committed 81152K, reserved 1179648K
  class space    used 11645K, committed 11968K, reserved 1048576K
}
Event: 537.864 GC heap before
{Heap before GC invocations=42 (full 6):
 garbage-first heap   total 109568K, used 46888K [0x0000000082c00000, 0x0000000100000000)
  region size 1024K, 13 young (13312K), 4 survivors (4096K)
 Metaspace       used 80416K, committed 81152K, reserved 1179648K
  class space    used 11646K, committed 11968K, reserved 1048576K
}
Event: 537.980 GC heap after
{Heap after GC invocations=43 (full 7):
 garbage-first heap   total 109568K, used 31386K [0x0000000082c00000, 0x0000000100000000)
  region size 1024K, 0 young (0K), 0 survivors (0K)
 Metaspace       used 80414K, committed 81152K, reserved 1179648K
  class space    used 11645K, committed 11968K, reserved 1048576K
}
Event: 539.149 GC heap before
{Heap before GC invocations=43 (full 7):
 garbage-first heap   total 109568K, used 82586K [0x0000000082c00000, 0x0000000100000000)
  region size 1024K, 51 young (52224K), 0 survivors (0K)
 Metaspace       used 80539K, committed 81344K, reserved 1179648K
  class space    used 11661K, committed 12032K, reserved 1048576K
}
Event: 539.154 GC heap after
{Heap after GC invocations=44 (full 7):
 garbage-first heap   total 109568K, used 35353K [0x0000000082c00000, 0x0000000100000000)
  region size 1024K, 4 young (4096K), 4 survivors (4096K)
 Metaspace       used 80539K, committed 81344K, reserved 1179648K
  class space    used 11661K, committed 12032K, reserved 1048576K
}
Event: 548.755 GC heap before
{Heap before GC invocations=44 (full 7):
 garbage-first heap   total 109568K, used 84505K [0x0000000082c00000, 0x0000000100000000)
  region size 1024K, 52 young (53248K), 4 survivors (4096K)
 Metaspace       used 80827K, committed 81600K, reserved 1179648K
  class space    used 11687K, committed 12032K, reserved 1048576K
}
Event: 548.764 GC heap after
{Heap after GC invocations=45 (full 7):
 garbage-first heap   total 109568K, used 37945K [0x0000000082c00000, 0x0000000100000000)
  region size 1024K, 7 young (7168K), 7 survivors (7168K)
 Metaspace       used 80827K, committed 81600K, reserved 1179648K
  class space    used 11687K, committed 12032K, reserved 1048576K
}

Deoptimization events (8 events):
Event: 11.126 Thread 0x0000022c087e35a0 DEOPT PACKING pc=0x0000022bb86e3c81 sp=0x0000005ce36f88a0
Event: 11.126 Thread 0x0000022c087e35a0 DEOPT UNPACKING pc=0x0000022bb8202b43 sp=0x0000005ce36f7d30 mode 3
Event: 11.126 Thread 0x0000022c099b9070 DEOPT PACKING pc=0x0000022bb86de997 sp=0x0000005ce44fed40
Event: 11.126 Thread 0x0000022c099b9070 DEOPT UNPACKING pc=0x0000022bb8202b43 sp=0x0000005ce44fe198 mode 3
Event: 21.908 Thread 0x0000022c087e35a0 DEOPT PACKING pc=0x0000022bb872f324 sp=0x0000005ce36f9d90
Event: 21.908 Thread 0x0000022c087e35a0 DEOPT UNPACKING pc=0x0000022bb8202b43 sp=0x0000005ce36f92e8 mode 0
Event: 23.077 Thread 0x0000022c087e35a0 DEOPT PACKING pc=0x0000022bb87aec22 sp=0x0000005ce36fbfa0
Event: 23.077 Thread 0x0000022c087e35a0 DEOPT UNPACKING pc=0x0000022bb8202b43 sp=0x0000005ce36fb4a8 mode 3

Classes unloaded (20 events):
Event: 430.992 Thread 0x0000022bc2b89c30 Unloading class 0x0000022bc4b95000 'org/apache/catalina/loader/JdbcLeakPrevention'
Event: 519.698 Thread 0x0000022bc2b89c30 Unloading class 0x0000022bc4bacc00 'org/apache/catalina/loader/JdbcLeakPrevention'
Event: 519.698 Thread 0x0000022bc2b89c30 Unloading class 0x0000022bc4ba4800 'org/apache/catalina/loader/JdbcLeakPrevention'
Event: 519.698 Thread 0x0000022bc2b89c30 Unloading class 0x0000022bc4b89800 'java/lang/invoke/LambdaForm$MH+0x0000022bc4b89800'
Event: 519.698 Thread 0x0000022bc2b89c30 Unloading class 0x0000022bc4b89400 'java/lang/invoke/LambdaForm$MH+0x0000022bc4b89400'
Event: 519.698 Thread 0x0000022bc2b89c30 Unloading class 0x0000022bc4b89000 'java/lang/invoke/LambdaForm$MH+0x0000022bc4b89000'
Event: 519.698 Thread 0x0000022bc2b89c30 Unloading class 0x0000022bc4b88c00 'java/lang/invoke/LambdaForm$MH+0x0000022bc4b88c00'
Event: 519.698 Thread 0x0000022bc2b89c30 Unloading class 0x0000022bc4b88800 'java/lang/invoke/LambdaForm$MH+0x0000022bc4b88800'
Event: 519.698 Thread 0x0000022bc2b89c30 Unloading class 0x0000022bc4b88400 'java/lang/invoke/LambdaForm$MH+0x0000022bc4b88400'
Event: 519.698 Thread 0x0000022bc2b89c30 Unloading class 0x0000022bc4b79000 'java/lang/invoke/LambdaForm$MH+0x0000022bc4b79000'
Event: 519.698 Thread 0x0000022bc2b89c30 Unloading class 0x0000022bc4b78c00 'java/lang/invoke/LambdaForm$MH+0x0000022bc4b78c00'
Event: 519.698 Thread 0x0000022bc2b89c30 Unloading class 0x0000022bc4b78800 'java/lang/invoke/LambdaForm$MH+0x0000022bc4b78800'
Event: 519.698 Thread 0x0000022bc2b89c30 Unloading class 0x0000022bc4b78400 'java/lang/invoke/LambdaForm$MH+0x0000022bc4b78400'
Event: 519.698 Thread 0x0000022bc2b89c30 Unloading class 0x0000022bc4b69400 'java/lang/invoke/LambdaForm$MH+0x0000022bc4b69400'
Event: 519.698 Thread 0x0000022bc2b89c30 Unloading class 0x0000022bc4b69000 'java/lang/invoke/LambdaForm$MH+0x0000022bc4b69000'
Event: 519.698 Thread 0x0000022bc2b89c30 Unloading class 0x0000022bc4b68c00 'java/lang/invoke/LambdaForm$MH+0x0000022bc4b68c00'
Event: 519.698 Thread 0x0000022bc2b89c30 Unloading class 0x0000022bc4b68800 'java/lang/invoke/LambdaForm$MH+0x0000022bc4b68800'
Event: 519.698 Thread 0x0000022bc2b89c30 Unloading class 0x0000022bc4b68400 'java/lang/invoke/LambdaForm$MH+0x0000022bc4b68400'
Event: 519.699 Thread 0x0000022bc2b89c30 Unloading class 0x0000022bc4b68000 'java/lang/invoke/LambdaForm$MH+0x0000022bc4b68000'
Event: 537.901 Thread 0x0000022bc2b89c30 Unloading class 0x0000022bc4bc4c00 'org/apache/catalina/loader/JdbcLeakPrevention'

Classes redefined (0 events):
No events

Internal exceptions (20 events):
Event: 531.507 Thread 0x0000022c099b9fa0 Exception <a 'sun/nio/fs/WindowsException'{0x0000000086c15710}> (0x0000000086c15710) 
thrown [s\open\src\hotspot\share\prims\jni.cpp, line 516]
Event: 535.371 Thread 0x0000022c099b9a90 Exception <a 'java/lang/InterruptedException'{0x0000000088f5fc18}: sleep interrupted> (0x0000000088f5fc18) 
thrown [s\open\src\hotspot\share\prims\jvm.cpp, line 3064]
Event: 538.016 Thread 0x0000022c0abde1b0 Exception <a 'sun/nio/fs/WindowsException'{0x0000000089dce530}> (0x0000000089dce530) 
thrown [s\open\src\hotspot\share\prims\jni.cpp, line 516]
Event: 538.075 Thread 0x0000022c0abde1b0 Exception <a 'sun/nio/fs/WindowsException'{0x00000000893bab58}> (0x00000000893bab58) 
thrown [s\open\src\hotspot\share\prims\jni.cpp, line 516]
Event: 538.640 Thread 0x0000022c0abde1b0 Exception <a 'sun/nio/fs/WindowsException'{0x0000000087ad8930}> (0x0000000087ad8930) 
thrown [s\open\src\hotspot\share\prims\jni.cpp, line 516]
Event: 538.667 Thread 0x0000022c0abde1b0 Exception <a 'sun/nio/fs/WindowsException'{0x00000000878026c8}> (0x00000000878026c8) 
thrown [s\open\src\hotspot\share\prims\jni.cpp, line 516]
Event: 538.779 Thread 0x0000022c0abde1b0 Exception <a 'java/lang/NoClassDefFoundError'{0x000000008749c420}: org/flywaydb/core/Flyway> (0x000000008749c420) 
thrown [s\open\src\hotspot\share\oops\constantPool.cpp, line 835]
Event: 538.779 Thread 0x0000022c0abde1b0 Exception <a 'java/lang/NoClassDefFoundError'{0x000000008749ca70}: liquibase/integration/spring/SpringLiquibase> (0x000000008749ca70) 
thrown [s\open\src\hotspot\share\oops\constantPool.cpp, line 835]
Event: 538.791 Thread 0x0000022c0abde1b0 Exception <a 'java/lang/NoClassDefFoundError'{0x0000000087309c50}: org/jooq/DSLContext> (0x0000000087309c50) 
thrown [s\open\src\hotspot\share\oops\constantPool.cpp, line 835]
Event: 538.793 Thread 0x0000022c0abde1b0 Exception <a 'java/lang/NoClassDefFoundError'{0x000000008731ab78}: org/springframework/batch/core/repository/JobRepository> (0x000000008731ab78) 
thrown [s\open\src\hotspot\share\oops\constantPool.cpp, line 835]
Event: 538.793 Thread 0x0000022c0abde1b0 Exception <a 'java/lang/NoClassDefFoundError'{0x000000008731b1c0}: org/quartz/Scheduler> (0x000000008731b1c0) 
thrown [s\open\src\hotspot\share\oops\constantPool.cpp, line 835]
Event: 538.793 Thread 0x0000022c0abde1b0 Exception <a 'java/lang/NoClassDefFoundError'{0x000000008731b830}: org/springframework/session/jdbc/JdbcIndexedSessionRepository> (0x000000008731b830) 
thrown [s\open\src\hotspot\share\oops\constantPool.cpp, line 835]
Event: 538.953 Thread 0x0000022c0abde1b0 Exception <a 'sun/nio/fs/WindowsException'{0x0000000086cdbc28}> (0x0000000086cdbc28) 
thrown [s\open\src\hotspot\share\prims\jni.cpp, line 516]
Event: 538.954 Thread 0x0000022c0abde1b0 Exception <a 'sun/nio/fs/WindowsException'{0x0000000086cdc280}> (0x0000000086cdc280) 
thrown [s\open\src\hotspot\share\prims\jni.cpp, line 516]
Event: 538.954 Thread 0x0000022c0abde1b0 Exception <a 'sun/nio/fs/WindowsException'{0x0000000086cdc958}> (0x0000000086cdc958) 
thrown [s\open\src\hotspot\share\prims\jni.cpp, line 516]
Event: 538.991 Thread 0x0000022c0abde1b0 Exception <a 'java/io/FileNotFoundException'{0x0000000086b17458}> (0x0000000086b17458) 
thrown [s\open\src\hotspot\share\prims\jni.cpp, line 516]
Event: 539.158 Thread 0x0000022c0abde1b0 Exception <a 'sun/nio/fs/WindowsException'{0x0000000089d2dde8}> (0x0000000089d2dde8) 
thrown [s\open\src\hotspot\share\prims\jni.cpp, line 516]
Event: 548.413 Thread 0x0000022c0abde1b0 Exception <a 'java/io/FileNotFoundException'{0x0000000087eb4ca8}> (0x0000000087eb4ca8) 
thrown [s\open\src\hotspot\share\prims\jni.cpp, line 516]
Event: 548.640 Thread 0x0000022c0abde1b0 Exception <a 'sun/nio/fs/WindowsException'{0x0000000086b3e5d8}> (0x0000000086b3e5d8) 
thrown [s\open\src\hotspot\share\prims\jni.cpp, line 516]
Event: 550.918 Thread 0x0000022c0abd95c0 Exception <a 'java/lang/InterruptedException'{0x0000000088db3c70}: sleep interrupted> (0x0000000088db3c70) 
thrown [s\open\src\hotspot\share\prims\jvm.cpp, line 3064]

VM Operations (20 events):
Event: 540.971 Executing VM operation: HandshakeAllThreads done
Event: 541.975 Executing VM operation: Cleanup
Event: 541.976 Executing VM operation: Cleanup done
Event: 544.997 Executing VM operation: Cleanup
Event: 544.998 Executing VM operation: Cleanup done
Event: 546.008 Executing VM operation: Cleanup
Event: 546.008 Executing VM operation: Cleanup done
Event: 548.755 Executing VM operation: G1CollectForAllocation
Event: 548.764 Executing VM operation: G1CollectForAllocation done
Event: 550.881 Executing VM operation: ThreadDump
Event: 550.881 Executing VM operation: ThreadDump done
Event: 550.882 Executing VM operation: ThreadDump
Event: 550.882 Executing VM operation: ThreadDump done
Event: 550.889 Executing VM operation: ThreadDump
Event: 550.890 Executing VM operation: ThreadDump done
Event: 550.890 Executing VM operation: ThreadDump
Event: 550.891 Executing VM operation: ThreadDump done
Event: 551.892 Executing VM operation: Cleanup
Event: 551.892 Executing VM operation: Cleanup done
Event: 552.403 Executing VM operation: G1CollectFull

Events (20 events):
Event: 550.808 Thread 0x0000022c0abe0520 Thread exited: 0x0000022c0abe0520
Event: 550.876 Thread 0x0000022c099b9070 Thread exited: 0x0000022c099b9070
Event: 550.916 Thread 0x0000022c099ba9c0 Thread exited: 0x0000022c099ba9c0
Event: 550.917 Thread 0x0000022c0abde6c0 Thread exited: 0x0000022c0abde6c0
Event: 550.917 Thread 0x0000022c0abdd790 Thread exited: 0x0000022c0abdd790
Event: 550.917 Thread 0x0000022c0abdbe40 Thread exited: 0x0000022c0abdbe40
Event: 550.917 Thread 0x0000022c0abddca0 Thread exited: 0x0000022c0abddca0
Event: 550.917 Thread 0x0000022c0abd90b0 Thread exited: 0x0000022c0abd90b0
Event: 550.917 Thread 0x0000022c0abdc860 Thread exited: 0x0000022c0abdc860
Event: 550.917 Thread 0x0000022c0abdb930 Thread exited: 0x0000022c0abdb930
Event: 550.918 Thread 0x0000022c0abdc350 Thread exited: 0x0000022c0abdc350
Event: 550.918 Thread 0x0000022c0abe0a30 Thread exited: 0x0000022c0abe0a30
Event: 550.918 Thread 0x0000022c0abe0010 Thread exited: 0x0000022c0abe0010
Event: 550.918 Thread 0x0000022c0abdf5f0 Thread exited: 0x0000022c0abdf5f0
Event: 550.918 Thread 0x0000022c0abdb420 Thread exited: 0x0000022c0abdb420
Event: 550.919 Thread 0x0000022c0abd95c0 Thread exited: 0x0000022c0abd95c0
Event: 550.928 Thread 0x0000022c099bbe00 Thread added: 0x0000022c099bbe00
Event: 551.607 Thread 0x0000022c0abdaa00 Thread exited: 0x0000022c0abdaa00
Event: 551.607 Thread 0x0000022c0abdebd0 Thread exited: 0x0000022c0abdebd0
Event: 552.401 Thread 0x0000022c099bbe00 Thread exited: 0x0000022c099bbe00


Dynamic libraries:
0x00007ff60be90000 - 0x00007ff60bea0000 	C:\Program Files\Java\jdk-17\bin\java.exe
0x00007ffe44d30000 - 0x00007ffe44f28000 	C:\Windows\SYSTEM32\ntdll.dll
0x00007ffdedc70000 - 0x00007ffdedc89000 	C:\Program Files\Avast Software\Avast\aswhook.dll
0x00007ffe44200000 - 0x00007ffe442bd000 	C:\Windows\System32\KERNEL32.DLL
0x00007ffe427e0000 - 0x00007ffe42ad6000 	C:\Windows\System32\KERNELBASE.dll
0x00007ffe426e0000 - 0x00007ffe427e0000 	C:\Windows\System32\ucrtbase.dll
0x00007ffe3f730000 - 0x00007ffe3f749000 	C:\Program Files\Java\jdk-17\bin\jli.dll
0x00007ffe3d760000 - 0x00007ffe3d77b000 	C:\Program Files\Java\jdk-17\bin\VCRUNTIME140.dll
0x00007ffe44680000 - 0x00007ffe44733000 	C:\Windows\System32\ADVAPI32.dll
0x00007ffe42d80000 - 0x00007ffe42e1e000 	C:\Windows\System32\msvcrt.dll
0x00007ffe44c10000 - 0x00007ffe44caf000 	C:\Windows\System32\sechost.dll
0x00007ffe43360000 - 0x00007ffe43486000 	C:\Windows\System32\RPCRT4.dll
0x00007ffe42d50000 - 0x00007ffe42d77000 	C:\Windows\System32\bcrypt.dll
0x00007ffe443e0000 - 0x00007ffe4457e000 	C:\Windows\System32\USER32.dll
0x00007ffe42610000 - 0x00007ffe42632000 	C:\Windows\System32\win32u.dll
0x00007ffe262f0000 - 0x00007ffe2658a000 	C:\Windows\WinSxS\amd64_microsoft.windows.common-controls_6595b64144ccf1df_6.0.19041.3636_none_60b6a03d71f818d5\COMCTL32.dll
0x00007ffe44580000 - 0x00007ffe445ac000 	C:\Windows\System32\GDI32.dll
0x00007ffe42ae0000 - 0x00007ffe42bfa000 	C:\Windows\System32\gdi32full.dll
0x00007ffe42640000 - 0x00007ffe426dd000 	C:\Windows\System32\msvcp_win.dll
0x00007ffe3a730000 - 0x00007ffe3a73a000 	C:\Windows\SYSTEM32\VERSION.dll
0x00007ffe44cb0000 - 0x00007ffe44ce0000 	C:\Windows\System32\IMM32.DLL
0x00007ffe3b840000 - 0x00007ffe3b84c000 	C:\Program Files\Java\jdk-17\bin\vcruntime140_1.dll
0x00007ffe20bb0000 - 0x00007ffe20c3e000 	C:\Program Files\Java\jdk-17\bin\msvcp140.dll
0x00007ffe034e0000 - 0x00007ffe040bf000 	C:\Program Files\Java\jdk-17\bin\server\jvm.dll
0x00007ffe43bf0000 - 0x00007ffe43bf8000 	C:\Windows\System32\PSAPI.DLL
0x00007ffe20650000 - 0x00007ffe20659000 	C:\Windows\SYSTEM32\WSOCK32.dll
0x00007ffe2a910000 - 0x00007ffe2a937000 	C:\Windows\SYSTEM32\WINMM.dll
0x00007ffe44b40000 - 0x00007ffe44bab000 	C:\Windows\System32\WS2_32.dll
0x00007ffe40c00000 - 0x00007ffe40c12000 	C:\Windows\SYSTEM32\kernel.appcore.dll
0x00007ffe3b830000 - 0x00007ffe3b83a000 	C:\Program Files\Java\jdk-17\bin\jimage.dll
0x00007ffe40900000 - 0x00007ffe40ae4000 	C:\Windows\SYSTEM32\DBGHELP.DLL
0x00007ffe37500000 - 0x00007ffe37534000 	C:\Windows\SYSTEM32\dbgcore.DLL
0x00007ffe42cc0000 - 0x00007ffe42d42000 	C:\Windows\System32\bcryptPrimitives.dll
0x00007ffe21770000 - 0x00007ffe21795000 	C:\Program Files\Java\jdk-17\bin\java.dll
0x00007ffe0f3d0000 - 0x00007ffe0f4a7000 	C:\Program Files\Java\jdk-17\bin\jsvml.dll
0x00007ffe43490000 - 0x00007ffe43bd5000 	C:\Windows\System32\SHELL32.dll
0x00007ffe40090000 - 0x00007ffe4082b000 	C:\Windows\SYSTEM32\windows.storage.dll
0x00007ffe43c90000 - 0x00007ffe43fe4000 	C:\Windows\System32\combase.dll
0x00007ffe41d50000 - 0x00007ffe41d7d000 	C:\Windows\SYSTEM32\Wldp.dll
0x00007ffe448e0000 - 0x00007ffe4498d000 	C:\Windows\System32\SHCORE.dll
0x00007ffe44880000 - 0x00007ffe448d5000 	C:\Windows\System32\shlwapi.dll
0x00007ffe42330000 - 0x00007ffe42355000 	C:\Windows\SYSTEM32\profapi.dll
0x00007ffe3b810000 - 0x00007ffe3b829000 	C:\Program Files\Java\jdk-17\bin\net.dll
0x00007ffe3c520000 - 0x00007ffe3c62a000 	C:\Windows\SYSTEM32\WINHTTP.dll
0x00007ffe41b30000 - 0x00007ffe41b9a000 	C:\Windows\system32\mswsock.dll
0x00007ffe36990000 - 0x00007ffe369a6000 	C:\Program Files\Java\jdk-17\bin\nio.dll
0x00007ffe21700000 - 0x00007ffe21718000 	C:\Program Files\Java\jdk-17\bin\zip.dll
0x00007ffe322f0000 - 0x00007ffe322fa000 	C:\Program Files\Java\jdk-17\bin\management.dll
0x00007ffe258d0000 - 0x00007ffe258db000 	C:\Program Files\Java\jdk-17\bin\management_ext.dll
0x00007ffe41d90000 - 0x00007ffe41da8000 	C:\Windows\SYSTEM32\CRYPTSP.dll
0x00007ffe41410000 - 0x00007ffe41444000 	C:\Windows\system32\rsaenh.dll
0x00007ffe422b0000 - 0x00007ffe422de000 	C:\Windows\SYSTEM32\USERENV.dll
0x00007ffe41cc0000 - 0x00007ffe41ccc000 	C:\Windows\SYSTEM32\CRYPTBASE.dll
0x00007ffe417f0000 - 0x00007ffe4182b000 	C:\Windows\SYSTEM32\IPHLPAPI.DLL
0x00007ffe44ce0000 - 0x00007ffe44ce8000 	C:\Windows\System32\NSI.dll
0x00007ffe3a630000 - 0x00007ffe3a647000 	C:\Windows\SYSTEM32\dhcpcsvc6.DLL
0x00007ffe3a4c0000 - 0x00007ffe3a4dd000 	C:\Windows\SYSTEM32\dhcpcsvc.DLL
0x00007ffe41830000 - 0x00007ffe418fa000 	C:\Windows\SYSTEM32\DNSAPI.dll
0x00007ffe24b80000 - 0x00007ffe24b8e000 	C:\Program Files\Java\jdk-17\bin\sunmscapi.dll
0x00007ffe42400000 - 0x00007ffe4255d000 	C:\Windows\System32\CRYPT32.dll
0x00007ffe41ea0000 - 0x00007ffe41ec8000 	C:\Windows\SYSTEM32\ncrypt.dll
0x00007ffe41e60000 - 0x00007ffe41e9b000 	C:\Windows\SYSTEM32\NTASN1.dll
0x00007ffe384d0000 - 0x00007ffe384e0000 	C:\Program Files\Java\jdk-17\bin\verify.dll
0x00007ffe218a0000 - 0x00007ffe218a7000 	C:\Windows\system32\wshunix.dll

dbghelp: loaded successfully - version: 4.0.5 - missing functions: none
symbol engine: initialized successfully - sym options: 0x614 - pdb path: .;C:\Program Files\Java\jdk-17\bin;C:\Windows\SYSTEM32;C:\Program Files\Avast Software\Avast;C:\Windows\WinSxS\amd64_microsoft.windows.common-controls_6595b64144ccf1df_6.0.19041.3636_none_60b6a03d71f818d5;C:\Program Files\Java\jdk-17\bin\server

VM Arguments:
jvm_args: -XX:TieredStopAtLevel=1 
java_command: com.alibou.security.SecurityApplication
java_class_path (initial): D:\Personal\Spring-Senior2\Advanced Programming Techniques\Project\Realtime-collaborative-text-editor\target\classes;C:\Users\alhdh\.m2\repository\org\aspectj\aspectjweaver\1.9.20\aspectjweaver-1.9.20.jar;C:\Users\alhdh\.m2\repository\com\zaxxer\HikariCP\5.0.1\HikariCP-5.0.1.jar;C:\Users\alhdh\.m2\repository\org\springframework\spring-jdbc\6.0.12\spring-jdbc-6.0.12.jar;C:\Users\alhdh\.m2\repository\org\hibernate\orm\hibernate-core\6.2.9.Final\hibernate-core-6.2.9.Final.jar;C:\Users\alhdh\.m2\repository\jakarta\persistence\jakarta.persistence-api\3.1.0\jakarta.persistence-api-3.1.0.jar;C:\Users\alhdh\.m2\repository\jakarta\transaction\jakarta.transaction-api\2.0.1\jakarta.transaction-api-2.0.1.jar;C:\Users\alhdh\.m2\repository\org\jboss\logging\jboss-logging\3.5.3.Final\jboss-logging-3.5.3.Final.jar;C:\Users\alhdh\.m2\repository\org\hibernate\common\hibernate-commons-annotations\6.0.6.Final\hibernate-commons-annotations-6.0.6.Final.jar;C:\Users\alhdh\.m2\repository\io\smallrye\jandex\3.0.5\jandex-3.0.5.jar;C:\Users\alhdh\.m2\repository\com\fasterxml\classmate\1.5.1\classmate-1.5.1.jar;C:\Users\alhdh\.m2\repository\net\bytebuddy\byte-buddy\1.14.8\byte-buddy-1.14.8.jar;C:\Users\alhdh\.m2\repository\org\glassfish\jaxb\jaxb-runtime\4.0.3\jaxb-runtime-4.0.3.jar;C:\Users\alhdh\.m2\repository\org\glassfish\jaxb\jaxb-core\4.0.3\jaxb-core-4.0.3.jar;C:\Users\alhdh\.m2\repository\org\eclipse\angus\angus-activation\2.0.1\angus-activation-2.0.1.jar;C:\Users\alhdh\.m2\repository\org\glassfish\jaxb\txw2\4.0.3\txw2-4.0.3.jar;C:\Users\alhdh\.m2\repository\com\sun\istack\istack-commons-runtime\4.1.2\istack-commons-runtime-4.1.2.jar;C:\Users\alhdh\.m2\repository\jakarta\inject\jakarta.inject-api\2.0.1\jakarta.inject-api-2.0.1.jar;C:\Users\alhdh\.m2\repository\org\antlr\antlr4-runtime\4.10.1\antlr4-runtime-4.10.1.jar;C:\Users\alhdh\.m2\repository\org\springframework\data\spring-data-jpa\3.1.4\spring-data-jpa-3.1.4.jar;C:\Users\alhdh\.m2\repository\org\spring
Launcher Type: SUN_STANDARD

[Global flags]
     intx CICompilerCount                          = 4                                         {product} {ergonomic}
     uint ConcGCThreads                            = 3                                         {product} {ergonomic}
     uint G1ConcRefinementThreads                  = 10                                        {product} {ergonomic}
   size_t G1HeapRegionSize                         = 1048576                                   {product} {ergonomic}
    uintx GCDrainStackTargetSize                   = 64                                        {product} {ergonomic}
   size_t InitialHeapSize                          = 132120576                                 {product} {ergonomic}
   size_t MarkStackSize                            = 4194304                                   {product} {ergonomic}
   size_t MaxHeapSize                              = 2101346304                                {product} {ergonomic}
   size_t MaxNewSize                               = 1260388352                                {product} {ergonomic}
   size_t MinHeapDeltaBytes                        = 1048576                                   {product} {ergonomic}
   size_t MinHeapSize                              = 8388608                                   {product} {ergonomic}
    uintx NonProfiledCodeHeapSize                  = 0                                      {pd product} {ergonomic}
     bool ProfileInterpreter                       = false                                  {pd product} {command line}
    uintx ProfiledCodeHeapSize                     = 0                                      {pd product} {ergonomic}
   size_t SoftMaxHeapSize                          = 2101346304                             {manageable} {ergonomic}
     intx TieredStopAtLevel                        = 1                                         {product} {command line}
     bool UseCompressedClassPointers               = true                           {product lp64_product} {ergonomic}
     bool UseCompressedOops                        = true                           {product lp64_product} {ergonomic}
     bool UseG1GC                                  = true                                      {product} {ergonomic}
     bool UseLargePagesIndividualAllocation        = false                                  {pd product} {ergonomic}

Logging:
Log output configuration:
 #0: stdout all=warning uptime,level,tags
 #1: stderr all=off uptime,level,tags

Environment Variables:
JAVA_HOME=C:\Program Files\Java\jdk-17
CLASSPATH=.;
PATH=C:\Program Files\Microsoft MPI\Bin\;C:\Python311\Scripts\;C:\Python311\;C:\Program Files\Common Files\Oracle\Java\javapath;C:\Program Files (x86)\Common Files\Oracle\Java\javapath;D:\WATCOM\BINNT;D:\WATCOM\BINW;C:\Windows\system32;C:\Windows;C:\Windows\System32\Wbem;C:\Windows\System32\WindowsPowerShell\v1.0\;C:\Windows\System32\OpenSSH\;C:\Program Files\dotnet\;C:\Program Files\Microsoft SQL Server\130\Tools\Binn\;C:\Program Files\Microsoft SQL Server\Client SDK\ODBC\170\Tools\Binn\;C:\Program Files\Azure Data Studio\bin;C:\Program Files (x86)\Microsoft SQL Server\150\Tools\Binn\;C:\Program Files\Microsoft SQL Server\150\Tools\Binn\;C:\Program Files\Microsoft SQL Server\150\DTS\Binn\;C:\Program Files (x86)\Microsoft SQL Server\150\DTS\Binn\;D:\Latex\miktex\bin\x64\;C:\Program Files (x86)\IVI Foundation\VISA\WinNT\Bin\;C:\Program Files\IVI Foundation\VISA\Win64\Bin\;D:\Shared\LabVIEW CLI;C:\Program Files\Amazon\AWSCLIV2\;C:\Program Files\PuTTY\;C:\ProgramData\chocolatey\bin;C:\Program Files\Git\cmd;C:\Program Files\Java\jdk1.8.0_211\bin;C:\Program Files\CMake\bin;C:\Program Files\nodejs\;C:\Program Files (x86)\PDFtk\bin\;%MPJ_HOME%\bin;C:\ProgramData\chocolatey\lib\maven\apache-maven-3.9.6\bin;;C:\Program Files\Docker\Docker\resources\bin;C:\GnuWin32\bin;C:\ProgramData\chocolatey\lib\maven\apache-maven-3.9.6\bin;C:\dummy\mpj-v0_44\mpj-v0_44\bin;C:\Program Files\Java\jdk-11\bin;C:\Program Files\MySQL\MySQL Shell 8.0\bin\;D:\WATCOM\BINNT;D:\WATCOM\BINW;C:\Windows\system32;C:\Windows;C:\Windows\System32\Wbem;C:\Windows\System32\WindowsPowerShell\v1.0\;C:\Windows\System32\OpenSSH\;C:\Program Files (x86)\IncrediBuild;C:\Program Files\dotnet\;C:\Program Files\Microsoft SQL Server\130\Tools\Binn\;C:\Program Files\Microsoft SQL Server\Client SDK\ODBC\170\Tools\Binn\;C:\Program Files\Azure Data Studio\bin;C:\Program Files (x86)\Microsoft SQL Server\150\Tools\Binn\;C:\Program Files\Microsoft SQL Server\150\Tools\Binn\;C:\Program Files\Microsoft SQL Server\150\DTS\Binn\;C:\P
USERNAME=alhdh
LANG=en_US.UTF-8
OS=Windows_NT
PROCESSOR_IDENTIFIER=Intel64 Family 6 Model 158 Stepping 10, GenuineIntel



---------------  S Y S T E M  ---------------

OS:
 Windows 10 , 64 bit Build 19041 (10.0.19041.3636)
OS uptime: 0 days 3:42 hours
Hyper-V role detected

CPU: total 12 (initial active 12) (6 cores per cpu, 2 threads per core) family 6 model 158 stepping 10 microcode 0xf0, cx8, cmov, fxsr, ht, mmx, 3dnowpref, sse, sse2, sse3, ssse3, sse4.1, sse4.2, popcnt, lzcnt, tsc, tscinvbit, avx, avx2, aes, erms, clmul, bmi1, bmi2, adx, fma, vzeroupper, clflush, clflushopt, hv

Memory: 4k page, system-wide physical 8008M (1354M free)
TotalPageFile size 11021M (AvailPageFile size 7M)
current process WorkingSet (physical memory assigned to process): 285M, peak: 286M
current process commit charge ("private bytes"): 331M, peak: 348M

vm_info: Java HotSpot(TM) 64-Bit Server VM (17.0.10+11-LTS-240) for windows-amd64 JRE (17.0.10+11-LTS-240), built on Dec 19 2023 21:47:25 by "mach5one" with MS VC++ 17.1 (VS2022)

END.
