#
# There is insufficient memory for the Java Runtime Environment to continue.
# Native memory allocation (malloc) failed to allocate 1408576 bytes for Chunk::new
# Possible reasons:
#   The system is out of physical RAM or swap space
#   The process is running with CompressedOops enabled, and the Java Heap may be blocking the growth of the native heap
# Possible solutions:
#   Reduce memory load on the system
#   Increase physical memory or swap space
#   Check if swap backing store is full
#   Decrease Java heap size (-Xmx/-Xms)
#   Decrease number of Java threads
#   Decrease Java thread stack sizes (-Xss)
#   Set larger code cache with -XX:ReservedCodeCacheSize=
#   JVM is running with Unscaled Compressed Oops mode in which the Java heap is
#     placed in the first 4GB address space. The Java Heap base address is the
#     maximum limit for the native heap growth. Please use -XX:HeapBaseMinAddress
#     to set the Java Heap base and to place the Java Heap above 4GB virtual address.
# This output file may be truncated or incomplete.
#
#  Out of Memory Error (arena.cpp:191), pid=12240, tid=6456
#
# JRE version: OpenJDK Runtime Environment Temurin-17.0.10+7 (17.0.10+7) (build 17.0.10+7)
# Java VM: OpenJDK 64-Bit Server VM Temurin-17.0.10+7 (17.0.10+7, mixed mode, tiered, compressed oops, compressed class ptrs, parallel gc, windows-amd64)
# No core dump will be written. Minidumps are not enabled by default on client versions of Windows
#

---------------  S U M M A R Y ------------

Command Line: --add-modules=ALL-SYSTEM --add-opens=java.base/java.util=ALL-UNNAMED --add-opens=java.base/java.lang=ALL-UNNAMED --add-opens=java.base/sun.nio.fs=ALL-UNNAMED -Declipse.application=org.eclipse.jdt.ls.core.id1 -Dosgi.bundles.defaultStartLevel=4 -Declipse.product=org.eclipse.jdt.ls.core.product -Djava.import.generatesMetadataFilesAtProjectRoot=false -DDetectVMInstallationsJob.disabled=true -Dfile.encoding=utf8 -XX:+UseParallelGC -XX:GCTimeRatio=4 -XX:AdaptiveSizePolicyWeight=90 -Dsun.zip.disableMemoryMapping=true -Xmx1G -Xms100m -Xlog:disable -javaagent:c:\Users\alhdh\.vscode\extensions\redhat.java-1.30.0-win32-x64\lombok\lombok-1.18.32.jar -XX:+HeapDumpOnOutOfMemoryError -XX:HeapDumpPath=c:\Users\alhdh\AppData\Roaming\Code\User\workspaceStorage\37dba57fa1d58a1a3d36af18158eedda\redhat.java -Daether.dependencyCollector.impl=bf c:\Users\alhdh\.vscode\extensions\redhat.java-1.30.0-win32-x64\server\plugins\org.eclipse.equinox.launcher_1.6.800.v20240330-1250.jar -configuration c:\Users\alhdh\AppData\Roaming\Code\User\globalStorage\redhat.java\1.30.0\config_win -data c:\Users\alhdh\AppData\Roaming\Code\User\workspaceStorage\37dba57fa1d58a1a3d36af18158eedda\redhat.java\jdt_ws --pipe=\\.\pipe\lsp-8db3db30116504ae8e354eb1cd1bd263-sock

Host: Intel(R) Core(TM) i7-9750H CPU @ 2.60GHz, 12 cores, 7G,  Windows 10 , 64 bit Build 19041 (10.0.19041.3636)
Time: Sat May  4 02:08:22 2024 Egypt Daylight Time elapsed time: 3428.796846 seconds (0d 0h 57m 8s)

---------------  T H R E A D  ---------------

Current thread (0x00000243cd961d70):  JavaThread "C2 CompilerThread0" daemon [_thread_in_native, id=6456, stack(0x000000c767700000,0x000000c767800000)]


Current CompileTask:
C2:3428797 32075       4       lombok.eclipse.handlers.HandleEqualsAndHashCode::createEquals (2775 bytes)

Stack: [0x000000c767700000,0x000000c767800000]
Native frames: (J=compiled Java code, j=interpreted, Vv=VM code, C=native code)
V  [jvm.dll+0x67d2c9]
V  [jvm.dll+0x834afa]
V  [jvm.dll+0x8365be]
V  [jvm.dll+0x836c23]
V  [jvm.dll+0x2477ff]
V  [jvm.dll+0xac514]
V  [jvm.dll+0xacb5c]
V  [jvm.dll+0x2aed1f]
V  [jvm.dll+0x584b67]
V  [jvm.dll+0x2228a2]
V  [jvm.dll+0x21bb42]
V  [jvm.dll+0x219201]
V  [jvm.dll+0x1a502d]
V  [jvm.dll+0x2290de]
V  [jvm.dll+0x2272ac]
V  [jvm.dll+0x7e9bb7]
V  [jvm.dll+0x7e3fba]
V  [jvm.dll+0x67c1b5]
C  [ucrtbase.dll+0x21bb2]
C  [KERNEL32.DLL+0x17344]
C  [ntdll.dll+0x526b1]


---------------  P R O C E S S  ---------------

Threads class SMR info:
_java_thread_list=0x00000243cf2aef50, length=55, elements={
0x00000243b49e0070, 0x00000243c8862750, 0x00000243c8865c10, 0x00000243cd92c080,
0x00000243cd92ca50, 0x00000243cd92dcb0, 0x00000243cd939a40, 0x00000243cd961d70,
0x00000243cd962680, 0x00000243c886b760, 0x00000243cda36ae0, 0x00000243cd99c5f0,
0x00000243cfb192b0, 0x00000243cfb4f7c0, 0x00000243cf901250, 0x00000243d00762f0,
0x00000243d0094850, 0x00000243cda2fa20, 0x00000243cda2eaf0, 0x00000243cda2f510,
0x00000243cda30e60, 0x00000243d15373d0, 0x00000243d1535570, 0x00000243d1539c50,
0x00000243d1535a80, 0x00000243d1539230, 0x00000243d153a160, 0x00000243d1539740,
0x00000243d1535f90, 0x00000243d153a670, 0x00000243d153ab80, 0x00000243d153b090,
0x00000243d153b5a0, 0x00000243d153bab0, 0x00000243d1534640, 0x00000243d153bfc0,
0x00000243cf763c90, 0x00000243d1065be0, 0x00000243d1063360, 0x00000243d1061f20,
0x00000243d1063870, 0x00000243d1062e50, 0x00000243d10651c0, 0x00000243d1063d80,
0x00000243d10605d0, 0x00000243d1064cb0, 0x00000243cf75e680, 0x00000243cf75f0a0,
0x00000243d0e1c5d0, 0x00000243d0e1e940, 0x00000243d0e220f0, 0x00000243d0e1cae0,
0x00000243d0e1ac80, 0x00000243d0e1cff0, 0x00000243d0ce5370
}

Java Threads: ( => current thread )
  0x00000243b49e0070 JavaThread "main" [_thread_blocked, id=3032, stack(0x000000c766d00000,0x000000c766e00000)]
  0x00000243c8862750 JavaThread "Reference Handler" daemon [_thread_blocked, id=2896, stack(0x000000c767100000,0x000000c767200000)]
  0x00000243c8865c10 JavaThread "Finalizer" daemon [_thread_blocked, id=17456, stack(0x000000c767200000,0x000000c767300000)]
  0x00000243cd92c080 JavaThread "Signal Dispatcher" daemon [_thread_blocked, id=16240, stack(0x000000c767300000,0x000000c767400000)]
  0x00000243cd92ca50 JavaThread "Attach Listener" daemon [_thread_blocked, id=14592, stack(0x000000c767400000,0x000000c767500000)]
  0x00000243cd92dcb0 JavaThread "Service Thread" daemon [_thread_blocked, id=7076, stack(0x000000c767500000,0x000000c767600000)]
  0x00000243cd939a40 JavaThread "Monitor Deflation Thread" daemon [_thread_blocked, id=19028, stack(0x000000c767600000,0x000000c767700000)]
=>0x00000243cd961d70 JavaThread "C2 CompilerThread0" daemon [_thread_in_native, id=6456, stack(0x000000c767700000,0x000000c767800000)]
  0x00000243cd962680 JavaThread "C1 CompilerThread0" daemon [_thread_blocked, id=17680, stack(0x000000c767800000,0x000000c767900000)]
  0x00000243c886b760 JavaThread "Sweeper thread" daemon [_thread_blocked, id=7732, stack(0x000000c767900000,0x000000c767a00000)]
  0x00000243cda36ae0 JavaThread "Common-Cleaner" daemon [_thread_blocked, id=20596, stack(0x000000c767a00000,0x000000c767b00000)]
  0x00000243cd99c5f0 JavaThread "Notification Thread" daemon [_thread_blocked, id=1708, stack(0x000000c767b00000,0x000000c767c00000)]
  0x00000243cfb192b0 JavaThread "Active Thread: Equinox Container: b04651a6-fb44-46ed-84bf-c02b6d2cb990" [_thread_blocked, id=19316, stack(0x000000c768400000,0x000000c768500000)]
  0x00000243cfb4f7c0 JavaThread "Framework Event Dispatcher: Equinox Container: b04651a6-fb44-46ed-84bf-c02b6d2cb990" daemon [_thread_blocked, id=13544, stack(0x000000c768600000,0x000000c768700000)]
  0x00000243cf901250 JavaThread "Start Level: Equinox Container: b04651a6-fb44-46ed-84bf-c02b6d2cb990" daemon [_thread_blocked, id=20804, stack(0x000000c768700000,0x000000c768800000)]
  0x00000243d00762f0 JavaThread "Bundle File Closer" daemon [_thread_blocked, id=5992, stack(0x000000c768900000,0x000000c768a00000)]
  0x00000243d0094850 JavaThread "SCR Component Actor" daemon [_thread_blocked, id=17032, stack(0x000000c768a00000,0x000000c768b00000)]
  0x00000243cda2fa20 JavaThread "Worker-JM" [_thread_blocked, id=19276, stack(0x000000c768d00000,0x000000c768e00000)]
  0x00000243cda2eaf0 JavaThread "Java indexing" daemon [_thread_blocked, id=13812, stack(0x000000c769100000,0x000000c769200000)]
  0x00000243cda2f510 JavaThread "JNA Cleaner" daemon [_thread_blocked, id=12464, stack(0x000000c769500000,0x000000c769600000)]
  0x00000243cda30e60 JavaThread "Thread-2" daemon [_thread_in_native, id=12040, stack(0x000000c769800000,0x000000c769900000)]
  0x00000243d15373d0 JavaThread "Thread-3" daemon [_thread_in_native, id=18648, stack(0x000000c769900000,0x000000c769a00000)]
  0x00000243d1535570 JavaThread "Thread-4" daemon [_thread_in_native, id=17996, stack(0x000000c769a00000,0x000000c769b00000)]
  0x00000243d1539c50 JavaThread "Thread-5" daemon [_thread_in_native, id=14628, stack(0x000000c769b00000,0x000000c769c00000)]
  0x00000243d1535a80 JavaThread "Thread-6" daemon [_thread_in_native, id=3272, stack(0x000000c769c00000,0x000000c769d00000)]
  0x00000243d1539230 JavaThread "Thread-7" daemon [_thread_in_native, id=16212, stack(0x000000c769d00000,0x000000c769e00000)]
  0x00000243d153a160 JavaThread "Thread-8" daemon [_thread_in_native, id=20796, stack(0x000000c769e00000,0x000000c769f00000)]
  0x00000243d1539740 JavaThread "Thread-9" daemon [_thread_in_native, id=5944, stack(0x000000c769f00000,0x000000c76a000000)]
  0x00000243d1535f90 JavaThread "Thread-10" daemon [_thread_in_native, id=10600, stack(0x000000c76a000000,0x000000c76a100000)]
  0x00000243d153a670 JavaThread "Thread-11" daemon [_thread_in_native, id=6552, stack(0x000000c76a100000,0x000000c76a200000)]
  0x00000243d153ab80 JavaThread "Thread-12" daemon [_thread_in_native, id=5692, stack(0x000000c76a200000,0x000000c76a300000)]
  0x00000243d153b090 JavaThread "Thread-13" daemon [_thread_in_native, id=5728, stack(0x000000c76a300000,0x000000c76a400000)]
  0x00000243d153b5a0 JavaThread "Thread-14" daemon [_thread_in_native, id=8160, stack(0x000000c76a400000,0x000000c76a500000)]
  0x00000243d153bab0 JavaThread "pool-2-thread-1" [_thread_blocked, id=13368, stack(0x000000c76a500000,0x000000c76a600000)]
  0x00000243d1534640 JavaThread "WorkspaceEventsHandler" [_thread_blocked, id=18408, stack(0x000000c76a600000,0x000000c76a700000)]
  0x00000243d153bfc0 JavaThread "pool-1-thread-1" [_thread_blocked, id=19184, stack(0x000000c76a700000,0x000000c76a800000)]
  0x00000243cf763c90 JavaThread "Cleaner-0" daemon [_thread_blocked, id=6768, stack(0x000000c76b000000,0x000000c76b100000)]
  0x00000243d1065be0 JavaThread "ForkJoinPool.commonPool-worker-12" daemon [_thread_blocked, id=5756, stack(0x000000c766b00000,0x000000c766c00000)]
  0x00000243d1063360 JavaThread "ForkJoinPool.commonPool-worker-13" daemon [_thread_blocked, id=4964, stack(0x000000c766c00000,0x000000c766d00000)]
  0x00000243d1061f20 JavaThread "ForkJoinPool.commonPool-worker-14" daemon [_thread_blocked, id=8776, stack(0x000000c766e00000,0x000000c766f00000)]
  0x00000243d1063870 JavaThread "ForkJoinPool.commonPool-worker-16" daemon [_thread_blocked, id=21280, stack(0x000000c768e00000,0x000000c768f00000)]
  0x00000243d1062e50 JavaThread "ForkJoinPool.commonPool-worker-17" daemon [_thread_blocked, id=18180, stack(0x000000c769000000,0x000000c769100000)]
  0x00000243d10651c0 JavaThread "ForkJoinPool.commonPool-worker-18" daemon [_thread_blocked, id=3148, stack(0x000000c769200000,0x000000c769300000)]
  0x00000243d1063d80 JavaThread "ForkJoinPool.commonPool-worker-19" daemon [_thread_blocked, id=7200, stack(0x000000c769300000,0x000000c769400000)]
  0x00000243d10605d0 JavaThread "ForkJoinPool.commonPool-worker-20" daemon [_thread_blocked, id=16668, stack(0x000000c769400000,0x000000c769500000)]
  0x00000243d1064cb0 JavaThread "ForkJoinPool.commonPool-worker-22" daemon [_thread_blocked, id=7116, stack(0x000000c769700000,0x000000c769800000)]
  0x00000243cf75e680 JavaThread "ForkJoinPool.commonPool-worker-23" daemon [_thread_blocked, id=5556, stack(0x000000c768500000,0x000000c768600000)]
  0x00000243cf75f0a0 JavaThread "Worker-11" [_thread_blocked, id=4732, stack(0x000000c769600000,0x000000c769700000)]
  0x00000243d0e1c5d0 JavaThread "Worker-16" [_thread_blocked, id=19472, stack(0x000000c76a800000,0x000000c76a900000)]
  0x00000243d0e1e940 JavaThread "ForkJoinPool.commonPool-worker-24" daemon [_thread_blocked, id=4788, stack(0x000000c767d00000,0x000000c767e00000)]
  0x00000243d0e220f0 JavaThread "Worker-17" [_thread_blocked, id=19144, stack(0x000000c768f00000,0x000000c769000000)]
  0x00000243d0e1cae0 JavaThread "Worker-18" [_thread_blocked, id=13800, stack(0x000000c76a900000,0x000000c76aa00000)]
  0x00000243d0e1ac80 JavaThread "Worker-19" [_thread_blocked, id=20604, stack(0x000000c76aa00000,0x000000c76ab00000)]
  0x00000243d0e1cff0 JavaThread "Worker-20" [_thread_blocked, id=12608, stack(0x000000c76ab00000,0x000000c76ac00000)]
  0x00000243d0ce5370 JavaThread "C2 CompilerThread1" daemon [_thread_blocked, id=5244, stack(0x000000c76ac00000,0x000000c76ad00000)]

Other Threads:
  0x00000243cd904870 VMThread "VM Thread" [stack: 0x000000c767000000,0x000000c767100000] [id=8732]
  0x00000243cf0d56b0 WatcherThread [stack: 0x000000c767c00000,0x000000c767d00000] [id=11160]
  0x00000243b49edf00 GCTaskThread "GC Thread#0" [stack: 0x000000c766f00000,0x000000c767000000] [id=13228]
  0x00000243cf6259a0 GCTaskThread "GC Thread#1" [stack: 0x000000c767e00000,0x000000c767f00000] [id=7192]
  0x00000243cf97ddd0 GCTaskThread "GC Thread#2" [stack: 0x000000c767f00000,0x000000c768000000] [id=13764]
  0x00000243cf97e090 GCTaskThread "GC Thread#3" [stack: 0x000000c768000000,0x000000c768100000] [id=10688]
  0x00000243cf97e350 GCTaskThread "GC Thread#4" [stack: 0x000000c768100000,0x000000c768200000] [id=2776]
  0x00000243cf24b560 GCTaskThread "GC Thread#5" [stack: 0x000000c768200000,0x000000c768300000] [id=9372]
  0x00000243cf24b820 GCTaskThread "GC Thread#6" [stack: 0x000000c768300000,0x000000c768400000] [id=8772]
  0x00000243cff97810 GCTaskThread "GC Thread#7" [stack: 0x000000c768800000,0x000000c768900000] [id=6404]
  0x00000243d02ca030 GCTaskThread "GC Thread#8" [stack: 0x000000c768b00000,0x000000c768c00000] [id=11204]
  0x00000243cff603d0 GCTaskThread "GC Thread#9" [stack: 0x000000c768c00000,0x000000c768d00000] [id=19820]

Threads with active compile tasks:
C2 CompilerThread0  3428934 32075       4       lombok.eclipse.handlers.HandleEqualsAndHashCode::createEquals (2775 bytes)
C2 CompilerThread1  3428935 32089       4       lombok.core.handlers.HandlerUtil::toAllAccessorNames (338 bytes)

VM state: at safepoint (normal execution)

VM Mutex/Monitor currently owned by a thread:  ([mutex/lock_event])
[0x00000243b49db180] Threads_lock - owner thread: 0x00000243cd904870
[0x00000243b49dc530] Heap_lock - owner thread: 0x00000243d1065be0

Heap address: 0x00000000c0000000, size: 1024 MB, Compressed Oops mode: 32-bit

CDS archive(s) not mapped
Compressed class space mapped at: 0x0000000100000000-0x0000000140000000, reserved size: 1073741824
Narrow klass base: 0x0000000000000000, Narrow klass shift: 3, Narrow klass range: 0x140000000

GC Precious Log:
 CPUs: 12 total, 12 available
 Memory: 8008M
 Large Page Support: Disabled
 NUMA Support: Disabled
 Compressed Oops: Enabled (32-bit)
 Alignments: Space 512K, Generation 512K, Heap 2M
 Heap Min Capacity: 100M
 Heap Initial Capacity: 100M
 Heap Max Capacity: 1G
 Pre-touch: Disabled
 Parallel Workers: 10

Heap:
 PSYoungGen      total 9728K, used 1018K [0x00000000eab00000, 0x00000000eba80000, 0x0000000100000000)
  eden space 8704K, 0% used [0x00000000eab00000,0x00000000eab00000,0x00000000eb380000)
  from space 1024K, 99% used [0x00000000eb380000,0x00000000eb47e900,0x00000000eb480000)
  to   space 2560K, 0% used [0x00000000eb800000,0x00000000eb800000,0x00000000eba80000)
 ParOldGen       total 473088K, used 472160K [0x00000000c0000000, 0x00000000dce00000, 0x00000000eab00000)
  object space 473088K, 99% used [0x00000000c0000000,0x00000000dcd181a8,0x00000000dce00000)
 Metaspace       used 100350K, committed 101760K, reserved 1179648K
  class space    used 9898K, committed 10560K, reserved 1048576K

Card table byte_map: [0x00000243b4370000,0x00000243b4580000] _byte_map_base: 0x00000243b3d70000

Marking Bits: (ParMarkBitMap*) 0x00007ffe0bc8d7d0
 Begin Bits: [0x00000243c6670000, 0x00000243c7670000)
 End Bits:   [0x00000243c7670000, 0x00000243c8670000)

Polling page: 0x00000243b2980000

Metaspace:

Usage:
  Non-class:     88.33 MB used.
      Class:      9.67 MB used.
       Both:     98.00 MB used.

Virtual space:
  Non-class space:      128.00 MB reserved,      89.06 MB ( 70%) committed,  2 nodes.
      Class space:        1.00 GB reserved,      10.31 MB (  1%) committed,  1 nodes.
             Both:        1.12 GB reserved,      99.38 MB (  9%) committed. 

Chunk freelists:
   Non-Class:  6.31 MB
       Class:  5.73 MB
        Both:  12.04 MB

MaxMetaspaceSize: unlimited
CompressedClassSpaceSize: 1.00 GB
Initial GC threshold: 21.00 MB
Current GC threshold: 165.62 MB
CDS: off
MetaspaceReclaimPolicy: balanced
 - commit_granule_bytes: 65536.
 - commit_granule_words: 8192.
 - virtual_space_node_default_size: 8388608.
 - enlarge_chunks_in_place: 1.
 - new_chunks_are_fully_committed: 0.
 - uncommit_free_chunks: 1.
 - use_allocation_guard: 0.
 - handle_deallocations: 1.


Internal statistics:

num_allocs_failed_limit: 13.
num_arena_births: 1510.
num_arena_deaths: 518.
num_vsnodes_births: 3.
num_vsnodes_deaths: 0.
num_space_committed: 1590.
num_space_uncommitted: 0.
num_chunks_returned_to_freelist: 656.
num_chunks_taken_from_freelist: 6609.
num_chunk_merges: 235.
num_chunk_splits: 3507.
num_chunks_enlarged: 1484.
num_inconsistent_stats: 0.

CodeHeap 'non-profiled nmethods': size=120000Kb used=29620Kb max_used=30354Kb free=90379Kb
 bounds [0x00000243bf140000, 0x00000243c0f50000, 0x00000243c6670000]
CodeHeap 'profiled nmethods': size=120000Kb used=43364Kb max_used=43364Kb free=76635Kb
 bounds [0x00000243b7670000, 0x00000243ba110000, 0x00000243beba0000]
CodeHeap 'non-nmethods': size=5760Kb used=1459Kb max_used=1592Kb free=4300Kb
 bounds [0x00000243beba0000, 0x00000243bee10000, 0x00000243bf140000]
 total_blobs=21618 nmethods=20802 adapters=721
 compilation: enabled
              stopped_count=0, restarted_count=0
 full_count=0

Compilation events (20 events):
Event: 3428.339 Thread 0x00000243cd962680 nmethod 32080 0x00000243b8ac9890 code [0x00000243b8ac9a40, 0x00000243b8ac9c08]
Event: 3428.464 Thread 0x00000243cd962680 32082       3       org.eclipse.jdt.internal.compiler.parser.Parser::consumeMethodHeaderName (384 bytes)
Event: 3428.467 Thread 0x00000243cd962680 nmethod 32082 0x00000243b94c5890 code [0x00000243b94c5b20, 0x00000243b94c6b58]
Event: 3428.497 Thread 0x00000243cd962680 32083       2       org.eclipse.jdt.internal.compiler.parser.Parser::consumeMethodHeader (180 bytes)
Event: 3428.498 Thread 0x00000243cd962680 nmethod 32083 0x00000243b94c5190 code [0x00000243b94c5340, 0x00000243b94c5628]
Event: 3428.643 Thread 0x00000243cd962680 32085       3       org.eclipse.jdt.internal.compiler.lookup.MethodBinding::setAnnotations (17 bytes)
Event: 3428.644 Thread 0x00000243cd962680 nmethod 32085 0x00000243b8d95990 code [0x00000243b8d95b40, 0x00000243b8d95d58]
Event: 3428.645 Thread 0x00000243d0ce5370 32079       4       org.eclipse.jdt.core.dom.Comment::setAlternateRoot (10 bytes)
Event: 3428.647 Thread 0x00000243d0ce5370 nmethod 32079 0x00000243bf5deb10 code [0x00000243bf5dec80, 0x00000243bf5ded58]
Event: 3428.647 Thread 0x00000243d0ce5370 32084       4       lombok.eclipse.handlers.EclipseHandlerUtil::copyJavadoc (18 bytes)
Event: 3428.654 Thread 0x00000243cd962680 32086       3       org.eclipse.jdt.internal.compiler.lookup.TypeVariableBinding::constantPoolName (23 bytes)
Event: 3428.654 Thread 0x00000243cd962680 nmethod 32086 0x00000243b9287c10 code [0x00000243b9287dc0, 0x00000243b92880b8]
Event: 3428.670 Thread 0x00000243cd962680 32087       3       org.eclipse.jdt.core.dom.ASTConverter::convert (604 bytes)
Event: 3428.681 Thread 0x00000243cd962680 nmethod 32087 0x00000243b7b45f10 code [0x00000243b7b46540, 0x00000243b7b49108]
Event: 3428.718 Thread 0x00000243d0ce5370 nmethod 32084 0x00000243c04f0510 code [0x00000243c04f0760, 0x00000243c04f16f0]
Event: 3428.718 Thread 0x00000243d0ce5370 32088       4       org.eclipse.jdt.internal.compiler.ast.QualifiedTypeReference::traverse (99 bytes)
Event: 3428.721 Thread 0x00000243d0ce5370 nmethod 32088 0x00000243c049c010 code [0x00000243c049c1a0, 0x00000243c049c298]
Event: 3428.721 Thread 0x00000243d0ce5370 32081       4       org.eclipse.jdt.internal.compiler.lookup.Scope::parameterCompatibilityLevel (133 bytes)
Event: 3428.770 Thread 0x00000243d0ce5370 nmethod 32081 0x00000243c00d2f90 code [0x00000243c00d31e0, 0x00000243c00d3cd0]
Event: 3428.770 Thread 0x00000243d0ce5370 32089       4       lombok.core.handlers.HandlerUtil::toAllAccessorNames (338 bytes)

GC Heap History (20 events):
Event: 3428.569 GC heap before
{Heap before GC invocations=5630 (full 110):
 PSYoungGen      total 8192K, used 7674K [0x00000000eab00000, 0x00000000eb480000, 0x0000000100000000)
  eden space 6656K, 99% used [0x00000000eab00000,0x00000000eb17fff0,0x00000000eb180000)
  from space 1536K, 66% used [0x00000000eb300000,0x00000000eb3fe900,0x00000000eb480000)
  to   space 1536K, 0% used [0x00000000eb180000,0x00000000eb180000,0x00000000eb300000)
 ParOldGen       total 473088K, used 453843K [0x00000000c0000000, 0x00000000dce00000, 0x00000000eab00000)
  object space 473088K, 95% used [0x00000000c0000000,0x00000000dbb34de8,0x00000000dce00000)
 Metaspace       used 100350K, committed 101760K, reserved 1179648K
  class space    used 9898K, committed 10560K, reserved 1048576K
}
Event: 3428.575 GC heap after
{Heap after GC invocations=5630 (full 110):
 PSYoungGen      total 8192K, used 1530K [0x00000000eab00000, 0x00000000eb480000, 0x0000000100000000)
  eden space 6656K, 0% used [0x00000000eab00000,0x00000000eab00000,0x00000000eb180000)
  from space 1536K, 99% used [0x00000000eb180000,0x00000000eb2febe0,0x00000000eb300000)
  to   space 1536K, 0% used [0x00000000eb300000,0x00000000eb300000,0x00000000eb480000)
 ParOldGen       total 473088K, used 457792K [0x00000000c0000000, 0x00000000dce00000, 0x00000000eab00000)
  object space 473088K, 96% used [0x00000000c0000000,0x00000000dbf10048,0x00000000dce00000)
 Metaspace       used 100350K, committed 101760K, reserved 1179648K
  class space    used 9898K, committed 10560K, reserved 1048576K
}
Event: 3428.587 GC heap before
{Heap before GC invocations=5631 (full 110):
 PSYoungGen      total 8192K, used 8186K [0x00000000eab00000, 0x00000000eb480000, 0x0000000100000000)
  eden space 6656K, 100% used [0x00000000eab00000,0x00000000eb180000,0x00000000eb180000)
  from space 1536K, 99% used [0x00000000eb180000,0x00000000eb2febe0,0x00000000eb300000)
  to   space 1536K, 0% used [0x00000000eb300000,0x00000000eb300000,0x00000000eb480000)
 ParOldGen       total 473088K, used 457792K [0x00000000c0000000, 0x00000000dce00000, 0x00000000eab00000)
  object space 473088K, 96% used [0x00000000c0000000,0x00000000dbf10048,0x00000000dce00000)
 Metaspace       used 100350K, committed 101760K, reserved 1179648K
  class space    used 9898K, committed 10560K, reserved 1048576K
}
Event: 3428.592 GC heap after
{Heap after GC invocations=5631 (full 110):
 PSYoungGen      total 8192K, used 1512K [0x00000000eab00000, 0x00000000eb480000, 0x0000000100000000)
  eden space 6656K, 0% used [0x00000000eab00000,0x00000000eab00000,0x00000000eb180000)
  from space 1536K, 98% used [0x00000000eb300000,0x00000000eb47a380,0x00000000eb480000)
  to   space 1536K, 0% used [0x00000000eb180000,0x00000000eb180000,0x00000000eb300000)
 ParOldGen       total 473088K, used 460025K [0x00000000c0000000, 0x00000000dce00000, 0x00000000eab00000)
  object space 473088K, 97% used [0x00000000c0000000,0x00000000dc13e6a8,0x00000000dce00000)
 Metaspace       used 100350K, committed 101760K, reserved 1179648K
  class space    used 9898K, committed 10560K, reserved 1048576K
}
Event: 3428.603 GC heap before
{Heap before GC invocations=5632 (full 110):
 PSYoungGen      total 8192K, used 8168K [0x00000000eab00000, 0x00000000eb480000, 0x0000000100000000)
  eden space 6656K, 100% used [0x00000000eab00000,0x00000000eb180000,0x00000000eb180000)
  from space 1536K, 98% used [0x00000000eb300000,0x00000000eb47a380,0x00000000eb480000)
  to   space 1536K, 0% used [0x00000000eb180000,0x00000000eb180000,0x00000000eb300000)
 ParOldGen       total 473088K, used 460025K [0x00000000c0000000, 0x00000000dce00000, 0x00000000eab00000)
  object space 473088K, 97% used [0x00000000c0000000,0x00000000dc13e6a8,0x00000000dce00000)
 Metaspace       used 100350K, committed 101760K, reserved 1179648K
  class space    used 9898K, committed 10560K, reserved 1048576K
}
Event: 3428.611 GC heap after
{Heap after GC invocations=5632 (full 110):
 PSYoungGen      total 8192K, used 1536K [0x00000000eab00000, 0x00000000eb480000, 0x0000000100000000)
  eden space 6656K, 0% used [0x00000000eab00000,0x00000000eab00000,0x00000000eb180000)
  from space 1536K, 100% used [0x00000000eb180000,0x00000000eb300000,0x00000000eb300000)
  to   space 1536K, 0% used [0x00000000eb300000,0x00000000eb300000,0x00000000eb480000)
 ParOldGen       total 473088K, used 461850K [0x00000000c0000000, 0x00000000dce00000, 0x00000000eab00000)
  object space 473088K, 97% used [0x00000000c0000000,0x00000000dc306a68,0x00000000dce00000)
 Metaspace       used 100350K, committed 101760K, reserved 1179648K
  class space    used 9898K, committed 10560K, reserved 1048576K
}
Event: 3428.620 GC heap before
{Heap before GC invocations=5633 (full 110):
 PSYoungGen      total 8192K, used 8192K [0x00000000eab00000, 0x00000000eb480000, 0x0000000100000000)
  eden space 6656K, 100% used [0x00000000eab00000,0x00000000eb180000,0x00000000eb180000)
  from space 1536K, 100% used [0x00000000eb180000,0x00000000eb300000,0x00000000eb300000)
  to   space 1536K, 0% used [0x00000000eb300000,0x00000000eb300000,0x00000000eb480000)
 ParOldGen       total 473088K, used 461850K [0x00000000c0000000, 0x00000000dce00000, 0x00000000eab00000)
  object space 473088K, 97% used [0x00000000c0000000,0x00000000dc306a68,0x00000000dce00000)
 Metaspace       used 100350K, committed 101760K, reserved 1179648K
  class space    used 9898K, committed 10560K, reserved 1048576K
}
Event: 3428.626 GC heap after
{Heap after GC invocations=5633 (full 110):
 PSYoungGen      total 8192K, used 1530K [0x00000000eab00000, 0x00000000eb480000, 0x0000000100000000)
  eden space 6656K, 0% used [0x00000000eab00000,0x00000000eab00000,0x00000000eb180000)
  from space 1536K, 99% used [0x00000000eb300000,0x00000000eb47e900,0x00000000eb480000)
  to   space 1536K, 0% used [0x00000000eb180000,0x00000000eb180000,0x00000000eb300000)
 ParOldGen       total 473088K, used 463414K [0x00000000c0000000, 0x00000000dce00000, 0x00000000eab00000)
  object space 473088K, 97% used [0x00000000c0000000,0x00000000dc48da78,0x00000000dce00000)
 Metaspace       used 100350K, committed 101760K, reserved 1179648K
  class space    used 9898K, committed 10560K, reserved 1048576K
}
Event: 3428.634 GC heap before
{Heap before GC invocations=5634 (full 110):
 PSYoungGen      total 8192K, used 8186K [0x00000000eab00000, 0x00000000eb480000, 0x0000000100000000)
  eden space 6656K, 100% used [0x00000000eab00000,0x00000000eb180000,0x00000000eb180000)
  from space 1536K, 99% used [0x00000000eb300000,0x00000000eb47e900,0x00000000eb480000)
  to   space 1536K, 0% used [0x00000000eb180000,0x00000000eb180000,0x00000000eb300000)
 ParOldGen       total 473088K, used 463414K [0x00000000c0000000, 0x00000000dce00000, 0x00000000eab00000)
  object space 473088K, 97% used [0x00000000c0000000,0x00000000dc48da78,0x00000000dce00000)
 Metaspace       used 100350K, committed 101760K, reserved 1179648K
  class space    used 9898K, committed 10560K, reserved 1048576K
}
Event: 3428.638 GC heap after
{Heap after GC invocations=5634 (full 110):
 PSYoungGen      total 8192K, used 848K [0x00000000eab00000, 0x00000000eb480000, 0x0000000100000000)
  eden space 6656K, 0% used [0x00000000eab00000,0x00000000eab00000,0x00000000eb180000)
  from space 1536K, 55% used [0x00000000eb180000,0x00000000eb254010,0x00000000eb300000)
  to   space 1536K, 0% used [0x00000000eb300000,0x00000000eb300000,0x00000000eb480000)
 ParOldGen       total 473088K, used 464843K [0x00000000c0000000, 0x00000000dce00000, 0x00000000eab00000)
  object space 473088K, 98% used [0x00000000c0000000,0x00000000dc5f2c98,0x00000000dce00000)
 Metaspace       used 100350K, committed 101760K, reserved 1179648K
  class space    used 9898K, committed 10560K, reserved 1048576K
}
Event: 3428.654 GC heap before
{Heap before GC invocations=5635 (full 110):
 PSYoungGen      total 8192K, used 7504K [0x00000000eab00000, 0x00000000eb480000, 0x0000000100000000)
  eden space 6656K, 100% used [0x00000000eab00000,0x00000000eb180000,0x00000000eb180000)
  from space 1536K, 55% used [0x00000000eb180000,0x00000000eb254010,0x00000000eb300000)
  to   space 1536K, 0% used [0x00000000eb300000,0x00000000eb300000,0x00000000eb480000)
 ParOldGen       total 473088K, used 464843K [0x00000000c0000000, 0x00000000dce00000, 0x00000000eab00000)
  object space 473088K, 98% used [0x00000000c0000000,0x00000000dc5f2c98,0x00000000dce00000)
 Metaspace       used 100350K, committed 101760K, reserved 1179648K
  class space    used 9898K, committed 10560K, reserved 1048576K
}
Event: 3428.658 GC heap after
{Heap after GC invocations=5635 (full 110):
 PSYoungGen      total 8192K, used 1088K [0x00000000eab00000, 0x00000000eb600000, 0x0000000100000000)
  eden space 6656K, 0% used [0x00000000eab00000,0x00000000eab00000,0x00000000eb180000)
  from space 1536K, 70% used [0x00000000eb300000,0x00000000eb410000,0x00000000eb480000)
  to   space 1536K, 0% used [0x00000000eb180000,0x00000000eb180000,0x00000000eb300000)
 ParOldGen       total 473088K, used 465567K [0x00000000c0000000, 0x00000000dce00000, 0x00000000eab00000)
  object space 473088K, 98% used [0x00000000c0000000,0x00000000dc6a7d08,0x00000000dce00000)
 Metaspace       used 100350K, committed 101760K, reserved 1179648K
  class space    used 9898K, committed 10560K, reserved 1048576K
}
Event: 3428.671 GC heap before
{Heap before GC invocations=5636 (full 110):
 PSYoungGen      total 8192K, used 7744K [0x00000000eab00000, 0x00000000eb600000, 0x0000000100000000)
  eden space 6656K, 100% used [0x00000000eab00000,0x00000000eb180000,0x00000000eb180000)
  from space 1536K, 70% used [0x00000000eb300000,0x00000000eb410000,0x00000000eb480000)
  to   space 1536K, 0% used [0x00000000eb180000,0x00000000eb180000,0x00000000eb300000)
 ParOldGen       total 473088K, used 465567K [0x00000000c0000000, 0x00000000dce00000, 0x00000000eab00000)
  object space 473088K, 98% used [0x00000000c0000000,0x00000000dc6a7d08,0x00000000dce00000)
 Metaspace       used 100350K, committed 101760K, reserved 1179648K
  class space    used 9898K, committed 10560K, reserved 1048576K
}
Event: 3428.676 GC heap after
{Heap after GC invocations=5636 (full 110):
 PSYoungGen      total 8192K, used 1124K [0x00000000eab00000, 0x00000000eb600000, 0x0000000100000000)
  eden space 6656K, 0% used [0x00000000eab00000,0x00000000eab00000,0x00000000eb180000)
  from space 1536K, 73% used [0x00000000eb180000,0x00000000eb299210,0x00000000eb300000)
  to   space 1536K, 0% used [0x00000000eb480000,0x00000000eb480000,0x00000000eb600000)
 ParOldGen       total 473088K, used 466551K [0x00000000c0000000, 0x00000000dce00000, 0x00000000eab00000)
  object space 473088K, 98% used [0x00000000c0000000,0x00000000dc79dd68,0x00000000dce00000)
 Metaspace       used 100350K, committed 101760K, reserved 1179648K
  class space    used 9898K, committed 10560K, reserved 1048576K
}
Event: 3428.697 GC heap before
{Heap before GC invocations=5637 (full 110):
 PSYoungGen      total 8192K, used 7780K [0x00000000eab00000, 0x00000000eb600000, 0x0000000100000000)
  eden space 6656K, 100% used [0x00000000eab00000,0x00000000eb180000,0x00000000eb180000)
  from space 1536K, 73% used [0x00000000eb180000,0x00000000eb299210,0x00000000eb300000)
  to   space 1536K, 0% used [0x00000000eb480000,0x00000000eb480000,0x00000000eb600000)
 ParOldGen       total 473088K, used 466551K [0x00000000c0000000, 0x00000000dce00000, 0x00000000eab00000)
  object space 473088K, 98% used [0x00000000c0000000,0x00000000dc79dd68,0x00000000dce00000)
 Metaspace       used 100350K, committed 101760K, reserved 1179648K
  class space    used 9898K, committed 10560K, reserved 1048576K
}
Event: 3428.702 GC heap after
{Heap after GC invocations=5637 (full 110):
 PSYoungGen      total 9216K, used 768K [0x00000000eab00000, 0x00000000eb580000, 0x0000000100000000)
  eden space 8192K, 0% used [0x00000000eab00000,0x00000000eab00000,0x00000000eb300000)
  from space 1024K, 75% used [0x00000000eb480000,0x00000000eb540000,0x00000000eb580000)
  to   space 1024K, 0% used [0x00000000eb380000,0x00000000eb380000,0x00000000eb480000)
 ParOldGen       total 473088K, used 467528K [0x00000000c0000000, 0x00000000dce00000, 0x00000000eab00000)
  object space 473088K, 98% used [0x00000000c0000000,0x00000000dc8920e8,0x00000000dce00000)
 Metaspace       used 100350K, committed 101760K, reserved 1179648K
  class space    used 9898K, committed 10560K, reserved 1048576K
}
Event: 3428.724 GC heap before
{Heap before GC invocations=5638 (full 110):
 PSYoungGen      total 9216K, used 8960K [0x00000000eab00000, 0x00000000eb580000, 0x0000000100000000)
  eden space 8192K, 100% used [0x00000000eab00000,0x00000000eb300000,0x00000000eb300000)
  from space 1024K, 75% used [0x00000000eb480000,0x00000000eb540000,0x00000000eb580000)
  to   space 1024K, 0% used [0x00000000eb380000,0x00000000eb380000,0x00000000eb480000)
 ParOldGen       total 473088K, used 467528K [0x00000000c0000000, 0x00000000dce00000, 0x00000000eab00000)
  object space 473088K, 98% used [0x00000000c0000000,0x00000000dc8920e8,0x00000000dce00000)
 Metaspace       used 100350K, committed 101760K, reserved 1179648K
  class space    used 9898K, committed 10560K, reserved 1048576K
}
Event: 3428.731 GC heap after
{Heap after GC invocations=5638 (full 110):
 PSYoungGen      total 9728K, used 848K [0x00000000eab00000, 0x00000000eb700000, 0x0000000100000000)
  eden space 8704K, 0% used [0x00000000eab00000,0x00000000eab00000,0x00000000eb380000)
  from space 1024K, 82% used [0x00000000eb380000,0x00000000eb454010,0x00000000eb480000)
  to   space 1024K, 0% used [0x00000000eb600000,0x00000000eb600000,0x00000000eb700000)
 ParOldGen       total 473088K, used 468148K [0x00000000c0000000, 0x00000000dce00000, 0x00000000eab00000)
  object space 473088K, 98% used [0x00000000c0000000,0x00000000dc92d1f8,0x00000000dce00000)
 Metaspace       used 100350K, committed 101760K, reserved 1179648K
  class space    used 9898K, committed 10560K, reserved 1048576K
}
Event: 3428.762 GC heap before
{Heap before GC invocations=5639 (full 110):
 PSYoungGen      total 9728K, used 9552K [0x00000000eab00000, 0x00000000eb700000, 0x0000000100000000)
  eden space 8704K, 100% used [0x00000000eab00000,0x00000000eb380000,0x00000000eb380000)
  from space 1024K, 82% used [0x00000000eb380000,0x00000000eb454010,0x00000000eb480000)
  to   space 1024K, 0% used [0x00000000eb600000,0x00000000eb600000,0x00000000eb700000)
 ParOldGen       total 473088K, used 468148K [0x00000000c0000000, 0x00000000dce00000, 0x00000000eab00000)
  object space 473088K, 98% used [0x00000000c0000000,0x00000000dc92d1f8,0x00000000dce00000)
 Metaspace       used 100350K, committed 101760K, reserved 1179648K
  class space    used 9898K, committed 10560K, reserved 1048576K
}
Event: 3428.768 GC heap after
{Heap after GC invocations=5639 (full 110):
 PSYoungGen      total 9728K, used 1016K [0x00000000eab00000, 0x00000000eb700000, 0x0000000100000000)
  eden space 8704K, 0% used [0x00000000eab00000,0x00000000eab00000,0x00000000eb380000)
  from space 1024K, 99% used [0x00000000eb600000,0x00000000eb6fe370,0x00000000eb700000)
  to   space 1024K, 0% used [0x00000000eb380000,0x00000000eb380000,0x00000000eb480000)
 ParOldGen       total 473088K, used 468944K [0x00000000c0000000, 0x00000000dce00000, 0x00000000eab00000)
  object space 473088K, 99% used [0x00000000c0000000,0x00000000dc9f4248,0x00000000dce00000)
 Metaspace       used 100350K, committed 101760K, reserved 1179648K
  class space    used 9898K, committed 10560K, reserved 1048576K
}

Dll operation events (12 events):
Event: 0.025 Loaded shared library c:\Users\alhdh\.vscode\extensions\redhat.java-1.30.0-win32-x64\jre\17.0.10-win32-x86_64\bin\java.dll
Event: 0.423 Loaded shared library c:\Users\alhdh\.vscode\extensions\redhat.java-1.30.0-win32-x64\jre\17.0.10-win32-x86_64\bin\zip.dll
Event: 0.433 Loaded shared library C:\Users\alhdh\.vscode\extensions\redhat.java-1.30.0-win32-x64\jre\17.0.10-win32-x86_64\bin\instrument.dll
Event: 0.469 Loaded shared library C:\Users\alhdh\.vscode\extensions\redhat.java-1.30.0-win32-x64\jre\17.0.10-win32-x86_64\bin\net.dll
Event: 0.480 Loaded shared library C:\Users\alhdh\.vscode\extensions\redhat.java-1.30.0-win32-x64\jre\17.0.10-win32-x86_64\bin\nio.dll
Event: 0.497 Loaded shared library C:\Users\alhdh\.vscode\extensions\redhat.java-1.30.0-win32-x64\jre\17.0.10-win32-x86_64\bin\zip.dll
Event: 0.536 Loaded shared library C:\Users\alhdh\.vscode\extensions\redhat.java-1.30.0-win32-x64\jre\17.0.10-win32-x86_64\bin\jimage.dll
Event: 0.685 Loaded shared library c:\Users\alhdh\.vscode\extensions\redhat.java-1.30.0-win32-x64\jre\17.0.10-win32-x86_64\bin\verify.dll
Event: 3.200 Loaded shared library C:\Users\alhdh\AppData\Roaming\Code\User\globalStorage\redhat.java\1.30.0\config_win\org.eclipse.equinox.launcher\org.eclipse.equinox.launcher.win32.win32.x86_64_1.2.900.v20240213-1244\eclipse_11900.dll
Event: 9.946 Loaded shared library C:\Users\alhdh\AppData\Local\Temp\jna-92902113\jna7223835775837302539.dll
Event: 2421.803 Loaded shared library C:\Users\alhdh\.vscode\extensions\redhat.java-1.30.0-win32-x64\jre\17.0.10-win32-x86_64\bin\sunmscapi.dll
Event: 2422.642 Loaded shared library C:\Users\alhdh\.vscode\extensions\redhat.java-1.30.0-win32-x64\jre\17.0.10-win32-x86_64\bin\extnet.dll

Deoptimization events (20 events):
Event: 3412.089 Thread 0x00000243d153bfc0 Uncommon trap: trap_request=0xffffffde fr.pc=0x00000243c01523dc relative=0x00000000000000bc
Event: 3412.089 Thread 0x00000243d153bfc0 Uncommon trap: reason=class_check action=maybe_recompile pc=0x00000243c01523dc method=lombok.eclipse.EclipseNode.getStartPos()I @ 4 c2
Event: 3412.089 Thread 0x00000243d153bfc0 DEOPT PACKING pc=0x00000243c01523dc sp=0x000000c76a7fdca0
Event: 3412.089 Thread 0x00000243d153bfc0 DEOPT UNPACKING pc=0x00000243bebf66a3 sp=0x000000c76a7fdbb0 mode 2
Event: 3412.090 Thread 0x00000243d153bfc0 Uncommon trap: trap_request=0xffffffde fr.pc=0x00000243c01e75bc relative=0x000000000000017c
Event: 3412.090 Thread 0x00000243d153bfc0 Uncommon trap: reason=class_check action=maybe_recompile pc=0x00000243c01e75bc method=lombok.eclipse.EclipseNode.getStartPos()I @ 4 c2
Event: 3412.090 Thread 0x00000243d153bfc0 DEOPT PACKING pc=0x00000243c01e75bc sp=0x000000c76a7fdc00
Event: 3412.090 Thread 0x00000243d153bfc0 DEOPT UNPACKING pc=0x00000243bebf66a3 sp=0x000000c76a7fda30 mode 2
Event: 3418.358 Thread 0x00000243cf75f0a0 DEOPT PACKING pc=0x00000243b92a648c sp=0x000000c7696fdf00
Event: 3418.359 Thread 0x00000243cf75f0a0 DEOPT UNPACKING pc=0x00000243bebf6e43 sp=0x000000c7696fd3e8 mode 0
Event: 3418.359 Thread 0x00000243cf75f0a0 DEOPT PACKING pc=0x00000243b8499f95 sp=0x000000c7696fdeb0
Event: 3418.359 Thread 0x00000243cf75f0a0 DEOPT UNPACKING pc=0x00000243bebf6e43 sp=0x000000c7696fd2f8 mode 0
Event: 3420.066 Thread 0x00000243d1063360 DEOPT PACKING pc=0x00000243b8fa4e33 sp=0x000000c766cfe2e0
Event: 3420.066 Thread 0x00000243d1063360 DEOPT UNPACKING pc=0x00000243bebf6e43 sp=0x000000c766cfd7f0 mode 0
Event: 3422.086 Thread 0x00000243d1063360 Uncommon trap: trap_request=0xffffff6e fr.pc=0x00000243c043631c relative=0x000000000000021c
Event: 3422.086 Thread 0x00000243d1063360 Uncommon trap: reason=loop_limit_check action=maybe_recompile pc=0x00000243c043631c method=java.util.DualPivotQuicksort.insertionSort([III)V @ 35 c2
Event: 3422.087 Thread 0x00000243d1063360 DEOPT PACKING pc=0x00000243c043631c sp=0x000000c766cfd300
Event: 3422.087 Thread 0x00000243d1063360 DEOPT UNPACKING pc=0x00000243bebf66a3 sp=0x000000c766cfd278 mode 2
Event: 3424.073 Thread 0x00000243d1063360 DEOPT PACKING pc=0x00000243b9e5e16b sp=0x000000c766cfd2b0
Event: 3424.073 Thread 0x00000243d1063360 DEOPT UNPACKING pc=0x00000243bebf6e43 sp=0x000000c766cfcc28 mode 0

Classes unloaded (20 events):
Event: 2043.274 Thread 0x00000243cd904870 Unloading class 0x0000000100128000 'jdk/internal/reflect/GeneratedMethodAccessor1'
Event: 2790.972 Thread 0x00000243cd904870 Unloading class 0x0000000100748800 'java/lang/invoke/LambdaForm$MH+0x0000000100748800'
Event: 2790.972 Thread 0x00000243cd904870 Unloading class 0x0000000100801400 'java/lang/invoke/LambdaForm$MH+0x0000000100801400'
Event: 2790.972 Thread 0x00000243cd904870 Unloading class 0x0000000100835000 'java/lang/invoke/LambdaForm$MH+0x0000000100835000'
Event: 2790.972 Thread 0x00000243cd904870 Unloading class 0x0000000100839000 'java/lang/invoke/LambdaForm$MH+0x0000000100839000'
Event: 2790.972 Thread 0x00000243cd904870 Unloading class 0x0000000100800400 'java/lang/invoke/LambdaForm$MH+0x0000000100800400'
Event: 2790.972 Thread 0x00000243cd904870 Unloading class 0x000000010083a000 'java/lang/invoke/LambdaForm$MH+0x000000010083a000'
Event: 3231.362 Thread 0x00000243cd904870 Unloading class 0x0000000100981000 'jdk/internal/reflect/GeneratedConstructorAccessor70'
Event: 3231.362 Thread 0x00000243cd904870 Unloading class 0x0000000100980c00 'jdk/internal/reflect/GeneratedConstructorAccessor69'
Event: 3231.362 Thread 0x00000243cd904870 Unloading class 0x0000000100980800 'jdk/internal/reflect/GeneratedConstructorAccessor68'
Event: 3231.362 Thread 0x00000243cd904870 Unloading class 0x0000000100980400 'jdk/internal/reflect/GeneratedConstructorAccessor67'
Event: 3231.362 Thread 0x00000243cd904870 Unloading class 0x000000010030a400 'java/lang/invoke/LambdaForm$MH+0x000000010030a400'
Event: 3267.367 Thread 0x00000243cd904870 Unloading class 0x0000000100a05400 'java/lang/invoke/LambdaForm$MH+0x0000000100a05400'
Event: 3267.367 Thread 0x00000243cd904870 Unloading class 0x0000000100a05000 'java/lang/invoke/LambdaForm$MH+0x0000000100a05000'
Event: 3267.367 Thread 0x00000243cd904870 Unloading class 0x0000000100a04c00 'java/lang/invoke/LambdaForm$MH+0x0000000100a04c00'
Event: 3267.367 Thread 0x00000243cd904870 Unloading class 0x0000000100a04800 'java/lang/invoke/LambdaForm$MH+0x0000000100a04800'
Event: 3267.367 Thread 0x00000243cd904870 Unloading class 0x0000000100a04400 'java/lang/invoke/LambdaForm$MH+0x0000000100a04400'
Event: 3267.367 Thread 0x00000243cd904870 Unloading class 0x0000000100a04000 'java/lang/invoke/LambdaForm$MH+0x0000000100a04000'
Event: 3267.367 Thread 0x00000243cd904870 Unloading class 0x000000010030bc00 'java/lang/invoke/LambdaForm$MH+0x000000010030bc00'
Event: 3267.368 Thread 0x00000243cd904870 Unloading class 0x000000010030d800 'java/lang/invoke/LambdaForm$MH+0x000000010030d800'

Classes redefined (0 events):
No events

Internal exceptions (20 events):
Event: 3425.710 Thread 0x00000243d1063360 Implicit null exception at 0x00000243b7de834f to 0x00000243b7de969c
Event: 3425.710 Thread 0x00000243d1063360 Exception <a 'java/lang/NullPointerException'{0x00000000eacd2190}> (0x00000000eacd2190) 
thrown [s\src\hotspot\share\runtime\sharedRuntime.cpp, line 631]
Event: 3425.710 Thread 0x00000243d1063360 Implicit null exception at 0x00000243b7de834f to 0x00000243b7de969c
Event: 3425.710 Thread 0x00000243d1063360 Exception <a 'java/lang/NullPointerException'{0x00000000eacd3d68}> (0x00000000eacd3d68) 
thrown [s\src\hotspot\share\runtime\sharedRuntime.cpp, line 631]
Event: 3425.710 Thread 0x00000243d1063360 Implicit null exception at 0x00000243b7de834f to 0x00000243b7de969c
Event: 3425.710 Thread 0x00000243d1063360 Exception <a 'java/lang/NullPointerException'{0x00000000eacdaf58}> (0x00000000eacdaf58) 
thrown [s\src\hotspot\share\runtime\sharedRuntime.cpp, line 631]
Event: 3425.710 Thread 0x00000243d1063360 Implicit null exception at 0x00000243b7de834f to 0x00000243b7de969c
Event: 3425.710 Thread 0x00000243d1063360 Exception <a 'java/lang/NullPointerException'{0x00000000eacdc8a8}> (0x00000000eacdc8a8) 
thrown [s\src\hotspot\share\runtime\sharedRuntime.cpp, line 631]
Event: 3425.710 Thread 0x00000243d1063360 Implicit null exception at 0x00000243b7de834f to 0x00000243b7de969c
Event: 3425.710 Thread 0x00000243d1063360 Exception <a 'java/lang/NullPointerException'{0x00000000eace3ac0}> (0x00000000eace3ac0) 
thrown [s\src\hotspot\share\runtime\sharedRuntime.cpp, line 631]
Event: 3425.710 Thread 0x00000243d1063360 Implicit null exception at 0x00000243b7de834f to 0x00000243b7de969c
Event: 3425.711 Thread 0x00000243d1063360 Exception <a 'java/lang/NullPointerException'{0x00000000eace5418}> (0x00000000eace5418) 
thrown [s\src\hotspot\share\runtime\sharedRuntime.cpp, line 631]
Event: 3425.711 Thread 0x00000243d1063360 Implicit null exception at 0x00000243b7de834f to 0x00000243b7de969c
Event: 3425.711 Thread 0x00000243d1063360 Exception <a 'java/lang/NullPointerException'{0x00000000eacec7e8}> (0x00000000eacec7e8) 
thrown [s\src\hotspot\share\runtime\sharedRuntime.cpp, line 631]
Event: 3425.711 Thread 0x00000243d1063360 Implicit null exception at 0x00000243b7de834f to 0x00000243b7de969c
Event: 3425.711 Thread 0x00000243d1063360 Exception <a 'java/lang/NullPointerException'{0x00000000eacee1f8}> (0x00000000eacee1f8) 
thrown [s\src\hotspot\share\runtime\sharedRuntime.cpp, line 631]
Event: 3425.711 Thread 0x00000243d1063360 Implicit null exception at 0x00000243b7de834f to 0x00000243b7de969c
Event: 3425.711 Thread 0x00000243d1063360 Exception <a 'java/lang/NullPointerException'{0x00000000eacf58f0}> (0x00000000eacf58f0) 
thrown [s\src\hotspot\share\runtime\sharedRuntime.cpp, line 631]
Event: 3425.711 Thread 0x00000243d1063360 Implicit null exception at 0x00000243b7de834f to 0x00000243b7de969c
Event: 3425.711 Thread 0x00000243d1063360 Exception <a 'java/lang/NullPointerException'{0x00000000eacf72d0}> (0x00000000eacf72d0) 
thrown [s\src\hotspot\share\runtime\sharedRuntime.cpp, line 631]

VM Operations (20 events):
Event: 3428.587 Executing VM operation: ParallelGCFailedAllocation
Event: 3428.592 Executing VM operation: ParallelGCFailedAllocation done
Event: 3428.603 Executing VM operation: ParallelGCFailedAllocation
Event: 3428.611 Executing VM operation: ParallelGCFailedAllocation done
Event: 3428.620 Executing VM operation: ParallelGCFailedAllocation
Event: 3428.626 Executing VM operation: ParallelGCFailedAllocation done
Event: 3428.634 Executing VM operation: ParallelGCFailedAllocation
Event: 3428.638 Executing VM operation: ParallelGCFailedAllocation done
Event: 3428.638 Executing VM operation: HandshakeAllThreads
Event: 3428.638 Executing VM operation: HandshakeAllThreads done
Event: 3428.654 Executing VM operation: ParallelGCFailedAllocation
Event: 3428.658 Executing VM operation: ParallelGCFailedAllocation done
Event: 3428.671 Executing VM operation: ParallelGCFailedAllocation
Event: 3428.676 Executing VM operation: ParallelGCFailedAllocation done
Event: 3428.697 Executing VM operation: ParallelGCFailedAllocation
Event: 3428.702 Executing VM operation: ParallelGCFailedAllocation done
Event: 3428.723 Executing VM operation: ParallelGCFailedAllocation
Event: 3428.731 Executing VM operation: ParallelGCFailedAllocation done
Event: 3428.762 Executing VM operation: ParallelGCFailedAllocation
Event: 3428.768 Executing VM operation: ParallelGCFailedAllocation done

Events (20 events):
Event: 3413.756 Thread 0x00000243c886b760 flushing nmethod 0x00000243ba085a90
Event: 3413.756 Thread 0x00000243c886b760 flushing nmethod 0x00000243ba085e10
Event: 3413.756 Thread 0x00000243c886b760 flushing nmethod 0x00000243ba088410
Event: 3414.909 loading class jdk/internal/module/IllegalAccessLogger
Event: 3414.909 loading class jdk/internal/module/IllegalAccessLogger done
Event: 3414.912 Thread 0x00000243d0e1da10 Thread added: 0x00000243d0e1da10
Event: 3414.922 Thread 0x00000243d0e1da10 Thread exited: 0x00000243d0e1da10
Event: 3416.865 loading class jdk/internal/module/IllegalAccessLogger
Event: 3416.865 loading class jdk/internal/module/IllegalAccessLogger done
Event: 3416.867 Thread 0x00000243d0e22600 Thread added: 0x00000243d0e22600
Event: 3416.878 Thread 0x00000243d0e22600 Thread exited: 0x00000243d0e22600
Event: 3418.343 loading class jdk/internal/module/IllegalAccessLogger
Event: 3418.343 loading class jdk/internal/module/IllegalAccessLogger done
Event: 3418.346 Thread 0x00000243d0e1b6a0 Thread added: 0x00000243d0e1b6a0
Event: 3418.358 Thread 0x00000243d0e1b6a0 Thread exited: 0x00000243d0e1b6a0
Event: 3420.515 Thread 0x00000243d0cdf920 Thread added: 0x00000243d0cdf920
Event: 3423.767 Thread 0x00000243d0cdf920 Thread exited: 0x00000243d0cdf920
Event: 3423.880 Thread 0x00000243d0cdf920 Thread added: 0x00000243d0cdf920
Event: 3425.302 Thread 0x00000243d0cdf920 Thread exited: 0x00000243d0cdf920
Event: 3428.644 Thread 0x00000243d0ce5370 Thread added: 0x00000243d0ce5370


Dynamic libraries:
0x00007ff704300000 - 0x00007ff70430e000 	c:\Users\alhdh\.vscode\extensions\redhat.java-1.30.0-win32-x64\jre\17.0.10-win32-x86_64\bin\java.exe
0x00007ffe44d30000 - 0x00007ffe44f28000 	C:\Windows\SYSTEM32\ntdll.dll
0x00007ffdedc70000 - 0x00007ffdedc89000 	C:\Program Files\Avast Software\Avast\aswhook.dll
0x00007ffe44200000 - 0x00007ffe442bd000 	C:\Windows\System32\KERNEL32.DLL
0x00007ffe427e0000 - 0x00007ffe42ad6000 	C:\Windows\System32\KERNELBASE.dll
0x00007ffe426e0000 - 0x00007ffe427e0000 	C:\Windows\System32\ucrtbase.dll
0x00007ffe3d7a0000 - 0x00007ffe3d7b7000 	c:\Users\alhdh\.vscode\extensions\redhat.java-1.30.0-win32-x64\jre\17.0.10-win32-x86_64\bin\jli.dll
0x00007ffe443e0000 - 0x00007ffe4457e000 	C:\Windows\System32\USER32.dll
0x00007ffe42610000 - 0x00007ffe42632000 	C:\Windows\System32\win32u.dll
0x00007ffe44580000 - 0x00007ffe445ac000 	C:\Windows\System32\GDI32.dll
0x00007ffe42ae0000 - 0x00007ffe42bfa000 	C:\Windows\System32\gdi32full.dll
0x00007ffe42640000 - 0x00007ffe426dd000 	C:\Windows\System32\msvcp_win.dll
0x00007ffe3b920000 - 0x00007ffe3b93b000 	c:\Users\alhdh\.vscode\extensions\redhat.java-1.30.0-win32-x64\jre\17.0.10-win32-x86_64\bin\VCRUNTIME140.dll
0x00007ffe262f0000 - 0x00007ffe2658a000 	C:\Windows\WinSxS\amd64_microsoft.windows.common-controls_6595b64144ccf1df_6.0.19041.3636_none_60b6a03d71f818d5\COMCTL32.dll
0x00007ffe42d80000 - 0x00007ffe42e1e000 	C:\Windows\System32\msvcrt.dll
0x00007ffe44cb0000 - 0x00007ffe44ce0000 	C:\Windows\System32\IMM32.DLL
0x00007ffe3f700000 - 0x00007ffe3f70c000 	c:\Users\alhdh\.vscode\extensions\redhat.java-1.30.0-win32-x64\jre\17.0.10-win32-x86_64\bin\vcruntime140_1.dll
0x00007ffe17920000 - 0x00007ffe179ad000 	c:\Users\alhdh\.vscode\extensions\redhat.java-1.30.0-win32-x64\jre\17.0.10-win32-x86_64\bin\msvcp140.dll
0x00007ffe0b0f0000 - 0x00007ffe0bd52000 	c:\Users\alhdh\.vscode\extensions\redhat.java-1.30.0-win32-x64\jre\17.0.10-win32-x86_64\bin\server\jvm.dll
0x00007ffe44680000 - 0x00007ffe44733000 	C:\Windows\System32\ADVAPI32.dll
0x00007ffe44c10000 - 0x00007ffe44caf000 	C:\Windows\System32\sechost.dll
0x00007ffe43360000 - 0x00007ffe43486000 	C:\Windows\System32\RPCRT4.dll
0x00007ffe42d50000 - 0x00007ffe42d77000 	C:\Windows\System32\bcrypt.dll
0x00007ffe41960000 - 0x00007ffe419ab000 	C:\Windows\SYSTEM32\POWRPROF.dll
0x00007ffe20650000 - 0x00007ffe20659000 	C:\Windows\SYSTEM32\WSOCK32.dll
0x00007ffe44b40000 - 0x00007ffe44bab000 	C:\Windows\System32\WS2_32.dll
0x00007ffe2a910000 - 0x00007ffe2a937000 	C:\Windows\SYSTEM32\WINMM.dll
0x00007ffe3a730000 - 0x00007ffe3a73a000 	C:\Windows\SYSTEM32\VERSION.dll
0x00007ffe417d0000 - 0x00007ffe417e2000 	C:\Windows\SYSTEM32\UMPDC.dll
0x00007ffe40c00000 - 0x00007ffe40c12000 	C:\Windows\SYSTEM32\kernel.appcore.dll
0x00007ffe384c0000 - 0x00007ffe384ca000 	c:\Users\alhdh\.vscode\extensions\redhat.java-1.30.0-win32-x64\jre\17.0.10-win32-x86_64\bin\jimage.dll
0x00007ffe40900000 - 0x00007ffe40ae4000 	C:\Windows\SYSTEM32\DBGHELP.DLL
0x00007ffe37500000 - 0x00007ffe37534000 	C:\Windows\SYSTEM32\dbgcore.DLL
0x00007ffe42cc0000 - 0x00007ffe42d42000 	C:\Windows\System32\bcryptPrimitives.dll
0x00007ffe37360000 - 0x00007ffe3736e000 	c:\Users\alhdh\.vscode\extensions\redhat.java-1.30.0-win32-x64\jre\17.0.10-win32-x86_64\bin\instrument.dll
0x00007ffe313c0000 - 0x00007ffe313e5000 	c:\Users\alhdh\.vscode\extensions\redhat.java-1.30.0-win32-x64\jre\17.0.10-win32-x86_64\bin\java.dll
0x00007ffe2e9d0000 - 0x00007ffe2e9e8000 	c:\Users\alhdh\.vscode\extensions\redhat.java-1.30.0-win32-x64\jre\17.0.10-win32-x86_64\bin\zip.dll
0x00007ffe43490000 - 0x00007ffe43bd5000 	C:\Windows\System32\SHELL32.dll
0x00007ffe40090000 - 0x00007ffe4082b000 	C:\Windows\SYSTEM32\windows.storage.dll
0x00007ffe43c90000 - 0x00007ffe43fe4000 	C:\Windows\System32\combase.dll
0x00007ffe41d50000 - 0x00007ffe41d7d000 	C:\Windows\SYSTEM32\Wldp.dll
0x00007ffe448e0000 - 0x00007ffe4498d000 	C:\Windows\System32\SHCORE.dll
0x00007ffe44880000 - 0x00007ffe448d5000 	C:\Windows\System32\shlwapi.dll
0x00007ffe42330000 - 0x00007ffe42355000 	C:\Windows\SYSTEM32\profapi.dll
0x00007ffe258b0000 - 0x00007ffe258c9000 	C:\Users\alhdh\.vscode\extensions\redhat.java-1.30.0-win32-x64\jre\17.0.10-win32-x86_64\bin\net.dll
0x00007ffe3c520000 - 0x00007ffe3c62a000 	C:\Windows\SYSTEM32\WINHTTP.dll
0x00007ffe41b30000 - 0x00007ffe41b9a000 	C:\Windows\system32\mswsock.dll
0x00007ffe22220000 - 0x00007ffe22236000 	C:\Users\alhdh\.vscode\extensions\redhat.java-1.30.0-win32-x64\jre\17.0.10-win32-x86_64\bin\nio.dll
0x00007ffe2ee80000 - 0x00007ffe2ee90000 	c:\Users\alhdh\.vscode\extensions\redhat.java-1.30.0-win32-x64\jre\17.0.10-win32-x86_64\bin\verify.dll
0x00007ffe21730000 - 0x00007ffe2176e000 	C:\Users\alhdh\AppData\Roaming\Code\User\globalStorage\redhat.java\1.30.0\config_win\org.eclipse.equinox.launcher\org.eclipse.equinox.launcher.win32.win32.x86_64_1.2.900.v20240213-1244\eclipse_11900.dll
0x00007ffe44050000 - 0x00007ffe4417b000 	C:\Windows\System32\ole32.dll
0x00007ffe41d90000 - 0x00007ffe41da8000 	C:\Windows\SYSTEM32\CRYPTSP.dll
0x00007ffe41410000 - 0x00007ffe41444000 	C:\Windows\system32\rsaenh.dll
0x00007ffe422b0000 - 0x00007ffe422de000 	C:\Windows\SYSTEM32\USERENV.dll
0x00007ffe41cc0000 - 0x00007ffe41ccc000 	C:\Windows\SYSTEM32\CRYPTBASE.dll
0x00007ffe417f0000 - 0x00007ffe4182b000 	C:\Windows\SYSTEM32\IPHLPAPI.DLL
0x00007ffe44ce0000 - 0x00007ffe44ce8000 	C:\Windows\System32\NSI.dll
0x00007ffe3a630000 - 0x00007ffe3a647000 	C:\Windows\SYSTEM32\dhcpcsvc6.DLL
0x00007ffe3a4c0000 - 0x00007ffe3a4dd000 	C:\Windows\SYSTEM32\dhcpcsvc.DLL
0x00007ffe41830000 - 0x00007ffe418fa000 	C:\Windows\SYSTEM32\DNSAPI.dll
0x00007ffe21230000 - 0x00007ffe21275000 	C:\Users\alhdh\AppData\Local\Temp\jna-92902113\jna7223835775837302539.dll
0x00007ffe43bf0000 - 0x00007ffe43bf8000 	C:\Windows\System32\PSAPI.DLL
0x00007ffe21720000 - 0x00007ffe2172e000 	C:\Users\alhdh\.vscode\extensions\redhat.java-1.30.0-win32-x64\jre\17.0.10-win32-x86_64\bin\sunmscapi.dll
0x00007ffe42400000 - 0x00007ffe4255d000 	C:\Windows\System32\CRYPT32.dll
0x00007ffe41ea0000 - 0x00007ffe41ec8000 	C:\Windows\SYSTEM32\ncrypt.dll
0x00007ffe41e60000 - 0x00007ffe41e9b000 	C:\Windows\SYSTEM32\NTASN1.dll
0x0000000055730000 - 0x000000005573b000 	C:\Program Files\National Instruments\Shared\mDNS Responder\nimdnsNSP.dll
0x0000000055710000 - 0x0000000055721000 	C:\Windows\SYSTEM32\nimdnsResponder.dll
0x00007ffe3a620000 - 0x00007ffe3a62a000 	C:\Windows\System32\rasadhlp.dll
0x00007ffe37640000 - 0x00007ffe376c0000 	C:\Windows\System32\fwpuclnt.dll
0x00007ffe21540000 - 0x00007ffe21549000 	C:\Users\alhdh\.vscode\extensions\redhat.java-1.30.0-win32-x64\jre\17.0.10-win32-x86_64\bin\extnet.dll

dbghelp: loaded successfully - version: 4.0.5 - missing functions: none
symbol engine: initialized successfully - sym options: 0x614 - pdb path: .;c:\Users\alhdh\.vscode\extensions\redhat.java-1.30.0-win32-x64\jre\17.0.10-win32-x86_64\bin;C:\Windows\SYSTEM32;C:\Program Files\Avast Software\Avast;C:\Windows\WinSxS\amd64_microsoft.windows.common-controls_6595b64144ccf1df_6.0.19041.3636_none_60b6a03d71f818d5;c:\Users\alhdh\.vscode\extensions\redhat.java-1.30.0-win32-x64\jre\17.0.10-win32-x86_64\bin\server;C:\Users\alhdh\AppData\Roaming\Code\User\globalStorage\redhat.java\1.30.0\config_win\org.eclipse.equinox.launcher\org.eclipse.equinox.launcher.win32.win32.x86_64_1.2.900.v20240213-1244;C:\Users\alhdh\AppData\Local\Temp\jna-92902113;C:\Program Files\National Instruments\Shared\mDNS Responder

VM Arguments:
jvm_args: --add-modules=ALL-SYSTEM --add-opens=java.base/java.util=ALL-UNNAMED --add-opens=java.base/java.lang=ALL-UNNAMED --add-opens=java.base/sun.nio.fs=ALL-UNNAMED -Declipse.application=org.eclipse.jdt.ls.core.id1 -Dosgi.bundles.defaultStartLevel=4 -Declipse.product=org.eclipse.jdt.ls.core.product -Djava.import.generatesMetadataFilesAtProjectRoot=false -DDetectVMInstallationsJob.disabled=true -Dfile.encoding=utf8 -XX:+UseParallelGC -XX:GCTimeRatio=4 -XX:AdaptiveSizePolicyWeight=90 -Dsun.zip.disableMemoryMapping=true -Xmx1G -Xms100m -Xlog:disable -javaagent:c:\Users\alhdh\.vscode\extensions\redhat.java-1.30.0-win32-x64\lombok\lombok-1.18.32.jar -XX:+HeapDumpOnOutOfMemoryError -XX:HeapDumpPath=c:\Users\alhdh\AppData\Roaming\Code\User\workspaceStorage\37dba57fa1d58a1a3d36af18158eedda\redhat.java -Daether.dependencyCollector.impl=bf 
java_command: c:\Users\alhdh\.vscode\extensions\redhat.java-1.30.0-win32-x64\server\plugins\org.eclipse.equinox.launcher_1.6.800.v20240330-1250.jar -configuration c:\Users\alhdh\AppData\Roaming\Code\User\globalStorage\redhat.java\1.30.0\config_win -data c:\Users\alhdh\AppData\Roaming\Code\User\workspaceStorage\37dba57fa1d58a1a3d36af18158eedda\redhat.java\jdt_ws --pipe=\\.\pipe\lsp-8db3db30116504ae8e354eb1cd1bd263-sock
java_class_path (initial): c:\Users\alhdh\.vscode\extensions\redhat.java-1.30.0-win32-x64\server\plugins\org.eclipse.equinox.launcher_1.6.800.v20240330-1250.jar
Launcher Type: SUN_STANDARD

[Global flags]
    uintx AdaptiveSizePolicyWeight                 = 90                                        {product} {command line}
     intx CICompilerCount                          = 4                                         {product} {ergonomic}
    uintx GCTimeRatio                              = 4                                         {product} {command line}
     bool HeapDumpOnOutOfMemoryError               = true                                   {manageable} {command line}
    ccstr HeapDumpPath                             = c:\Users\alhdh\AppData\Roaming\Code\User\workspaceStorage\37dba57fa1d58a1a3d36af18158eedda\redhat.java         {manageable} {command line}
   size_t InitialHeapSize                          = 104857600                                 {product} {command line}
   size_t MaxHeapSize                              = 1073741824                                {product} {command line}
   size_t MaxNewSize                               = 357564416                                 {product} {ergonomic}
   size_t MinHeapDeltaBytes                        = 524288                                    {product} {ergonomic}
   size_t MinHeapSize                              = 104857600                                 {product} {command line}
   size_t NewSize                                  = 34603008                                  {product} {ergonomic}
    uintx NonNMethodCodeHeapSize                   = 5839372                                {pd product} {ergonomic}
    uintx NonProfiledCodeHeapSize                  = 122909434                              {pd product} {ergonomic}
   size_t OldSize                                  = 70254592                                  {product} {ergonomic}
    uintx ProfiledCodeHeapSize                     = 122909434                              {pd product} {ergonomic}
    uintx ReservedCodeCacheSize                    = 251658240                              {pd product} {ergonomic}
     bool SegmentedCodeCache                       = true                                      {product} {ergonomic}
   size_t SoftMaxHeapSize                          = 1073741824                             {manageable} {ergonomic}
     bool UseCompressedClassPointers               = true                           {product lp64_product} {ergonomic}
     bool UseCompressedOops                        = true                           {product lp64_product} {ergonomic}
     bool UseLargePagesIndividualAllocation        = false                                  {pd product} {ergonomic}
     bool UseParallelGC                            = true                                      {product} {command line}

Logging:
Log output configuration:
 #0: stdout all=off uptime,level,tags
 #1: stderr all=off uptime,level,tags

Environment Variables:
JAVA_HOME=C:\Program Files\Java\jdk-17
CLASSPATH=.;
PATH=C:\Program Files\Microsoft MPI\Bin\;C:\Python311\Scripts\;C:\Python311\;C:\Program Files\Common Files\Oracle\Java\javapath;C:\Program Files (x86)\Common Files\Oracle\Java\javapath;D:\WATCOM\BINNT;D:\WATCOM\BINW;C:\Windows\system32;C:\Windows;C:\Windows\System32\Wbem;C:\Windows\System32\WindowsPowerShell\v1.0\;C:\Windows\System32\OpenSSH\;C:\Program Files\dotnet\;C:\Program Files\Microsoft SQL Server\130\Tools\Binn\;C:\Program Files\Microsoft SQL Server\Client SDK\ODBC\170\Tools\Binn\;C:\Program Files\Azure Data Studio\bin;C:\Program Files (x86)\Microsoft SQL Server\150\Tools\Binn\;C:\Program Files\Microsoft SQL Server\150\Tools\Binn\;C:\Program Files\Microsoft SQL Server\150\DTS\Binn\;C:\Program Files (x86)\Microsoft SQL Server\150\DTS\Binn\;D:\Latex\miktex\bin\x64\;C:\Program Files (x86)\IVI Foundation\VISA\WinNT\Bin\;C:\Program Files\IVI Foundation\VISA\Win64\Bin\;D:\Shared\LabVIEW CLI;C:\Program Files\Amazon\AWSCLIV2\;C:\Program Files\PuTTY\;C:\ProgramData\chocolatey\bin;C:\Program Files\Git\cmd;C:\Program Files\Java\jdk1.8.0_211\bin;C:\Program Files\CMake\bin;C:\Program Files\nodejs\;C:\Program Files (x86)\PDFtk\bin\;%MPJ_HOME%\bin;C:\ProgramData\chocolatey\lib\maven\apache-maven-3.9.6\bin;;C:\Program Files\Docker\Docker\resources\bin;C:\GnuWin32\bin;C:\ProgramData\chocolatey\lib\maven\apache-maven-3.9.6\bin;C:\dummy\mpj-v0_44\mpj-v0_44\bin;C:\Program Files\Java\jdk-11\bin;C:\Program Files\MySQL\MySQL Shell 8.0\bin\;D:\WATCOM\BINNT;D:\WATCOM\BINW;C:\Windows\system32;C:\Windows;C:\Windows\System32\Wbem;C:\Windows\System32\WindowsPowerShell\v1.0\;C:\Windows\System32\OpenSSH\;C:\Program Files (x86)\IncrediBuild;C:\Program Files\dotnet\;C:\Program Files\Microsoft SQL Server\130\Tools\Binn\;C:\Program Files\Microsoft SQL Server\Client SDK\ODBC\170\Tools\Binn\;C:\Program Files\Azure Data Studio\bin;C:\Program Files (x86)\Microsoft SQL Server\150\Tools\Binn\;C:\Program Files\Microsoft SQL Server\150\Tools\Binn\;C:\Program Files\Microsoft SQL Server\150\DTS\Binn\;C:\P
USERNAME=alhdh
OS=Windows_NT
PROCESSOR_IDENTIFIER=Intel64 Family 6 Model 158 Stepping 10, GenuineIntel
TMP=C:\Users\alhdh\AppData\Local\Temp
TEMP=C:\Users\alhdh\AppData\Local\Temp



Periodic native trim disabled


---------------  S Y S T E M  ---------------

OS:
 Windows 10 , 64 bit Build 19041 (10.0.19041.3636)
OS uptime: 0 days 4:45 hours
Hyper-V role detected

CPU: total 12 (initial active 12) (6 cores per cpu, 2 threads per core) family 6 model 158 stepping 10 microcode 0xf0, cx8, cmov, fxsr, ht, mmx, 3dnowpref, sse, sse2, sse3, ssse3, sse4.1, sse4.2, popcnt, lzcnt, tsc, tscinvbit, avx, avx2, aes, erms, clmul, bmi1, bmi2, adx, fma, vzeroupper, clflush, clflushopt, hv
Processor Information for all 12 processors :
  Max Mhz: 2592, Current Mhz: 2592, Mhz Limit: 2592

Memory: 4k page, system-wide physical 8008M (1550M free)
TotalPageFile size 11021M (AvailPageFile size 8M)
current process WorkingSet (physical memory assigned to process): 900M, peak: 926M
current process commit charge ("private bytes"): 850M, peak: 892M

vm_info: OpenJDK 64-Bit Server VM (17.0.10+7) for windows-amd64 JRE (17.0.10+7), built on Jan 16 2024 23:25:11 by "admin" with MS VC++ 16.10 / 16.11 (VS2019)

END.
