#
# There is insufficient memory for the Java Runtime Environment to continue.
# Native memory allocation (malloc) failed to allocate 2651632 bytes for Chunk::new
# Possible reasons:
#   The system is out of physical RAM or swap space
#   The process is running with CompressedOops enabled, and the Java Heap may be blocking the growth of the native heap
# Possible solutions:
#   Reduce memory load on the system
#   Increase physical memory or swap space
#   Check if swap backing store is full
#   Decrease Java heap size (-Xmx/-Xms)
#   Decrease number of Java threads
#   Decrease Java thread stack sizes (-Xss)
#   Set larger code cache with -XX:ReservedCodeCacheSize=
#   JVM is running with Unscaled Compressed Oops mode in which the Java heap is
#     placed in the first 4GB address space. The Java Heap base address is the
#     maximum limit for the native heap growth. Please use -XX:HeapBaseMinAddress
#     to set the Java Heap base and to place the Java Heap above 4GB virtual address.
# This output file may be truncated or incomplete.
#
#  Out of Memory Error (arena.cpp:191), pid=15660, tid=13020
#
# JRE version: OpenJDK Runtime Environment Temurin-17.0.10+7 (17.0.10+7) (build 17.0.10+7)
# Java VM: OpenJDK 64-Bit Server VM Temurin-17.0.10+7 (17.0.10+7, mixed mode, tiered, compressed oops, compressed class ptrs, parallel gc, windows-amd64)
# No core dump will be written. Minidumps are not enabled by default on client versions of Windows
#

---------------  S U M M A R Y ------------

Command Line: --add-modules=ALL-SYSTEM --add-opens=java.base/java.util=ALL-UNNAMED --add-opens=java.base/java.lang=ALL-UNNAMED --add-opens=java.base/sun.nio.fs=ALL-UNNAMED -Declipse.application=org.eclipse.jdt.ls.core.id1 -Dosgi.bundles.defaultStartLevel=4 -Declipse.product=org.eclipse.jdt.ls.core.product -Djava.import.generatesMetadataFilesAtProjectRoot=false -DDetectVMInstallationsJob.disabled=true -Dfile.encoding=utf8 -XX:+UseParallelGC -XX:GCTimeRatio=4 -XX:AdaptiveSizePolicyWeight=90 -Dsun.zip.disableMemoryMapping=true -Xmx1G -Xms100m -Xlog:disable -javaagent:c:\Users\alhdh\.vscode\extensions\redhat.java-1.30.0-win32-x64\lombok\lombok-1.18.32.jar -XX:+HeapDumpOnOutOfMemoryError -XX:HeapDumpPath=c:\Users\alhdh\AppData\Roaming\Code\User\workspaceStorage\37dba57fa1d58a1a3d36af18158eedda\redhat.java -Daether.dependencyCollector.impl=bf c:\Users\alhdh\.vscode\extensions\redhat.java-1.30.0-win32-x64\server\plugins\org.eclipse.equinox.launcher_1.6.800.v20240330-1250.jar -configuration c:\Users\alhdh\AppData\Roaming\Code\User\globalStorage\redhat.java\1.30.0\config_win -data c:\Users\alhdh\AppData\Roaming\Code\User\workspaceStorage\37dba57fa1d58a1a3d36af18158eedda\redhat.java\jdt_ws --pipe=\\.\pipe\lsp-3ca72e6f02ecfe2468058d7fff4a8878-sock

Host: Intel(R) Core(TM) i7-9750H CPU @ 2.60GHz, 12 cores, 7G,  Windows 10 , 64 bit Build 19041 (10.0.19041.3636)
Time: Fri May  3 22:52:30 2024 Egypt Daylight Time elapsed time: 1727.573574 seconds (0d 0h 28m 47s)

---------------  T H R E A D  ---------------

Current thread (0x0000028152803820):  JavaThread "C2 CompilerThread1" daemon [_thread_in_native, id=13020, stack(0x000000c6ceb00000,0x000000c6cec00000)]


Current CompileTask:
C2:1727573 14368   !   4       org.eclipse.jdt.internal.compiler.classfmt.ClassFileReader::<init> (2158 bytes)

Stack: [0x000000c6ceb00000,0x000000c6cec00000]
Native frames: (J=compiled Java code, j=interpreted, Vv=VM code, C=native code)
V  [jvm.dll+0x67d2c9]
V  [jvm.dll+0x834afa]
V  [jvm.dll+0x8365be]
V  [jvm.dll+0x836c23]
V  [jvm.dll+0x2477ff]
V  [jvm.dll+0xac514]
V  [jvm.dll+0xacb5c]
V  [jvm.dll+0x3667d7]
V  [jvm.dll+0x330bfa]
V  [jvm.dll+0x33009a]
V  [jvm.dll+0x219ef1]
V  [jvm.dll+0x219311]
V  [jvm.dll+0x1a502d]
V  [jvm.dll+0x2290de]
V  [jvm.dll+0x2272ac]
V  [jvm.dll+0x7e9bb7]
V  [jvm.dll+0x7e3fba]
V  [jvm.dll+0x67c1b5]
C  [ucrtbase.dll+0x21bb2]
C  [KERNEL32.DLL+0x17344]
C  [ntdll.dll+0x526b1]


---------------  P R O C E S S  ---------------

Threads class SMR info:
_java_thread_list=0x0000028154211230, length=50, elements={
0x0000028136011130, 0x0000028149e9e620, 0x000002814f1974e0, 0x000002814f1bf260,
0x000002814f1c00e0, 0x000002814f1c25b0, 0x000002814f1c99c0, 0x000002814f1cd470,
0x000002814f1d3060, 0x000002814f1d4560, 0x0000028136073750, 0x00000281507e0d10,
0x0000028151130500, 0x0000028151858e00, 0x00000281515d4e20, 0x0000028150efca50,
0x00000281518299d0, 0x00000281513492b0, 0x000002815134b620, 0x0000028151348890,
0x00000281513497c0, 0x000002815134a6f0, 0x0000028151347e70, 0x0000028151348da0,
0x0000028150be88b0, 0x0000028150bea200, 0x0000028150bed9b0, 0x0000028150becf90,
0x0000028150bed4a0, 0x0000028150beb640, 0x0000028150bedec0, 0x0000028150bf0230,
0x0000028150bee3d0, 0x0000028150bebb50, 0x0000028150be97e0, 0x0000028150bee8e0,
0x0000028150be8dc0, 0x0000028150beca80, 0x000002815419c5b0, 0x000002815419e410,
0x000002815419f340, 0x000002815419e920, 0x0000028154199820, 0x0000028152803820,
0x000002815419b680, 0x000002815419a240, 0x0000028154199310, 0x000002815419bb90,
0x00000281541983e0, 0x0000028152802830
}

Java Threads: ( => current thread )
  0x0000028136011130 JavaThread "main" [_thread_blocked, id=3644, stack(0x000000c6cb300000,0x000000c6cb400000)]
  0x0000028149e9e620 JavaThread "Reference Handler" daemon [_thread_blocked, id=16856, stack(0x000000c6cb600000,0x000000c6cb700000)]
  0x000002814f1974e0 JavaThread "Finalizer" daemon [_thread_blocked, id=19228, stack(0x000000c6cb700000,0x000000c6cb800000)]
  0x000002814f1bf260 JavaThread "Signal Dispatcher" daemon [_thread_blocked, id=3808, stack(0x000000c6cb800000,0x000000c6cb900000)]
  0x000002814f1c00e0 JavaThread "Attach Listener" daemon [_thread_blocked, id=13384, stack(0x000000c6cb900000,0x000000c6cba00000)]
  0x000002814f1c25b0 JavaThread "Service Thread" daemon [_thread_blocked, id=6408, stack(0x000000c6cba00000,0x000000c6cbb00000)]
  0x000002814f1c99c0 JavaThread "Monitor Deflation Thread" daemon [_thread_blocked, id=6720, stack(0x000000c6cbb00000,0x000000c6cbc00000)]
  0x000002814f1cd470 JavaThread "C2 CompilerThread0" daemon [_thread_in_native, id=6540, stack(0x000000c6cbc00000,0x000000c6cbd00000)]
  0x000002814f1d3060 JavaThread "C1 CompilerThread0" daemon [_thread_in_native, id=15160, stack(0x000000c6cbd00000,0x000000c6cbe00000)]
  0x000002814f1d4560 JavaThread "Sweeper thread" daemon [_thread_blocked, id=15940, stack(0x000000c6cbe00000,0x000000c6cbf00000)]
  0x0000028136073750 JavaThread "Common-Cleaner" daemon [_thread_blocked, id=19608, stack(0x000000c6cbf00000,0x000000c6cc000000)]
  0x00000281507e0d10 JavaThread "Notification Thread" daemon [_thread_blocked, id=13300, stack(0x000000c6cc100000,0x000000c6cc200000)]
  0x0000028151130500 JavaThread "Active Thread: Equinox Container: 738500a7-33a7-4d92-a036-c6379d008e8c" [_thread_blocked, id=7760, stack(0x000000c6cca00000,0x000000c6ccb00000)]
  0x0000028151858e00 JavaThread "Framework Event Dispatcher: Equinox Container: 738500a7-33a7-4d92-a036-c6379d008e8c" daemon [_thread_blocked, id=7004, stack(0x000000c6ccb00000,0x000000c6ccc00000)]
  0x00000281515d4e20 JavaThread "Start Level: Equinox Container: 738500a7-33a7-4d92-a036-c6379d008e8c" daemon [_thread_blocked, id=21024, stack(0x000000c6ccc00000,0x000000c6ccd00000)]
  0x0000028150efca50 JavaThread "Bundle File Closer" daemon [_thread_blocked, id=21172, stack(0x000000c6cc000000,0x000000c6cc100000)]
  0x00000281518299d0 JavaThread "SCR Component Actor" daemon [_thread_blocked, id=13320, stack(0x000000c6cc300000,0x000000c6cc400000)]
  0x00000281513492b0 JavaThread "Worker-JM" [_thread_blocked, id=17124, stack(0x000000c6cd000000,0x000000c6cd100000)]
  0x000002815134b620 JavaThread "Worker-0: Publish Diagnostics" [_thread_in_Java, id=6912, stack(0x000000c6cd200000,0x000000c6cd300000)]
  0x0000028151348890 JavaThread "Java indexing" daemon [_thread_in_Java, id=13484, stack(0x000000c6cd700000,0x000000c6cd800000)]
  0x00000281513497c0 JavaThread "JNA Cleaner" daemon [_thread_blocked, id=12100, stack(0x000000c6cd800000,0x000000c6cd900000)]
  0x000002815134a6f0 JavaThread "Thread-2" daemon [_thread_in_native, id=13800, stack(0x000000c6cdb00000,0x000000c6cdc00000)]
  0x0000028151347e70 JavaThread "Thread-3" daemon [_thread_in_native, id=7592, stack(0x000000c6cdc00000,0x000000c6cdd00000)]
  0x0000028151348da0 JavaThread "Thread-4" daemon [_thread_in_native, id=4256, stack(0x000000c6cdd00000,0x000000c6cde00000)]
  0x0000028150be88b0 JavaThread "Thread-5" daemon [_thread_in_native, id=10836, stack(0x000000c6cde00000,0x000000c6cdf00000)]
  0x0000028150bea200 JavaThread "Thread-6" daemon [_thread_in_native, id=1652, stack(0x000000c6cdf00000,0x000000c6ce000000)]
  0x0000028150bed9b0 JavaThread "Thread-7" daemon [_thread_in_native, id=6212, stack(0x000000c6ce000000,0x000000c6ce100000)]
  0x0000028150becf90 JavaThread "Thread-8" daemon [_thread_in_native, id=18160, stack(0x000000c6ce100000,0x000000c6ce200000)]
  0x0000028150bed4a0 JavaThread "Thread-9" daemon [_thread_in_native, id=18404, stack(0x000000c6ce200000,0x000000c6ce300000)]
  0x0000028150beb640 JavaThread "Thread-10" daemon [_thread_in_native, id=3104, stack(0x000000c6ce300000,0x000000c6ce400000)]
  0x0000028150bedec0 JavaThread "Thread-11" daemon [_thread_in_native, id=9132, stack(0x000000c6ce400000,0x000000c6ce500000)]
  0x0000028150bf0230 JavaThread "Thread-12" daemon [_thread_in_native, id=776, stack(0x000000c6ce500000,0x000000c6ce600000)]
  0x0000028150bee3d0 JavaThread "Thread-13" daemon [_thread_in_native, id=19752, stack(0x000000c6ce600000,0x000000c6ce700000)]
  0x0000028150bebb50 JavaThread "Thread-14" daemon [_thread_in_native, id=13736, stack(0x000000c6ce700000,0x000000c6ce800000)]
  0x0000028150be97e0 JavaThread "pool-2-thread-1" [_thread_blocked, id=9872, stack(0x000000c6ce800000,0x000000c6ce900000)]
  0x0000028150bee8e0 JavaThread "WorkspaceEventsHandler" [_thread_blocked, id=12420, stack(0x000000c6cd600000,0x000000c6cd700000)]
  0x0000028150be8dc0 JavaThread "pool-1-thread-1" [_thread_blocked, id=18844, stack(0x000000c6ce900000,0x000000c6cea00000)]
  0x0000028150beca80 JavaThread "Worker-3: Java indexing... " [_thread_blocked, id=8812, stack(0x000000c6ccf00000,0x000000c6cd000000)]
  0x000002815419c5b0 JavaThread "ForkJoinPool.commonPool-worker-6" daemon [_thread_blocked, id=15572, stack(0x000000c6cb200000,0x000000c6cb300000)]
  0x000002815419e410 JavaThread "ForkJoinPool.commonPool-worker-7" daemon [_thread_blocked, id=5232, stack(0x000000c6cd300000,0x000000c6cd400000)]
  0x000002815419f340 JavaThread "ForkJoinPool.commonPool-worker-8" daemon [_thread_blocked, id=4040, stack(0x000000c6cd400000,0x000000c6cd500000)]
  0x000002815419e920 JavaThread "ForkJoinPool.commonPool-worker-9" daemon [_thread_in_Java, id=10704, stack(0x000000c6cd500000,0x000000c6cd600000)]
  0x0000028154199820 JavaThread "ForkJoinPool.commonPool-worker-10" daemon [_thread_blocked, id=6944, stack(0x000000c6cd900000,0x000000c6cda00000)]
=>0x0000028152803820 JavaThread "C2 CompilerThread1" daemon [_thread_in_native, id=13020, stack(0x000000c6ceb00000,0x000000c6cec00000)]
  0x000002815419b680 JavaThread "ForkJoinPool.commonPool-worker-11" daemon [_thread_blocked, id=18064, stack(0x000000c6cec00000,0x000000c6ced00000)]
  0x000002815419a240 JavaThread "ForkJoinPool.commonPool-worker-12" daemon [_thread_blocked, id=15784, stack(0x000000c6ced00000,0x000000c6cee00000)]
  0x0000028154199310 JavaThread "ForkJoinPool.commonPool-worker-13" daemon [_thread_blocked, id=6244, stack(0x000000c6cef00000,0x000000c6cf000000)]
  0x000002815419bb90 JavaThread "Worker-8" [_thread_blocked, id=20716, stack(0x000000c6cf000000,0x000000c6cf100000)]
  0x00000281541983e0 JavaThread "ForkJoinPool.commonPool-worker-14" daemon [_thread_blocked, id=4960, stack(0x000000c6cb100000,0x000000c6cb200000)]
  0x0000028152802830 JavaThread "C2 CompilerThread2" daemon [_thread_in_native, id=17120, stack(0x000000c6cee00000,0x000000c6cef00000)]

Other Threads:
  0x00000281360be7e0 VMThread "VM Thread" [stack: 0x000000c6cb500000,0x000000c6cb600000] [id=15368]
  0x000002815073ee60 WatcherThread [stack: 0x000000c6cc200000,0x000000c6cc300000] [id=5780]
  0x0000028136026e90 GCTaskThread "GC Thread#0" [stack: 0x000000c6cb400000,0x000000c6cb500000] [id=21196]
  0x0000028150a59a90 GCTaskThread "GC Thread#1" [stack: 0x000000c6cc400000,0x000000c6cc500000] [id=16064]
  0x0000028150df4820 GCTaskThread "GC Thread#2" [stack: 0x000000c6cc500000,0x000000c6cc600000] [id=21168]
  0x0000028150df4ae0 GCTaskThread "GC Thread#3" [stack: 0x000000c6cc600000,0x000000c6cc700000] [id=20156]
  0x0000028150db4750 GCTaskThread "GC Thread#4" [stack: 0x000000c6cc700000,0x000000c6cc800000] [id=20184]
  0x0000028150db4a10 GCTaskThread "GC Thread#5" [stack: 0x000000c6cc800000,0x000000c6cc900000] [id=8228]
  0x0000028150b684b0 GCTaskThread "GC Thread#6" [stack: 0x000000c6cc900000,0x000000c6cca00000] [id=14620]
  0x0000028151253820 GCTaskThread "GC Thread#7" [stack: 0x000000c6ccd00000,0x000000c6cce00000] [id=13376]
  0x0000028151253da0 GCTaskThread "GC Thread#8" [stack: 0x000000c6cce00000,0x000000c6ccf00000] [id=17764]
  0x0000028151252fe0 GCTaskThread "GC Thread#9" [stack: 0x000000c6cd100000,0x000000c6cd200000] [id=5748]

Threads with active compile tasks:
C2 CompilerThread0  1727633 14400       4       org.eclipse.jdt.internal.core.JavaModelCache::getInfo (156 bytes)
C1 CompilerThread0  1727633 14469       1       org.eclipse.jdt.core.dom.QualifiedName::getNodeType0 (3 bytes)
C2 CompilerThread1  1727633 14368   !   4       org.eclipse.jdt.internal.compiler.classfmt.ClassFileReader::<init> (2158 bytes)
C2 CompilerThread2  1727633 14427       4       org.eclipse.jdt.internal.compiler.lookup.BinaryTypeBinding::createMethod (1724 bytes)

VM state: not at safepoint (normal execution)

VM Mutex/Monitor currently owned by a thread: None

Heap address: 0x00000000c0000000, size: 1024 MB, Compressed Oops mode: 32-bit

CDS archive(s) not mapped
Compressed class space mapped at: 0x0000000100000000-0x0000000140000000, reserved size: 1073741824
Narrow klass base: 0x0000000000000000, Narrow klass shift: 3, Narrow klass range: 0x140000000

GC Precious Log:
 CPUs: 12 total, 12 available
 Memory: 8008M
 Large Page Support: Disabled
 NUMA Support: Disabled
 Compressed Oops: Enabled (32-bit)
 Alignments: Space 512K, Generation 512K, Heap 2M
 Heap Min Capacity: 100M
 Heap Initial Capacity: 100M
 Heap Max Capacity: 1G
 Pre-touch: Disabled
 Parallel Workers: 10

Heap:
 PSYoungGen      total 19968K, used 8314K [0x00000000eab00000, 0x00000000ec100000, 0x0000000100000000)
  eden space 16384K, 38% used [0x00000000eab00000,0x00000000eb12b680,0x00000000ebb00000)
  from space 3584K, 55% used [0x00000000ebb00000,0x00000000ebcf3540,0x00000000ebe80000)
  to   space 2560K, 0% used [0x00000000ebe80000,0x00000000ebe80000,0x00000000ec100000)
 ParOldGen       total 192512K, used 186412K [0x00000000c0000000, 0x00000000cbc00000, 0x00000000eab00000)
  object space 192512K, 96% used [0x00000000c0000000,0x00000000cb60b2b0,0x00000000cbc00000)
 Metaspace       used 79116K, committed 80320K, reserved 1179648K
  class space    used 8122K, committed 8576K, reserved 1048576K

Card table byte_map: [0x00000281359c0000,0x0000028135bd0000] _byte_map_base: 0x00000281353c0000

Marking Bits: (ParMarkBitMap*) 0x00007ffdd962d7d0
 Begin Bits: [0x0000028147ca0000, 0x0000028148ca0000)
 End Bits:   [0x0000028148ca0000, 0x0000028149ca0000)

Polling page: 0x0000028133f90000

Metaspace:

Usage:
  Non-class:     69.33 MB used.
      Class:      7.93 MB used.
       Both:     77.26 MB used.

Virtual space:
  Non-class space:      128.00 MB reserved,      70.06 MB ( 55%) committed,  2 nodes.
      Class space:        1.00 GB reserved,       8.38 MB ( <1%) committed,  1 nodes.
             Both:        1.12 GB reserved,      78.44 MB (  7%) committed. 

Chunk freelists:
   Non-Class:  9.72 MB
       Class:  7.56 MB
        Both:  17.28 MB

MaxMetaspaceSize: unlimited
CompressedClassSpaceSize: 1.00 GB
Initial GC threshold: 21.00 MB
Current GC threshold: 130.62 MB
CDS: off
MetaspaceReclaimPolicy: balanced
 - commit_granule_bytes: 65536.
 - commit_granule_words: 8192.
 - virtual_space_node_default_size: 8388608.
 - enlarge_chunks_in_place: 1.
 - new_chunks_are_fully_committed: 0.
 - uncommit_free_chunks: 1.
 - use_allocation_guard: 0.
 - handle_deallocations: 1.


Internal statistics:

num_allocs_failed_limit: 9.
num_arena_births: 1050.
num_arena_deaths: 320.
num_vsnodes_births: 3.
num_vsnodes_deaths: 0.
num_space_committed: 1255.
num_space_uncommitted: 0.
num_chunks_returned_to_freelist: 418.
num_chunks_taken_from_freelist: 4760.
num_chunk_merges: 151.
num_chunk_splits: 2715.
num_chunks_enlarged: 1430.
num_inconsistent_stats: 0.

CodeHeap 'non-profiled nmethods': size=120000Kb used=9157Kb max_used=9157Kb free=110843Kb
 bounds [0x0000028140770000, 0x0000028141070000, 0x0000028147ca0000]
CodeHeap 'profiled nmethods': size=120000Kb used=26214Kb max_used=26626Kb free=93785Kb
 bounds [0x0000028138ca0000, 0x000002813a6c0000, 0x00000281401d0000]
CodeHeap 'non-nmethods': size=5760Kb used=1390Kb max_used=1517Kb free=4369Kb
 bounds [0x00000281401d0000, 0x0000028140440000, 0x0000028140770000]
 total_blobs=12524 nmethods=11779 adapters=657
 compilation: enabled
              stopped_count=0, restarted_count=0
 full_count=0

Compilation events (20 events):
Event: 1727.460 Thread 0x000002814f1d3060 14384       1       org.eclipse.jdt.ls.core.internal.DocumentAdapter::getDocument (5 bytes)
Event: 1727.460 Thread 0x000002814f1d3060 nmethod 14384 0x0000028141042d10 code [0x0000028141042ea0, 0x0000028141042f78]
Event: 1727.487 Thread 0x000002814f1d3060 14388       1       org.eclipse.jdt.internal.core.PackageDeclaration::getElementType (3 bytes)
Event: 1727.487 Thread 0x000002814f1d3060 nmethod 14388 0x0000028141043010 code [0x00000281410431a0, 0x0000028141043278]
Event: 1727.487 Thread 0x000002814f1d3060 14389       3       org.eclipse.core.runtime.URIUtil::isFileURI (10 bytes)
Event: 1727.487 Thread 0x000002814f1d3060 nmethod 14389 0x0000028139817c90 code [0x0000028139817e40, 0x0000028139817f88]
Event: 1727.488 Thread 0x000002814f1d3060 14390       3       org.eclipse.jface.text.AbstractDocument::getLineOffset (11 bytes)
Event: 1727.488 Thread 0x000002814f1d3060 nmethod 14390 0x0000028139741910 code [0x0000028139741b00, 0x0000028139741fe8]
Event: 1727.488 Thread 0x000002814f1d3060 14392       3       org.eclipse.jface.text.AbstractLineTracker::checkRewriteSession (12 bytes)
Event: 1727.488 Thread 0x000002814f1d3060 nmethod 14392 0x0000028139c62990 code [0x0000028139c62b40, 0x0000028139c62de8]
Event: 1727.488 Thread 0x000002814f1d3060 14393       3       org.eclipse.jface.text.AbstractLineTracker::hasActiveRewriteSession (8 bytes)
Event: 1727.488 Thread 0x000002814f1d3060 nmethod 14393 0x000002813a152410 code [0x000002813a1525a0, 0x000002813a152758]
Event: 1727.488 Thread 0x000002814f1d3060 14391       3       org.eclipse.jface.text.AbstractLineTracker::getLineOffset (15 bytes)
Event: 1727.488 Thread 0x000002814f1d3060 nmethod 14391 0x0000028139eb5910 code [0x0000028139eb5ae0, 0x0000028139eb5eb8]
Event: 1727.489 Thread 0x000002814f1d3060 14394       1       org.eclipse.jdt.internal.core.MemberElementInfo::getModifiers (5 bytes)
Event: 1727.489 Thread 0x000002814f1d3060 nmethod 14394 0x0000028141043310 code [0x00000281410434a0, 0x0000028141043578]
Event: 1727.489 Thread 0x000002814f1d3060 14395       3       org.eclipse.jdt.internal.core.manipulation.JavaElementLabelComposerCore::getFlag (12 bytes)
Event: 1727.489 Thread 0x000002814f1d3060 nmethod 14395 0x0000028139eb5590 code [0x0000028139eb5720, 0x0000028139eb5878]
Event: 1727.516 Thread 0x000002814f1cd470 nmethod 14372 0x0000028141043610 code [0x00000281410439c0, 0x00000281410482f8]
Event: 1727.516 Thread 0x000002814f1cd470 14375       4       org.eclipse.jdt.internal.compiler.parser.Scanner::getNextToken (182 bytes)

GC Heap History (20 events):
Event: 1726.918 GC heap before
{Heap before GC invocations=193 (full 10):
 PSYoungGen      total 20992K, used 20987K [0x00000000eab00000, 0x00000000ecc00000, 0x0000000100000000)
  eden space 14336K, 100% used [0x00000000eab00000,0x00000000eb900000,0x00000000eb900000)
  from space 6656K, 99% used [0x00000000eb900000,0x00000000ebf7eda0,0x00000000ebf80000)
  to   space 9728K, 0% used [0x00000000ec280000,0x00000000ec280000,0x00000000ecc00000)
 ParOldGen       total 153088K, used 147586K [0x00000000c0000000, 0x00000000c9580000, 0x00000000eab00000)
  object space 153088K, 96% used [0x00000000c0000000,0x00000000c9020800,0x00000000c9580000)
 Metaspace       used 79029K, committed 80256K, reserved 1179648K
  class space    used 8116K, committed 8576K, reserved 1048576K
}
Event: 1726.923 GC heap after
{Heap after GC invocations=193 (full 10):
 PSYoungGen      total 22016K, used 5956K [0x00000000eab00000, 0x00000000ec880000, 0x0000000100000000)
  eden space 15872K, 0% used [0x00000000eab00000,0x00000000eab00000,0x00000000eba80000)
  from space 6144K, 96% used [0x00000000ec280000,0x00000000ec8512f8,0x00000000ec880000)
  to   space 7168K, 0% used [0x00000000eba80000,0x00000000eba80000,0x00000000ec180000)
 ParOldGen       total 153088K, used 151762K [0x00000000c0000000, 0x00000000c9580000, 0x00000000eab00000)
  object space 153088K, 99% used [0x00000000c0000000,0x00000000c94348e0,0x00000000c9580000)
 Metaspace       used 79029K, committed 80256K, reserved 1179648K
  class space    used 8116K, committed 8576K, reserved 1048576K
}
Event: 1726.923 GC heap before
{Heap before GC invocations=194 (full 11):
 PSYoungGen      total 22016K, used 5956K [0x00000000eab00000, 0x00000000ec880000, 0x0000000100000000)
  eden space 15872K, 0% used [0x00000000eab00000,0x00000000eab00000,0x00000000eba80000)
  from space 6144K, 96% used [0x00000000ec280000,0x00000000ec8512f8,0x00000000ec880000)
  to   space 7168K, 0% used [0x00000000eba80000,0x00000000eba80000,0x00000000ec180000)
 ParOldGen       total 153088K, used 151762K [0x00000000c0000000, 0x00000000c9580000, 0x00000000eab00000)
  object space 153088K, 99% used [0x00000000c0000000,0x00000000c94348e0,0x00000000c9580000)
 Metaspace       used 79029K, committed 80256K, reserved 1179648K
  class space    used 8116K, committed 8576K, reserved 1048576K
}
Event: 1727.051 GC heap after
{Heap after GC invocations=194 (full 11):
 PSYoungGen      total 23040K, used 647K [0x00000000eab00000, 0x00000000eca80000, 0x0000000100000000)
  eden space 16896K, 0% used [0x00000000eab00000,0x00000000eab00000,0x00000000ebb80000)
  from space 6144K, 10% used [0x00000000ec280000,0x00000000ec321d00,0x00000000ec880000)
  to   space 7168K, 0% used [0x00000000ebb80000,0x00000000ebb80000,0x00000000ec280000)
 ParOldGen       total 192512K, used 152972K [0x00000000c0000000, 0x00000000cbc00000, 0x00000000eab00000)
  object space 192512K, 79% used [0x00000000c0000000,0x00000000c9563118,0x00000000cbc00000)
 Metaspace       used 79029K, committed 80256K, reserved 1179648K
  class space    used 8116K, committed 8576K, reserved 1048576K
}
Event: 1727.143 GC heap before
{Heap before GC invocations=195 (full 11):
 PSYoungGen      total 23040K, used 17543K [0x00000000eab00000, 0x00000000eca80000, 0x0000000100000000)
  eden space 16896K, 100% used [0x00000000eab00000,0x00000000ebb80000,0x00000000ebb80000)
  from space 6144K, 10% used [0x00000000ec280000,0x00000000ec321d00,0x00000000ec880000)
  to   space 7168K, 0% used [0x00000000ebb80000,0x00000000ebb80000,0x00000000ec280000)
 ParOldGen       total 192512K, used 152972K [0x00000000c0000000, 0x00000000cbc00000, 0x00000000eab00000)
  object space 192512K, 79% used [0x00000000c0000000,0x00000000c9563118,0x00000000cbc00000)
 Metaspace       used 79097K, committed 80320K, reserved 1179648K
  class space    used 8122K, committed 8576K, reserved 1048576K
}
Event: 1727.158 GC heap after
{Heap after GC invocations=195 (full 11):
 PSYoungGen      total 23040K, used 5871K [0x00000000eab00000, 0x00000000ec780000, 0x0000000100000000)
  eden space 16896K, 0% used [0x00000000eab00000,0x00000000eab00000,0x00000000ebb80000)
  from space 6144K, 95% used [0x00000000ebb80000,0x00000000ec13bd10,0x00000000ec180000)
  to   space 6144K, 0% used [0x00000000ec180000,0x00000000ec180000,0x00000000ec780000)
 ParOldGen       total 192512K, used 152972K [0x00000000c0000000, 0x00000000cbc00000, 0x00000000eab00000)
  object space 192512K, 79% used [0x00000000c0000000,0x00000000c9563118,0x00000000cbc00000)
 Metaspace       used 79097K, committed 80320K, reserved 1179648K
  class space    used 8122K, committed 8576K, reserved 1048576K
}
Event: 1727.207 GC heap before
{Heap before GC invocations=196 (full 11):
 PSYoungGen      total 23040K, used 22767K [0x00000000eab00000, 0x00000000ec780000, 0x0000000100000000)
  eden space 16896K, 100% used [0x00000000eab00000,0x00000000ebb80000,0x00000000ebb80000)
  from space 6144K, 95% used [0x00000000ebb80000,0x00000000ec13bd10,0x00000000ec180000)
  to   space 6144K, 0% used [0x00000000ec180000,0x00000000ec180000,0x00000000ec780000)
 ParOldGen       total 192512K, used 152972K [0x00000000c0000000, 0x00000000cbc00000, 0x00000000eab00000)
  object space 192512K, 79% used [0x00000000c0000000,0x00000000c9563118,0x00000000cbc00000)
 Metaspace       used 79097K, committed 80320K, reserved 1179648K
  class space    used 8122K, committed 8576K, reserved 1048576K
}
Event: 1727.213 GC heap after
{Heap after GC invocations=196 (full 11):
 PSYoungGen      total 18432K, used 6114K [0x00000000eab00000, 0x00000000ed280000, 0x0000000100000000)
  eden space 12288K, 0% used [0x00000000eab00000,0x00000000eab00000,0x00000000eb700000)
  from space 6144K, 99% used [0x00000000ec180000,0x00000000ec778b48,0x00000000ec780000)
  to   space 10752K, 0% used [0x00000000eb700000,0x00000000eb700000,0x00000000ec180000)
 ParOldGen       total 192512K, used 156540K [0x00000000c0000000, 0x00000000cbc00000, 0x00000000eab00000)
  object space 192512K, 81% used [0x00000000c0000000,0x00000000c98df0d8,0x00000000cbc00000)
 Metaspace       used 79097K, committed 80320K, reserved 1179648K
  class space    used 8122K, committed 8576K, reserved 1048576K
}
Event: 1727.246 GC heap before
{Heap before GC invocations=197 (full 11):
 PSYoungGen      total 18432K, used 18402K [0x00000000eab00000, 0x00000000ed280000, 0x0000000100000000)
  eden space 12288K, 100% used [0x00000000eab00000,0x00000000eb700000,0x00000000eb700000)
  from space 6144K, 99% used [0x00000000ec180000,0x00000000ec778b48,0x00000000ec780000)
  to   space 10752K, 0% used [0x00000000eb700000,0x00000000eb700000,0x00000000ec180000)
 ParOldGen       total 192512K, used 156540K [0x00000000c0000000, 0x00000000cbc00000, 0x00000000eab00000)
  object space 192512K, 81% used [0x00000000c0000000,0x00000000c98df0d8,0x00000000cbc00000)
 Metaspace       used 79097K, committed 80320K, reserved 1179648K
  class space    used 8122K, committed 8576K, reserved 1048576K
}
Event: 1727.251 GC heap after
{Heap after GC invocations=197 (full 11):
 PSYoungGen      total 23040K, used 8932K [0x00000000eab00000, 0x00000000eca80000, 0x0000000100000000)
  eden space 12288K, 0% used [0x00000000eab00000,0x00000000eab00000,0x00000000eb700000)
  from space 10752K, 83% used [0x00000000eb700000,0x00000000ebfb9250,0x00000000ec180000)
  to   space 9216K, 0% used [0x00000000ec180000,0x00000000ec180000,0x00000000eca80000)
 ParOldGen       total 192512K, used 156708K [0x00000000c0000000, 0x00000000cbc00000, 0x00000000eab00000)
  object space 192512K, 81% used [0x00000000c0000000,0x00000000c99090d8,0x00000000cbc00000)
 Metaspace       used 79097K, committed 80320K, reserved 1179648K
  class space    used 8122K, committed 8576K, reserved 1048576K
}
Event: 1727.294 GC heap before
{Heap before GC invocations=198 (full 11):
 PSYoungGen      total 23040K, used 21220K [0x00000000eab00000, 0x00000000eca80000, 0x0000000100000000)
  eden space 12288K, 100% used [0x00000000eab00000,0x00000000eb700000,0x00000000eb700000)
  from space 10752K, 83% used [0x00000000eb700000,0x00000000ebfb9250,0x00000000ec180000)
  to   space 9216K, 0% used [0x00000000ec180000,0x00000000ec180000,0x00000000eca80000)
 ParOldGen       total 192512K, used 156708K [0x00000000c0000000, 0x00000000cbc00000, 0x00000000eab00000)
  object space 192512K, 81% used [0x00000000c0000000,0x00000000c99090d8,0x00000000cbc00000)
 Metaspace       used 79097K, committed 80320K, reserved 1179648K
  class space    used 8122K, committed 8576K, reserved 1048576K
}
Event: 1727.301 GC heap after
{Heap after GC invocations=198 (full 11):
 PSYoungGen      total 22016K, used 7767K [0x00000000eab00000, 0x00000000ec980000, 0x0000000100000000)
  eden space 13824K, 0% used [0x00000000eab00000,0x00000000eab00000,0x00000000eb880000)
  from space 8192K, 94% used [0x00000000ec180000,0x00000000ec915fa0,0x00000000ec980000)
  to   space 8704K, 0% used [0x00000000eb880000,0x00000000eb880000,0x00000000ec100000)
 ParOldGen       total 192512K, used 160390K [0x00000000c0000000, 0x00000000cbc00000, 0x00000000eab00000)
  object space 192512K, 83% used [0x00000000c0000000,0x00000000c9ca1b80,0x00000000cbc00000)
 Metaspace       used 79097K, committed 80320K, reserved 1179648K
  class space    used 8122K, committed 8576K, reserved 1048576K
}
Event: 1727.359 GC heap before
{Heap before GC invocations=199 (full 11):
 PSYoungGen      total 22016K, used 21591K [0x00000000eab00000, 0x00000000ec980000, 0x0000000100000000)
  eden space 13824K, 100% used [0x00000000eab00000,0x00000000eb880000,0x00000000eb880000)
  from space 8192K, 94% used [0x00000000ec180000,0x00000000ec915fa0,0x00000000ec980000)
  to   space 8704K, 0% used [0x00000000eb880000,0x00000000eb880000,0x00000000ec100000)
 ParOldGen       total 192512K, used 160390K [0x00000000c0000000, 0x00000000cbc00000, 0x00000000eab00000)
  object space 192512K, 83% used [0x00000000c0000000,0x00000000c9ca1b80,0x00000000cbc00000)
 Metaspace       used 79097K, committed 80320K, reserved 1179648K
  class space    used 8122K, committed 8576K, reserved 1048576K
}
Event: 1727.365 GC heap after
{Heap after GC invocations=199 (full 11):
 PSYoungGen      total 22528K, used 8685K [0x00000000eab00000, 0x00000000ed100000, 0x0000000100000000)
  eden space 13824K, 0% used [0x00000000eab00000,0x00000000eab00000,0x00000000eb880000)
  from space 8704K, 99% used [0x00000000eb880000,0x00000000ec0fb790,0x00000000ec100000)
  to   space 11776K, 0% used [0x00000000ec580000,0x00000000ec580000,0x00000000ed100000)
 ParOldGen       total 192512K, used 162525K [0x00000000c0000000, 0x00000000cbc00000, 0x00000000eab00000)
  object space 192512K, 84% used [0x00000000c0000000,0x00000000c9eb7470,0x00000000cbc00000)
 Metaspace       used 79097K, committed 80320K, reserved 1179648K
  class space    used 8122K, committed 8576K, reserved 1048576K
}
Event: 1727.419 GC heap before
{Heap before GC invocations=200 (full 11):
 PSYoungGen      total 22528K, used 22509K [0x00000000eab00000, 0x00000000ed100000, 0x0000000100000000)
  eden space 13824K, 100% used [0x00000000eab00000,0x00000000eb880000,0x00000000eb880000)
  from space 8704K, 99% used [0x00000000eb880000,0x00000000ec0fb790,0x00000000ec100000)
  to   space 11776K, 0% used [0x00000000ec580000,0x00000000ec580000,0x00000000ed100000)
 ParOldGen       total 192512K, used 162525K [0x00000000c0000000, 0x00000000cbc00000, 0x00000000eab00000)
  object space 192512K, 84% used [0x00000000c0000000,0x00000000c9eb7470,0x00000000cbc00000)
 Metaspace       used 79099K, committed 80320K, reserved 1179648K
  class space    used 8122K, committed 8576K, reserved 1048576K
}
Event: 1727.426 GC heap after
{Heap after GC invocations=200 (full 11):
 PSYoungGen      total 22016K, used 6506K [0x00000000eab00000, 0x00000000ecc00000, 0x0000000100000000)
  eden space 15360K, 0% used [0x00000000eab00000,0x00000000eab00000,0x00000000eba00000)
  from space 6656K, 97% used [0x00000000ec580000,0x00000000ecbdab58,0x00000000ecc00000)
  to   space 8192K, 0% used [0x00000000ebc00000,0x00000000ebc00000,0x00000000ec400000)
 ParOldGen       total 192512K, used 167843K [0x00000000c0000000, 0x00000000cbc00000, 0x00000000eab00000)
  object space 192512K, 87% used [0x00000000c0000000,0x00000000ca3e8cd8,0x00000000cbc00000)
 Metaspace       used 79099K, committed 80320K, reserved 1179648K
  class space    used 8122K, committed 8576K, reserved 1048576K
}
Event: 1727.469 GC heap before
{Heap before GC invocations=201 (full 11):
 PSYoungGen      total 22016K, used 21866K [0x00000000eab00000, 0x00000000ecc00000, 0x0000000100000000)
  eden space 15360K, 100% used [0x00000000eab00000,0x00000000eba00000,0x00000000eba00000)
  from space 6656K, 97% used [0x00000000ec580000,0x00000000ecbdab58,0x00000000ecc00000)
  to   space 8192K, 0% used [0x00000000ebc00000,0x00000000ebc00000,0x00000000ec400000)
 ParOldGen       total 192512K, used 167843K [0x00000000c0000000, 0x00000000cbc00000, 0x00000000eab00000)
  object space 192512K, 87% used [0x00000000c0000000,0x00000000ca3e8cd8,0x00000000cbc00000)
 Metaspace       used 79100K, committed 80320K, reserved 1179648K
  class space    used 8122K, committed 8576K, reserved 1048576K
}
Event: 1727.474 GC heap after
{Heap after GC invocations=201 (full 11):
 PSYoungGen      total 24064K, used 6788K [0x00000000eab00000, 0x00000000ec980000, 0x0000000100000000)
  eden space 16896K, 0% used [0x00000000eab00000,0x00000000eab00000,0x00000000ebb80000)
  from space 7168K, 94% used [0x00000000ebc00000,0x00000000ec2a1148,0x00000000ec300000)
  to   space 6656K, 0% used [0x00000000ec300000,0x00000000ec300000,0x00000000ec980000)
 ParOldGen       total 192512K, used 170967K [0x00000000c0000000, 0x00000000cbc00000, 0x00000000eab00000)
  object space 192512K, 88% used [0x00000000c0000000,0x00000000ca6f5cf8,0x00000000cbc00000)
 Metaspace       used 79100K, committed 80320K, reserved 1179648K
  class space    used 8122K, committed 8576K, reserved 1048576K
}
Event: 1727.520 GC heap before
{Heap before GC invocations=202 (full 11):
 PSYoungGen      total 24064K, used 23684K [0x00000000eab00000, 0x00000000ec980000, 0x0000000100000000)
  eden space 16896K, 100% used [0x00000000eab00000,0x00000000ebb80000,0x00000000ebb80000)
  from space 7168K, 94% used [0x00000000ebc00000,0x00000000ec2a1148,0x00000000ec300000)
  to   space 6656K, 0% used [0x00000000ec300000,0x00000000ec300000,0x00000000ec980000)
 ParOldGen       total 192512K, used 170967K [0x00000000c0000000, 0x00000000cbc00000, 0x00000000eab00000)
  object space 192512K, 88% used [0x00000000c0000000,0x00000000ca6f5cf8,0x00000000cbc00000)
 Metaspace       used 79104K, committed 80320K, reserved 1179648K
  class space    used 8122K, committed 8576K, reserved 1048576K
}
Event: 1727.525 GC heap after
{Heap after GC invocations=202 (full 11):
 PSYoungGen      total 19968K, used 6653K [0x00000000eab00000, 0x00000000ed380000, 0x0000000100000000)
  eden space 13312K, 0% used [0x00000000eab00000,0x00000000eab00000,0x00000000eb800000)
  from space 6656K, 99% used [0x00000000ec300000,0x00000000ec97f6c8,0x00000000ec980000)
  to   space 11264K, 0% used [0x00000000eb800000,0x00000000eb800000,0x00000000ec300000)
 ParOldGen       total 192512K, used 174535K [0x00000000c0000000, 0x00000000cbc00000, 0x00000000eab00000)
  object space 192512K, 90% used [0x00000000c0000000,0x00000000caa71c30,0x00000000cbc00000)
 Metaspace       used 79104K, committed 80320K, reserved 1179648K
  class space    used 8122K, committed 8576K, reserved 1048576K
}

Dll operation events (11 events):
Event: 0.030 Loaded shared library c:\Users\alhdh\.vscode\extensions\redhat.java-1.30.0-win32-x64\jre\17.0.10-win32-x86_64\bin\java.dll
Event: 0.471 Loaded shared library c:\Users\alhdh\.vscode\extensions\redhat.java-1.30.0-win32-x64\jre\17.0.10-win32-x86_64\bin\zip.dll
Event: 0.481 Loaded shared library C:\Users\alhdh\.vscode\extensions\redhat.java-1.30.0-win32-x64\jre\17.0.10-win32-x86_64\bin\instrument.dll
Event: 0.514 Loaded shared library C:\Users\alhdh\.vscode\extensions\redhat.java-1.30.0-win32-x64\jre\17.0.10-win32-x86_64\bin\net.dll
Event: 0.519 Loaded shared library C:\Users\alhdh\.vscode\extensions\redhat.java-1.30.0-win32-x64\jre\17.0.10-win32-x86_64\bin\nio.dll
Event: 0.537 Loaded shared library C:\Users\alhdh\.vscode\extensions\redhat.java-1.30.0-win32-x64\jre\17.0.10-win32-x86_64\bin\zip.dll
Event: 0.581 Loaded shared library C:\Users\alhdh\.vscode\extensions\redhat.java-1.30.0-win32-x64\jre\17.0.10-win32-x86_64\bin\jimage.dll
Event: 0.742 Loaded shared library c:\Users\alhdh\.vscode\extensions\redhat.java-1.30.0-win32-x64\jre\17.0.10-win32-x86_64\bin\verify.dll
Event: 3.653 Loaded shared library C:\Users\alhdh\AppData\Roaming\Code\User\globalStorage\redhat.java\1.30.0\config_win\org.eclipse.equinox.launcher\org.eclipse.equinox.launcher.win32.win32.x86_64_1.2.900.v20240213-1244\eclipse_11900.dll
Event: 11.612 Loaded shared library C:\Users\alhdh\AppData\Local\Temp\jna-92902113\jna7164292757689400972.dll
Event: 1723.124 Loaded shared library C:\Users\alhdh\.vscode\extensions\redhat.java-1.30.0-win32-x64\jre\17.0.10-win32-x86_64\bin\sunmscapi.dll

Deoptimization events (20 events):
Event: 1727.468 Thread 0x0000028151348890 DEOPT PACKING pc=0x000002813a3fa955 sp=0x000000c6cd7fe730
Event: 1727.468 Thread 0x0000028151348890 DEOPT UNPACKING pc=0x0000028140226e43 sp=0x000000c6cd7fdcd0 mode 0
Event: 1727.480 Thread 0x0000028151348890 DEOPT PACKING pc=0x000002813a3fa955 sp=0x000000c6cd7fe730
Event: 1727.480 Thread 0x0000028151348890 DEOPT UNPACKING pc=0x0000028140226e43 sp=0x000000c6cd7fdcd0 mode 0
Event: 1727.486 Thread 0x0000028151348890 DEOPT PACKING pc=0x000002813a3fa955 sp=0x000000c6cd7fe730
Event: 1727.486 Thread 0x0000028151348890 DEOPT UNPACKING pc=0x0000028140226e43 sp=0x000000c6cd7fdcd0 mode 0
Event: 1727.492 Thread 0x0000028151348890 DEOPT PACKING pc=0x000002813a3fa955 sp=0x000000c6cd7fe730
Event: 1727.492 Thread 0x0000028151348890 DEOPT UNPACKING pc=0x0000028140226e43 sp=0x000000c6cd7fdcd0 mode 0
Event: 1727.498 Thread 0x0000028151348890 DEOPT PACKING pc=0x000002813a3fa955 sp=0x000000c6cd7fe730
Event: 1727.498 Thread 0x0000028151348890 DEOPT UNPACKING pc=0x0000028140226e43 sp=0x000000c6cd7fdcd0 mode 0
Event: 1727.507 Thread 0x0000028151348890 DEOPT PACKING pc=0x000002813a3fa955 sp=0x000000c6cd7fe730
Event: 1727.507 Thread 0x0000028151348890 DEOPT UNPACKING pc=0x0000028140226e43 sp=0x000000c6cd7fdcd0 mode 0
Event: 1727.513 Thread 0x0000028151348890 DEOPT PACKING pc=0x000002813a3fa955 sp=0x000000c6cd7fe730
Event: 1727.513 Thread 0x0000028151348890 DEOPT UNPACKING pc=0x0000028140226e43 sp=0x000000c6cd7fdcd0 mode 0
Event: 1727.517 Thread 0x0000028151348890 DEOPT PACKING pc=0x000002813a3fa955 sp=0x000000c6cd7fe730
Event: 1727.517 Thread 0x0000028151348890 DEOPT UNPACKING pc=0x0000028140226e43 sp=0x000000c6cd7fdcd0 mode 0
Event: 1727.527 Thread 0x0000028151348890 DEOPT PACKING pc=0x000002813a3fa955 sp=0x000000c6cd7fe730
Event: 1727.527 Thread 0x0000028151348890 DEOPT UNPACKING pc=0x0000028140226e43 sp=0x000000c6cd7fdcd0 mode 0
Event: 1727.531 Thread 0x0000028151348890 DEOPT PACKING pc=0x000002813a3fa955 sp=0x000000c6cd7fe730
Event: 1727.531 Thread 0x0000028151348890 DEOPT UNPACKING pc=0x0000028140226e43 sp=0x000000c6cd7fdcd0 mode 0

Classes unloaded (20 events):
Event: 1723.535 Thread 0x00000281360be7e0 Unloading class 0x0000000100220800 'jdk/internal/reflect/GeneratedConstructorAccessor3'
Event: 1723.535 Thread 0x00000281360be7e0 Unloading class 0x000000010021e400 'java/lang/invoke/LambdaForm$MH+0x000000010021e400'
Event: 1723.535 Thread 0x00000281360be7e0 Unloading class 0x000000010021e000 'java/lang/invoke/LambdaForm$MH+0x000000010021e000'
Event: 1723.535 Thread 0x00000281360be7e0 Unloading class 0x000000010021dc00 'java/lang/invoke/LambdaForm$MH+0x000000010021dc00'
Event: 1723.535 Thread 0x00000281360be7e0 Unloading class 0x000000010021cc00 'java/lang/invoke/LambdaForm$MH+0x000000010021cc00'
Event: 1723.535 Thread 0x00000281360be7e0 Unloading class 0x000000010021c800 'java/lang/invoke/LambdaForm$MH+0x000000010021c800'
Event: 1723.535 Thread 0x00000281360be7e0 Unloading class 0x000000010021c000 'java/lang/invoke/LambdaForm$MH+0x000000010021c000'
Event: 1723.535 Thread 0x00000281360be7e0 Unloading class 0x00000001001b1c00 'java/lang/invoke/LambdaForm$MH+0x00000001001b1c00'
Event: 1723.535 Thread 0x00000281360be7e0 Unloading class 0x00000001001b1800 'java/lang/invoke/LambdaForm$MH+0x00000001001b1800'
Event: 1723.535 Thread 0x00000281360be7e0 Unloading class 0x00000001001b1400 'java/lang/invoke/LambdaForm$MH+0x00000001001b1400'
Event: 1723.535 Thread 0x00000281360be7e0 Unloading class 0x00000001001b1000 'java/lang/invoke/LambdaForm$MH+0x00000001001b1000'
Event: 1723.535 Thread 0x00000281360be7e0 Unloading class 0x00000001001b0c00 'java/lang/invoke/LambdaForm$MH+0x00000001001b0c00'
Event: 1723.535 Thread 0x00000281360be7e0 Unloading class 0x00000001001b0800 'java/lang/invoke/LambdaForm$MH+0x00000001001b0800'
Event: 1723.535 Thread 0x00000281360be7e0 Unloading class 0x00000001001b0400 'java/lang/invoke/LambdaForm$MH+0x00000001001b0400'
Event: 1723.535 Thread 0x00000281360be7e0 Unloading class 0x00000001001b0000 'java/lang/invoke/LambdaForm$MH+0x00000001001b0000'
Event: 1723.535 Thread 0x00000281360be7e0 Unloading class 0x0000000100129000 'jdk/internal/reflect/GeneratedMethodAccessor5'
Event: 1723.535 Thread 0x00000281360be7e0 Unloading class 0x0000000100128c00 'jdk/internal/reflect/GeneratedMethodAccessor4'
Event: 1723.535 Thread 0x00000281360be7e0 Unloading class 0x0000000100128800 'jdk/internal/reflect/GeneratedMethodAccessor3'
Event: 1723.535 Thread 0x00000281360be7e0 Unloading class 0x0000000100128400 'jdk/internal/reflect/GeneratedMethodAccessor2'
Event: 1723.535 Thread 0x00000281360be7e0 Unloading class 0x0000000100128000 'jdk/internal/reflect/GeneratedMethodAccessor1'

Classes redefined (0 events):
No events

Internal exceptions (20 events):
Event: 1724.091 Thread 0x000002815134b620 Implicit null exception at 0x0000028138d1cbcf to 0x0000028138d1df1c
Event: 1724.091 Thread 0x000002815134b620 Exception <a 'java/lang/NullPointerException'{0x00000000eae49ed0}> (0x00000000eae49ed0) 
thrown [s\src\hotspot\share\runtime\sharedRuntime.cpp, line 631]
Event: 1724.091 Thread 0x000002815134b620 Implicit null exception at 0x0000028138d1cbcf to 0x0000028138d1df1c
Event: 1724.091 Thread 0x000002815134b620 Exception <a 'java/lang/NullPointerException'{0x00000000eae4b5e0}> (0x00000000eae4b5e0) 
thrown [s\src\hotspot\share\runtime\sharedRuntime.cpp, line 631]
Event: 1724.091 Thread 0x000002815134b620 Implicit null exception at 0x0000028138d1cbcf to 0x0000028138d1df1c
Event: 1724.091 Thread 0x000002815134b620 Exception <a 'java/lang/NullPointerException'{0x00000000eae52b18}> (0x00000000eae52b18) 
thrown [s\src\hotspot\share\runtime\sharedRuntime.cpp, line 631]
Event: 1724.091 Thread 0x000002815134b620 Implicit null exception at 0x0000028138d1cbcf to 0x0000028138d1df1c
Event: 1724.091 Thread 0x000002815134b620 Exception <a 'java/lang/NullPointerException'{0x00000000eae542e0}> (0x00000000eae542e0) 
thrown [s\src\hotspot\share\runtime\sharedRuntime.cpp, line 631]
Event: 1724.091 Thread 0x000002815134b620 Implicit null exception at 0x0000028138d1cbcf to 0x0000028138d1df1c
Event: 1724.091 Thread 0x000002815134b620 Exception <a 'java/lang/NullPointerException'{0x00000000eae7dbf8}> (0x00000000eae7dbf8) 
thrown [s\src\hotspot\share\runtime\sharedRuntime.cpp, line 631]
Event: 1724.091 Thread 0x000002815134b620 Implicit null exception at 0x0000028138d1cbcf to 0x0000028138d1df1c
Event: 1724.091 Thread 0x000002815134b620 Exception <a 'java/lang/NullPointerException'{0x00000000eae7f390}> (0x00000000eae7f390) 
thrown [s\src\hotspot\share\runtime\sharedRuntime.cpp, line 631]
Event: 1724.106 Thread 0x0000028154199310 Implicit null exception at 0x0000028140d3b1ac to 0x0000028140d3cc6c
Event: 1724.106 Thread 0x0000028154199310 Implicit null exception at 0x00000281408d93d7 to 0x00000281408db2a0
Event: 1724.132 Thread 0x0000028154199310 Implicit null exception at 0x000002814079e82c to 0x000002814079e88c
Event: 1724.850 Thread 0x0000028151348890 Exception <a 'sun/nio/fs/WindowsException'{0x00000000eacd1248}> (0x00000000eacd1248) 
thrown [s\src\hotspot\share\prims\jni.cpp, line 516]
Event: 1724.895 Thread 0x000002815419c5b0 Implicit null exception at 0x0000028140e02427 to 0x0000028140e04488
Event: 1724.896 Thread 0x000002815419c5b0 Implicit null exception at 0x0000028140e08df7 to 0x0000028140e08fbc
Event: 1725.145 Thread 0x0000028151348890 Exception <a 'sun/nio/fs/WindowsException'{0x00000000eac422c8}> (0x00000000eac422c8) 
thrown [s\src\hotspot\share\prims\jni.cpp, line 516]
Event: 1727.136 Thread 0x0000028151348890 Implicit null exception at 0x000002814100e1b2 to 0x0000028141015568

VM Operations (20 events):
Event: 1726.878 Executing VM operation: ParallelGCFailedAllocation
Event: 1726.882 Executing VM operation: ParallelGCFailedAllocation done
Event: 1726.918 Executing VM operation: ParallelGCFailedAllocation
Event: 1727.051 Executing VM operation: ParallelGCFailedAllocation done
Event: 1727.143 Executing VM operation: ParallelGCFailedAllocation
Event: 1727.158 Executing VM operation: ParallelGCFailedAllocation done
Event: 1727.207 Executing VM operation: ParallelGCFailedAllocation
Event: 1727.213 Executing VM operation: ParallelGCFailedAllocation done
Event: 1727.246 Executing VM operation: ParallelGCFailedAllocation
Event: 1727.252 Executing VM operation: ParallelGCFailedAllocation done
Event: 1727.294 Executing VM operation: ParallelGCFailedAllocation
Event: 1727.301 Executing VM operation: ParallelGCFailedAllocation done
Event: 1727.359 Executing VM operation: ParallelGCFailedAllocation
Event: 1727.365 Executing VM operation: ParallelGCFailedAllocation done
Event: 1727.419 Executing VM operation: ParallelGCFailedAllocation
Event: 1727.427 Executing VM operation: ParallelGCFailedAllocation done
Event: 1727.469 Executing VM operation: ParallelGCFailedAllocation
Event: 1727.474 Executing VM operation: ParallelGCFailedAllocation done
Event: 1727.520 Executing VM operation: ParallelGCFailedAllocation
Event: 1727.525 Executing VM operation: ParallelGCFailedAllocation done

Events (20 events):
Event: 1724.323 loading class java/util/stream/ReduceOps$2ReducingSink done
Event: 1725.249 loading class java/lang/invoke/BoundMethodHandle$Species_LLLLLLLLLL
Event: 1725.249 loading class java/lang/invoke/BoundMethodHandle$Species_LLLLLLLLLL done
Event: 1725.250 loading class java/lang/invoke/BoundMethodHandle$Species_LLLLLLLLLLL
Event: 1725.250 loading class java/lang/invoke/BoundMethodHandle$Species_LLLLLLLLLLL done
Event: 1725.251 loading class java/lang/invoke/BoundMethodHandle$Species_LLLLLLLLLLLL
Event: 1725.252 loading class java/lang/invoke/BoundMethodHandle$Species_LLLLLLLLLLLL done
Event: 1725.252 loading class java/lang/invoke/BoundMethodHandle$Species_LLLLLLLLLLLLL
Event: 1725.252 loading class java/lang/invoke/BoundMethodHandle$Species_LLLLLLLLLLLLL done
Event: 1726.413 Thread 0x00000281528032d0 Thread exited: 0x00000281528032d0
Event: 1726.465 Thread 0x000002814f1d4560 flushing nmethod 0x000002814079e690
Event: 1726.468 Thread 0x000002814f1d4560 flushing nmethod 0x0000028140cc2110
Event: 1726.469 Thread 0x000002814f1d4560 flushing nmethod 0x0000028140e53490
Event: 1726.469 Thread 0x000002814f1d4560 flushing nmethod 0x0000028140f2fc90
Event: 1726.475 Thread 0x000002814f1d4560 flushing nmethod 0x0000028139879090
Event: 1726.478 Thread 0x000002814f1d4560 flushing nmethod 0x0000028139edbb90
Event: 1726.479 Thread 0x000002814f1d4560 flushing nmethod 0x000002813a151e90
Event: 1726.480 Thread 0x000002814f1d4560 flushing nmethod 0x000002813a456490
Event: 1726.482 Thread 0x000002814f1d4560 flushing nmethod 0x000002813a64ba10
Event: 1726.627 Thread 0x0000028152802830 Thread added: 0x0000028152802830


Dynamic libraries:
0x00007ff704300000 - 0x00007ff70430e000 	c:\Users\alhdh\.vscode\extensions\redhat.java-1.30.0-win32-x64\jre\17.0.10-win32-x86_64\bin\java.exe
0x00007ffe44d30000 - 0x00007ffe44f28000 	C:\Windows\SYSTEM32\ntdll.dll
0x00007ffdedc70000 - 0x00007ffdedc89000 	C:\Program Files\Avast Software\Avast\aswhook.dll
0x00007ffe44200000 - 0x00007ffe442bd000 	C:\Windows\System32\KERNEL32.DLL
0x00007ffe427e0000 - 0x00007ffe42ad6000 	C:\Windows\System32\KERNELBASE.dll
0x00007ffe426e0000 - 0x00007ffe427e0000 	C:\Windows\System32\ucrtbase.dll
0x00007ffe3d7a0000 - 0x00007ffe3d7b7000 	c:\Users\alhdh\.vscode\extensions\redhat.java-1.30.0-win32-x64\jre\17.0.10-win32-x86_64\bin\jli.dll
0x00007ffe384c0000 - 0x00007ffe384db000 	c:\Users\alhdh\.vscode\extensions\redhat.java-1.30.0-win32-x64\jre\17.0.10-win32-x86_64\bin\VCRUNTIME140.dll
0x00007ffe443e0000 - 0x00007ffe4457e000 	C:\Windows\System32\USER32.dll
0x00007ffe42610000 - 0x00007ffe42632000 	C:\Windows\System32\win32u.dll
0x00007ffe262f0000 - 0x00007ffe2658a000 	C:\Windows\WinSxS\amd64_microsoft.windows.common-controls_6595b64144ccf1df_6.0.19041.3636_none_60b6a03d71f818d5\COMCTL32.dll
0x00007ffe44580000 - 0x00007ffe445ac000 	C:\Windows\System32\GDI32.dll
0x00007ffe42d80000 - 0x00007ffe42e1e000 	C:\Windows\System32\msvcrt.dll
0x00007ffe42ae0000 - 0x00007ffe42bfa000 	C:\Windows\System32\gdi32full.dll
0x00007ffe42640000 - 0x00007ffe426dd000 	C:\Windows\System32\msvcp_win.dll
0x00007ffe44cb0000 - 0x00007ffe44ce0000 	C:\Windows\System32\IMM32.DLL
0x00007ffe3f700000 - 0x00007ffe3f70c000 	c:\Users\alhdh\.vscode\extensions\redhat.java-1.30.0-win32-x64\jre\17.0.10-win32-x86_64\bin\vcruntime140_1.dll
0x00007ffe18dd0000 - 0x00007ffe18e5d000 	c:\Users\alhdh\.vscode\extensions\redhat.java-1.30.0-win32-x64\jre\17.0.10-win32-x86_64\bin\msvcp140.dll
0x00007ffdd8a90000 - 0x00007ffdd96f2000 	c:\Users\alhdh\.vscode\extensions\redhat.java-1.30.0-win32-x64\jre\17.0.10-win32-x86_64\bin\server\jvm.dll
0x00007ffe44680000 - 0x00007ffe44733000 	C:\Windows\System32\ADVAPI32.dll
0x00007ffe44c10000 - 0x00007ffe44caf000 	C:\Windows\System32\sechost.dll
0x00007ffe43360000 - 0x00007ffe43486000 	C:\Windows\System32\RPCRT4.dll
0x00007ffe42d50000 - 0x00007ffe42d77000 	C:\Windows\System32\bcrypt.dll
0x00007ffe41960000 - 0x00007ffe419ab000 	C:\Windows\SYSTEM32\POWRPROF.dll
0x00007ffe20650000 - 0x00007ffe20659000 	C:\Windows\SYSTEM32\WSOCK32.dll
0x00007ffe3a730000 - 0x00007ffe3a73a000 	C:\Windows\SYSTEM32\VERSION.dll
0x00007ffe2a910000 - 0x00007ffe2a937000 	C:\Windows\SYSTEM32\WINMM.dll
0x00007ffe44b40000 - 0x00007ffe44bab000 	C:\Windows\System32\WS2_32.dll
0x00007ffe417d0000 - 0x00007ffe417e2000 	C:\Windows\SYSTEM32\UMPDC.dll
0x00007ffe40c00000 - 0x00007ffe40c12000 	C:\Windows\SYSTEM32\kernel.appcore.dll
0x00007ffe37360000 - 0x00007ffe3736a000 	c:\Users\alhdh\.vscode\extensions\redhat.java-1.30.0-win32-x64\jre\17.0.10-win32-x86_64\bin\jimage.dll
0x00007ffe40900000 - 0x00007ffe40ae4000 	C:\Windows\SYSTEM32\DBGHELP.DLL
0x00007ffe37500000 - 0x00007ffe37534000 	C:\Windows\SYSTEM32\dbgcore.DLL
0x00007ffe42cc0000 - 0x00007ffe42d42000 	C:\Windows\System32\bcryptPrimitives.dll
0x00007ffe322f0000 - 0x00007ffe322fe000 	c:\Users\alhdh\.vscode\extensions\redhat.java-1.30.0-win32-x64\jre\17.0.10-win32-x86_64\bin\instrument.dll
0x00007ffe20b70000 - 0x00007ffe20b95000 	c:\Users\alhdh\.vscode\extensions\redhat.java-1.30.0-win32-x64\jre\17.0.10-win32-x86_64\bin\java.dll
0x00007ffe22220000 - 0x00007ffe22238000 	c:\Users\alhdh\.vscode\extensions\redhat.java-1.30.0-win32-x64\jre\17.0.10-win32-x86_64\bin\zip.dll
0x00007ffe43490000 - 0x00007ffe43bd5000 	C:\Windows\System32\SHELL32.dll
0x00007ffe40090000 - 0x00007ffe4082b000 	C:\Windows\SYSTEM32\windows.storage.dll
0x00007ffe43c90000 - 0x00007ffe43fe4000 	C:\Windows\System32\combase.dll
0x00007ffe41d50000 - 0x00007ffe41d7d000 	C:\Windows\SYSTEM32\Wldp.dll
0x00007ffe448e0000 - 0x00007ffe4498d000 	C:\Windows\System32\SHCORE.dll
0x00007ffe44880000 - 0x00007ffe448d5000 	C:\Windows\System32\shlwapi.dll
0x00007ffe42330000 - 0x00007ffe42355000 	C:\Windows\SYSTEM32\profapi.dll
0x00007ffe189d0000 - 0x00007ffe189e9000 	C:\Users\alhdh\.vscode\extensions\redhat.java-1.30.0-win32-x64\jre\17.0.10-win32-x86_64\bin\net.dll
0x00007ffe3c520000 - 0x00007ffe3c62a000 	C:\Windows\SYSTEM32\WINHTTP.dll
0x00007ffe41b30000 - 0x00007ffe41b9a000 	C:\Windows\system32\mswsock.dll
0x00007ffe189b0000 - 0x00007ffe189c6000 	C:\Users\alhdh\.vscode\extensions\redhat.java-1.30.0-win32-x64\jre\17.0.10-win32-x86_64\bin\nio.dll
0x00007ffe2e9d0000 - 0x00007ffe2e9e0000 	c:\Users\alhdh\.vscode\extensions\redhat.java-1.30.0-win32-x64\jre\17.0.10-win32-x86_64\bin\verify.dll
0x00007ffe18c70000 - 0x00007ffe18cae000 	C:\Users\alhdh\AppData\Roaming\Code\User\globalStorage\redhat.java\1.30.0\config_win\org.eclipse.equinox.launcher\org.eclipse.equinox.launcher.win32.win32.x86_64_1.2.900.v20240213-1244\eclipse_11900.dll
0x00007ffe44050000 - 0x00007ffe4417b000 	C:\Windows\System32\ole32.dll
0x00007ffe41d90000 - 0x00007ffe41da8000 	C:\Windows\SYSTEM32\CRYPTSP.dll
0x00007ffe41410000 - 0x00007ffe41444000 	C:\Windows\system32\rsaenh.dll
0x00007ffe422b0000 - 0x00007ffe422de000 	C:\Windows\SYSTEM32\USERENV.dll
0x00007ffe41cc0000 - 0x00007ffe41ccc000 	C:\Windows\SYSTEM32\CRYPTBASE.dll
0x00007ffe417f0000 - 0x00007ffe4182b000 	C:\Windows\SYSTEM32\IPHLPAPI.DLL
0x00007ffe44ce0000 - 0x00007ffe44ce8000 	C:\Windows\System32\NSI.dll
0x00007ffe3a630000 - 0x00007ffe3a647000 	C:\Windows\SYSTEM32\dhcpcsvc6.DLL
0x00007ffe3a4c0000 - 0x00007ffe3a4dd000 	C:\Windows\SYSTEM32\dhcpcsvc.DLL
0x00007ffe41830000 - 0x00007ffe418fa000 	C:\Windows\SYSTEM32\DNSAPI.dll
0x00007ffe18bd0000 - 0x00007ffe18c15000 	C:\Users\alhdh\AppData\Local\Temp\jna-92902113\jna7164292757689400972.dll
0x00007ffe43bf0000 - 0x00007ffe43bf8000 	C:\Windows\System32\PSAPI.DLL
0x00007ffe3d9e0000 - 0x00007ffe3d9ee000 	C:\Users\alhdh\.vscode\extensions\redhat.java-1.30.0-win32-x64\jre\17.0.10-win32-x86_64\bin\sunmscapi.dll
0x00007ffe42400000 - 0x00007ffe4255d000 	C:\Windows\System32\CRYPT32.dll
0x00007ffe41ea0000 - 0x00007ffe41ec8000 	C:\Windows\SYSTEM32\ncrypt.dll
0x00007ffe41e60000 - 0x00007ffe41e9b000 	C:\Windows\SYSTEM32\NTASN1.dll

dbghelp: loaded successfully - version: 4.0.5 - missing functions: none
symbol engine: initialized successfully - sym options: 0x614 - pdb path: .;c:\Users\alhdh\.vscode\extensions\redhat.java-1.30.0-win32-x64\jre\17.0.10-win32-x86_64\bin;C:\Windows\SYSTEM32;C:\Program Files\Avast Software\Avast;C:\Windows\WinSxS\amd64_microsoft.windows.common-controls_6595b64144ccf1df_6.0.19041.3636_none_60b6a03d71f818d5;c:\Users\alhdh\.vscode\extensions\redhat.java-1.30.0-win32-x64\jre\17.0.10-win32-x86_64\bin\server;C:\Users\alhdh\AppData\Roaming\Code\User\globalStorage\redhat.java\1.30.0\config_win\org.eclipse.equinox.launcher\org.eclipse.equinox.launcher.win32.win32.x86_64_1.2.900.v20240213-1244;C:\Users\alhdh\AppData\Local\Temp\jna-92902113

VM Arguments:
jvm_args: --add-modules=ALL-SYSTEM --add-opens=java.base/java.util=ALL-UNNAMED --add-opens=java.base/java.lang=ALL-UNNAMED --add-opens=java.base/sun.nio.fs=ALL-UNNAMED -Declipse.application=org.eclipse.jdt.ls.core.id1 -Dosgi.bundles.defaultStartLevel=4 -Declipse.product=org.eclipse.jdt.ls.core.product -Djava.import.generatesMetadataFilesAtProjectRoot=false -DDetectVMInstallationsJob.disabled=true -Dfile.encoding=utf8 -XX:+UseParallelGC -XX:GCTimeRatio=4 -XX:AdaptiveSizePolicyWeight=90 -Dsun.zip.disableMemoryMapping=true -Xmx1G -Xms100m -Xlog:disable -javaagent:c:\Users\alhdh\.vscode\extensions\redhat.java-1.30.0-win32-x64\lombok\lombok-1.18.32.jar -XX:+HeapDumpOnOutOfMemoryError -XX:HeapDumpPath=c:\Users\alhdh\AppData\Roaming\Code\User\workspaceStorage\37dba57fa1d58a1a3d36af18158eedda\redhat.java -Daether.dependencyCollector.impl=bf 
java_command: c:\Users\alhdh\.vscode\extensions\redhat.java-1.30.0-win32-x64\server\plugins\org.eclipse.equinox.launcher_1.6.800.v20240330-1250.jar -configuration c:\Users\alhdh\AppData\Roaming\Code\User\globalStorage\redhat.java\1.30.0\config_win -data c:\Users\alhdh\AppData\Roaming\Code\User\workspaceStorage\37dba57fa1d58a1a3d36af18158eedda\redhat.java\jdt_ws --pipe=\\.\pipe\lsp-3ca72e6f02ecfe2468058d7fff4a8878-sock
java_class_path (initial): c:\Users\alhdh\.vscode\extensions\redhat.java-1.30.0-win32-x64\server\plugins\org.eclipse.equinox.launcher_1.6.800.v20240330-1250.jar
Launcher Type: SUN_STANDARD

[Global flags]
    uintx AdaptiveSizePolicyWeight                 = 90                                        {product} {command line}
     intx CICompilerCount                          = 4                                         {product} {ergonomic}
    uintx GCTimeRatio                              = 4                                         {product} {command line}
     bool HeapDumpOnOutOfMemoryError               = true                                   {manageable} {command line}
    ccstr HeapDumpPath                             = c:\Users\alhdh\AppData\Roaming\Code\User\workspaceStorage\37dba57fa1d58a1a3d36af18158eedda\redhat.java         {manageable} {command line}
   size_t InitialHeapSize                          = 104857600                                 {product} {command line}
   size_t MaxHeapSize                              = 1073741824                                {product} {command line}
   size_t MaxNewSize                               = 357564416                                 {product} {ergonomic}
   size_t MinHeapDeltaBytes                        = 524288                                    {product} {ergonomic}
   size_t MinHeapSize                              = 104857600                                 {product} {command line}
   size_t NewSize                                  = 34603008                                  {product} {ergonomic}
    uintx NonNMethodCodeHeapSize                   = 5839372                                {pd product} {ergonomic}
    uintx NonProfiledCodeHeapSize                  = 122909434                              {pd product} {ergonomic}
   size_t OldSize                                  = 70254592                                  {product} {ergonomic}
    uintx ProfiledCodeHeapSize                     = 122909434                              {pd product} {ergonomic}
    uintx ReservedCodeCacheSize                    = 251658240                              {pd product} {ergonomic}
     bool SegmentedCodeCache                       = true                                      {product} {ergonomic}
   size_t SoftMaxHeapSize                          = 1073741824                             {manageable} {ergonomic}
     bool UseCompressedClassPointers               = true                           {product lp64_product} {ergonomic}
     bool UseCompressedOops                        = true                           {product lp64_product} {ergonomic}
     bool UseLargePagesIndividualAllocation        = false                                  {pd product} {ergonomic}
     bool UseParallelGC                            = true                                      {product} {command line}

Logging:
Log output configuration:
 #0: stdout all=off uptime,level,tags
 #1: stderr all=off uptime,level,tags

Environment Variables:
JAVA_HOME=C:\Program Files\Java\jdk-17
CLASSPATH=.;
PATH=C:\Program Files\Microsoft MPI\Bin\;C:\Python311\Scripts\;C:\Python311\;C:\Program Files\Common Files\Oracle\Java\javapath;C:\Program Files (x86)\Common Files\Oracle\Java\javapath;D:\WATCOM\BINNT;D:\WATCOM\BINW;C:\Windows\system32;C:\Windows;C:\Windows\System32\Wbem;C:\Windows\System32\WindowsPowerShell\v1.0\;C:\Windows\System32\OpenSSH\;C:\Program Files\dotnet\;C:\Program Files\Microsoft SQL Server\130\Tools\Binn\;C:\Program Files\Microsoft SQL Server\Client SDK\ODBC\170\Tools\Binn\;C:\Program Files\Azure Data Studio\bin;C:\Program Files (x86)\Microsoft SQL Server\150\Tools\Binn\;C:\Program Files\Microsoft SQL Server\150\Tools\Binn\;C:\Program Files\Microsoft SQL Server\150\DTS\Binn\;C:\Program Files (x86)\Microsoft SQL Server\150\DTS\Binn\;D:\Latex\miktex\bin\x64\;C:\Program Files (x86)\IVI Foundation\VISA\WinNT\Bin\;C:\Program Files\IVI Foundation\VISA\Win64\Bin\;D:\Shared\LabVIEW CLI;C:\Program Files\Amazon\AWSCLIV2\;C:\Program Files\PuTTY\;C:\ProgramData\chocolatey\bin;C:\Program Files\Git\cmd;C:\Program Files\Java\jdk1.8.0_211\bin;C:\Program Files\CMake\bin;C:\Program Files\nodejs\;C:\Program Files (x86)\PDFtk\bin\;%MPJ_HOME%\bin;C:\ProgramData\chocolatey\lib\maven\apache-maven-3.9.6\bin;;C:\Program Files\Docker\Docker\resources\bin;C:\GnuWin32\bin;C:\ProgramData\chocolatey\lib\maven\apache-maven-3.9.6\bin;C:\dummy\mpj-v0_44\mpj-v0_44\bin;C:\Program Files\Java\jdk-11\bin;C:\Program Files\MySQL\MySQL Shell 8.0\bin\;D:\WATCOM\BINNT;D:\WATCOM\BINW;C:\Windows\system32;C:\Windows;C:\Windows\System32\Wbem;C:\Windows\System32\WindowsPowerShell\v1.0\;C:\Windows\System32\OpenSSH\;C:\Program Files (x86)\IncrediBuild;C:\Program Files\dotnet\;C:\Program Files\Microsoft SQL Server\130\Tools\Binn\;C:\Program Files\Microsoft SQL Server\Client SDK\ODBC\170\Tools\Binn\;C:\Program Files\Azure Data Studio\bin;C:\Program Files (x86)\Microsoft SQL Server\150\Tools\Binn\;C:\Program Files\Microsoft SQL Server\150\Tools\Binn\;C:\Program Files\Microsoft SQL Server\150\DTS\Binn\;C:\P
USERNAME=alhdh
OS=Windows_NT
PROCESSOR_IDENTIFIER=Intel64 Family 6 Model 158 Stepping 10, GenuineIntel
TMP=C:\Users\alhdh\AppData\Local\Temp
TEMP=C:\Users\alhdh\AppData\Local\Temp



Periodic native trim disabled


---------------  S Y S T E M  ---------------

OS:
 Windows 10 , 64 bit Build 19041 (10.0.19041.3636)
OS uptime: 0 days 1:30 hours
Hyper-V role detected

CPU: total 12 (initial active 12) (6 cores per cpu, 2 threads per core) family 6 model 158 stepping 10 microcode 0xf0, cx8, cmov, fxsr, ht, mmx, 3dnowpref, sse, sse2, sse3, ssse3, sse4.1, sse4.2, popcnt, lzcnt, tsc, tscinvbit, avx, avx2, aes, erms, clmul, bmi1, bmi2, adx, fma, vzeroupper, clflush, clflushopt, hv
Processor Information for all 12 processors :
  Max Mhz: 2592, Current Mhz: 2592, Mhz Limit: 2592

Memory: 4k page, system-wide physical 8008M (1067M free)
TotalPageFile size 11034M (AvailPageFile size 26M)
current process WorkingSet (physical memory assigned to process): 511M, peak: 517M
current process commit charge ("private bytes"): 516M, peak: 540M

vm_info: OpenJDK 64-Bit Server VM (17.0.10+7) for windows-amd64 JRE (17.0.10+7), built on Jan 16 2024 23:25:11 by "admin" with MS VC++ 16.10 / 16.11 (VS2019)

END.
