#
# There is insufficient memory for the Java Runtime Environment to continue.
# Native memory allocation (malloc) failed to allocate 1059776 bytes for Chunk::new
# Possible reasons:
#   The system is out of physical RAM or swap space
#   The process is running with CompressedOops enabled, and the Java Heap may be blocking the growth of the native heap
# Possible solutions:
#   Reduce memory load on the system
#   Increase physical memory or swap space
#   Check if swap backing store is full
#   Decrease Java heap size (-Xmx/-Xms)
#   Decrease number of Java threads
#   Decrease Java thread stack sizes (-Xss)
#   Set larger code cache with -XX:ReservedCodeCacheSize=
#   JVM is running with Unscaled Compressed Oops mode in which the Java heap is
#     placed in the first 4GB address space. The Java Heap base address is the
#     maximum limit for the native heap growth. Please use -XX:HeapBaseMinAddress
#     to set the Java Heap base and to place the Java Heap above 4GB virtual address.
# This output file may be truncated or incomplete.
#
#  Out of Memory Error (arena.cpp:191), pid=13380, tid=14780
#
# JRE version: OpenJDK Runtime Environment Temurin-17.0.10+7 (17.0.10+7) (build 17.0.10+7)
# Java VM: OpenJDK 64-Bit Server VM Temurin-17.0.10+7 (17.0.10+7, mixed mode, tiered, compressed oops, compressed class ptrs, parallel gc, windows-amd64)
# No core dump will be written. Minidumps are not enabled by default on client versions of Windows
#

---------------  S U M M A R Y ------------

Command Line: --add-modules=ALL-SYSTEM --add-opens=java.base/java.util=ALL-UNNAMED --add-opens=java.base/java.lang=ALL-UNNAMED --add-opens=java.base/sun.nio.fs=ALL-UNNAMED -Declipse.application=org.eclipse.jdt.ls.core.id1 -Dosgi.bundles.defaultStartLevel=4 -Declipse.product=org.eclipse.jdt.ls.core.product -Djava.import.generatesMetadataFilesAtProjectRoot=false -DDetectVMInstallationsJob.disabled=true -Dfile.encoding=utf8 -XX:+UseParallelGC -XX:GCTimeRatio=4 -XX:AdaptiveSizePolicyWeight=90 -Dsun.zip.disableMemoryMapping=true -Xmx1G -Xms100m -Xlog:disable -javaagent:c:\Users\alhdh\.vscode\extensions\redhat.java-1.30.0-win32-x64\lombok\lombok-1.18.32.jar -XX:+HeapDumpOnOutOfMemoryError -XX:HeapDumpPath=c:\Users\alhdh\AppData\Roaming\Code\User\workspaceStorage\37dba57fa1d58a1a3d36af18158eedda\redhat.java -Daether.dependencyCollector.impl=bf c:\Users\alhdh\.vscode\extensions\redhat.java-1.30.0-win32-x64\server\plugins\org.eclipse.equinox.launcher_1.6.800.v20240330-1250.jar -configuration c:\Users\alhdh\AppData\Roaming\Code\User\globalStorage\redhat.java\1.30.0\config_win -data c:\Users\alhdh\AppData\Roaming\Code\User\workspaceStorage\37dba57fa1d58a1a3d36af18158eedda\redhat.java\jdt_ws --pipe=\\.\pipe\lsp-c708ad59ec4767f6b6511620c939a219-sock

Host: Intel(R) Core(TM) i7-9750H CPU @ 2.60GHz, 12 cores, 7G,  Windows 10 , 64 bit Build 19041 (10.0.19041.3636)
Time: Fri May  3 22:52:40 2024 Egypt Daylight Time elapsed time: 10.106216 seconds (0d 0h 0m 10s)

---------------  T H R E A D  ---------------

Current thread (0x000002b2de270ff0):  JavaThread "C2 CompilerThread1" daemon [_thread_in_native, id=14780, stack(0x000000e9ddf00000,0x000000e9de000000)]


Current CompileTask:
C2:  10106 12527 % !   4       org.eclipse.jdt.internal.core.SearchableEnvironment::hasSubPackageInUnnamedModule @ 63 (132 bytes)

Stack: [0x000000e9ddf00000,0x000000e9de000000]
Native frames: (J=compiled Java code, j=interpreted, Vv=VM code, C=native code)
V  [jvm.dll+0x67d2c9]
V  [jvm.dll+0x834afa]
V  [jvm.dll+0x8365be]
V  [jvm.dll+0x836c23]
V  [jvm.dll+0x2477ff]
V  [jvm.dll+0xac514]
V  [jvm.dll+0xacb5c]
V  [jvm.dll+0x2aed1f]
V  [jvm.dll+0x584b67]
V  [jvm.dll+0x2228a2]
V  [jvm.dll+0x222c8f]
V  [jvm.dll+0x21bdb6]
V  [jvm.dll+0x219201]
V  [jvm.dll+0x1a502d]
V  [jvm.dll+0x2290de]
V  [jvm.dll+0x2272ac]
V  [jvm.dll+0x7e9bb7]
V  [jvm.dll+0x7e3fba]
V  [jvm.dll+0x67c1b5]
C  [ucrtbase.dll+0x21bb2]
C  [KERNEL32.DLL+0x17344]
C  [ntdll.dll+0x526b1]


---------------  P R O C E S S  ---------------

Threads class SMR info:
_java_thread_list=0x000002b2ed8822e0, length=59, elements={
0x000002b2c51ef1a0, 0x000002b2d9071750, 0x000002b2d9072920, 0x000002b2de1b8270,
0x000002b2de1b9000, 0x000002b2de1ba6f0, 0x000002b2de1c7e10, 0x000002b2de1cabc0,
0x000002b2de1cc590, 0x000002b2de1cd680, 0x000002b2de340330, 0x000002b2de270ff0,
0x000002b2de340840, 0x000002b2de33e9e0, 0x000002b2de33eef0, 0x000002b2de33d090,
0x000002b2de33f400, 0x000002b2de33f910, 0x000002b2de33dfc0, 0x000002b2de33e4d0,
0x000002b2e08ec740, 0x000002b2e08e94a0, 0x000002b2e0d71c00, 0x000002b2e08eefc0,
0x000002b2e08ecc50, 0x000002b2e08eb810, 0x000002b2e08edb80, 0x000002b2e08eb300,
0x000002b2e08ed670, 0x000002b2e08ee090, 0x000002b2e08e8570, 0x000002b2e08e99b0,
0x000002b2e08e8060, 0x000002b2e08ebd20, 0x000002b2e08e8a80, 0x000002b2e08ed160,
0x000002b2e08ee5a0, 0x000002b2e08ef9e0, 0x000002b2e08e8f90, 0x000002b2e08e9ec0,
0x000002b2e08ea8e0, 0x000002b2e08eadf0, 0x000002b2e08ec230, 0x000002b2e152dab0,
0x000002b2e1527a80, 0x000002b2e152e4d0, 0x000002b2e15298e0, 0x000002b2e1529df0,
0x000002b2e152a300, 0x000002b2e1528ec0, 0x000002b2e152c160, 0x000002b2e15293d0,
0x000002b2e152ad20, 0x000002b2e1527570, 0x000002b2e152b230, 0x000002b2e152dfc0,
0x000002b2de33dab0, 0x000002b2ee3ce020, 0x000002b2ee3cfe80
}

Java Threads: ( => current thread )
  0x000002b2c51ef1a0 JavaThread "main" [_thread_blocked, id=9792, stack(0x000000e9dd200000,0x000000e9dd300000)]
  0x000002b2d9071750 JavaThread "Reference Handler" daemon [_thread_blocked, id=1748, stack(0x000000e9dd500000,0x000000e9dd600000)]
  0x000002b2d9072920 JavaThread "Finalizer" daemon [_thread_blocked, id=20688, stack(0x000000e9dd600000,0x000000e9dd700000)]
  0x000002b2de1b8270 JavaThread "Signal Dispatcher" daemon [_thread_blocked, id=21416, stack(0x000000e9dd700000,0x000000e9dd800000)]
  0x000002b2de1b9000 JavaThread "Attach Listener" daemon [_thread_blocked, id=21268, stack(0x000000e9dd800000,0x000000e9dd900000)]
  0x000002b2de1ba6f0 JavaThread "Service Thread" daemon [_thread_blocked, id=5612, stack(0x000000e9dd900000,0x000000e9dda00000)]
  0x000002b2de1c7e10 JavaThread "Monitor Deflation Thread" daemon [_thread_blocked, id=19788, stack(0x000000e9dda00000,0x000000e9ddb00000)]
  0x000002b2de1cabc0 JavaThread "C2 CompilerThread0" daemon [_thread_in_native, id=2924, stack(0x000000e9ddb00000,0x000000e9ddc00000)]
  0x000002b2de1cc590 JavaThread "C1 CompilerThread0" daemon [_thread_blocked, id=10068, stack(0x000000e9ddc00000,0x000000e9ddd00000)]
  0x000002b2de1cd680 JavaThread "Sweeper thread" daemon [_thread_blocked, id=16124, stack(0x000000e9ddd00000,0x000000e9dde00000)]
  0x000002b2de340330 JavaThread "Common-Cleaner" daemon [_thread_blocked, id=15196, stack(0x000000e9dde00000,0x000000e9ddf00000)]
=>0x000002b2de270ff0 JavaThread "C2 CompilerThread1" daemon [_thread_in_native, id=14780, stack(0x000000e9ddf00000,0x000000e9de000000)]
  0x000002b2de340840 JavaThread "Notification Thread" daemon [_thread_blocked, id=3196, stack(0x000000e9de000000,0x000000e9de100000)]
  0x000002b2de33e9e0 JavaThread "Active Thread: Equinox Container: 53096b02-9068-43d7-ad76-258a4cbcc2dd" [_thread_blocked, id=4364, stack(0x000000e9de900000,0x000000e9dea00000)]
  0x000002b2de33eef0 JavaThread "Framework Event Dispatcher: Equinox Container: 53096b02-9068-43d7-ad76-258a4cbcc2dd" daemon [_thread_blocked, id=16288, stack(0x000000e9dea00000,0x000000e9deb00000)]
  0x000002b2de33d090 JavaThread "Start Level: Equinox Container: 53096b02-9068-43d7-ad76-258a4cbcc2dd" daemon [_thread_blocked, id=17392, stack(0x000000e9deb00000,0x000000e9dec00000)]
  0x000002b2de33f400 JavaThread "Bundle File Closer" daemon [_thread_blocked, id=16396, stack(0x000000e9ded00000,0x000000e9dee00000)]
  0x000002b2de33f910 JavaThread "SCR Component Actor" daemon [_thread_blocked, id=21100, stack(0x000000e9dee00000,0x000000e9def00000)]
  0x000002b2de33dfc0 JavaThread "Worker-JM" [_thread_blocked, id=19220, stack(0x000000e9df100000,0x000000e9df200000)]
  0x000002b2de33e4d0 JavaThread "Worker-0" [_thread_blocked, id=6336, stack(0x000000e9df200000,0x000000e9df300000)]
  0x000002b2e08ec740 JavaThread "Worker-1: Java indexing... " [_thread_blocked, id=5616, stack(0x000000e9df300000,0x000000e9df400000)]
  0x000002b2e08e94a0 JavaThread "Worker-2: Refreshing workspace" [_thread_in_native, id=5704, stack(0x000000e9df400000,0x000000e9df500000)]
  0x000002b2e0d71c00 JavaThread "C2 CompilerThread2" daemon [_thread_in_native, id=8660, stack(0x000000e9df500000,0x000000e9df600000)]
  0x000002b2e08eefc0 JavaThread "Java indexing" daemon [_thread_in_Java, id=20512, stack(0x000000e9df600000,0x000000e9df700000)]
  0x000002b2e08ecc50 JavaThread "Worker-3: Initialize workspace" [_thread_blocked, id=6772, stack(0x000000e9df700000,0x000000e9df800000)]
  0x000002b2e08eb810 JavaThread "JNA Cleaner" daemon [_thread_blocked, id=4572, stack(0x000000e9df800000,0x000000e9df900000)]
  0x000002b2e08edb80 JavaThread "Thread-2" daemon [_thread_in_native, id=13504, stack(0x000000e9dfb00000,0x000000e9dfc00000)]
  0x000002b2e08eb300 JavaThread "Thread-3" daemon [_thread_in_native, id=8232, stack(0x000000e9dfc00000,0x000000e9dfd00000)]
  0x000002b2e08ed670 JavaThread "Thread-4" daemon [_thread_in_native, id=18228, stack(0x000000e9dfd00000,0x000000e9dfe00000)]
  0x000002b2e08ee090 JavaThread "Thread-5" daemon [_thread_in_native, id=7748, stack(0x000000e9dfe00000,0x000000e9dff00000)]
  0x000002b2e08e8570 JavaThread "Thread-6" daemon [_thread_in_native, id=9860, stack(0x000000e9dff00000,0x000000e9e0000000)]
  0x000002b2e08e99b0 JavaThread "Thread-7" daemon [_thread_in_native, id=14660, stack(0x000000e9e0000000,0x000000e9e0100000)]
  0x000002b2e08e8060 JavaThread "Thread-8" daemon [_thread_in_native, id=5868, stack(0x000000e9e0100000,0x000000e9e0200000)]
  0x000002b2e08ebd20 JavaThread "Thread-9" daemon [_thread_in_native, id=14100, stack(0x000000e9e0200000,0x000000e9e0300000)]
  0x000002b2e08e8a80 JavaThread "Thread-10" daemon [_thread_in_native, id=4168, stack(0x000000e9e0300000,0x000000e9e0400000)]
  0x000002b2e08ed160 JavaThread "Thread-11" daemon [_thread_in_native, id=13696, stack(0x000000e9e0400000,0x000000e9e0500000)]
  0x000002b2e08ee5a0 JavaThread "Thread-12" daemon [_thread_in_native, id=11500, stack(0x000000e9e0500000,0x000000e9e0600000)]
  0x000002b2e08ef9e0 JavaThread "Thread-13" daemon [_thread_in_native, id=16492, stack(0x000000e9e0600000,0x000000e9e0700000)]
  0x000002b2e08e8f90 JavaThread "Thread-14" daemon [_thread_in_native, id=6308, stack(0x000000e9e0700000,0x000000e9e0800000)]
  0x000002b2e08e9ec0 JavaThread "pool-2-thread-1" [_thread_blocked, id=20168, stack(0x000000e9e0800000,0x000000e9e0900000)]
  0x000002b2e08ea8e0 JavaThread "WorkspaceEventsHandler" [_thread_blocked, id=4612, stack(0x000000e9e0900000,0x000000e9e0a00000)]
  0x000002b2e08eadf0 JavaThread "pool-1-thread-1" [_thread_blocked, id=17420, stack(0x000000e9e0a00000,0x000000e9e0b00000)]
  0x000002b2e08ec230 JavaThread "Worker-4" [_thread_blocked, id=12464, stack(0x000000e9e0b00000,0x000000e9e0c00000)]
  0x000002b2e152dab0 JavaThread "Worker-5: Update project APT" [_thread_blocked, id=7916, stack(0x000000e9e1900000,0x000000e9e1a00000)]
  0x000002b2e1527a80 JavaThread "ForkJoinPool.commonPool-worker-1" daemon [_thread_blocked, id=7192, stack(0x000000e9e0d00000,0x000000e9e0e00000)]
  0x000002b2e152e4d0 JavaThread "ForkJoinPool.commonPool-worker-2" daemon [_thread_blocked, id=7076, stack(0x000000e9e0c00000,0x000000e9e0d00000)]
  0x000002b2e15298e0 JavaThread "ForkJoinPool.commonPool-worker-3" daemon [_thread_blocked, id=15644, stack(0x000000e9e0e00000,0x000000e9e0f00000)]
  0x000002b2e1529df0 JavaThread "ForkJoinPool.commonPool-worker-4" daemon [_thread_blocked, id=6948, stack(0x000000e9e0f00000,0x000000e9e1000000)]
  0x000002b2e152a300 JavaThread "ForkJoinPool.commonPool-worker-5" daemon [_thread_blocked, id=6972, stack(0x000000e9e1000000,0x000000e9e1100000)]
  0x000002b2e1528ec0 JavaThread "ForkJoinPool.commonPool-worker-6" daemon [_thread_blocked, id=3008, stack(0x000000e9e1100000,0x000000e9e1200000)]
  0x000002b2e152c160 JavaThread "ForkJoinPool.commonPool-worker-7" daemon [_thread_blocked, id=16736, stack(0x000000e9e1200000,0x000000e9e1300000)]
  0x000002b2e15293d0 JavaThread "ForkJoinPool.commonPool-worker-8" daemon [_thread_blocked, id=20276, stack(0x000000e9e1300000,0x000000e9e1400000)]
  0x000002b2e152ad20 JavaThread "ForkJoinPool.commonPool-worker-9" daemon [_thread_blocked, id=6512, stack(0x000000e9e1400000,0x000000e9e1500000)]
  0x000002b2e1527570 JavaThread "ForkJoinPool.commonPool-worker-10" daemon [_thread_blocked, id=18224, stack(0x000000e9e1500000,0x000000e9e1600000)]
  0x000002b2e152b230 JavaThread "ForkJoinPool.commonPool-worker-11" daemon [_thread_blocked, id=15856, stack(0x000000e9e1600000,0x000000e9e1700000)]
  0x000002b2e152dfc0 JavaThread "pool-1-thread-2" [_thread_blocked, id=5652, stack(0x000000e9df000000,0x000000e9df100000)]
  0x000002b2de33dab0 JavaThread "pool-1-thread-3" [_thread_blocked, id=2556, stack(0x000000e9e1e00000,0x000000e9e1f00000)]
  0x000002b2ee3ce020 JavaThread "Worker-6" [_thread_blocked, id=13196, stack(0x000000e9e1a00000,0x000000e9e1b00000)]
  0x000002b2ee3cfe80 JavaThread "Keep-Alive-Timer" daemon [_thread_blocked, id=21284, stack(0x000000e9e1b00000,0x000000e9e1c00000)]

Other Threads:
  0x000002b2c5277c40 VMThread "VM Thread" [stack: 0x000000e9dd400000,0x000000e9dd500000] [id=12564]
  0x000002b2de4cc9c0 WatcherThread [stack: 0x000000e9de100000,0x000000e9de200000] [id=15680]
  0x000002b2c5203d70 GCTaskThread "GC Thread#0" [stack: 0x000000e9dd300000,0x000000e9dd400000] [id=14716]
  0x000002b2dfdee620 GCTaskThread "GC Thread#1" [stack: 0x000000e9de300000,0x000000e9de400000] [id=7392]
  0x000002b2e038b070 GCTaskThread "GC Thread#2" [stack: 0x000000e9de400000,0x000000e9de500000] [id=3256]
  0x000002b2dfdfe630 GCTaskThread "GC Thread#3" [stack: 0x000000e9de500000,0x000000e9de600000] [id=13472]
  0x000002b2e00f3540 GCTaskThread "GC Thread#4" [stack: 0x000000e9de600000,0x000000e9de700000] [id=7564]
  0x000002b2dfe14b00 GCTaskThread "GC Thread#5" [stack: 0x000000e9de700000,0x000000e9de800000] [id=4928]
  0x000002b2dfe14dc0 GCTaskThread "GC Thread#6" [stack: 0x000000e9de800000,0x000000e9de900000] [id=8648]
  0x000002b2e046d860 GCTaskThread "GC Thread#7" [stack: 0x000000e9dec00000,0x000000e9ded00000] [id=20828]
  0x000002b2e089fb40 GCTaskThread "GC Thread#8" [stack: 0x000000e9def00000,0x000000e9df000000] [id=5964]
  0x000002b2e03d8640 GCTaskThread "GC Thread#9" [stack: 0x000000e9de200000,0x000000e9de300000] [id=8980]

Threads with active compile tasks:
C2 CompilerThread0    10156 12503       4       org.eclipse.jdt.internal.core.builder.ClasspathLocation::findClass (25 bytes)
C2 CompilerThread1    10156 12527 % !   4       org.eclipse.jdt.internal.core.SearchableEnvironment::hasSubPackageInUnnamedModule @ 63 (132 bytes)
C2 CompilerThread2    10156 12491       4       org.eclipse.jdt.internal.core.builder.ClasspathJar::isPackage (53 bytes)

VM state: not at safepoint (normal execution)

VM Mutex/Monitor currently owned by a thread: None

Heap address: 0x00000000c0000000, size: 1024 MB, Compressed Oops mode: 32-bit

CDS archive(s) not mapped
Compressed class space mapped at: 0x0000000100000000-0x0000000140000000, reserved size: 1073741824
Narrow klass base: 0x0000000000000000, Narrow klass shift: 3, Narrow klass range: 0x140000000

GC Precious Log:
 CPUs: 12 total, 12 available
 Memory: 8008M
 Large Page Support: Disabled
 NUMA Support: Disabled
 Compressed Oops: Enabled (32-bit)
 Alignments: Space 512K, Generation 512K, Heap 2M
 Heap Min Capacity: 100M
 Heap Initial Capacity: 100M
 Heap Max Capacity: 1G
 Pre-touch: Disabled
 Parallel Workers: 10

Heap:
 PSYoungGen      total 8192K, used 3080K [0x00000000eab00000, 0x00000000eb680000, 0x0000000100000000)
  eden space 6656K, 23% used [0x00000000eab00000,0x00000000eac831c0,0x00000000eb180000)
  from space 1536K, 99% used [0x00000000eb500000,0x00000000eb67ef48,0x00000000eb680000)
  to   space 2048K, 0% used [0x00000000eb280000,0x00000000eb280000,0x00000000eb480000)
 ParOldGen       total 114688K, used 99439K [0x00000000c0000000, 0x00000000c7000000, 0x00000000eab00000)
  object space 114688K, 86% used [0x00000000c0000000,0x00000000c611be68,0x00000000c7000000)
 Metaspace       used 83283K, committed 84672K, reserved 1179648K
  class space    used 8922K, committed 9536K, reserved 1048576K

Card table byte_map: [0x000002b2c4ba0000,0x000002b2c4db0000] _byte_map_base: 0x000002b2c45a0000

Marking Bits: (ParMarkBitMap*) 0x00007ffdd962d7d0
 Begin Bits: [0x000002b2d6e80000, 0x000002b2d7e80000)
 End Bits:   [0x000002b2d7e80000, 0x000002b2d8e80000)

Polling page: 0x000002b2c3070000

Metaspace:

Usage:
  Non-class:     72.62 MB used.
      Class:      8.71 MB used.
       Both:     81.33 MB used.

Virtual space:
  Non-class space:      128.00 MB reserved,      73.38 MB ( 57%) committed,  2 nodes.
      Class space:        1.00 GB reserved,       9.31 MB ( <1%) committed,  1 nodes.
             Both:        1.12 GB reserved,      82.69 MB (  7%) committed. 

Chunk freelists:
   Non-Class:  5.91 MB
       Class:  6.62 MB
        Both:  12.53 MB

MaxMetaspaceSize: unlimited
CompressedClassSpaceSize: 1.00 GB
Initial GC threshold: 21.00 MB
Current GC threshold: 136.06 MB
CDS: off
MetaspaceReclaimPolicy: balanced
 - commit_granule_bytes: 65536.
 - commit_granule_words: 8192.
 - virtual_space_node_default_size: 8388608.
 - enlarge_chunks_in_place: 1.
 - new_chunks_are_fully_committed: 0.
 - uncommit_free_chunks: 1.
 - use_allocation_guard: 0.
 - handle_deallocations: 1.


Internal statistics:

num_allocs_failed_limit: 9.
num_arena_births: 1048.
num_arena_deaths: 40.
num_vsnodes_births: 3.
num_vsnodes_deaths: 0.
num_space_committed: 1323.
num_space_uncommitted: 0.
num_chunks_returned_to_freelist: 56.
num_chunks_taken_from_freelist: 4787.
num_chunk_merges: 29.
num_chunk_splits: 2760.
num_chunks_enlarged: 1286.
num_inconsistent_stats: 0.

CodeHeap 'non-profiled nmethods': size=120000Kb used=4756Kb max_used=5139Kb free=115243Kb
 bounds [0x000002b2cf950000, 0x000002b2cfe60000, 0x000002b2d6e80000]
CodeHeap 'profiled nmethods': size=120000Kb used=21171Kb max_used=21171Kb free=98828Kb
 bounds [0x000002b2c7e80000, 0x000002b2c9330000, 0x000002b2cf3b0000]
CodeHeap 'non-nmethods': size=5760Kb used=1430Kb max_used=1554Kb free=4330Kb
 bounds [0x000002b2cf3b0000, 0x000002b2cf620000, 0x000002b2cf950000]
 total_blobs=11191 nmethods=10405 adapters=694
 compilation: enabled
              stopped_count=0, restarted_count=0
 full_count=0

Compilation events (20 events):
Event: 10.069 Thread 0x000002b2de1cc590 12950       2       org.eclipse.core.internal.resources.Resource::isLocal (17 bytes)
Event: 10.069 Thread 0x000002b2de1cc590 nmethod 12950 0x000002b2c930bd90 code [0x000002b2c930bf20, 0x000002b2c930c098]
Event: 10.072 Thread 0x000002b2de1cc590 12951       3       org.eclipse.jdt.internal.core.search.matching.ConstructorPattern::createDeclarationIndexKey (583 bytes)
Event: 10.075 Thread 0x000002b2de1cc590 nmethod 12951 0x000002b2c930c110 code [0x000002b2c930c580, 0x000002b2c930eb38]
Event: 10.075 Thread 0x000002b2de1cc590 12952       3       org.eclipse.jdt.internal.core.search.matching.ConstructorPattern::encodeExtraFlags (49 bytes)
Event: 10.076 Thread 0x000002b2de1cc590 nmethod 12952 0x000002b2c930f890 code [0x000002b2c930fa20, 0x000002b2c930fc38]
Event: 10.076 Thread 0x000002b2de1cc590 12956   !   2       org.eclipse.core.internal.resources.RegexFileInfoMatcher::initialize (44 bytes)
Event: 10.076 Thread 0x000002b2de1cc590 nmethod 12956 0x000002b2c930fd10 code [0x000002b2c930fee0, 0x000002b2c93102b8]
Event: 10.076 Thread 0x000002b2de1cc590 12953       1       org.eclipse.core.internal.localstore.UnifiedTreeNode::setFirstChild (6 bytes)
Event: 10.076 Thread 0x000002b2de1cc590 nmethod 12953 0x000002b2cfc50390 code [0x000002b2cfc50520, 0x000002b2cfc505f8]
Event: 10.077 Thread 0x000002b2de1cc590 12957       3       java.util.LinkedList::<init> (10 bytes)
Event: 10.077 Thread 0x000002b2de1cc590 nmethod 12957 0x000002b2c9310510 code [0x000002b2c93106c0, 0x000002b2c9310958]
Event: 10.084 Thread 0x000002b2de1cc590 12960  s    3       org.eclipse.core.internal.resources.ProjectDescription::getFilter (21 bytes)
Event: 10.085 Thread 0x000002b2de1cc590 nmethod 12960 0x000002b2c9310a90 code [0x000002b2c9310c60, 0x000002b2c9311068]
Event: 10.094 Thread 0x000002b2de1cc590 12961       3       java.nio.HeapByteBuffer::put (64 bytes)
Event: 10.094 Thread 0x000002b2de1cc590 nmethod 12961 0x000002b2c9311190 code [0x000002b2c93113c0, 0x000002b2c9311cb8]
Event: 10.102 Thread 0x000002b2de1cc590 12962       2       org.eclipse.core.internal.localstore.UnifiedTree::quickSort (114 bytes)
Event: 10.103 Thread 0x000002b2de1cc590 nmethod 12962 0x000002b2c9312090 code [0x000002b2c93122a0, 0x000002b2c93129d8]
Event: 10.104 Thread 0x000002b2de1cc590 12963       2       org.eclipse.core.runtime.ProgressMonitorWrapper::internalWorked (11 bytes)
Event: 10.104 Thread 0x000002b2de1cc590 nmethod 12963 0x000002b2c9312f10 code [0x000002b2c93130a0, 0x000002b2c93131c8]

GC Heap History (20 events):
Event: 9.908 GC heap before
{Heap before GC invocations=204 (full 9):
 PSYoungGen      total 6144K, used 5515K [0x00000000eab00000, 0x00000000eb280000, 0x0000000100000000)
  eden space 4608K, 100% used [0x00000000eab00000,0x00000000eaf80000,0x00000000eaf80000)
  from space 1536K, 59% used [0x00000000eb100000,0x00000000eb1e2e18,0x00000000eb280000)
  to   space 1536K, 0% used [0x00000000eaf80000,0x00000000eaf80000,0x00000000eb100000)
 ParOldGen       total 114688K, used 85684K [0x00000000c0000000, 0x00000000c7000000, 0x00000000eab00000)
  object space 114688K, 74% used [0x00000000c0000000,0x00000000c53ad168,0x00000000c7000000)
 Metaspace       used 82665K, committed 84032K, reserved 1179648K
  class space    used 8860K, committed 9408K, reserved 1048576K
}
Event: 9.910 GC heap after
{Heap after GC invocations=204 (full 9):
 PSYoungGen      total 6144K, used 1515K [0x00000000eab00000, 0x00000000eb400000, 0x0000000100000000)
  eden space 4608K, 0% used [0x00000000eab00000,0x00000000eab00000,0x00000000eaf80000)
  from space 1536K, 98% used [0x00000000eaf80000,0x00000000eb0fae18,0x00000000eb100000)
  to   space 2048K, 0% used [0x00000000eb200000,0x00000000eb200000,0x00000000eb400000)
 ParOldGen       total 114688K, used 85779K [0x00000000c0000000, 0x00000000c7000000, 0x00000000eab00000)
  object space 114688K, 74% used [0x00000000c0000000,0x00000000c53c4c80,0x00000000c7000000)
 Metaspace       used 82665K, committed 84032K, reserved 1179648K
  class space    used 8860K, committed 9408K, reserved 1048576K
}
Event: 9.924 GC heap before
{Heap before GC invocations=205 (full 9):
 PSYoungGen      total 6144K, used 6123K [0x00000000eab00000, 0x00000000eb400000, 0x0000000100000000)
  eden space 4608K, 100% used [0x00000000eab00000,0x00000000eaf80000,0x00000000eaf80000)
  from space 1536K, 98% used [0x00000000eaf80000,0x00000000eb0fae18,0x00000000eb100000)
  to   space 2048K, 0% used [0x00000000eb200000,0x00000000eb200000,0x00000000eb400000)
 ParOldGen       total 114688K, used 85779K [0x00000000c0000000, 0x00000000c7000000, 0x00000000eab00000)
  object space 114688K, 74% used [0x00000000c0000000,0x00000000c53c4c80,0x00000000c7000000)
 Metaspace       used 82732K, committed 84160K, reserved 1179648K
  class space    used 8867K, committed 9472K, reserved 1048576K
}
Event: 9.925 GC heap after
{Heap after GC invocations=205 (full 9):
 PSYoungGen      total 6144K, used 1017K [0x00000000eab00000, 0x00000000eb300000, 0x0000000100000000)
  eden space 5120K, 0% used [0x00000000eab00000,0x00000000eab00000,0x00000000eb000000)
  from space 1024K, 99% used [0x00000000eb200000,0x00000000eb2fe550,0x00000000eb300000)
  to   space 1536K, 0% used [0x00000000eb000000,0x00000000eb000000,0x00000000eb180000)
 ParOldGen       total 114688K, used 87256K [0x00000000c0000000, 0x00000000c7000000, 0x00000000eab00000)
  object space 114688K, 76% used [0x00000000c0000000,0x00000000c5536160,0x00000000c7000000)
 Metaspace       used 82732K, committed 84160K, reserved 1179648K
  class space    used 8867K, committed 9472K, reserved 1048576K
}
Event: 9.944 GC heap before
{Heap before GC invocations=206 (full 9):
 PSYoungGen      total 6144K, used 6137K [0x00000000eab00000, 0x00000000eb300000, 0x0000000100000000)
  eden space 5120K, 100% used [0x00000000eab00000,0x00000000eb000000,0x00000000eb000000)
  from space 1024K, 99% used [0x00000000eb200000,0x00000000eb2fe550,0x00000000eb300000)
  to   space 1536K, 0% used [0x00000000eb000000,0x00000000eb000000,0x00000000eb180000)
 ParOldGen       total 114688K, used 87256K [0x00000000c0000000, 0x00000000c7000000, 0x00000000eab00000)
  object space 114688K, 76% used [0x00000000c0000000,0x00000000c5536160,0x00000000c7000000)
 Metaspace       used 82823K, committed 84224K, reserved 1179648K
  class space    used 8880K, committed 9472K, reserved 1048576K
}
Event: 9.945 GC heap after
{Heap after GC invocations=206 (full 9):
 PSYoungGen      total 6656K, used 1520K [0x00000000eab00000, 0x00000000eb580000, 0x0000000100000000)
  eden space 5120K, 0% used [0x00000000eab00000,0x00000000eab00000,0x00000000eb000000)
  from space 1536K, 98% used [0x00000000eb000000,0x00000000eb17c038,0x00000000eb180000)
  to   space 2560K, 0% used [0x00000000eb300000,0x00000000eb300000,0x00000000eb580000)
 ParOldGen       total 114688K, used 87669K [0x00000000c0000000, 0x00000000c7000000, 0x00000000eab00000)
  object space 114688K, 76% used [0x00000000c0000000,0x00000000c559d6a0,0x00000000c7000000)
 Metaspace       used 82823K, committed 84224K, reserved 1179648K
  class space    used 8880K, committed 9472K, reserved 1048576K
}
Event: 9.961 GC heap before
{Heap before GC invocations=207 (full 9):
 PSYoungGen      total 6656K, used 6640K [0x00000000eab00000, 0x00000000eb580000, 0x0000000100000000)
  eden space 5120K, 100% used [0x00000000eab00000,0x00000000eb000000,0x00000000eb000000)
  from space 1536K, 98% used [0x00000000eb000000,0x00000000eb17c038,0x00000000eb180000)
  to   space 2560K, 0% used [0x00000000eb300000,0x00000000eb300000,0x00000000eb580000)
 ParOldGen       total 114688K, used 87669K [0x00000000c0000000, 0x00000000c7000000, 0x00000000eab00000)
  object space 114688K, 76% used [0x00000000c0000000,0x00000000c559d6a0,0x00000000c7000000)
 Metaspace       used 82972K, committed 84352K, reserved 1179648K
  class space    used 8888K, committed 9472K, reserved 1048576K
}
Event: 9.963 GC heap after
{Heap after GC invocations=207 (full 9):
 PSYoungGen      total 7168K, used 1325K [0x00000000eab00000, 0x00000000eb480000, 0x0000000100000000)
  eden space 5632K, 0% used [0x00000000eab00000,0x00000000eab00000,0x00000000eb080000)
  from space 1536K, 86% used [0x00000000eb300000,0x00000000eb44b400,0x00000000eb480000)
  to   space 2048K, 0% used [0x00000000eb080000,0x00000000eb080000,0x00000000eb280000)
 ParOldGen       total 114688K, used 89099K [0x00000000c0000000, 0x00000000c7000000, 0x00000000eab00000)
  object space 114688K, 77% used [0x00000000c0000000,0x00000000c5702e68,0x00000000c7000000)
 Metaspace       used 82972K, committed 84352K, reserved 1179648K
  class space    used 8888K, committed 9472K, reserved 1048576K
}
Event: 9.978 GC heap before
{Heap before GC invocations=208 (full 9):
 PSYoungGen      total 7168K, used 6957K [0x00000000eab00000, 0x00000000eb480000, 0x0000000100000000)
  eden space 5632K, 100% used [0x00000000eab00000,0x00000000eb080000,0x00000000eb080000)
  from space 1536K, 86% used [0x00000000eb300000,0x00000000eb44b400,0x00000000eb480000)
  to   space 2048K, 0% used [0x00000000eb080000,0x00000000eb080000,0x00000000eb280000)
 ParOldGen       total 114688K, used 89099K [0x00000000c0000000, 0x00000000c7000000, 0x00000000eab00000)
  object space 114688K, 77% used [0x00000000c0000000,0x00000000c5702e68,0x00000000c7000000)
 Metaspace       used 83108K, committed 84480K, reserved 1179648K
  class space    used 8902K, committed 9472K, reserved 1048576K
}
Event: 9.979 GC heap after
{Heap after GC invocations=208 (full 9):
 PSYoungGen      total 7680K, used 2033K [0x00000000eab00000, 0x00000000eb680000, 0x0000000100000000)
  eden space 5632K, 0% used [0x00000000eab00000,0x00000000eab00000,0x00000000eb080000)
  from space 2048K, 99% used [0x00000000eb080000,0x00000000eb27c568,0x00000000eb280000)
  to   space 2560K, 0% used [0x00000000eb400000,0x00000000eb400000,0x00000000eb680000)
 ParOldGen       total 114688K, used 89333K [0x00000000c0000000, 0x00000000c7000000, 0x00000000eab00000)
  object space 114688K, 77% used [0x00000000c0000000,0x00000000c573d668,0x00000000c7000000)
 Metaspace       used 83108K, committed 84480K, reserved 1179648K
  class space    used 8902K, committed 9472K, reserved 1048576K
}
Event: 9.993 GC heap before
{Heap before GC invocations=209 (full 9):
 PSYoungGen      total 7680K, used 7665K [0x00000000eab00000, 0x00000000eb680000, 0x0000000100000000)
  eden space 5632K, 100% used [0x00000000eab00000,0x00000000eb080000,0x00000000eb080000)
  from space 2048K, 99% used [0x00000000eb080000,0x00000000eb27c568,0x00000000eb280000)
  to   space 2560K, 0% used [0x00000000eb400000,0x00000000eb400000,0x00000000eb680000)
 ParOldGen       total 114688K, used 89333K [0x00000000c0000000, 0x00000000c7000000, 0x00000000eab00000)
  object space 114688K, 77% used [0x00000000c0000000,0x00000000c573d668,0x00000000c7000000)
 Metaspace       used 83208K, committed 84544K, reserved 1179648K
  class space    used 8911K, committed 9472K, reserved 1048576K
}
Event: 9.995 GC heap after
{Heap after GC invocations=209 (full 9):
 PSYoungGen      total 8192K, used 1161K [0x00000000eab00000, 0x00000000eb580000, 0x0000000100000000)
  eden space 6656K, 0% used [0x00000000eab00000,0x00000000eab00000,0x00000000eb180000)
  from space 1536K, 75% used [0x00000000eb400000,0x00000000eb522790,0x00000000eb580000)
  to   space 2048K, 0% used [0x00000000eb180000,0x00000000eb180000,0x00000000eb380000)
 ParOldGen       total 114688K, used 91351K [0x00000000c0000000, 0x00000000c7000000, 0x00000000eab00000)
  object space 114688K, 79% used [0x00000000c0000000,0x00000000c5935f98,0x00000000c7000000)
 Metaspace       used 83208K, committed 84544K, reserved 1179648K
  class space    used 8911K, committed 9472K, reserved 1048576K
}
Event: 10.013 GC heap before
{Heap before GC invocations=210 (full 9):
 PSYoungGen      total 8192K, used 7817K [0x00000000eab00000, 0x00000000eb580000, 0x0000000100000000)
  eden space 6656K, 100% used [0x00000000eab00000,0x00000000eb180000,0x00000000eb180000)
  from space 1536K, 75% used [0x00000000eb400000,0x00000000eb522790,0x00000000eb580000)
  to   space 2048K, 0% used [0x00000000eb180000,0x00000000eb180000,0x00000000eb380000)
 ParOldGen       total 114688K, used 91351K [0x00000000c0000000, 0x00000000c7000000, 0x00000000eab00000)
  object space 114688K, 79% used [0x00000000c0000000,0x00000000c5935f98,0x00000000c7000000)
 Metaspace       used 83250K, committed 84608K, reserved 1179648K
  class space    used 8916K, committed 9472K, reserved 1048576K
}
Event: 10.015 GC heap after
{Heap after GC invocations=210 (full 9):
 PSYoungGen      total 8704K, used 2037K [0x00000000eab00000, 0x00000000eb780000, 0x0000000100000000)
  eden space 6656K, 0% used [0x00000000eab00000,0x00000000eab00000,0x00000000eb180000)
  from space 2048K, 99% used [0x00000000eb180000,0x00000000eb37d7f0,0x00000000eb380000)
  to   space 2560K, 0% used [0x00000000eb500000,0x00000000eb500000,0x00000000eb780000)
 ParOldGen       total 114688K, used 91609K [0x00000000c0000000, 0x00000000c7000000, 0x00000000eab00000)
  object space 114688K, 79% used [0x00000000c0000000,0x00000000c5976708,0x00000000c7000000)
 Metaspace       used 83250K, committed 84608K, reserved 1179648K
  class space    used 8916K, committed 9472K, reserved 1048576K
}
Event: 10.041 GC heap before
{Heap before GC invocations=211 (full 9):
 PSYoungGen      total 8704K, used 8693K [0x00000000eab00000, 0x00000000eb780000, 0x0000000100000000)
  eden space 6656K, 100% used [0x00000000eab00000,0x00000000eb180000,0x00000000eb180000)
  from space 2048K, 99% used [0x00000000eb180000,0x00000000eb37d7f0,0x00000000eb380000)
  to   space 2560K, 0% used [0x00000000eb500000,0x00000000eb500000,0x00000000eb780000)
 ParOldGen       total 114688K, used 91609K [0x00000000c0000000, 0x00000000c7000000, 0x00000000eab00000)
  object space 114688K, 79% used [0x00000000c0000000,0x00000000c5976708,0x00000000c7000000)
 Metaspace       used 83254K, committed 84608K, reserved 1179648K
  class space    used 8916K, committed 9472K, reserved 1048576K
}
Event: 10.043 GC heap after
{Heap after GC invocations=211 (full 9):
 PSYoungGen      total 8704K, used 1678K [0x00000000eab00000, 0x00000000eb700000, 0x0000000100000000)
  eden space 6656K, 0% used [0x00000000eab00000,0x00000000eab00000,0x00000000eb180000)
  from space 2048K, 81% used [0x00000000eb500000,0x00000000eb6a3be0,0x00000000eb700000)
  to   space 2048K, 0% used [0x00000000eb180000,0x00000000eb180000,0x00000000eb380000)
 ParOldGen       total 114688K, used 93503K [0x00000000c0000000, 0x00000000c7000000, 0x00000000eab00000)
  object space 114688K, 81% used [0x00000000c0000000,0x00000000c5b4fe68,0x00000000c7000000)
 Metaspace       used 83254K, committed 84608K, reserved 1179648K
  class space    used 8916K, committed 9472K, reserved 1048576K
}
Event: 10.064 GC heap before
{Heap before GC invocations=212 (full 9):
 PSYoungGen      total 8704K, used 8334K [0x00000000eab00000, 0x00000000eb700000, 0x0000000100000000)
  eden space 6656K, 100% used [0x00000000eab00000,0x00000000eb180000,0x00000000eb180000)
  from space 2048K, 81% used [0x00000000eb500000,0x00000000eb6a3be0,0x00000000eb700000)
  to   space 2048K, 0% used [0x00000000eb180000,0x00000000eb180000,0x00000000eb380000)
 ParOldGen       total 114688K, used 93503K [0x00000000c0000000, 0x00000000c7000000, 0x00000000eab00000)
  object space 114688K, 81% used [0x00000000c0000000,0x00000000c5b4fe68,0x00000000c7000000)
 Metaspace       used 83254K, committed 84608K, reserved 1179648K
  class space    used 8916K, committed 9472K, reserved 1048576K
}
Event: 10.066 GC heap after
{Heap after GC invocations=212 (full 9):
 PSYoungGen      total 8704K, used 2032K [0x00000000eab00000, 0x00000000eb880000, 0x0000000100000000)
  eden space 6656K, 0% used [0x00000000eab00000,0x00000000eab00000,0x00000000eb180000)
  from space 2048K, 99% used [0x00000000eb180000,0x00000000eb37c2e0,0x00000000eb380000)
  to   space 3584K, 0% used [0x00000000eb500000,0x00000000eb500000,0x00000000eb880000)
 ParOldGen       total 114688K, used 94379K [0x00000000c0000000, 0x00000000c7000000, 0x00000000eab00000)
  object space 114688K, 82% used [0x00000000c0000000,0x00000000c5c2ac50,0x00000000c7000000)
 Metaspace       used 83254K, committed 84608K, reserved 1179648K
  class space    used 8916K, committed 9472K, reserved 1048576K
}
Event: 10.088 GC heap before
{Heap before GC invocations=213 (full 9):
 PSYoungGen      total 8704K, used 8688K [0x00000000eab00000, 0x00000000eb880000, 0x0000000100000000)
  eden space 6656K, 100% used [0x00000000eab00000,0x00000000eb180000,0x00000000eb180000)
  from space 2048K, 99% used [0x00000000eb180000,0x00000000eb37c2e0,0x00000000eb380000)
  to   space 3584K, 0% used [0x00000000eb500000,0x00000000eb500000,0x00000000eb880000)
 ParOldGen       total 114688K, used 94379K [0x00000000c0000000, 0x00000000c7000000, 0x00000000eab00000)
  object space 114688K, 82% used [0x00000000c0000000,0x00000000c5c2ac50,0x00000000c7000000)
 Metaspace       used 83255K, committed 84608K, reserved 1179648K
  class space    used 8916K, committed 9472K, reserved 1048576K
}
Event: 10.089 GC heap after
{Heap after GC invocations=213 (full 9):
 PSYoungGen      total 8192K, used 1509K [0x00000000eab00000, 0x00000000eb680000, 0x0000000100000000)
  eden space 6656K, 0% used [0x00000000eab00000,0x00000000eab00000,0x00000000eb180000)
  from space 1536K, 98% used [0x00000000eb500000,0x00000000eb679678,0x00000000eb680000)
  to   space 2048K, 0% used [0x00000000eb280000,0x00000000eb280000,0x00000000eb480000)
 ParOldGen       total 114688K, used 96375K [0x00000000c0000000, 0x00000000c7000000, 0x00000000eab00000)
  object space 114688K, 84% used [0x00000000c0000000,0x00000000c5e1dee0,0x00000000c7000000)
 Metaspace       used 83255K, committed 84608K, reserved 1179648K
  class space    used 8916K, committed 9472K, reserved 1048576K
}

Dll operation events (12 events):
Event: 0.009 Loaded shared library c:\Users\alhdh\.vscode\extensions\redhat.java-1.30.0-win32-x64\jre\17.0.10-win32-x86_64\bin\java.dll
Event: 0.109 Loaded shared library c:\Users\alhdh\.vscode\extensions\redhat.java-1.30.0-win32-x64\jre\17.0.10-win32-x86_64\bin\zip.dll
Event: 0.111 Loaded shared library C:\Users\alhdh\.vscode\extensions\redhat.java-1.30.0-win32-x64\jre\17.0.10-win32-x86_64\bin\instrument.dll
Event: 0.124 Loaded shared library C:\Users\alhdh\.vscode\extensions\redhat.java-1.30.0-win32-x64\jre\17.0.10-win32-x86_64\bin\net.dll
Event: 0.126 Loaded shared library C:\Users\alhdh\.vscode\extensions\redhat.java-1.30.0-win32-x64\jre\17.0.10-win32-x86_64\bin\nio.dll
Event: 0.130 Loaded shared library C:\Users\alhdh\.vscode\extensions\redhat.java-1.30.0-win32-x64\jre\17.0.10-win32-x86_64\bin\zip.dll
Event: 0.140 Loaded shared library C:\Users\alhdh\.vscode\extensions\redhat.java-1.30.0-win32-x64\jre\17.0.10-win32-x86_64\bin\jimage.dll
Event: 0.178 Loaded shared library c:\Users\alhdh\.vscode\extensions\redhat.java-1.30.0-win32-x64\jre\17.0.10-win32-x86_64\bin\verify.dll
Event: 0.877 Loaded shared library C:\Users\alhdh\AppData\Roaming\Code\User\globalStorage\redhat.java\1.30.0\config_win\org.eclipse.equinox.launcher\org.eclipse.equinox.launcher.win32.win32.x86_64_1.2.900.v20240213-1244\eclipse_11900.dll
Event: 3.001 Loaded shared library C:\Users\alhdh\AppData\Local\Temp\jna-92902113\jna3942597679470598416.dll
Event: 7.769 Loaded shared library C:\Users\alhdh\.vscode\extensions\redhat.java-1.30.0-win32-x64\jre\17.0.10-win32-x86_64\bin\sunmscapi.dll
Event: 8.731 Loaded shared library C:\Users\alhdh\.vscode\extensions\redhat.java-1.30.0-win32-x64\jre\17.0.10-win32-x86_64\bin\extnet.dll

Deoptimization events (20 events):
Event: 10.000 Thread 0x000002b2e1529df0 Uncommon trap: trap_request=0xffffff45 fr.pc=0x000002b2cfd33114 relative=0x0000000000002c14
Event: 10.000 Thread 0x000002b2e1529df0 Uncommon trap: reason=unstable_if action=reinterpret pc=0x000002b2cfd33114 method=sun.nio.fs.WindowsFileSystemProvider.readAttributes(Ljava/nio/file/Path;Ljava/lang/Class;[Ljava/nio/file/LinkOption;)Ljava/nio/file/attribute/BasicFileAttributes; @ 16 c2
Event: 10.000 Thread 0x000002b2e1529df0 DEOPT PACKING pc=0x000002b2cfd33114 sp=0x000000e9e0ffd4f0
Event: 10.000 Thread 0x000002b2e1529df0 DEOPT UNPACKING pc=0x000002b2cf4066a3 sp=0x000000e9e0ffd488 mode 2
Event: 10.005 Thread 0x000002b2e08eefc0 DEOPT PACKING pc=0x000002b2c8fe4163 sp=0x000000e9df6fe160
Event: 10.005 Thread 0x000002b2e08eefc0 DEOPT UNPACKING pc=0x000002b2cf406e43 sp=0x000000e9df6fd698 mode 0
Event: 10.022 Thread 0x000002b2e08eefc0 DEOPT PACKING pc=0x000002b2c8fe4163 sp=0x000000e9df6fe160
Event: 10.022 Thread 0x000002b2e08eefc0 DEOPT UNPACKING pc=0x000002b2cf406e43 sp=0x000000e9df6fd698 mode 0
Event: 10.036 Thread 0x000002b2e08eefc0 DEOPT PACKING pc=0x000002b2c8fe4163 sp=0x000000e9df6fe160
Event: 10.036 Thread 0x000002b2e08eefc0 DEOPT UNPACKING pc=0x000002b2cf406e43 sp=0x000000e9df6fd698 mode 0
Event: 10.053 Thread 0x000002b2e08eefc0 DEOPT PACKING pc=0x000002b2c8fe4163 sp=0x000000e9df6fe160
Event: 10.053 Thread 0x000002b2e08eefc0 DEOPT UNPACKING pc=0x000002b2cf406e43 sp=0x000000e9df6fd698 mode 0
Event: 10.067 Thread 0x000002b2e08eefc0 DEOPT PACKING pc=0x000002b2c8fe4163 sp=0x000000e9df6fe160
Event: 10.067 Thread 0x000002b2e08eefc0 DEOPT UNPACKING pc=0x000002b2cf406e43 sp=0x000000e9df6fd698 mode 0
Event: 10.075 Thread 0x000002b2e08eefc0 DEOPT PACKING pc=0x000002b2c8fe4163 sp=0x000000e9df6fe160
Event: 10.076 Thread 0x000002b2e08eefc0 DEOPT UNPACKING pc=0x000002b2cf406e43 sp=0x000000e9df6fd698 mode 0
Event: 10.083 Thread 0x000002b2e08eefc0 DEOPT PACKING pc=0x000002b2c8fe4163 sp=0x000000e9df6fe160
Event: 10.083 Thread 0x000002b2e08eefc0 DEOPT UNPACKING pc=0x000002b2cf406e43 sp=0x000000e9df6fd698 mode 0
Event: 10.095 Thread 0x000002b2e08eefc0 DEOPT PACKING pc=0x000002b2c8fe4163 sp=0x000000e9df6fe160
Event: 10.095 Thread 0x000002b2e08eefc0 DEOPT UNPACKING pc=0x000002b2cf406e43 sp=0x000000e9df6fd698 mode 0

Classes unloaded (20 events):
Event: 2.747 Thread 0x000002b2c5277c40 Unloading class 0x0000000100252400 'java/lang/invoke/LambdaForm$MH+0x0000000100252400'
Event: 2.747 Thread 0x000002b2c5277c40 Unloading class 0x0000000100252000 'java/lang/invoke/LambdaForm$MH+0x0000000100252000'
Event: 2.747 Thread 0x000002b2c5277c40 Unloading class 0x0000000100251c00 'java/lang/invoke/LambdaForm$MH+0x0000000100251c00'
Event: 2.747 Thread 0x000002b2c5277c40 Unloading class 0x0000000100251800 'java/lang/invoke/LambdaForm$MH+0x0000000100251800'
Event: 2.747 Thread 0x000002b2c5277c40 Unloading class 0x0000000100251400 'java/lang/invoke/LambdaForm$BMH+0x0000000100251400'
Event: 2.747 Thread 0x000002b2c5277c40 Unloading class 0x0000000100251000 'java/lang/invoke/LambdaForm$DMH+0x0000000100251000'
Event: 2.747 Thread 0x000002b2c5277c40 Unloading class 0x000000010024c400 'java/lang/invoke/LambdaForm$DMH+0x000000010024c400'
Event: 6.615 Thread 0x000002b2c5277c40 Unloading class 0x000000010075b400 'java/lang/invoke/LambdaForm$DMH+0x000000010075b400'
Event: 6.615 Thread 0x000002b2c5277c40 Unloading class 0x000000010075b000 'java/lang/invoke/LambdaForm$DMH+0x000000010075b000'
Event: 6.615 Thread 0x000002b2c5277c40 Unloading class 0x000000010075ac00 'java/lang/invoke/LambdaForm$DMH+0x000000010075ac00'
Event: 6.615 Thread 0x000002b2c5277c40 Unloading class 0x000000010075a800 'java/lang/invoke/LambdaForm$DMH+0x000000010075a800'
Event: 6.615 Thread 0x000002b2c5277c40 Unloading class 0x000000010075a400 'java/lang/invoke/LambdaForm$DMH+0x000000010075a400'
Event: 6.615 Thread 0x000002b2c5277c40 Unloading class 0x000000010075a000 'java/lang/invoke/LambdaForm$DMH+0x000000010075a000'
Event: 6.615 Thread 0x000002b2c5277c40 Unloading class 0x0000000100759c00 'java/lang/invoke/LambdaForm$DMH+0x0000000100759c00'
Event: 6.615 Thread 0x000002b2c5277c40 Unloading class 0x0000000100759800 'java/lang/invoke/LambdaForm$DMH+0x0000000100759800'
Event: 6.615 Thread 0x000002b2c5277c40 Unloading class 0x0000000100759400 'java/lang/invoke/LambdaForm$DMH+0x0000000100759400'
Event: 7.950 Thread 0x000002b2c5277c40 Unloading class 0x0000000100831c00 'java/lang/invoke/LambdaForm$DMH+0x0000000100831c00'
Event: 7.950 Thread 0x000002b2c5277c40 Unloading class 0x0000000100831400 'java/lang/invoke/LambdaForm$DMH+0x0000000100831400'
Event: 7.950 Thread 0x000002b2c5277c40 Unloading class 0x0000000100831000 'java/lang/invoke/LambdaForm$DMH+0x0000000100831000'
Event: 7.950 Thread 0x000002b2c5277c40 Unloading class 0x0000000100831800 'java/lang/invoke/LambdaForm$DMH+0x0000000100831800'

Classes redefined (0 events):
No events

Internal exceptions (20 events):
Event: 8.137 Thread 0x000002b2e08eadf0 Exception <a 'java/lang/ClassCastException'{0x00000000eaf23a48}: class org.eclipse.jdt.internal.compiler.lookup.BinaryTypeBinding cannot be cast to class org.eclipse.jdt.internal.compiler.lookup.SourceTypeBinding (org.eclipse.jdt.internal.compiler.lookup.BinaryTypeBinding and org.eclipse.jdt.internal.compiler.lookup.SourceTypeBinding are in unnamed module of loader org.eclipse.osgi.internal.loader.EquinoxClassLoader @251d829b)> (0x00000000eaf23a48) 
thrown [s\src\hotspot\share\interpreter\interpreterRuntim
Event: 8.648 Thread 0x000002b2de33dab0 Exception <a 'java/lang/ClassNotFoundException'{0x00000000eb32c138}: sun/net/www/protocol/eclipse-javadoc/Handler> (0x00000000eb32c138) 
thrown [s\src\hotspot\share\classfile\systemDictionary.cpp, line 256]
Event: 8.649 Thread 0x000002b2de33dab0 Exception <a 'java/lang/ClassNotFoundException'{0x00000000eb43adf8}: sun/net/www/protocol/eclipse-javadoc/Handler> (0x00000000eb43adf8) 
thrown [s\src\hotspot\share\classfile\systemDictionary.cpp, line 256]
Event: 8.811 Thread 0x000002b2e152dab0 Exception <a 'java/lang/NoSuchMethodError'{0x00000000ead69c20}: 'long java.lang.invoke.DirectMethodHandle$Holder.invokeStatic(java.lang.Object, java.lang.Object)'> (0x00000000ead69c20) 
thrown [s\src\hotspot\share\interpreter\linkResolver.cpp, line 759]
Event: 8.837 Thread 0x000002b2e152dab0 Exception <a 'java/lang/NoSuchMethodError'{0x00000000eada0f80}: static Lorg/apache/maven/model/InputLocation;.<clinit>()V> (0x00000000eada0f80) 
thrown [s\src\hotspot\share\prims\jni.cpp, line 1107]
Event: 8.839 Thread 0x000002b2e152dab0 Exception <a 'java/lang/NoSuchMethodError'{0x00000000eadbf0c0}: static Lorg/apache/maven/model/InputSource;.<clinit>()V> (0x00000000eadbf0c0) 
thrown [s\src\hotspot\share\prims\jni.cpp, line 1107]
Event: 8.867 Thread 0x000002b2e08eefc0 Exception <a 'sun/nio/fs/WindowsException'{0x00000000eae383c0}> (0x00000000eae383c0) 
thrown [s\src\hotspot\share\prims\jni.cpp, line 516]
Event: 8.900 Thread 0x000002b2e152dab0 Exception <a 'java/lang/NoSuchMethodError'{0x00000000eae9ce38}: 'void java.lang.invoke.DirectMethodHandle$Holder.invokeSpecial(java.lang.Object, java.lang.Object, java.lang.Object, java.lang.Object, java.lang.Object)'> (0x00000000eae9ce38) 
thrown [s\src\hotspot\share\interpreter\linkResolver.cpp, line 759]
Event: 9.412 Thread 0x000002b2e152bc50 Implicit null exception at 0x000002b2cf990e96 to 0x000002b2cf991635
Event: 9.535 Thread 0x000002b2e152dab0 Exception <a 'java/lang/NoSuchMethodError'{0x00000000ead0d368}: static [Lorg/eclipse/jdt/core/IClasspathEntry;.<clinit>()V> (0x00000000ead0d368) 
thrown [s\src\hotspot\share\prims\jni.cpp, line 1107]
Event: 9.535 Thread 0x000002b2e152dab0 Exception <a 'java/lang/NoSuchMethodError'{0x00000000ead0e5d8}: static [Lorg/eclipse/jdt/core/IAccessRule;.<clinit>()V> (0x00000000ead0e5d8) 
thrown [s\src\hotspot\share\prims\jni.cpp, line 1107]
Event: 9.535 Thread 0x000002b2e152dab0 Exception <a 'java/lang/NoSuchMethodError'{0x00000000ead0f0f8}: static [Lorg/eclipse/jdt/core/IClasspathAttribute;.<clinit>()V> (0x00000000ead0f0f8) 
thrown [s\src\hotspot\share\prims\jni.cpp, line 1107]
Event: 9.550 Thread 0x000002b2e152dab0 Exception <a 'java/lang/NoSuchMethodError'{0x00000000eafa6220}: 'int java.lang.invoke.DirectMethodHandle$Holder.invokeSpecial(java.lang.Object, java.lang.Object, java.lang.Object, java.lang.Object, java.lang.Object)'> (0x00000000eafa6220) 
thrown [s\src\hotspot\share\interpreter\linkResolver.cpp, line 759]
Event: 9.584 Thread 0x000002b2e08eefc0 Exception <a 'sun/nio/fs/WindowsException'{0x00000000eb0a0368}> (0x00000000eb0a0368) 
thrown [s\src\hotspot\share\prims\jni.cpp, line 516]
Event: 9.772 Thread 0x000002b2e152dfc0 Exception <a 'java/lang/InterruptedException'{0x00000000eacb1da0}> (0x00000000eacb1da0) 
thrown [s\src\hotspot\share\runtime\objectMonitor.cpp, line 1480]
Event: 9.796 Thread 0x000002b2e1529df0 Exception <a 'java/lang/NoSuchMethodError'{0x00000000eacd00d8}: 'java.lang.Object java.lang.invoke.DirectMethodHandle$Holder.newInvokeSpecial(java.lang.Object, java.lang.Object, int, java.lang.Object, java.lang.Object)'> (0x00000000eacd00d8) 
thrown [s\src\hotspot\share\interpreter\linkResolver.cpp, line 759]
Event: 9.797 Thread 0x000002b2e1529df0 Exception <a 'java/lang/NoSuchMethodError'{0x00000000eacf2678}: 'java.lang.Object java.lang.invoke.Invokers$Holder.linkToTargetMethod(java.lang.Object, int, java.lang.Object, java.lang.Object, java.lang.Object)'> (0x00000000eacf2678) 
thrown [s\src\hotspot\share\interpreter\linkResolver.cpp, line 759]
Event: 9.827 Thread 0x000002b2e1529df0 Exception <a 'java/io/FileNotFoundException'{0x00000000eaeb4cd0}> (0x00000000eaeb4cd0) 
thrown [s\src\hotspot\share\prims\jni.cpp, line 516]
Event: 9.827 Thread 0x000002b2e1529df0 Exception <a 'java/io/FileNotFoundException'{0x00000000eaeb5f58}> (0x00000000eaeb5f58) 
thrown [s\src\hotspot\share\prims\jni.cpp, line 516]
Event: 9.827 Thread 0x000002b2e1529df0 Exception <a 'java/io/FileNotFoundException'{0x00000000eaeb6f38}> (0x00000000eaeb6f38) 
thrown [s\src\hotspot\share\prims\jni.cpp, line 516]

VM Operations (20 events):
Event: 9.908 Executing VM operation: ParallelGCFailedAllocation
Event: 9.910 Executing VM operation: ParallelGCFailedAllocation done
Event: 9.924 Executing VM operation: ParallelGCFailedAllocation
Event: 9.925 Executing VM operation: ParallelGCFailedAllocation done
Event: 9.944 Executing VM operation: ParallelGCFailedAllocation
Event: 9.945 Executing VM operation: ParallelGCFailedAllocation done
Event: 9.961 Executing VM operation: ParallelGCFailedAllocation
Event: 9.963 Executing VM operation: ParallelGCFailedAllocation done
Event: 9.978 Executing VM operation: ParallelGCFailedAllocation
Event: 9.979 Executing VM operation: ParallelGCFailedAllocation done
Event: 9.993 Executing VM operation: ParallelGCFailedAllocation
Event: 9.995 Executing VM operation: ParallelGCFailedAllocation done
Event: 10.013 Executing VM operation: ParallelGCFailedAllocation
Event: 10.015 Executing VM operation: ParallelGCFailedAllocation done
Event: 10.041 Executing VM operation: ParallelGCFailedAllocation
Event: 10.043 Executing VM operation: ParallelGCFailedAllocation done
Event: 10.064 Executing VM operation: ParallelGCFailedAllocation
Event: 10.066 Executing VM operation: ParallelGCFailedAllocation done
Event: 10.088 Executing VM operation: ParallelGCFailedAllocation
Event: 10.089 Executing VM operation: ParallelGCFailedAllocation done

Events (20 events):
Event: 9.829 Thread 0x000002b2ee3cfe80 Thread added: 0x000002b2ee3cfe80
Event: 9.829 loading class sun/net/www/http/ClientVector
Event: 9.829 loading class sun/net/www/http/ClientVector done
Event: 9.830 loading class sun/net/www/http/KeepAliveEntry
Event: 9.830 loading class sun/net/www/http/KeepAliveEntry done
Event: 9.838 Thread 0x000002b2e152bc50 Thread exited: 0x000002b2e152bc50
Event: 9.860 Thread 0x000002b2ee3cd0f0 Thread added: 0x000002b2ee3cd0f0
Event: 9.860 Thread 0x000002b2ee3cea40 Thread added: 0x000002b2ee3cea40
Event: 9.860 Thread 0x000002b2ee3cd600 Thread added: 0x000002b2ee3cd600
Event: 9.860 Thread 0x000002b2ee3c9e50 Thread added: 0x000002b2ee3c9e50
Event: 9.860 Thread 0x000002b2ee3cad80 Thread added: 0x000002b2ee3cad80
Event: 9.884 Thread 0x000002b2ee3cd0f0 Thread exited: 0x000002b2ee3cd0f0
Event: 9.884 Thread 0x000002b2ee3cea40 Thread exited: 0x000002b2ee3cea40
Event: 9.884 Thread 0x000002b2ee3cd600 Thread exited: 0x000002b2ee3cd600
Event: 9.884 Thread 0x000002b2ee3c9e50 Thread exited: 0x000002b2ee3c9e50
Event: 9.884 Thread 0x000002b2ee3cad80 Thread exited: 0x000002b2ee3cad80
Event: 9.990 loading class java/io/CharArrayWriter
Event: 9.990 loading class java/io/CharArrayWriter done
Event: 10.000 loading class java/nio/file/attribute/PosixFileAttributes
Event: 10.000 loading class java/nio/file/attribute/PosixFileAttributes done


Dynamic libraries:
0x00007ff704300000 - 0x00007ff70430e000 	c:\Users\alhdh\.vscode\extensions\redhat.java-1.30.0-win32-x64\jre\17.0.10-win32-x86_64\bin\java.exe
0x00007ffe44d30000 - 0x00007ffe44f28000 	C:\Windows\SYSTEM32\ntdll.dll
0x00007ffdedc70000 - 0x00007ffdedc89000 	C:\Program Files\Avast Software\Avast\aswhook.dll
0x00007ffe44200000 - 0x00007ffe442bd000 	C:\Windows\System32\KERNEL32.DLL
0x00007ffe427e0000 - 0x00007ffe42ad6000 	C:\Windows\System32\KERNELBASE.dll
0x00007ffe426e0000 - 0x00007ffe427e0000 	C:\Windows\System32\ucrtbase.dll
0x00007ffe3d7a0000 - 0x00007ffe3d7b7000 	c:\Users\alhdh\.vscode\extensions\redhat.java-1.30.0-win32-x64\jre\17.0.10-win32-x86_64\bin\jli.dll
0x00007ffe384c0000 - 0x00007ffe384db000 	c:\Users\alhdh\.vscode\extensions\redhat.java-1.30.0-win32-x64\jre\17.0.10-win32-x86_64\bin\VCRUNTIME140.dll
0x00007ffe443e0000 - 0x00007ffe4457e000 	C:\Windows\System32\USER32.dll
0x00007ffe42610000 - 0x00007ffe42632000 	C:\Windows\System32\win32u.dll
0x00007ffe262f0000 - 0x00007ffe2658a000 	C:\Windows\WinSxS\amd64_microsoft.windows.common-controls_6595b64144ccf1df_6.0.19041.3636_none_60b6a03d71f818d5\COMCTL32.dll
0x00007ffe44580000 - 0x00007ffe445ac000 	C:\Windows\System32\GDI32.dll
0x00007ffe42d80000 - 0x00007ffe42e1e000 	C:\Windows\System32\msvcrt.dll
0x00007ffe42ae0000 - 0x00007ffe42bfa000 	C:\Windows\System32\gdi32full.dll
0x00007ffe42640000 - 0x00007ffe426dd000 	C:\Windows\System32\msvcp_win.dll
0x00007ffe44cb0000 - 0x00007ffe44ce0000 	C:\Windows\System32\IMM32.DLL
0x00007ffe3f700000 - 0x00007ffe3f70c000 	c:\Users\alhdh\.vscode\extensions\redhat.java-1.30.0-win32-x64\jre\17.0.10-win32-x86_64\bin\vcruntime140_1.dll
0x00007ffe18dd0000 - 0x00007ffe18e5d000 	c:\Users\alhdh\.vscode\extensions\redhat.java-1.30.0-win32-x64\jre\17.0.10-win32-x86_64\bin\msvcp140.dll
0x00007ffdd8a90000 - 0x00007ffdd96f2000 	c:\Users\alhdh\.vscode\extensions\redhat.java-1.30.0-win32-x64\jre\17.0.10-win32-x86_64\bin\server\jvm.dll
0x00007ffe44680000 - 0x00007ffe44733000 	C:\Windows\System32\ADVAPI32.dll
0x00007ffe44c10000 - 0x00007ffe44caf000 	C:\Windows\System32\sechost.dll
0x00007ffe43360000 - 0x00007ffe43486000 	C:\Windows\System32\RPCRT4.dll
0x00007ffe42d50000 - 0x00007ffe42d77000 	C:\Windows\System32\bcrypt.dll
0x00007ffe20650000 - 0x00007ffe20659000 	C:\Windows\SYSTEM32\WSOCK32.dll
0x00007ffe41960000 - 0x00007ffe419ab000 	C:\Windows\SYSTEM32\POWRPROF.dll
0x00007ffe2a910000 - 0x00007ffe2a937000 	C:\Windows\SYSTEM32\WINMM.dll
0x00007ffe44b40000 - 0x00007ffe44bab000 	C:\Windows\System32\WS2_32.dll
0x00007ffe3a730000 - 0x00007ffe3a73a000 	C:\Windows\SYSTEM32\VERSION.dll
0x00007ffe417d0000 - 0x00007ffe417e2000 	C:\Windows\SYSTEM32\UMPDC.dll
0x00007ffe40c00000 - 0x00007ffe40c12000 	C:\Windows\SYSTEM32\kernel.appcore.dll
0x00007ffe37360000 - 0x00007ffe3736a000 	c:\Users\alhdh\.vscode\extensions\redhat.java-1.30.0-win32-x64\jre\17.0.10-win32-x86_64\bin\jimage.dll
0x00007ffe40900000 - 0x00007ffe40ae4000 	C:\Windows\SYSTEM32\DBGHELP.DLL
0x00007ffe37500000 - 0x00007ffe37534000 	C:\Windows\SYSTEM32\dbgcore.DLL
0x00007ffe42cc0000 - 0x00007ffe42d42000 	C:\Windows\System32\bcryptPrimitives.dll
0x00007ffe322f0000 - 0x00007ffe322fe000 	c:\Users\alhdh\.vscode\extensions\redhat.java-1.30.0-win32-x64\jre\17.0.10-win32-x86_64\bin\instrument.dll
0x00007ffe20b70000 - 0x00007ffe20b95000 	c:\Users\alhdh\.vscode\extensions\redhat.java-1.30.0-win32-x64\jre\17.0.10-win32-x86_64\bin\java.dll
0x00007ffe22220000 - 0x00007ffe22238000 	c:\Users\alhdh\.vscode\extensions\redhat.java-1.30.0-win32-x64\jre\17.0.10-win32-x86_64\bin\zip.dll
0x00007ffe43490000 - 0x00007ffe43bd5000 	C:\Windows\System32\SHELL32.dll
0x00007ffe40090000 - 0x00007ffe4082b000 	C:\Windows\SYSTEM32\windows.storage.dll
0x00007ffe43c90000 - 0x00007ffe43fe4000 	C:\Windows\System32\combase.dll
0x00007ffe41d50000 - 0x00007ffe41d7d000 	C:\Windows\SYSTEM32\Wldp.dll
0x00007ffe448e0000 - 0x00007ffe4498d000 	C:\Windows\System32\SHCORE.dll
0x00007ffe44880000 - 0x00007ffe448d5000 	C:\Windows\System32\shlwapi.dll
0x00007ffe42330000 - 0x00007ffe42355000 	C:\Windows\SYSTEM32\profapi.dll
0x00007ffe3d770000 - 0x00007ffe3d789000 	C:\Users\alhdh\.vscode\extensions\redhat.java-1.30.0-win32-x64\jre\17.0.10-win32-x86_64\bin\net.dll
0x00007ffe3c520000 - 0x00007ffe3c62a000 	C:\Windows\SYSTEM32\WINHTTP.dll
0x00007ffe41b30000 - 0x00007ffe41b9a000 	C:\Windows\system32\mswsock.dll
0x00007ffe249a0000 - 0x00007ffe249b6000 	C:\Users\alhdh\.vscode\extensions\redhat.java-1.30.0-win32-x64\jre\17.0.10-win32-x86_64\bin\nio.dll
0x00007ffe3d9e0000 - 0x00007ffe3d9f0000 	c:\Users\alhdh\.vscode\extensions\redhat.java-1.30.0-win32-x64\jre\17.0.10-win32-x86_64\bin\verify.dll
0x00007ffe18c70000 - 0x00007ffe18cae000 	C:\Users\alhdh\AppData\Roaming\Code\User\globalStorage\redhat.java\1.30.0\config_win\org.eclipse.equinox.launcher\org.eclipse.equinox.launcher.win32.win32.x86_64_1.2.900.v20240213-1244\eclipse_11900.dll
0x00007ffe44050000 - 0x00007ffe4417b000 	C:\Windows\System32\ole32.dll
0x00007ffe41d90000 - 0x00007ffe41da8000 	C:\Windows\SYSTEM32\CRYPTSP.dll
0x00007ffe41410000 - 0x00007ffe41444000 	C:\Windows\system32\rsaenh.dll
0x00007ffe422b0000 - 0x00007ffe422de000 	C:\Windows\SYSTEM32\USERENV.dll
0x00007ffe41cc0000 - 0x00007ffe41ccc000 	C:\Windows\SYSTEM32\CRYPTBASE.dll
0x00007ffe417f0000 - 0x00007ffe4182b000 	C:\Windows\SYSTEM32\IPHLPAPI.DLL
0x00007ffe44ce0000 - 0x00007ffe44ce8000 	C:\Windows\System32\NSI.dll
0x00007ffe3a630000 - 0x00007ffe3a647000 	C:\Windows\SYSTEM32\dhcpcsvc6.DLL
0x00007ffe3a4c0000 - 0x00007ffe3a4dd000 	C:\Windows\SYSTEM32\dhcpcsvc.DLL
0x00007ffe41830000 - 0x00007ffe418fa000 	C:\Windows\SYSTEM32\DNSAPI.dll
0x00007ffe18be0000 - 0x00007ffe18c25000 	C:\Users\alhdh\AppData\Local\Temp\jna-92902113\jna3942597679470598416.dll
0x00007ffe43bf0000 - 0x00007ffe43bf8000 	C:\Windows\System32\PSAPI.DLL
0x00007ffe3b7c0000 - 0x00007ffe3b7ce000 	C:\Users\alhdh\.vscode\extensions\redhat.java-1.30.0-win32-x64\jre\17.0.10-win32-x86_64\bin\sunmscapi.dll
0x00007ffe42400000 - 0x00007ffe4255d000 	C:\Windows\System32\CRYPT32.dll
0x00007ffe41ea0000 - 0x00007ffe41ec8000 	C:\Windows\SYSTEM32\ncrypt.dll
0x00007ffe41e60000 - 0x00007ffe41e9b000 	C:\Windows\SYSTEM32\NTASN1.dll
0x0000000055730000 - 0x000000005573b000 	C:\Program Files\National Instruments\Shared\mDNS Responder\nimdnsNSP.dll
0x0000000055710000 - 0x0000000055721000 	C:\Windows\SYSTEM32\nimdnsResponder.dll
0x00007ffe3a620000 - 0x00007ffe3a62a000 	C:\Windows\System32\rasadhlp.dll
0x00007ffe37640000 - 0x00007ffe376c0000 	C:\Windows\System32\fwpuclnt.dll
0x00007ffe3d760000 - 0x00007ffe3d769000 	C:\Users\alhdh\.vscode\extensions\redhat.java-1.30.0-win32-x64\jre\17.0.10-win32-x86_64\bin\extnet.dll

dbghelp: loaded successfully - version: 4.0.5 - missing functions: none
symbol engine: initialized successfully - sym options: 0x614 - pdb path: .;c:\Users\alhdh\.vscode\extensions\redhat.java-1.30.0-win32-x64\jre\17.0.10-win32-x86_64\bin;C:\Windows\SYSTEM32;C:\Program Files\Avast Software\Avast;C:\Windows\WinSxS\amd64_microsoft.windows.common-controls_6595b64144ccf1df_6.0.19041.3636_none_60b6a03d71f818d5;c:\Users\alhdh\.vscode\extensions\redhat.java-1.30.0-win32-x64\jre\17.0.10-win32-x86_64\bin\server;C:\Users\alhdh\AppData\Roaming\Code\User\globalStorage\redhat.java\1.30.0\config_win\org.eclipse.equinox.launcher\org.eclipse.equinox.launcher.win32.win32.x86_64_1.2.900.v20240213-1244;C:\Users\alhdh\AppData\Local\Temp\jna-92902113;C:\Program Files\National Instruments\Shared\mDNS Responder

VM Arguments:
jvm_args: --add-modules=ALL-SYSTEM --add-opens=java.base/java.util=ALL-UNNAMED --add-opens=java.base/java.lang=ALL-UNNAMED --add-opens=java.base/sun.nio.fs=ALL-UNNAMED -Declipse.application=org.eclipse.jdt.ls.core.id1 -Dosgi.bundles.defaultStartLevel=4 -Declipse.product=org.eclipse.jdt.ls.core.product -Djava.import.generatesMetadataFilesAtProjectRoot=false -DDetectVMInstallationsJob.disabled=true -Dfile.encoding=utf8 -XX:+UseParallelGC -XX:GCTimeRatio=4 -XX:AdaptiveSizePolicyWeight=90 -Dsun.zip.disableMemoryMapping=true -Xmx1G -Xms100m -Xlog:disable -javaagent:c:\Users\alhdh\.vscode\extensions\redhat.java-1.30.0-win32-x64\lombok\lombok-1.18.32.jar -XX:+HeapDumpOnOutOfMemoryError -XX:HeapDumpPath=c:\Users\alhdh\AppData\Roaming\Code\User\workspaceStorage\37dba57fa1d58a1a3d36af18158eedda\redhat.java -Daether.dependencyCollector.impl=bf 
java_command: c:\Users\alhdh\.vscode\extensions\redhat.java-1.30.0-win32-x64\server\plugins\org.eclipse.equinox.launcher_1.6.800.v20240330-1250.jar -configuration c:\Users\alhdh\AppData\Roaming\Code\User\globalStorage\redhat.java\1.30.0\config_win -data c:\Users\alhdh\AppData\Roaming\Code\User\workspaceStorage\37dba57fa1d58a1a3d36af18158eedda\redhat.java\jdt_ws --pipe=\\.\pipe\lsp-c708ad59ec4767f6b6511620c939a219-sock
java_class_path (initial): c:\Users\alhdh\.vscode\extensions\redhat.java-1.30.0-win32-x64\server\plugins\org.eclipse.equinox.launcher_1.6.800.v20240330-1250.jar
Launcher Type: SUN_STANDARD

[Global flags]
    uintx AdaptiveSizePolicyWeight                 = 90                                        {product} {command line}
     intx CICompilerCount                          = 4                                         {product} {ergonomic}
    uintx GCTimeRatio                              = 4                                         {product} {command line}
     bool HeapDumpOnOutOfMemoryError               = true                                   {manageable} {command line}
    ccstr HeapDumpPath                             = c:\Users\alhdh\AppData\Roaming\Code\User\workspaceStorage\37dba57fa1d58a1a3d36af18158eedda\redhat.java         {manageable} {command line}
   size_t InitialHeapSize                          = 104857600                                 {product} {command line}
   size_t MaxHeapSize                              = 1073741824                                {product} {command line}
   size_t MaxNewSize                               = 357564416                                 {product} {ergonomic}
   size_t MinHeapDeltaBytes                        = 524288                                    {product} {ergonomic}
   size_t MinHeapSize                              = 104857600                                 {product} {command line}
   size_t NewSize                                  = 34603008                                  {product} {ergonomic}
    uintx NonNMethodCodeHeapSize                   = 5839372                                {pd product} {ergonomic}
    uintx NonProfiledCodeHeapSize                  = 122909434                              {pd product} {ergonomic}
   size_t OldSize                                  = 70254592                                  {product} {ergonomic}
    uintx ProfiledCodeHeapSize                     = 122909434                              {pd product} {ergonomic}
    uintx ReservedCodeCacheSize                    = 251658240                              {pd product} {ergonomic}
     bool SegmentedCodeCache                       = true                                      {product} {ergonomic}
   size_t SoftMaxHeapSize                          = 1073741824                             {manageable} {ergonomic}
     bool UseCompressedClassPointers               = true                           {product lp64_product} {ergonomic}
     bool UseCompressedOops                        = true                           {product lp64_product} {ergonomic}
     bool UseLargePagesIndividualAllocation        = false                                  {pd product} {ergonomic}
     bool UseParallelGC                            = true                                      {product} {command line}

Logging:
Log output configuration:
 #0: stdout all=off uptime,level,tags
 #1: stderr all=off uptime,level,tags

Environment Variables:
JAVA_HOME=C:\Program Files\Java\jdk-17
CLASSPATH=.;
PATH=C:\Program Files\Microsoft MPI\Bin\;C:\Python311\Scripts\;C:\Python311\;C:\Program Files\Common Files\Oracle\Java\javapath;C:\Program Files (x86)\Common Files\Oracle\Java\javapath;D:\WATCOM\BINNT;D:\WATCOM\BINW;C:\Windows\system32;C:\Windows;C:\Windows\System32\Wbem;C:\Windows\System32\WindowsPowerShell\v1.0\;C:\Windows\System32\OpenSSH\;C:\Program Files\dotnet\;C:\Program Files\Microsoft SQL Server\130\Tools\Binn\;C:\Program Files\Microsoft SQL Server\Client SDK\ODBC\170\Tools\Binn\;C:\Program Files\Azure Data Studio\bin;C:\Program Files (x86)\Microsoft SQL Server\150\Tools\Binn\;C:\Program Files\Microsoft SQL Server\150\Tools\Binn\;C:\Program Files\Microsoft SQL Server\150\DTS\Binn\;C:\Program Files (x86)\Microsoft SQL Server\150\DTS\Binn\;D:\Latex\miktex\bin\x64\;C:\Program Files (x86)\IVI Foundation\VISA\WinNT\Bin\;C:\Program Files\IVI Foundation\VISA\Win64\Bin\;D:\Shared\LabVIEW CLI;C:\Program Files\Amazon\AWSCLIV2\;C:\Program Files\PuTTY\;C:\ProgramData\chocolatey\bin;C:\Program Files\Git\cmd;C:\Program Files\Java\jdk1.8.0_211\bin;C:\Program Files\CMake\bin;C:\Program Files\nodejs\;C:\Program Files (x86)\PDFtk\bin\;%MPJ_HOME%\bin;C:\ProgramData\chocolatey\lib\maven\apache-maven-3.9.6\bin;;C:\Program Files\Docker\Docker\resources\bin;C:\GnuWin32\bin;C:\ProgramData\chocolatey\lib\maven\apache-maven-3.9.6\bin;C:\dummy\mpj-v0_44\mpj-v0_44\bin;C:\Program Files\Java\jdk-11\bin;C:\Program Files\MySQL\MySQL Shell 8.0\bin\;D:\WATCOM\BINNT;D:\WATCOM\BINW;C:\Windows\system32;C:\Windows;C:\Windows\System32\Wbem;C:\Windows\System32\WindowsPowerShell\v1.0\;C:\Windows\System32\OpenSSH\;C:\Program Files (x86)\IncrediBuild;C:\Program Files\dotnet\;C:\Program Files\Microsoft SQL Server\130\Tools\Binn\;C:\Program Files\Microsoft SQL Server\Client SDK\ODBC\170\Tools\Binn\;C:\Program Files\Azure Data Studio\bin;C:\Program Files (x86)\Microsoft SQL Server\150\Tools\Binn\;C:\Program Files\Microsoft SQL Server\150\Tools\Binn\;C:\Program Files\Microsoft SQL Server\150\DTS\Binn\;C:\P
USERNAME=alhdh
OS=Windows_NT
PROCESSOR_IDENTIFIER=Intel64 Family 6 Model 158 Stepping 10, GenuineIntel
TMP=C:\Users\alhdh\AppData\Local\Temp
TEMP=C:\Users\alhdh\AppData\Local\Temp



Periodic native trim disabled


---------------  S Y S T E M  ---------------

OS:
 Windows 10 , 64 bit Build 19041 (10.0.19041.3636)
OS uptime: 0 days 1:30 hours
Hyper-V role detected

CPU: total 12 (initial active 12) (6 cores per cpu, 2 threads per core) family 6 model 158 stepping 10 microcode 0xf0, cx8, cmov, fxsr, ht, mmx, 3dnowpref, sse, sse2, sse3, ssse3, sse4.1, sse4.2, popcnt, lzcnt, tsc, tscinvbit, avx, avx2, aes, erms, clmul, bmi1, bmi2, adx, fma, vzeroupper, clflush, clflushopt, hv
Processor Information for all 12 processors :
  Max Mhz: 2592, Current Mhz: 2592, Mhz Limit: 2592

Memory: 4k page, system-wide physical 8008M (1157M free)
TotalPageFile size 11034M (AvailPageFile size 33M)
current process WorkingSet (physical memory assigned to process): 406M, peak: 410M
current process commit charge ("private bytes"): 438M, peak: 455M

vm_info: OpenJDK 64-Bit Server VM (17.0.10+7) for windows-amd64 JRE (17.0.10+7), built on Jan 16 2024 23:25:11 by "admin" with MS VC++ 16.10 / 16.11 (VS2019)

END.
