#
# There is insufficient memory for the Java Runtime Environment to continue.
# Native memory allocation (malloc) failed to allocate 1007376 bytes for Chunk::new
# Possible reasons:
#   The system is out of physical RAM or swap space
#   The process is running with CompressedOops enabled, and the Java Heap may be blocking the growth of the native heap
# Possible solutions:
#   Reduce memory load on the system
#   Increase physical memory or swap space
#   Check if swap backing store is full
#   Decrease Java heap size (-Xmx/-Xms)
#   Decrease number of Java threads
#   Decrease Java thread stack sizes (-Xss)
#   Set larger code cache with -XX:ReservedCodeCacheSize=
#   JVM is running with Unscaled Compressed Oops mode in which the Java heap is
#     placed in the first 4GB address space. The Java Heap base address is the
#     maximum limit for the native heap growth. Please use -XX:HeapBaseMinAddress
#     to set the Java Heap base and to place the Java Heap above 4GB virtual address.
# This output file may be truncated or incomplete.
#
#  Out of Memory Error (arena.cpp:191), pid=1520, tid=9456
#
# JRE version: OpenJDK Runtime Environment Temurin-17.0.10+7 (17.0.10+7) (build 17.0.10+7)
# Java VM: OpenJDK 64-Bit Server VM Temurin-17.0.10+7 (17.0.10+7, mixed mode, tiered, compressed oops, compressed class ptrs, parallel gc, windows-amd64)
# No core dump will be written. Minidumps are not enabled by default on client versions of Windows
#

---------------  S U M M A R Y ------------

Command Line: --add-modules=ALL-SYSTEM --add-opens=java.base/java.util=ALL-UNNAMED --add-opens=java.base/java.lang=ALL-UNNAMED --add-opens=java.base/sun.nio.fs=ALL-UNNAMED -Declipse.application=org.eclipse.jdt.ls.core.id1 -Dosgi.bundles.defaultStartLevel=4 -Declipse.product=org.eclipse.jdt.ls.core.product -Djava.import.generatesMetadataFilesAtProjectRoot=false -DDetectVMInstallationsJob.disabled=true -Dfile.encoding=utf8 -XX:+UseParallelGC -XX:GCTimeRatio=4 -XX:AdaptiveSizePolicyWeight=90 -Dsun.zip.disableMemoryMapping=true -Xmx1G -Xms100m -Xlog:disable -javaagent:c:\Users\alhdh\.vscode\extensions\redhat.java-1.30.0-win32-x64\lombok\lombok-1.18.32.jar -XX:+HeapDumpOnOutOfMemoryError -XX:HeapDumpPath=c:\Users\alhdh\AppData\Roaming\Code\User\workspaceStorage\37dba57fa1d58a1a3d36af18158eedda\redhat.java -Daether.dependencyCollector.impl=bf c:\Users\alhdh\.vscode\extensions\redhat.java-1.30.0-win32-x64\server\plugins\org.eclipse.equinox.launcher_1.6.800.v20240330-1250.jar -configuration c:\Users\alhdh\AppData\Roaming\Code\User\globalStorage\redhat.java\1.30.0\config_win -data c:\Users\alhdh\AppData\Roaming\Code\User\workspaceStorage\37dba57fa1d58a1a3d36af18158eedda\redhat.java\jdt_ws --pipe=\\.\pipe\lsp-53efd6178cc0b154662443fb3bd1e222-sock

Host: Intel(R) Core(TM) i7-9750H CPU @ 2.60GHz, 12 cores, 7G,  Windows 10 , 64 bit Build 19041 (10.0.19041.3636)
Time: Fri May  3 19:58:25 2024 Egypt Daylight Time elapsed time: 5.381682 seconds (0d 0h 0m 5s)

---------------  T H R E A D  ---------------

Current thread (0x0000028c421677e0):  JavaThread "C2 CompilerThread2" daemon [_thread_in_native, id=9456, stack(0x000000db2d300000,0x000000db2d400000)]


Current CompileTask:
C2:   5381 4282   !   4       org.eclipse.osgi.internal.loader.classpath.ClasspathManager::findLocalClass (210 bytes)

Stack: [0x000000db2d300000,0x000000db2d400000]
Native frames: (J=compiled Java code, j=interpreted, Vv=VM code, C=native code)
V  [jvm.dll+0x67d2c9]
V  [jvm.dll+0x834afa]
V  [jvm.dll+0x8365be]
V  [jvm.dll+0x836c23]
V  [jvm.dll+0x2477ff]
V  [jvm.dll+0xac514]
V  [jvm.dll+0xacb5c]
V  [jvm.dll+0x2aed1f]
V  [jvm.dll+0x584b67]
V  [jvm.dll+0x2228a2]
V  [jvm.dll+0x222c8f]
V  [jvm.dll+0x21bdb6]
V  [jvm.dll+0x219201]
V  [jvm.dll+0x1a502d]
V  [jvm.dll+0x2290de]
V  [jvm.dll+0x2272ac]
V  [jvm.dll+0x7e9bb7]
V  [jvm.dll+0x7e3fba]
V  [jvm.dll+0x67c1b5]
C  [ucrtbase.dll+0x21bb2]
C  [KERNEL32.DLL+0x17344]
C  [ntdll.dll+0x526b1]


---------------  P R O C E S S  ---------------

Threads class SMR info:
_java_thread_list=0x0000028c428841d0, length=31, elements={
0x0000028c24abff00, 0x0000028c3a891740, 0x0000028c3a894d80, 0x0000028c3a898120,
0x0000028c3a898fa0, 0x0000028c3a89c610, 0x0000028c3fa4a520, 0x0000028c3fa52500,
0x0000028c3fa52a20, 0x0000028c3fa5b020, 0x0000028c24b21e90, 0x0000028c410e0870,
0x0000028c415ee970, 0x0000028c41dd54d0, 0x0000028c41dd5c80, 0x0000028c422044f0,
0x0000028c41eb4060, 0x0000028c423e5580, 0x0000028c420476d0, 0x0000028c3fac0f40,
0x0000028c3fac1e70, 0x0000028c3fac2da0, 0x0000028c421677e0, 0x0000028c3fac0520,
0x0000028c3fac0010, 0x0000028c3fac1450, 0x0000028c42784300, 0x0000028c42783df0,
0x0000028c42781a80, 0x0000028c42781f90, 0x0000028c42781570
}

Java Threads: ( => current thread )
  0x0000028c24abff00 JavaThread "main" [_thread_blocked, id=3604, stack(0x000000db2b100000,0x000000db2b200000)]
  0x0000028c3a891740 JavaThread "Reference Handler" daemon [_thread_blocked, id=6112, stack(0x000000db2b400000,0x000000db2b500000)]
  0x0000028c3a894d80 JavaThread "Finalizer" daemon [_thread_blocked, id=22460, stack(0x000000db2b500000,0x000000db2b600000)]
  0x0000028c3a898120 JavaThread "Signal Dispatcher" daemon [_thread_blocked, id=22440, stack(0x000000db2b600000,0x000000db2b700000)]
  0x0000028c3a898fa0 JavaThread "Attach Listener" daemon [_thread_blocked, id=14560, stack(0x000000db2b700000,0x000000db2b800000)]
  0x0000028c3a89c610 JavaThread "Service Thread" daemon [_thread_blocked, id=14008, stack(0x000000db2b800000,0x000000db2b900000)]
  0x0000028c3fa4a520 JavaThread "Monitor Deflation Thread" daemon [_thread_blocked, id=19040, stack(0x000000db2b900000,0x000000db2ba00000)]
  0x0000028c3fa52500 JavaThread "C2 CompilerThread0" daemon [_thread_in_native, id=3264, stack(0x000000db2ba00000,0x000000db2bb00000)]
  0x0000028c3fa52a20 JavaThread "C1 CompilerThread0" daemon [_thread_blocked, id=19236, stack(0x000000db2bb00000,0x000000db2bc00000)]
  0x0000028c3fa5b020 JavaThread "Sweeper thread" daemon [_thread_blocked, id=19176, stack(0x000000db2bc00000,0x000000db2bd00000)]
  0x0000028c24b21e90 JavaThread "Common-Cleaner" daemon [_thread_blocked, id=18760, stack(0x000000db2bd00000,0x000000db2be00000)]
  0x0000028c410e0870 JavaThread "Notification Thread" daemon [_thread_blocked, id=4676, stack(0x000000db2bf00000,0x000000db2c000000)]
  0x0000028c415ee970 JavaThread "Active Thread: Equinox Container: fcff32b8-306e-4c06-8580-555c64f0119c" [_thread_blocked, id=16960, stack(0x000000db2c800000,0x000000db2c900000)]
  0x0000028c41dd54d0 JavaThread "Framework Event Dispatcher: Equinox Container: fcff32b8-306e-4c06-8580-555c64f0119c" daemon [_thread_blocked, id=19188, stack(0x000000db2c900000,0x000000db2ca00000)]
  0x0000028c41dd5c80 JavaThread "Start Level: Equinox Container: fcff32b8-306e-4c06-8580-555c64f0119c" daemon [_thread_blocked, id=13812, stack(0x000000db2ca00000,0x000000db2cb00000)]
  0x0000028c422044f0 JavaThread "Bundle File Closer" daemon [_thread_blocked, id=1056, stack(0x000000db2cc00000,0x000000db2cd00000)]
  0x0000028c41eb4060 JavaThread "SCR Component Actor" daemon [_thread_blocked, id=19700, stack(0x000000db2cd00000,0x000000db2ce00000)]
  0x0000028c423e5580 JavaThread "SCR Component Registry" daemon [_thread_blocked, id=1188, stack(0x000000db2cf00000,0x000000db2d000000)]
  0x0000028c420476d0 JavaThread "C2 CompilerThread1" daemon [_thread_in_native, id=20232, stack(0x000000db2be00000,0x000000db2bf00000)]
  0x0000028c3fac0f40 JavaThread "Worker-JM" [_thread_blocked, id=22484, stack(0x000000db2d000000,0x000000db2d100000)]
  0x0000028c3fac1e70 JavaThread "Worker-0: Processing Java changes since last activation" [_thread_in_Java, id=2136, stack(0x000000db2d100000,0x000000db2d200000)]
  0x0000028c3fac2da0 JavaThread "Worker-1: Refreshing workspace" [_thread_blocked, id=21936, stack(0x000000db2d200000,0x000000db2d300000)]
=>0x0000028c421677e0 JavaThread "C2 CompilerThread2" daemon [_thread_in_native, id=9456, stack(0x000000db2d300000,0x000000db2d400000)]
  0x0000028c3fac0520 JavaThread "Worker-2: Updating Maven Dependencies" [_thread_blocked, id=5812, stack(0x000000db2d400000,0x000000db2d500000)]
  0x0000028c3fac0010 JavaThread "Java indexing" daemon [_thread_blocked, id=19348, stack(0x000000db2d500000,0x000000db2d600000)]
  0x0000028c3fac1450 JavaThread "JNA Cleaner" daemon [_thread_blocked, id=8412, stack(0x000000db2d600000,0x000000db2d700000)]
  0x0000028c42784300 JavaThread "Worker-3: Repository registry initialization" [_thread_in_Java, id=6208, stack(0x000000db2d900000,0x000000db2da00000)]
  0x0000028c42783df0 JavaThread "Worker-4" [_thread_blocked, id=2912, stack(0x000000db2da00000,0x000000db2db00000)]
  0x0000028c42781a80 JavaThread "Worker-5: Updating workspace" [_thread_blocked, id=4212, stack(0x000000db2db00000,0x000000db2dc00000)]
  0x0000028c42781f90 JavaThread "pool-2-thread-1" [_thread_blocked, id=21508, stack(0x000000db2dc00000,0x000000db2dd00000)]
  0x0000028c42781570 JavaThread "Framework stop - Equinox Container: fcff32b8-306e-4c06-8580-555c64f0119c" [_thread_blocked, id=20908, stack(0x000000db2dd00000,0x000000db2de00000)]

Other Threads:
  0x0000028c3fa14870 VMThread "VM Thread" [stack: 0x000000db2b300000,0x000000db2b400000] [id=15396]
  0x0000028c410f8b20 WatcherThread [stack: 0x000000db2c000000,0x000000db2c100000] [id=7260]
  0x0000028c24ad4d90 GCTaskThread "GC Thread#0" [stack: 0x000000db2b200000,0x000000db2b300000] [id=19872]
  0x0000028c416d2ba0 GCTaskThread "GC Thread#1" [stack: 0x000000db2c200000,0x000000db2c300000] [id=9876]
  0x0000028c416d2e60 GCTaskThread "GC Thread#2" [stack: 0x000000db2c300000,0x000000db2c400000] [id=5176]
  0x0000028c416d3120 GCTaskThread "GC Thread#3" [stack: 0x000000db2c400000,0x000000db2c500000] [id=4144]
  0x0000028c416d33e0 GCTaskThread "GC Thread#4" [stack: 0x000000db2c500000,0x000000db2c600000] [id=20808]
  0x0000028c4112cb80 GCTaskThread "GC Thread#5" [stack: 0x000000db2c600000,0x000000db2c700000] [id=17748]
  0x0000028c4112ce40 GCTaskThread "GC Thread#6" [stack: 0x000000db2c700000,0x000000db2c800000] [id=4472]
  0x0000028c41de4e30 GCTaskThread "GC Thread#7" [stack: 0x000000db2cb00000,0x000000db2cc00000] [id=21464]
  0x0000028c421a2b20 GCTaskThread "GC Thread#8" [stack: 0x000000db2ce00000,0x000000db2cf00000] [id=13276]
  0x0000028c413bc7c0 GCTaskThread "GC Thread#9" [stack: 0x000000db2c100000,0x000000db2c200000] [id=17948]

Threads with active compile tasks:
C2 CompilerThread0     5439 4563       4       org.eclipse.osgi.internal.serviceregistry.ServiceRegistry::notifyHooksPrivileged (58 bytes)
C2 CompilerThread1     5439 4146   !   4       org.eclipse.osgi.internal.loader.classpath.ClasspathManager::findClassImpl (308 bytes)
C2 CompilerThread2     5439 4282   !   4       org.eclipse.osgi.internal.loader.classpath.ClasspathManager::findLocalClass (210 bytes)

VM state: not at safepoint (normal execution)

VM Mutex/Monitor currently owned by a thread: None

Heap address: 0x00000000c0000000, size: 1024 MB, Compressed Oops mode: 32-bit

CDS archive(s) not mapped
Compressed class space mapped at: 0x0000000100000000-0x0000000140000000, reserved size: 1073741824
Narrow klass base: 0x0000000000000000, Narrow klass shift: 3, Narrow klass range: 0x140000000

GC Precious Log:
 CPUs: 12 total, 12 available
 Memory: 8008M
 Large Page Support: Disabled
 NUMA Support: Disabled
 Compressed Oops: Enabled (32-bit)
 Alignments: Space 512K, Generation 512K, Heap 2M
 Heap Min Capacity: 100M
 Heap Initial Capacity: 100M
 Heap Max Capacity: 1G
 Pre-touch: Disabled
 Parallel Workers: 10

Heap:
 PSYoungGen      total 24064K, used 20634K [0x00000000eab00000, 0x00000000ec600000, 0x0000000100000000)
  eden space 22528K, 85% used [0x00000000eab00000,0x00000000ebdda838,0x00000000ec100000)
  from space 1536K, 86% used [0x00000000ec300000,0x00000000ec44c010,0x00000000ec480000)
  to   space 1536K, 0% used [0x00000000ec480000,0x00000000ec480000,0x00000000ec600000)
 ParOldGen       total 68608K, used 16266K [0x00000000c0000000, 0x00000000c4300000, 0x00000000eab00000)
  object space 68608K, 23% used [0x00000000c0000000,0x00000000c0fe2920,0x00000000c4300000)
 Metaspace       used 41874K, committed 42816K, reserved 1114112K
  class space    used 4277K, committed 4672K, reserved 1048576K

Card table byte_map: [0x0000028c38110000,0x0000028c38320000] _byte_map_base: 0x0000028c37b10000

Marking Bits: (ParMarkBitMap*) 0x00007ffa42fdd7d0
 Begin Bits: [0x0000028c38480000, 0x0000028c39480000)
 End Bits:   [0x0000028c39480000, 0x0000028c3a480000)

Polling page: 0x0000028c28f00000

Metaspace:

Usage:
  Non-class:     36.72 MB used.
      Class:      4.18 MB used.
       Both:     40.89 MB used.

Virtual space:
  Non-class space:       64.00 MB reserved,      37.25 MB ( 58%) committed,  1 nodes.
      Class space:        1.00 GB reserved,       4.56 MB ( <1%) committed,  1 nodes.
             Both:        1.06 GB reserved,      41.81 MB (  4%) committed. 

Chunk freelists:
   Non-Class:  10.73 MB
       Class:  11.38 MB
        Both:  22.11 MB

MaxMetaspaceSize: unlimited
CompressedClassSpaceSize: 1.00 GB
Initial GC threshold: 21.00 MB
Current GC threshold: 58.38 MB
CDS: off
MetaspaceReclaimPolicy: balanced
 - commit_granule_bytes: 65536.
 - commit_granule_words: 8192.
 - virtual_space_node_default_size: 8388608.
 - enlarge_chunks_in_place: 1.
 - new_chunks_are_fully_committed: 0.
 - uncommit_free_chunks: 1.
 - use_allocation_guard: 0.
 - handle_deallocations: 1.


Internal statistics:

num_allocs_failed_limit: 6.
num_arena_births: 522.
num_arena_deaths: 14.
num_vsnodes_births: 2.
num_vsnodes_deaths: 0.
num_space_committed: 669.
num_space_uncommitted: 0.
num_chunks_returned_to_freelist: 20.
num_chunks_taken_from_freelist: 1964.
num_chunk_merges: 5.
num_chunk_splits: 1224.
num_chunks_enlarged: 772.
num_inconsistent_stats: 0.

CodeHeap 'non-profiled nmethods': size=120000Kb used=2263Kb max_used=2263Kb free=117736Kb
 bounds [0x0000028c309f0000, 0x0000028c30c60000, 0x0000028c37f20000]
CodeHeap 'profiled nmethods': size=120000Kb used=9855Kb max_used=9855Kb free=110144Kb
 bounds [0x0000028c28f20000, 0x0000028c298c0000, 0x0000028c30450000]
CodeHeap 'non-nmethods': size=5760Kb used=1274Kb max_used=1360Kb free=4485Kb
 bounds [0x0000028c30450000, 0x0000028c306c0000, 0x0000028c309f0000]
 total_blobs=5248 nmethods=4645 adapters=516
 compilation: enabled
              stopped_count=0, restarted_count=0
 full_count=0

Compilation events (20 events):
Event: 5.368 Thread 0x0000028c3fa52a20 nmethod 4616 0x0000028c29893110 code [0x0000028c298932a0, 0x0000028c298933e8]
Event: 5.368 Thread 0x0000028c3fa52a20 4617       3       jdk.internal.jrtfs.JrtPath::getName (116 bytes)
Event: 5.369 Thread 0x0000028c3fa52a20 nmethod 4617 0x0000028c29893490 code [0x0000028c29893760, 0x0000028c29894348]
Event: 5.369 Thread 0x0000028c3fa52a20 4605       2       java.io.Reader::read (21 bytes)
Event: 5.370 Thread 0x0000028c3fa52a20 nmethod 4605 0x0000028c29894910 code [0x0000028c29894ac0, 0x0000028c29894ce8]
Event: 5.370 Thread 0x0000028c3fa52a20 4619       3       jdk.internal.jimage.ImageLocation::buildName (128 bytes)
Event: 5.372 Thread 0x0000028c3fa52a20 nmethod 4619 0x0000028c29894d90 code [0x0000028c298950e0, 0x0000028c29896058]
Event: 5.372 Thread 0x0000028c3fa52a20 4621       3       org.eclipse.jdt.internal.core.util.Util::equalArrays (64 bytes)
Event: 5.373 Thread 0x0000028c3fa52a20 nmethod 4621 0x0000028c29896590 code [0x0000028c29896780, 0x0000028c29896ca8]
Event: 5.373 Thread 0x0000028c3fa52a20 4623       3       jdk.internal.jimage.ImageReader$Resource::create (17 bytes)
Event: 5.374 Thread 0x0000028c3fa52a20 nmethod 4623 0x0000028c29896e90 code [0x0000028c298970c0, 0x0000028c298978f8]
Event: 5.374 Thread 0x0000028c3fa52a20 4624       3       org.eclipse.jdt.internal.core.util.Util::equalArraysOrNull (72 bytes)
Event: 5.374 Thread 0x0000028c3fa52a20 nmethod 4624 0x0000028c29897c90 code [0x0000028c29897e80, 0x0000028c298983c8]
Event: 5.374 Thread 0x0000028c3fa52a20 4625       3       org.eclipse.jdt.internal.core.util.HashtableOfArrayToObject::getKey (66 bytes)
Event: 5.375 Thread 0x0000028c3fa52a20 nmethod 4625 0x0000028c29898510 code [0x0000028c298986e0, 0x0000028c29898ab8]
Event: 5.375 Thread 0x0000028c3fa52a20 4626       3       org.codehaus.plexus.util.xml.pull.MXParser::isS (30 bytes)
Event: 5.375 Thread 0x0000028c3fa52a20 nmethod 4626 0x0000028c29898c90 code [0x0000028c29898e20, 0x0000028c29899018]
Event: 5.375 Thread 0x0000028c3fa52a20 4622       3       jdk.internal.jimage.ImageReader$Resource::<init> (16 bytes)
Event: 5.376 Thread 0x0000028c3fa52a20 nmethod 4622 0x0000028c29899090 code [0x0000028c29899280, 0x0000028c298998a8]
Event: 5.376 Thread 0x0000028c3fa52a20 4596       3       sun.nio.cs.UTF_8$Decoder::decodeArrayLoop (688 bytes)

GC Heap History (20 events):
Event: 3.093 GC heap before
{Heap before GC invocations=6 (full 1):
 PSYoungGen      total 29696K, used 4079K [0x00000000eab00000, 0x00000000ece00000, 0x0000000100000000)
  eden space 25600K, 0% used [0x00000000eab00000,0x00000000eab00000,0x00000000ec400000)
  from space 4096K, 99% used [0x00000000ec400000,0x00000000ec7fbc68,0x00000000ec800000)
  to   space 5120K, 0% used [0x00000000ec900000,0x00000000ec900000,0x00000000ece00000)
 ParOldGen       total 68608K, used 6900K [0x00000000c0000000, 0x00000000c4300000, 0x00000000eab00000)
  object space 68608K, 10% used [0x00000000c0000000,0x00000000c06bd110,0x00000000c4300000)
 Metaspace       used 21142K, committed 21504K, reserved 1114112K
  class space    used 2126K, committed 2304K, reserved 1048576K
}
Event: 3.115 GC heap after
{Heap after GC invocations=6 (full 1):
 PSYoungGen      total 29696K, used 0K [0x00000000eab00000, 0x00000000ece00000, 0x0000000100000000)
  eden space 25600K, 0% used [0x00000000eab00000,0x00000000eab00000,0x00000000ec400000)
  from space 4096K, 0% used [0x00000000ec400000,0x00000000ec400000,0x00000000ec800000)
  to   space 5120K, 0% used [0x00000000ec900000,0x00000000ec900000,0x00000000ece00000)
 ParOldGen       total 68608K, used 10619K [0x00000000c0000000, 0x00000000c4300000, 0x00000000eab00000)
  object space 68608K, 15% used [0x00000000c0000000,0x00000000c0a5eca0,0x00000000c4300000)
 Metaspace       used 21129K, committed 21504K, reserved 1114112K
  class space    used 2123K, committed 2304K, reserved 1048576K
}
Event: 3.505 GC heap before
{Heap before GC invocations=7 (full 1):
 PSYoungGen      total 29696K, used 25600K [0x00000000eab00000, 0x00000000ece00000, 0x0000000100000000)
  eden space 25600K, 100% used [0x00000000eab00000,0x00000000ec400000,0x00000000ec400000)
  from space 4096K, 0% used [0x00000000ec400000,0x00000000ec400000,0x00000000ec800000)
  to   space 5120K, 0% used [0x00000000ec900000,0x00000000ec900000,0x00000000ece00000)
 ParOldGen       total 68608K, used 10619K [0x00000000c0000000, 0x00000000c4300000, 0x00000000eab00000)
  object space 68608K, 15% used [0x00000000c0000000,0x00000000c0a5eca0,0x00000000c4300000)
 Metaspace       used 24448K, committed 24896K, reserved 1114112K
  class space    used 2472K, committed 2624K, reserved 1048576K
}
Event: 3.507 GC heap after
{Heap after GC invocations=7 (full 1):
 PSYoungGen      total 26624K, used 1296K [0x00000000eab00000, 0x00000000eca80000, 0x0000000100000000)
  eden space 25088K, 0% used [0x00000000eab00000,0x00000000eab00000,0x00000000ec380000)
  from space 1536K, 84% used [0x00000000ec900000,0x00000000eca44290,0x00000000eca80000)
  to   space 3072K, 0% used [0x00000000ec480000,0x00000000ec480000,0x00000000ec780000)
 ParOldGen       total 68608K, used 10627K [0x00000000c0000000, 0x00000000c4300000, 0x00000000eab00000)
  object space 68608K, 15% used [0x00000000c0000000,0x00000000c0a60ca0,0x00000000c4300000)
 Metaspace       used 24448K, committed 24896K, reserved 1114112K
  class space    used 2472K, committed 2624K, reserved 1048576K
}
Event: 3.822 GC heap before
{Heap before GC invocations=8 (full 1):
 PSYoungGen      total 26624K, used 26384K [0x00000000eab00000, 0x00000000eca80000, 0x0000000100000000)
  eden space 25088K, 100% used [0x00000000eab00000,0x00000000ec380000,0x00000000ec380000)
  from space 1536K, 84% used [0x00000000ec900000,0x00000000eca44290,0x00000000eca80000)
  to   space 3072K, 0% used [0x00000000ec480000,0x00000000ec480000,0x00000000ec780000)
 ParOldGen       total 68608K, used 10627K [0x00000000c0000000, 0x00000000c4300000, 0x00000000eab00000)
  object space 68608K, 15% used [0x00000000c0000000,0x00000000c0a60ca0,0x00000000c4300000)
 Metaspace       used 27155K, committed 27776K, reserved 1114112K
  class space    used 2762K, committed 3008K, reserved 1048576K
}
Event: 3.824 GC heap after
{Heap after GC invocations=8 (full 1):
 PSYoungGen      total 27648K, used 3062K [0x00000000eab00000, 0x00000000eca00000, 0x0000000100000000)
  eden space 24576K, 0% used [0x00000000eab00000,0x00000000eab00000,0x00000000ec300000)
  from space 3072K, 99% used [0x00000000ec480000,0x00000000ec77db48,0x00000000ec780000)
  to   space 2560K, 0% used [0x00000000ec780000,0x00000000ec780000,0x00000000eca00000)
 ParOldGen       total 68608K, used 10738K [0x00000000c0000000, 0x00000000c4300000, 0x00000000eab00000)
  object space 68608K, 15% used [0x00000000c0000000,0x00000000c0a7ca90,0x00000000c4300000)
 Metaspace       used 27155K, committed 27776K, reserved 1114112K
  class space    used 2762K, committed 3008K, reserved 1048576K
}
Event: 4.023 GC heap before
{Heap before GC invocations=9 (full 1):
 PSYoungGen      total 27648K, used 27638K [0x00000000eab00000, 0x00000000eca00000, 0x0000000100000000)
  eden space 24576K, 100% used [0x00000000eab00000,0x00000000ec300000,0x00000000ec300000)
  from space 3072K, 99% used [0x00000000ec480000,0x00000000ec77db48,0x00000000ec780000)
  to   space 2560K, 0% used [0x00000000ec780000,0x00000000ec780000,0x00000000eca00000)
 ParOldGen       total 68608K, used 10738K [0x00000000c0000000, 0x00000000c4300000, 0x00000000eab00000)
  object space 68608K, 15% used [0x00000000c0000000,0x00000000c0a7ca90,0x00000000c4300000)
 Metaspace       used 29698K, committed 30336K, reserved 1114112K
  class space    used 2938K, committed 3200K, reserved 1048576K
}
Event: 4.025 GC heap after
{Heap after GC invocations=9 (full 1):
 PSYoungGen      total 26624K, used 2547K [0x00000000eab00000, 0x00000000eca00000, 0x0000000100000000)
  eden space 24064K, 0% used [0x00000000eab00000,0x00000000eab00000,0x00000000ec280000)
  from space 2560K, 99% used [0x00000000ec780000,0x00000000ec9fcd90,0x00000000eca00000)
  to   space 3584K, 0% used [0x00000000ec300000,0x00000000ec300000,0x00000000ec680000)
 ParOldGen       total 68608K, used 11298K [0x00000000c0000000, 0x00000000c4300000, 0x00000000eab00000)
  object space 68608K, 16% used [0x00000000c0000000,0x00000000c0b088b0,0x00000000c4300000)
 Metaspace       used 29698K, committed 30336K, reserved 1114112K
  class space    used 2938K, committed 3200K, reserved 1048576K
}
Event: 4.206 GC heap before
{Heap before GC invocations=10 (full 1):
 PSYoungGen      total 26624K, used 26611K [0x00000000eab00000, 0x00000000eca00000, 0x0000000100000000)
  eden space 24064K, 100% used [0x00000000eab00000,0x00000000ec280000,0x00000000ec280000)
  from space 2560K, 99% used [0x00000000ec780000,0x00000000ec9fcd90,0x00000000eca00000)
  to   space 3584K, 0% used [0x00000000ec300000,0x00000000ec300000,0x00000000ec680000)
 ParOldGen       total 68608K, used 11298K [0x00000000c0000000, 0x00000000c4300000, 0x00000000eab00000)
  object space 68608K, 16% used [0x00000000c0000000,0x00000000c0b088b0,0x00000000c4300000)
 Metaspace       used 32425K, committed 33024K, reserved 1114112K
  class space    used 3159K, committed 3392K, reserved 1048576K
}
Event: 4.209 GC heap after
{Heap after GC invocations=10 (full 1):
 PSYoungGen      total 27136K, used 3181K [0x00000000eab00000, 0x00000000ec900000, 0x0000000100000000)
  eden space 23552K, 0% used [0x00000000eab00000,0x00000000eab00000,0x00000000ec200000)
  from space 3584K, 88% used [0x00000000ec300000,0x00000000ec61b7c8,0x00000000ec680000)
  to   space 2560K, 0% used [0x00000000ec680000,0x00000000ec680000,0x00000000ec900000)
 ParOldGen       total 68608K, used 12711K [0x00000000c0000000, 0x00000000c4300000, 0x00000000eab00000)
  object space 68608K, 18% used [0x00000000c0000000,0x00000000c0c69cb8,0x00000000c4300000)
 Metaspace       used 32425K, committed 33024K, reserved 1114112K
  class space    used 3159K, committed 3392K, reserved 1048576K
}
Event: 4.556 GC heap before
{Heap before GC invocations=11 (full 1):
 PSYoungGen      total 27136K, used 26733K [0x00000000eab00000, 0x00000000ec900000, 0x0000000100000000)
  eden space 23552K, 100% used [0x00000000eab00000,0x00000000ec200000,0x00000000ec200000)
  from space 3584K, 88% used [0x00000000ec300000,0x00000000ec61b7c8,0x00000000ec680000)
  to   space 2560K, 0% used [0x00000000ec680000,0x00000000ec680000,0x00000000ec900000)
 ParOldGen       total 68608K, used 12711K [0x00000000c0000000, 0x00000000c4300000, 0x00000000eab00000)
  object space 68608K, 18% used [0x00000000c0000000,0x00000000c0c69cb8,0x00000000c4300000)
 Metaspace       used 34769K, committed 35456K, reserved 1114112K
  class space    used 3374K, committed 3648K, reserved 1048576K
}
Event: 4.558 GC heap after
{Heap after GC invocations=11 (full 1):
 PSYoungGen      total 25600K, used 2049K [0x00000000eab00000, 0x00000000ec900000, 0x0000000100000000)
  eden space 23040K, 0% used [0x00000000eab00000,0x00000000eab00000,0x00000000ec180000)
  from space 2560K, 80% used [0x00000000ec680000,0x00000000ec880490,0x00000000ec900000)
  to   space 2560K, 0% used [0x00000000ec400000,0x00000000ec400000,0x00000000ec680000)
 ParOldGen       total 68608K, used 14674K [0x00000000c0000000, 0x00000000c4300000, 0x00000000eab00000)
  object space 68608K, 21% used [0x00000000c0000000,0x00000000c0e54900,0x00000000c4300000)
 Metaspace       used 34769K, committed 35456K, reserved 1114112K
  class space    used 3374K, committed 3648K, reserved 1048576K
}
Event: 4.577 GC heap before
{Heap before GC invocations=12 (full 1):
 PSYoungGen      total 25600K, used 4105K [0x00000000eab00000, 0x00000000ec900000, 0x0000000100000000)
  eden space 23040K, 8% used [0x00000000eab00000,0x00000000ead01f70,0x00000000ec180000)
  from space 2560K, 80% used [0x00000000ec680000,0x00000000ec880490,0x00000000ec900000)
  to   space 2560K, 0% used [0x00000000ec400000,0x00000000ec400000,0x00000000ec680000)
 ParOldGen       total 68608K, used 14674K [0x00000000c0000000, 0x00000000c4300000, 0x00000000eab00000)
  object space 68608K, 21% used [0x00000000c0000000,0x00000000c0e54900,0x00000000c4300000)
 Metaspace       used 35132K, committed 35840K, reserved 1114112K
  class space    used 3415K, committed 3712K, reserved 1048576K
}
Event: 4.579 GC heap after
{Heap after GC invocations=12 (full 1):
 PSYoungGen      total 23552K, used 320K [0x00000000eab00000, 0x00000000ec700000, 0x0000000100000000)
  eden space 23040K, 0% used [0x00000000eab00000,0x00000000eab00000,0x00000000ec180000)
  from space 512K, 62% used [0x00000000ec400000,0x00000000ec450000,0x00000000ec480000)
  to   space 1536K, 0% used [0x00000000ec580000,0x00000000ec580000,0x00000000ec700000)
 ParOldGen       total 68608K, used 16643K [0x00000000c0000000, 0x00000000c4300000, 0x00000000eab00000)
  object space 68608K, 24% used [0x00000000c0000000,0x00000000c1040f80,0x00000000c4300000)
 Metaspace       used 35132K, committed 35840K, reserved 1114112K
  class space    used 3415K, committed 3712K, reserved 1048576K
}
Event: 4.579 GC heap before
{Heap before GC invocations=13 (full 2):
 PSYoungGen      total 23552K, used 320K [0x00000000eab00000, 0x00000000ec700000, 0x0000000100000000)
  eden space 23040K, 0% used [0x00000000eab00000,0x00000000eab00000,0x00000000ec180000)
  from space 512K, 62% used [0x00000000ec400000,0x00000000ec450000,0x00000000ec480000)
  to   space 1536K, 0% used [0x00000000ec580000,0x00000000ec580000,0x00000000ec700000)
 ParOldGen       total 68608K, used 16643K [0x00000000c0000000, 0x00000000c4300000, 0x00000000eab00000)
  object space 68608K, 24% used [0x00000000c0000000,0x00000000c1040f80,0x00000000c4300000)
 Metaspace       used 35132K, committed 35840K, reserved 1114112K
  class space    used 3415K, committed 3712K, reserved 1048576K
}
Event: 4.603 GC heap after
{Heap after GC invocations=13 (full 2):
 PSYoungGen      total 23552K, used 0K [0x00000000eab00000, 0x00000000ec700000, 0x0000000100000000)
  eden space 23040K, 0% used [0x00000000eab00000,0x00000000eab00000,0x00000000ec180000)
  from space 512K, 0% used [0x00000000ec400000,0x00000000ec400000,0x00000000ec480000)
  to   space 1536K, 0% used [0x00000000ec580000,0x00000000ec580000,0x00000000ec700000)
 ParOldGen       total 68608K, used 14995K [0x00000000c0000000, 0x00000000c4300000, 0x00000000eab00000)
  object space 68608K, 21% used [0x00000000c0000000,0x00000000c0ea4c98,0x00000000c4300000)
 Metaspace       used 35132K, committed 35840K, reserved 1114112K
  class space    used 3415K, committed 3712K, reserved 1048576K
}
Event: 4.962 GC heap before
{Heap before GC invocations=14 (full 2):
 PSYoungGen      total 23552K, used 23040K [0x00000000eab00000, 0x00000000ec700000, 0x0000000100000000)
  eden space 23040K, 100% used [0x00000000eab00000,0x00000000ec180000,0x00000000ec180000)
  from space 512K, 0% used [0x00000000ec400000,0x00000000ec400000,0x00000000ec480000)
  to   space 1536K, 0% used [0x00000000ec580000,0x00000000ec580000,0x00000000ec700000)
 ParOldGen       total 68608K, used 14995K [0x00000000c0000000, 0x00000000c4300000, 0x00000000eab00000)
  object space 68608K, 21% used [0x00000000c0000000,0x00000000c0ea4c98,0x00000000c4300000)
 Metaspace       used 38360K, committed 39296K, reserved 1114112K
  class space    used 3821K, committed 4224K, reserved 1048576K
}
Event: 4.966 GC heap after
{Heap after GC invocations=14 (full 2):
 PSYoungGen      total 24064K, used 1418K [0x00000000eab00000, 0x00000000ec700000, 0x0000000100000000)
  eden space 22528K, 0% used [0x00000000eab00000,0x00000000eab00000,0x00000000ec100000)
  from space 1536K, 92% used [0x00000000ec580000,0x00000000ec6e28d8,0x00000000ec700000)
  to   space 2048K, 0% used [0x00000000ec300000,0x00000000ec300000,0x00000000ec500000)
 ParOldGen       total 68608K, used 15003K [0x00000000c0000000, 0x00000000c4300000, 0x00000000eab00000)
  object space 68608K, 21% used [0x00000000c0000000,0x00000000c0ea6c98,0x00000000c4300000)
 Metaspace       used 38360K, committed 39296K, reserved 1114112K
  class space    used 3821K, committed 4224K, reserved 1048576K
}
Event: 5.257 GC heap before
{Heap before GC invocations=15 (full 2):
 PSYoungGen      total 24064K, used 23946K [0x00000000eab00000, 0x00000000ec700000, 0x0000000100000000)
  eden space 22528K, 100% used [0x00000000eab00000,0x00000000ec100000,0x00000000ec100000)
  from space 1536K, 92% used [0x00000000ec580000,0x00000000ec6e28d8,0x00000000ec700000)
  to   space 2048K, 0% used [0x00000000ec300000,0x00000000ec300000,0x00000000ec500000)
 ParOldGen       total 68608K, used 15005K [0x00000000c0000000, 0x00000000c4300000, 0x00000000eab00000)
  object space 68608K, 21% used [0x00000000c0000000,0x00000000c0ea7648,0x00000000c4300000)
 Metaspace       used 40860K, committed 41792K, reserved 1114112K
  class space    used 4151K, committed 4544K, reserved 1048576K
}
Event: 5.260 GC heap after
{Heap after GC invocations=15 (full 2):
 PSYoungGen      total 24064K, used 1328K [0x00000000eab00000, 0x00000000ec600000, 0x0000000100000000)
  eden space 22528K, 0% used [0x00000000eab00000,0x00000000eab00000,0x00000000ec100000)
  from space 1536K, 86% used [0x00000000ec300000,0x00000000ec44c010,0x00000000ec480000)
  to   space 1536K, 0% used [0x00000000ec480000,0x00000000ec480000,0x00000000ec600000)
 ParOldGen       total 68608K, used 16266K [0x00000000c0000000, 0x00000000c4300000, 0x00000000eab00000)
  object space 68608K, 23% used [0x00000000c0000000,0x00000000c0fe2920,0x00000000c4300000)
 Metaspace       used 40860K, committed 41792K, reserved 1114112K
  class space    used 4151K, committed 4544K, reserved 1048576K
}

Dll operation events (10 events):
Event: 0.016 Loaded shared library c:\Users\alhdh\.vscode\extensions\redhat.java-1.30.0-win32-x64\jre\17.0.10-win32-x86_64\bin\java.dll
Event: 0.239 Loaded shared library c:\Users\alhdh\.vscode\extensions\redhat.java-1.30.0-win32-x64\jre\17.0.10-win32-x86_64\bin\zip.dll
Event: 0.243 Loaded shared library C:\Users\alhdh\.vscode\extensions\redhat.java-1.30.0-win32-x64\jre\17.0.10-win32-x86_64\bin\instrument.dll
Event: 0.262 Loaded shared library C:\Users\alhdh\.vscode\extensions\redhat.java-1.30.0-win32-x64\jre\17.0.10-win32-x86_64\bin\net.dll
Event: 0.265 Loaded shared library C:\Users\alhdh\.vscode\extensions\redhat.java-1.30.0-win32-x64\jre\17.0.10-win32-x86_64\bin\nio.dll
Event: 0.275 Loaded shared library C:\Users\alhdh\.vscode\extensions\redhat.java-1.30.0-win32-x64\jre\17.0.10-win32-x86_64\bin\zip.dll
Event: 0.305 Loaded shared library C:\Users\alhdh\.vscode\extensions\redhat.java-1.30.0-win32-x64\jre\17.0.10-win32-x86_64\bin\jimage.dll
Event: 0.406 Loaded shared library c:\Users\alhdh\.vscode\extensions\redhat.java-1.30.0-win32-x64\jre\17.0.10-win32-x86_64\bin\verify.dll
Event: 1.630 Loaded shared library C:\Users\alhdh\AppData\Roaming\Code\User\globalStorage\redhat.java\1.30.0\config_win\org.eclipse.equinox.launcher\org.eclipse.equinox.launcher.win32.win32.x86_64_1.2.900.v20240213-1244\eclipse_11900.dll
Event: 4.556 Loaded shared library C:\Users\alhdh\AppData\Local\Temp\jna-92902113\jna7747714454169286365.dll

Deoptimization events (20 events):
Event: 5.270 Thread 0x0000028c3fac1e70 Uncommon trap: trap_request=0xffffff45 fr.pc=0x0000028c30c1e47c relative=0x000000000000015c
Event: 5.270 Thread 0x0000028c3fac1e70 Uncommon trap: reason=unstable_if action=reinterpret pc=0x0000028c30c1e47c method=jdk.internal.jrtfs.JrtPath.normalize(Ljava/lang/String;)Ljava/lang/String; @ 78 c2
Event: 5.270 Thread 0x0000028c3fac1e70 DEOPT PACKING pc=0x0000028c30c1e47c sp=0x000000db2d1fd660
Event: 5.270 Thread 0x0000028c3fac1e70 DEOPT UNPACKING pc=0x0000028c304a66a3 sp=0x000000db2d1fd5e0 mode 2
Event: 5.271 Thread 0x0000028c42784300 Uncommon trap: trap_request=0xfffffff4 fr.pc=0x0000028c30c10770 relative=0x00000000000029d0
Event: 5.271 Thread 0x0000028c42784300 Uncommon trap: reason=null_check action=make_not_entrant pc=0x0000028c30c10770 method=org.apache.aries.spifly.BaseActivator.getWeavingData(Lorg/osgi/framework/Bundle;)Ljava/util/Set; @ 10 c2
Event: 5.271 Thread 0x0000028c42784300 DEOPT PACKING pc=0x0000028c30c10770 sp=0x000000db2d9fda10
Event: 5.271 Thread 0x0000028c42784300 DEOPT UNPACKING pc=0x0000028c304a66a3 sp=0x000000db2d9fd7b8 mode 2
Event: 5.282 Thread 0x0000028c42784300 Uncommon trap: trap_request=0xffffff45 fr.pc=0x0000028c30b072b4 relative=0x0000000000000114
Event: 5.282 Thread 0x0000028c42784300 Uncommon trap: reason=unstable_if action=reinterpret pc=0x0000028c30b072b4 method=jdk.internal.org.objectweb.asm.SymbolTable.put(Ljdk/internal/org/objectweb/asm/SymbolTable$Entry;)Ljdk/internal/org/objectweb/asm/SymbolTable$Entry; @ 13 c2
Event: 5.282 Thread 0x0000028c42784300 DEOPT PACKING pc=0x0000028c30b072b4 sp=0x000000db2d9fd8b0
Event: 5.282 Thread 0x0000028c42784300 DEOPT UNPACKING pc=0x0000028c304a66a3 sp=0x000000db2d9fd810 mode 2
Event: 5.343 Thread 0x0000028c42784300 Uncommon trap: trap_request=0xffffff45 fr.pc=0x0000028c30bf0834 relative=0x00000000000000b4
Event: 5.343 Thread 0x0000028c42784300 Uncommon trap: reason=unstable_if action=reinterpret pc=0x0000028c30bf0834 method=org.codehaus.plexus.util.xml.pull.MXParser.more()C @ 8 c2
Event: 5.343 Thread 0x0000028c42784300 DEOPT PACKING pc=0x0000028c30bf0834 sp=0x000000db2d9fe600
Event: 5.343 Thread 0x0000028c42784300 DEOPT UNPACKING pc=0x0000028c304a66a3 sp=0x000000db2d9fe590 mode 2
Event: 5.379 Thread 0x0000028c42784300 Uncommon trap: trap_request=0xffffff45 fr.pc=0x0000028c30af9c38 relative=0x0000000000000118
Event: 5.379 Thread 0x0000028c42784300 Uncommon trap: reason=unstable_if action=reinterpret pc=0x0000028c30af9c38 method=java.util.ArrayList.indexOfRange(Ljava/lang/Object;II)I @ 7 c2
Event: 5.379 Thread 0x0000028c42784300 DEOPT PACKING pc=0x0000028c30af9c38 sp=0x000000db2d9fe660
Event: 5.379 Thread 0x0000028c42784300 DEOPT UNPACKING pc=0x0000028c304a66a3 sp=0x000000db2d9fe520 mode 2

Classes unloaded (7 events):
Event: 3.096 Thread 0x0000028c3fa14870 Unloading class 0x000000010024bc00 'java/lang/invoke/LambdaForm$MH+0x000000010024bc00'
Event: 3.096 Thread 0x0000028c3fa14870 Unloading class 0x000000010024b800 'java/lang/invoke/LambdaForm$MH+0x000000010024b800'
Event: 3.096 Thread 0x0000028c3fa14870 Unloading class 0x000000010024b400 'java/lang/invoke/LambdaForm$MH+0x000000010024b400'
Event: 3.096 Thread 0x0000028c3fa14870 Unloading class 0x000000010024b000 'java/lang/invoke/LambdaForm$MH+0x000000010024b000'
Event: 3.096 Thread 0x0000028c3fa14870 Unloading class 0x000000010024ac00 'java/lang/invoke/LambdaForm$BMH+0x000000010024ac00'
Event: 3.096 Thread 0x0000028c3fa14870 Unloading class 0x000000010024a800 'java/lang/invoke/LambdaForm$DMH+0x000000010024a800'
Event: 3.096 Thread 0x0000028c3fa14870 Unloading class 0x0000000100244400 'java/lang/invoke/LambdaForm$DMH+0x0000000100244400'

Classes redefined (0 events):
No events

Internal exceptions (20 events):
Event: 4.788 Thread 0x0000028c42784300 Exception <a 'java/lang/NoSuchMethodError'{0x00000000eb614140}: 'int java.lang.invoke.DirectMethodHandle$Holder.invokeStaticInit(java.lang.Object, long, long)'> (0x00000000eb614140) 
thrown [s\src\hotspot\share\interpreter\linkResolver.cpp, line 759]
Event: 4.788 Thread 0x0000028c42784300 Exception <a 'java/lang/NoSuchMethodError'{0x00000000eb626b90}: 'int java.lang.invoke.DirectMethodHandle$Holder.invokeStaticInit(java.lang.Object, float, float)'> (0x00000000eb626b90) 
thrown [s\src\hotspot\share\interpreter\linkResolver.cpp, line 759]
Event: 4.789 Thread 0x0000028c42784300 Exception <a 'java/lang/NoSuchMethodError'{0x00000000eb62d9e8}: 'int java.lang.invoke.DirectMethodHandle$Holder.invokeStaticInit(java.lang.Object, double, double)'> (0x00000000eb62d9e8) 
thrown [s\src\hotspot\share\interpreter\linkResolver.cpp, line 759]
Event: 4.790 Thread 0x0000028c42784300 Exception <a 'java/lang/NoSuchMethodError'{0x00000000eb631ff0}: 'int java.lang.invoke.DirectMethodHandle$Holder.invokeStatic(java.lang.Object, long)'> (0x00000000eb631ff0) 
thrown [s\src\hotspot\share\interpreter\linkResolver.cpp, line 759]
Event: 4.804 Thread 0x0000028c42784300 Exception <a 'java/lang/NoSuchMethodError'{0x00000000eb6f1688}: 'int java.lang.invoke.Invokers$Holder.linkToTargetMethod(java.lang.Object, java.lang.Object)'> (0x00000000eb6f1688) 
thrown [s\src\hotspot\share\interpreter\linkResolver.cpp, line 759]
Event: 4.845 Thread 0x0000028c3fac0520 Exception <a 'java/lang/NoSuchMethodError'{0x00000000eb828188}: 'java.lang.Object java.lang.invoke.DirectMethodHandle$Holder.newInvokeSpecial(java.lang.Object, java.lang.Object, java.lang.Object, java.lang.Object, java.lang.Object)'> (0x00000000eb828188) 
thrown [s\src\hotspot\share\interpreter\linkResolver.cpp, line 759]
Event: 4.863 Thread 0x0000028c3fac0520 Exception <a 'java/lang/NoSuchMethodError'{0x00000000eb9fc5a0}: 'int java.lang.invoke.DirectMethodHandle$Holder.invokeSpecial(java.lang.Object, java.lang.Object, java.lang.Object, java.lang.Object)'> (0x00000000eb9fc5a0) 
thrown [s\src\hotspot\share\interpreter\linkResolver.cpp, line 759]
Event: 4.870 Thread 0x0000028c3fac0520 Exception <a 'java/lang/NoSuchMethodError'{0x00000000eba94138}: 'java.lang.Object java.lang.invoke.DirectMethodHandle$Holder.invokeStatic(java.lang.Object, int, java.lang.Object, java.lang.Object)'> (0x00000000eba94138) 
thrown [s\src\hotspot\share\interpreter\linkResolver.cpp, line 759]
Event: 4.870 Thread 0x0000028c3fac0520 Exception <a 'java/lang/NoSuchMethodError'{0x00000000eba97bf0}: 'java.lang.Object java.lang.invoke.DelegatingMethodHandle$Holder.delegate(java.lang.Object, int, java.lang.Object, java.lang.Object)'> (0x00000000eba97bf0) 
thrown [s\src\hotspot\share\interpreter\linkResolver.cpp, line 759]
Event: 4.875 Thread 0x0000028c3fac0520 Exception <a 'java/lang/NoSuchMethodError'{0x00000000ebb05818}: 'int java.lang.invoke.Invokers$Holder.linkToTargetMethod(java.lang.Object, java.lang.Object, java.lang.Object)'> (0x00000000ebb05818) 
thrown [s\src\hotspot\share\interpreter\linkResolver.cpp, line 759]
Event: 4.885 Thread 0x0000028c24abff00 Exception <a 'java/lang/NoSuchMethodError'{0x00000000ebb59348}: 'java.lang.Object java.lang.invoke.DirectMethodHandle$Holder.invokeStatic(java.lang.Object, java.lang.Object, long, java.lang.Object)'> (0x00000000ebb59348) 
thrown [s\src\hotspot\share\interpreter\linkResolver.cpp, line 759]
Event: 4.886 Thread 0x0000028c24abff00 Exception <a 'java/lang/NoSuchMethodError'{0x00000000ebb5cde0}: 'java.lang.Object java.lang.invoke.DirectMethodHandle$Holder.invokeStaticInit(java.lang.Object, java.lang.Object, long, java.lang.Object)'> (0x00000000ebb5cde0) 
thrown [s\src\hotspot\share\interpreter\linkResolver.cpp, line 759]
Event: 4.888 Thread 0x0000028c24abff00 Exception <a 'java/lang/NoSuchMethodError'{0x00000000ebb89ca0}: 'java.lang.Object java.lang.invoke.DirectMethodHandle$Holder.newInvokeSpecial(java.lang.Object, java.lang.Object, long)'> (0x00000000ebb89ca0) 
thrown [s\src\hotspot\share\interpreter\linkResolver.cpp, line 759]
Event: 4.892 Thread 0x0000028c3fac1e70 Exception <a 'java/io/FileNotFoundException'{0x00000000ebbc4060}> (0x00000000ebbc4060) 
thrown [s\src\hotspot\share\prims\jni.cpp, line 516]
Event: 4.897 Thread 0x0000028c24abff00 Exception <a 'sun/nio/fs/WindowsException'{0x00000000ebc0a098}> (0x00000000ebc0a098) 
thrown [s\src\hotspot\share\prims\jni.cpp, line 516]
Event: 4.902 Thread 0x0000028c42784300 Exception <a 'java/lang/NoSuchMethodError'{0x00000000ebc75f30}: 'java.lang.Object java.lang.invoke.DirectMethodHandle$Holder.invokeSpecialIFC(java.lang.Object, java.lang.Object, java.lang.Object, java.lang.Object)'> (0x00000000ebc75f30) 
thrown [s\src\hotspot\share\interpreter\linkResolver.cpp, line 759]
Event: 5.106 Thread 0x0000028c3fac1e70 Exception <a 'java/lang/NoSuchMethodError'{0x00000000eb5800b0}: 'java.lang.Object java.lang.invoke.Invokers$Holder.invoke_MT(java.lang.Object, java.lang.Object, java.lang.Object)'> (0x00000000eb5800b0) 
thrown [s\src\hotspot\share\interpreter\linkResolver.cpp, line 759]
Event: 5.143 Thread 0x0000028c42784300 Exception <a 'java/lang/NoSuchMethodError'{0x00000000eb80a350}: 'int java.lang.invoke.DirectMethodHandle$Holder.invokeSpecialIFC(java.lang.Object, java.lang.Object, java.lang.Object, java.lang.Object, java.lang.Object)'> (0x00000000eb80a350) 
thrown [s\src\hotspot\share\interpreter\linkResolver.cpp, line 759]
Event: 5.271 Thread 0x0000028c42784300 Implicit null exception at 0x0000028c30c0e640 to 0x0000028c30c10710
Event: 5.336 Thread 0x0000028c42784300 Exception <a 'java/lang/NoClassDefFoundError'{0x00000000eb03e3c0}: javax/enterprise/inject/Typed> (0x00000000eb03e3c0) 
thrown [s\src\hotspot\share\classfile\systemDictionary.cpp, line 245]

VM Operations (20 events):
Event: 4.839 Executing VM operation: HandshakeAllThreads
Event: 4.841 Executing VM operation: HandshakeAllThreads done
Event: 4.868 Executing VM operation: HandshakeAllThreads
Event: 4.869 Executing VM operation: HandshakeAllThreads done
Event: 4.962 Executing VM operation: ParallelGCFailedAllocation
Event: 4.966 Executing VM operation: ParallelGCFailedAllocation done
Event: 5.086 Executing VM operation: HandshakeAllThreads
Event: 5.086 Executing VM operation: HandshakeAllThreads done
Event: 5.132 Executing VM operation: HandshakeAllThreads
Event: 5.132 Executing VM operation: HandshakeAllThreads done
Event: 5.133 Executing VM operation: HandshakeAllThreads
Event: 5.133 Executing VM operation: HandshakeAllThreads done
Event: 5.195 Executing VM operation: HandshakeAllThreads
Event: 5.195 Executing VM operation: HandshakeAllThreads done
Event: 5.257 Executing VM operation: ParallelGCFailedAllocation
Event: 5.257 Executing VM operation: ParallelGCFailedAllocation done
Event: 5.257 Executing VM operation: ParallelGCSystemGC
Event: 5.261 Executing VM operation: ParallelGCSystemGC done
Event: 5.309 Executing VM operation: HandshakeAllThreads
Event: 5.309 Executing VM operation: HandshakeAllThreads done

Events (20 events):
Event: 5.264 loading class java/lang/Deprecated
Event: 5.264 loading class java/lang/Deprecated done
Event: 5.272 loading class java/util/regex/Pattern$BackRef
Event: 5.272 loading class java/util/regex/Pattern$BackRef done
Event: 5.317 loading class java/math/BigDecimal
Event: 5.318 loading class java/math/BigDecimal done
Event: 5.318 loading class java/lang/Short$ShortCache
Event: 5.319 loading class java/lang/Short$ShortCache done
Event: 5.334 loading class java/nio/channels/Channels
Event: 5.334 loading class java/nio/channels/Channels done
Event: 5.334 loading class java/nio/channels/Channels$ReadableByteChannelImpl
Event: 5.335 loading class java/nio/channels/Channels$ReadableByteChannelImpl done
Event: 5.335 loading class java/lang/annotation/IncompleteAnnotationException
Event: 5.335 loading class java/lang/annotation/IncompleteAnnotationException done
Event: 5.336 loading class java/nio/channels/NonWritableChannelException
Event: 5.336 loading class java/nio/channels/NonWritableChannelException done
Event: 5.336 loading class sun/nio/ch/ChannelInputStream
Event: 5.336 loading class sun/nio/ch/ChannelInputStream done
Event: 5.336 loading class java/nio/channels/SelectableChannel
Event: 5.336 loading class java/nio/channels/SelectableChannel done


Dynamic libraries:
0x00007ff61f4a0000 - 0x00007ff61f4ae000 	c:\Users\alhdh\.vscode\extensions\redhat.java-1.30.0-win32-x64\jre\17.0.10-win32-x86_64\bin\java.exe
0x00007ffabeb70000 - 0x00007ffabed68000 	C:\Windows\SYSTEM32\ntdll.dll
0x00007ffa979b0000 - 0x00007ffa979c9000 	C:\Program Files\Avast Software\Avast\aswhook.dll
0x00007ffabd720000 - 0x00007ffabd7dd000 	C:\Windows\System32\KERNEL32.DLL
0x00007ffabc410000 - 0x00007ffabc706000 	C:\Windows\System32\KERNELBASE.dll
0x00007ffabc780000 - 0x00007ffabc880000 	C:\Windows\System32\ucrtbase.dll
0x00007ffaa4ab0000 - 0x00007ffaa4ac7000 	c:\Users\alhdh\.vscode\extensions\redhat.java-1.30.0-win32-x64\jre\17.0.10-win32-x86_64\bin\jli.dll
0x00007ffabda60000 - 0x00007ffabdbfe000 	C:\Windows\System32\USER32.dll
0x00007ffabc8d0000 - 0x00007ffabc8f2000 	C:\Windows\System32\win32u.dll
0x00007ffabe5f0000 - 0x00007ffabe61c000 	C:\Windows\System32\GDI32.dll
0x00007ffabc240000 - 0x00007ffabc35a000 	C:\Windows\System32\gdi32full.dll
0x00007ffabcb20000 - 0x00007ffabcbbd000 	C:\Windows\System32\msvcp_win.dll
0x00007ffa9bc50000 - 0x00007ffa9bc6b000 	c:\Users\alhdh\.vscode\extensions\redhat.java-1.30.0-win32-x64\jre\17.0.10-win32-x86_64\bin\VCRUNTIME140.dll
0x00007ffaa7520000 - 0x00007ffaa77ba000 	C:\Windows\WinSxS\amd64_microsoft.windows.common-controls_6595b64144ccf1df_6.0.19041.3636_none_60b6a03d71f818d5\COMCTL32.dll
0x00007ffabe620000 - 0x00007ffabe6be000 	C:\Windows\System32\msvcrt.dll
0x00007ffabcbc0000 - 0x00007ffabcbf0000 	C:\Windows\System32\IMM32.DLL
0x00007ffab7940000 - 0x00007ffab794c000 	c:\Users\alhdh\.vscode\extensions\redhat.java-1.30.0-win32-x64\jre\17.0.10-win32-x86_64\bin\vcruntime140_1.dll
0x00007ffa91880000 - 0x00007ffa9190d000 	c:\Users\alhdh\.vscode\extensions\redhat.java-1.30.0-win32-x64\jre\17.0.10-win32-x86_64\bin\msvcp140.dll
0x00007ffa42440000 - 0x00007ffa430a2000 	c:\Users\alhdh\.vscode\extensions\redhat.java-1.30.0-win32-x64\jre\17.0.10-win32-x86_64\bin\server\jvm.dll
0x00007ffabd3a0000 - 0x00007ffabd453000 	C:\Windows\System32\ADVAPI32.dll
0x00007ffabdfc0000 - 0x00007ffabe05f000 	C:\Windows\System32\sechost.dll
0x00007ffabe060000 - 0x00007ffabe186000 	C:\Windows\System32\RPCRT4.dll
0x00007ffabcaf0000 - 0x00007ffabcb17000 	C:\Windows\System32\bcrypt.dll
0x00007ffabb7a0000 - 0x00007ffabb7eb000 	C:\Windows\SYSTEM32\POWRPROF.dll
0x00007ffaa5780000 - 0x00007ffaa57a7000 	C:\Windows\SYSTEM32\WINMM.dll
0x00007ffaa2a60000 - 0x00007ffaa2a69000 	C:\Windows\SYSTEM32\WSOCK32.dll
0x00007ffab1b30000 - 0x00007ffab1b3a000 	C:\Windows\SYSTEM32\VERSION.dll
0x00007ffabe190000 - 0x00007ffabe1fb000 	C:\Windows\System32\WS2_32.dll
0x00007ffabb610000 - 0x00007ffabb622000 	C:\Windows\SYSTEM32\UMPDC.dll
0x00007ffabaa40000 - 0x00007ffabaa52000 	C:\Windows\SYSTEM32\kernel.appcore.dll
0x00007ffaa6ea0000 - 0x00007ffaa6eaa000 	c:\Users\alhdh\.vscode\extensions\redhat.java-1.30.0-win32-x64\jre\17.0.10-win32-x86_64\bin\jimage.dll
0x00007ffaba730000 - 0x00007ffaba914000 	C:\Windows\SYSTEM32\DBGHELP.DLL
0x00007ffab1970000 - 0x00007ffab19a4000 	C:\Windows\SYSTEM32\dbgcore.DLL
0x00007ffabc900000 - 0x00007ffabc982000 	C:\Windows\System32\bcryptPrimitives.dll
0x00007ffaa6ca0000 - 0x00007ffaa6cae000 	c:\Users\alhdh\.vscode\extensions\redhat.java-1.30.0-win32-x64\jre\17.0.10-win32-x86_64\bin\instrument.dll
0x00007ffa91850000 - 0x00007ffa91875000 	c:\Users\alhdh\.vscode\extensions\redhat.java-1.30.0-win32-x64\jre\17.0.10-win32-x86_64\bin\java.dll
0x00007ffa974b0000 - 0x00007ffa974c8000 	c:\Users\alhdh\.vscode\extensions\redhat.java-1.30.0-win32-x64\jre\17.0.10-win32-x86_64\bin\zip.dll
0x00007ffabcc50000 - 0x00007ffabd395000 	C:\Windows\System32\SHELL32.dll
0x00007ffab9ed0000 - 0x00007ffaba66b000 	C:\Windows\SYSTEM32\windows.storage.dll
0x00007ffabe290000 - 0x00007ffabe5e4000 	C:\Windows\System32\combase.dll
0x00007ffabbb90000 - 0x00007ffabbbbd000 	C:\Windows\SYSTEM32\Wldp.dll
0x00007ffabd8c0000 - 0x00007ffabd96d000 	C:\Windows\System32\SHCORE.dll
0x00007ffabdf60000 - 0x00007ffabdfb5000 	C:\Windows\System32\shlwapi.dll
0x00007ffabc170000 - 0x00007ffabc195000 	C:\Windows\SYSTEM32\profapi.dll
0x00007ffa96a40000 - 0x00007ffa96a59000 	C:\Users\alhdh\.vscode\extensions\redhat.java-1.30.0-win32-x64\jre\17.0.10-win32-x86_64\bin\net.dll
0x00007ffab66e0000 - 0x00007ffab67ea000 	C:\Windows\SYSTEM32\WINHTTP.dll
0x00007ffabb970000 - 0x00007ffabb9da000 	C:\Windows\system32\mswsock.dll
0x00007ffa96710000 - 0x00007ffa96726000 	C:\Users\alhdh\.vscode\extensions\redhat.java-1.30.0-win32-x64\jre\17.0.10-win32-x86_64\bin\nio.dll
0x00007ffaa6b70000 - 0x00007ffaa6b80000 	c:\Users\alhdh\.vscode\extensions\redhat.java-1.30.0-win32-x64\jre\17.0.10-win32-x86_64\bin\verify.dll
0x00007ffa91060000 - 0x00007ffa9109e000 	C:\Users\alhdh\AppData\Roaming\Code\User\globalStorage\redhat.java\1.30.0\config_win\org.eclipse.equinox.launcher\org.eclipse.equinox.launcher.win32.win32.x86_64_1.2.900.v20240213-1244\eclipse_11900.dll
0x00007ffabdd10000 - 0x00007ffabde3b000 	C:\Windows\System32\ole32.dll
0x00007ffabbbd0000 - 0x00007ffabbbe8000 	C:\Windows\SYSTEM32\CRYPTSP.dll
0x00007ffabb250000 - 0x00007ffabb284000 	C:\Windows\system32\rsaenh.dll
0x00007ffabc130000 - 0x00007ffabc15e000 	C:\Windows\SYSTEM32\USERENV.dll
0x00007ffabbb00000 - 0x00007ffabbb0c000 	C:\Windows\SYSTEM32\CRYPTBASE.dll
0x00007ffabb630000 - 0x00007ffabb66b000 	C:\Windows\SYSTEM32\IPHLPAPI.DLL
0x00007ffabdca0000 - 0x00007ffabdca8000 	C:\Windows\System32\NSI.dll
0x00007ffab5390000 - 0x00007ffab53a7000 	C:\Windows\SYSTEM32\dhcpcsvc6.DLL
0x00007ffab5370000 - 0x00007ffab538d000 	C:\Windows\SYSTEM32\dhcpcsvc.DLL
0x00007ffabb670000 - 0x00007ffabb73a000 	C:\Windows\SYSTEM32\DNSAPI.dll
0x00007ffa7d990000 - 0x00007ffa7d9d5000 	C:\Users\alhdh\AppData\Local\Temp\jna-92902113\jna7747714454169286365.dll
0x00007ffabdc90000 - 0x00007ffabdc98000 	C:\Windows\System32\PSAPI.DLL

dbghelp: loaded successfully - version: 4.0.5 - missing functions: none
symbol engine: initialized successfully - sym options: 0x614 - pdb path: .;c:\Users\alhdh\.vscode\extensions\redhat.java-1.30.0-win32-x64\jre\17.0.10-win32-x86_64\bin;C:\Windows\SYSTEM32;C:\Program Files\Avast Software\Avast;C:\Windows\WinSxS\amd64_microsoft.windows.common-controls_6595b64144ccf1df_6.0.19041.3636_none_60b6a03d71f818d5;c:\Users\alhdh\.vscode\extensions\redhat.java-1.30.0-win32-x64\jre\17.0.10-win32-x86_64\bin\server;C:\Users\alhdh\AppData\Roaming\Code\User\globalStorage\redhat.java\1.30.0\config_win\org.eclipse.equinox.launcher\org.eclipse.equinox.launcher.win32.win32.x86_64_1.2.900.v20240213-1244;C:\Users\alhdh\AppData\Local\Temp\jna-92902113

VM Arguments:
jvm_args: --add-modules=ALL-SYSTEM --add-opens=java.base/java.util=ALL-UNNAMED --add-opens=java.base/java.lang=ALL-UNNAMED --add-opens=java.base/sun.nio.fs=ALL-UNNAMED -Declipse.application=org.eclipse.jdt.ls.core.id1 -Dosgi.bundles.defaultStartLevel=4 -Declipse.product=org.eclipse.jdt.ls.core.product -Djava.import.generatesMetadataFilesAtProjectRoot=false -DDetectVMInstallationsJob.disabled=true -Dfile.encoding=utf8 -XX:+UseParallelGC -XX:GCTimeRatio=4 -XX:AdaptiveSizePolicyWeight=90 -Dsun.zip.disableMemoryMapping=true -Xmx1G -Xms100m -Xlog:disable -javaagent:c:\Users\alhdh\.vscode\extensions\redhat.java-1.30.0-win32-x64\lombok\lombok-1.18.32.jar -XX:+HeapDumpOnOutOfMemoryError -XX:HeapDumpPath=c:\Users\alhdh\AppData\Roaming\Code\User\workspaceStorage\37dba57fa1d58a1a3d36af18158eedda\redhat.java -Daether.dependencyCollector.impl=bf 
java_command: c:\Users\alhdh\.vscode\extensions\redhat.java-1.30.0-win32-x64\server\plugins\org.eclipse.equinox.launcher_1.6.800.v20240330-1250.jar -configuration c:\Users\alhdh\AppData\Roaming\Code\User\globalStorage\redhat.java\1.30.0\config_win -data c:\Users\alhdh\AppData\Roaming\Code\User\workspaceStorage\37dba57fa1d58a1a3d36af18158eedda\redhat.java\jdt_ws --pipe=\\.\pipe\lsp-53efd6178cc0b154662443fb3bd1e222-sock
java_class_path (initial): c:\Users\alhdh\.vscode\extensions\redhat.java-1.30.0-win32-x64\server\plugins\org.eclipse.equinox.launcher_1.6.800.v20240330-1250.jar
Launcher Type: SUN_STANDARD

[Global flags]
    uintx AdaptiveSizePolicyWeight                 = 90                                        {product} {command line}
     intx CICompilerCount                          = 4                                         {product} {ergonomic}
    uintx GCTimeRatio                              = 4                                         {product} {command line}
     bool HeapDumpOnOutOfMemoryError               = true                                   {manageable} {command line}
    ccstr HeapDumpPath                             = c:\Users\alhdh\AppData\Roaming\Code\User\workspaceStorage\37dba57fa1d58a1a3d36af18158eedda\redhat.java         {manageable} {command line}
   size_t InitialHeapSize                          = 104857600                                 {product} {command line}
   size_t MaxHeapSize                              = 1073741824                                {product} {command line}
   size_t MaxNewSize                               = 357564416                                 {product} {ergonomic}
   size_t MinHeapDeltaBytes                        = 524288                                    {product} {ergonomic}
   size_t MinHeapSize                              = 104857600                                 {product} {command line}
   size_t NewSize                                  = 34603008                                  {product} {ergonomic}
    uintx NonNMethodCodeHeapSize                   = 5839372                                {pd product} {ergonomic}
    uintx NonProfiledCodeHeapSize                  = 122909434                              {pd product} {ergonomic}
   size_t OldSize                                  = 70254592                                  {product} {ergonomic}
    uintx ProfiledCodeHeapSize                     = 122909434                              {pd product} {ergonomic}
    uintx ReservedCodeCacheSize                    = 251658240                              {pd product} {ergonomic}
     bool SegmentedCodeCache                       = true                                      {product} {ergonomic}
   size_t SoftMaxHeapSize                          = 1073741824                             {manageable} {ergonomic}
     bool UseCompressedClassPointers               = true                           {product lp64_product} {ergonomic}
     bool UseCompressedOops                        = true                           {product lp64_product} {ergonomic}
     bool UseLargePagesIndividualAllocation        = false                                  {pd product} {ergonomic}
     bool UseParallelGC                            = true                                      {product} {command line}

Logging:
Log output configuration:
 #0: stdout all=off uptime,level,tags
 #1: stderr all=off uptime,level,tags

Environment Variables:
JAVA_HOME=C:\Program Files\Java\jdk-17
CLASSPATH=.;
PATH=C:\Program Files\Microsoft MPI\Bin\;C:\Python311\Scripts\;C:\Python311\;C:\Program Files\Common Files\Oracle\Java\javapath;C:\Program Files (x86)\Common Files\Oracle\Java\javapath;D:\WATCOM\BINNT;D:\WATCOM\BINW;C:\Windows\system32;C:\Windows;C:\Windows\System32\Wbem;C:\Windows\System32\WindowsPowerShell\v1.0\;C:\Windows\System32\OpenSSH\;C:\Program Files\dotnet\;C:\Program Files\Microsoft SQL Server\130\Tools\Binn\;C:\Program Files\Microsoft SQL Server\Client SDK\ODBC\170\Tools\Binn\;C:\Program Files\Azure Data Studio\bin;C:\Program Files (x86)\Microsoft SQL Server\150\Tools\Binn\;C:\Program Files\Microsoft SQL Server\150\Tools\Binn\;C:\Program Files\Microsoft SQL Server\150\DTS\Binn\;C:\Program Files (x86)\Microsoft SQL Server\150\DTS\Binn\;D:\Latex\miktex\bin\x64\;C:\Program Files (x86)\IVI Foundation\VISA\WinNT\Bin\;C:\Program Files\IVI Foundation\VISA\Win64\Bin\;D:\Shared\LabVIEW CLI;C:\Program Files\Amazon\AWSCLIV2\;C:\Program Files\PuTTY\;C:\ProgramData\chocolatey\bin;C:\Program Files\Git\cmd;C:\Program Files\Java\jdk1.8.0_211\bin;C:\Program Files\CMake\bin;C:\Program Files\nodejs\;C:\Program Files (x86)\PDFtk\bin\;%MPJ_HOME%\bin;C:\ProgramData\chocolatey\lib\maven\apache-maven-3.9.6\bin;;C:\Program Files\Docker\Docker\resources\bin;C:\GnuWin32\bin;C:\ProgramData\chocolatey\lib\maven\apache-maven-3.9.6\bin;C:\dummy\mpj-v0_44\mpj-v0_44\bin;C:\Program Files\Java\jdk-11\bin;C:\Program Files\MySQL\MySQL Shell 8.0\bin\;D:\WATCOM\BINNT;D:\WATCOM\BINW;C:\Windows\system32;C:\Windows;C:\Windows\System32\Wbem;C:\Windows\System32\WindowsPowerShell\v1.0\;C:\Windows\System32\OpenSSH\;C:\Program Files (x86)\IncrediBuild;C:\Program Files\dotnet\;C:\Program Files\Microsoft SQL Server\130\Tools\Binn\;C:\Program Files\Microsoft SQL Server\Client SDK\ODBC\170\Tools\Binn\;C:\Program Files\Azure Data Studio\bin;C:\Program Files (x86)\Microsoft SQL Server\150\Tools\Binn\;C:\Program Files\Microsoft SQL Server\150\Tools\Binn\;C:\Program Files\Microsoft SQL Server\150\DTS\Binn\;C:\P
USERNAME=alhdh
OS=Windows_NT
PROCESSOR_IDENTIFIER=Intel64 Family 6 Model 158 Stepping 10, GenuineIntel
TMP=C:\Users\alhdh\AppData\Local\Temp
TEMP=C:\Users\alhdh\AppData\Local\Temp



Periodic native trim disabled


---------------  S Y S T E M  ---------------

OS:
 Windows 10 , 64 bit Build 19041 (10.0.19041.3636)
OS uptime: 0 days 0:57 hours
Hyper-V role detected

CPU: total 12 (initial active 12) (6 cores per cpu, 2 threads per core) family 6 model 158 stepping 10 microcode 0xf0, cx8, cmov, fxsr, ht, mmx, 3dnowpref, sse, sse2, sse3, ssse3, sse4.1, sse4.2, popcnt, lzcnt, tsc, tscinvbit, avx, avx2, aes, erms, clmul, bmi1, bmi2, adx, fma, vzeroupper, clflush, clflushopt, hv
Processor Information for all 12 processors :
  Max Mhz: 2592, Current Mhz: 2592, Mhz Limit: 2592

Memory: 4k page, system-wide physical 8008M (1576M free)
TotalPageFile size 10958M (AvailPageFile size 15M)
current process WorkingSet (physical memory assigned to process): 187M, peak: 187M
current process commit charge ("private bytes"): 288M, peak: 288M

vm_info: OpenJDK 64-Bit Server VM (17.0.10+7) for windows-amd64 JRE (17.0.10+7), built on Jan 16 2024 23:25:11 by "admin" with MS VC++ 16.10 / 16.11 (VS2019)

END.
