#
# There is insufficient memory for the Java Runtime Environment to continue.
# Native memory allocation (malloc) failed to allocate 2097152 bytes for AllocateHeap
# Possible reasons:
#   The system is out of physical RAM or swap space
#   The process is running with CompressedOops enabled, and the Java Heap may be blocking the growth of the native heap
# Possible solutions:
#   Reduce memory load on the system
#   Increase physical memory or swap space
#   Check if swap backing store is full
#   Decrease Java heap size (-Xmx/-Xms)
#   Decrease number of Java threads
#   Decrease Java thread stack sizes (-Xss)
#   Set larger code cache with -XX:ReservedCodeCacheSize=
#   JVM is running with Unscaled Compressed Oops mode in which the Java heap is
#     placed in the first 4GB address space. The Java Heap base address is the
#     maximum limit for the native heap growth. Please use -XX:HeapBaseMinAddress
#     to set the Java Heap base and to place the Java Heap above 4GB virtual address.
# This output file may be truncated or incomplete.
#
#  Out of Memory Error (allocation.cpp:44), pid=18128, tid=18956
#
# JRE version: Java(TM) SE Runtime Environment (17.0.10+11) (build 17.0.10+11-LTS-240)
# Java VM: Java HotSpot(TM) 64-Bit Server VM (17.0.10+11-LTS-240, mixed mode, emulated-client, sharing, tiered, compressed oops, compressed class ptrs, g1 gc, windows-amd64)
# No core dump will be written. Minidumps are not enabled by default on client versions of Windows
#

---------------  S U M M A R Y ------------

Command Line: -XX:TieredStopAtLevel=1 com.alibou.security.SecurityApplication

Host: Intel(R) Core(TM) i7-9750H CPU @ 2.60GHz, 12 cores, 7G,  Windows 10 , 64 bit Build 19041 (10.0.19041.3636)
Time: Sat May  4 02:43:51 2024 Egypt Daylight Time elapsed time: 5943.447892 seconds (0d 1h 39m 3s)

---------------  T H R E A D  ---------------

Current thread (0x0000027bbf607430):  VMThread "VM Thread" [stack: 0x000000f3ab600000,0x000000f3ab700000] [id=18956]

Stack: [0x000000f3ab600000,0x000000f3ab700000]
Native frames: (J=compiled Java code, j=interpreted, Vv=VM code, C=native code)
V  [jvm.dll+0x677a5a]
V  [jvm.dll+0x7d8b2d]
V  [jvm.dll+0x7da48e]
V  [jvm.dll+0x7daaf3]
V  [jvm.dll+0x2455ff]
V  [jvm.dll+0xa5173]
V  [jvm.dll+0x2f4211]
V  [jvm.dll+0x2f00e0]
V  [jvm.dll+0x2d86b7]
V  [jvm.dll+0x31b227]
V  [jvm.dll+0x7df30b]
V  [jvm.dll+0x7e0044]
V  [jvm.dll+0x7e055d]
V  [jvm.dll+0x7e0934]
V  [jvm.dll+0x7e0a00]
V  [jvm.dll+0x78888a]
V  [jvm.dll+0x676935]
C  [ucrtbase.dll+0x21bb2]
C  [KERNEL32.DLL+0x17344]
C  [ntdll.dll+0x526b1]

VM_Operation (0x000000f3ae2ff2a0): G1CollectFull, mode: safepoint, requested by thread 0x0000027c0cb34970


---------------  P R O C E S S  ---------------

Threads class SMR info:
_java_thread_list=0x0000027c0c6f79f0, length=35, elements={
0x0000027bbf60c090, 0x0000027bbf60cf10, 0x0000027bbf621c40, 0x0000027bbf623770,
0x0000027bbf6248d0, 0x0000027bbf625a30, 0x0000027bbf629a10, 0x0000027bbf62c810,
0x0000027bbf879440, 0x0000027bbf885440, 0x0000027c052e07e0, 0x0000027c074d36c0,
0x0000027c076c4aa0, 0x0000027c076c2730, 0x0000027c076c1800, 0x0000027c076c4080,
0x0000027c074d2280, 0x0000027c074d2790, 0x0000027c076c6e10, 0x0000027c076c6900,
0x0000027c076c3660, 0x0000027c076c59d0, 0x0000027c076c3150, 0x0000027c076c3b70,
0x0000027c076c8250, 0x0000027c074d45f0, 0x0000027c074d3bd0, 0x0000027c076c5ee0,
0x0000027c074d2ca0, 0x0000027c076c7830, 0x0000027c0cb35390, 0x0000027c0cb34460,
0x0000027c0cb33f50, 0x0000027c0cb39050, 0x0000027c0cb34970
}

Java Threads: ( => current thread )
  0x0000027bbf60c090 JavaThread "Reference Handler" daemon [_thread_blocked, id=13508, stack(0x000000f3ab700000,0x000000f3ab800000)]
  0x0000027bbf60cf10 JavaThread "Finalizer" daemon [_thread_blocked, id=2364, stack(0x000000f3ab800000,0x000000f3ab900000)]
  0x0000027bbf621c40 JavaThread "Signal Dispatcher" daemon [_thread_blocked, id=10696, stack(0x000000f3ab900000,0x000000f3aba00000)]
  0x0000027bbf623770 JavaThread "Attach Listener" daemon [_thread_blocked, id=3708, stack(0x000000f3aba00000,0x000000f3abb00000)]
  0x0000027bbf6248d0 JavaThread "Service Thread" daemon [_thread_blocked, id=6052, stack(0x000000f3abb00000,0x000000f3abc00000)]
  0x0000027bbf625a30 JavaThread "Monitor Deflation Thread" daemon [_thread_blocked, id=10124, stack(0x000000f3abc00000,0x000000f3abd00000)]
  0x0000027bbf629a10 JavaThread "C1 CompilerThread0" daemon [_thread_blocked, id=3640, stack(0x000000f3abd00000,0x000000f3abe00000)]
  0x0000027bbf62c810 JavaThread "Sweeper thread" daemon [_thread_blocked, id=16172, stack(0x000000f3abe00000,0x000000f3abf00000)]
  0x0000027bbf879440 JavaThread "Notification Thread" daemon [_thread_blocked, id=20924, stack(0x000000f3ac000000,0x000000f3ac100000)]
  0x0000027bbf885440 JavaThread "Common-Cleaner" daemon [_thread_blocked, id=4412, stack(0x000000f3ac200000,0x000000f3ac300000)]
  0x0000027c052e07e0 JavaThread "mysql-cj-abandoned-connection-cleanup" daemon [_thread_blocked, id=8108, stack(0x000000f3ad200000,0x000000f3ad300000)]
  0x0000027c074d36c0 JavaThread "Live Reload Server" daemon [_thread_in_native, id=3000, stack(0x000000f3ada00000,0x000000f3adb00000)]
  0x0000027c076c4aa0 JavaThread "DestroyJavaVM" [_thread_blocked, id=2304, stack(0x000000f3ab000000,0x000000f3ab100000)]
  0x0000027c076c2730 JavaThread "File Watcher" daemon [_thread_blocked, id=12456, stack(0x000000f3aae00000,0x000000f3aaf00000)]
  0x0000027c076c1800 JavaThread "File Watcher" daemon [_thread_blocked, id=13492, stack(0x000000f3aaf00000,0x000000f3ab000000)]
  0x0000027c076c4080 JavaThread "File Watcher" daemon [_thread_blocked, id=11564, stack(0x000000f3ac400000,0x000000f3ac500000)]
  0x0000027c074d2280 JavaThread "File Watcher" daemon [_thread_blocked, id=4044, stack(0x000000f3ac500000,0x000000f3ac600000)]
  0x0000027c074d2790 JavaThread "File Watcher" daemon [_thread_blocked, id=7276, stack(0x000000f3ad300000,0x000000f3ad400000)]
  0x0000027c076c6e10 JavaThread "File Watcher" daemon [_thread_blocked, id=9400, stack(0x000000f3ad400000,0x000000f3ad500000)]
  0x0000027c076c6900 JavaThread "File Watcher" daemon [_thread_blocked, id=18004, stack(0x000000f3acc00000,0x000000f3acd00000)]
  0x0000027c076c3660 JavaThread "File Watcher" daemon [_thread_blocked, id=928, stack(0x000000f3ad600000,0x000000f3ad700000)]
  0x0000027c076c59d0 JavaThread "File Watcher" daemon [_thread_blocked, id=3416, stack(0x000000f3ad700000,0x000000f3ad800000)]
  0x0000027c076c3150 JavaThread "File Watcher" daemon [_thread_blocked, id=19276, stack(0x000000f3aad00000,0x000000f3aae00000)]
  0x0000027c076c3b70 JavaThread "File Watcher" daemon [_thread_blocked, id=272, stack(0x000000f3ad900000,0x000000f3ada00000)]
  0x0000027c076c8250 JavaThread "File Watcher" daemon [_thread_blocked, id=524, stack(0x000000f3adb00000,0x000000f3adc00000)]
  0x0000027c074d45f0 JavaThread "File Watcher" daemon [_thread_blocked, id=12008, stack(0x000000f3adc00000,0x000000f3add00000)]
  0x0000027c074d3bd0 JavaThread "File Watcher" daemon [_thread_blocked, id=11132, stack(0x000000f3ade00000,0x000000f3adf00000)]
  0x0000027c076c5ee0 JavaThread "File Watcher" daemon [_thread_blocked, id=20628, stack(0x000000f3add00000,0x000000f3ade00000)]
  0x0000027c074d2ca0 JavaThread "File Watcher" daemon [_thread_blocked, id=13576, stack(0x000000f3adf00000,0x000000f3ae000000)]
  0x0000027c076c7830 JavaThread "File Watcher" daemon [_thread_blocked, id=5244, stack(0x000000f3ae100000,0x000000f3ae200000)]
  0x0000027c0cb35390 JavaThread "File Watcher" daemon [_thread_blocked, id=15736, stack(0x000000f3abf00000,0x000000f3ac000000)]
  0x0000027c0cb34460 JavaThread "File Watcher" daemon [_thread_blocked, id=12996, stack(0x000000f3ad800000,0x000000f3ad900000)]
  0x0000027c0cb33f50 JavaThread "File Watcher" daemon [_thread_blocked, id=6080, stack(0x000000f3ae300000,0x000000f3ae400000)]
  0x0000027c0cb39050 JavaThread "File Watcher" daemon [_thread_blocked, id=5596, stack(0x000000f3ae400000,0x000000f3ae500000)]
  0x0000027c0cb34970 JavaThread "Thread-482" [_thread_blocked, id=20068, stack(0x000000f3ae200000,0x000000f3ae300000)]

Other Threads:
=>0x0000027bbf607430 VMThread "VM Thread" [stack: 0x000000f3ab600000,0x000000f3ab700000] [id=18956]
  0x0000027bbf881f50 WatcherThread [stack: 0x000000f3ac100000,0x000000f3ac200000] [id=5588]
  0x0000027bad35bdb0 GCTaskThread "GC Thread#0" [stack: 0x000000f3ab100000,0x000000f3ab200000] [id=4572]
  0x0000027c05465400 GCTaskThread "GC Thread#1" [stack: 0x000000f3ac600000,0x000000f3ac700000] [id=5828]
  0x0000027c053f6cd0 GCTaskThread "GC Thread#2" [stack: 0x000000f3ac700000,0x000000f3ac800000] [id=4604]
  0x0000027c053f6f90 GCTaskThread "GC Thread#3" [stack: 0x000000f3ac800000,0x000000f3ac900000] [id=11484]
  0x0000027c054696f0 GCTaskThread "GC Thread#4" [stack: 0x000000f3ac900000,0x000000f3aca00000] [id=13176]
  0x0000027c054699b0 GCTaskThread "GC Thread#5" [stack: 0x000000f3aca00000,0x000000f3acb00000] [id=15156]
  0x0000027c056ae430 GCTaskThread "GC Thread#6" [stack: 0x000000f3acd00000,0x000000f3ace00000] [id=1856]
  0x0000027c05664890 GCTaskThread "GC Thread#7" [stack: 0x000000f3ace00000,0x000000f3acf00000] [id=15408]
  0x0000027c05c53090 GCTaskThread "GC Thread#8" [stack: 0x000000f3acb00000,0x000000f3acc00000] [id=14828]
  0x0000027c059b0440 GCTaskThread "GC Thread#9" [stack: 0x000000f3acf00000,0x000000f3ad000000] [id=15920]
  0x0000027bad36c850 ConcurrentGCThread "G1 Main Marker" [stack: 0x000000f3ab200000,0x000000f3ab300000] [id=17972]
  0x0000027bad36da00 ConcurrentGCThread "G1 Conc#0" [stack: 0x000000f3ab300000,0x000000f3ab400000] [id=10672]
  0x0000027c05ce3480 ConcurrentGCThread "G1 Conc#1" [stack: 0x000000f3ad000000,0x000000f3ad100000] [id=20272]
  0x0000027c05d5b150 ConcurrentGCThread "G1 Conc#2" [stack: 0x000000f3ad100000,0x000000f3ad200000] [id=15256]
  0x0000027bbf4c30e0 ConcurrentGCThread "G1 Refine#0" [stack: 0x000000f3ab400000,0x000000f3ab500000] [id=17256]
  0x0000027bbf4c3b10 ConcurrentGCThread "G1 Service" [stack: 0x000000f3ab500000,0x000000f3ab600000] [id=13396]

Threads with active compile tasks:

VM state: at safepoint (normal execution)

VM Mutex/Monitor currently owned by a thread:  ([mutex/lock_event])
[0x0000027bad2fce20] Threads_lock - owner thread: 0x0000027bbf607430
[0x0000027bad2fd0f0] Heap_lock - owner thread: 0x0000027c0cb34970

Heap address: 0x0000000082c00000, size: 2004 MB, Compressed Oops mode: 32-bit

CDS archive(s) mapped at: [0x0000027bc0000000-0x0000027bc0bd0000-0x0000027bc0bd0000), size 12386304, SharedBaseAddress: 0x0000027bc0000000, ArchiveRelocationMode: 1.
Compressed class space mapped at: 0x0000027bc1000000-0x0000027c01000000, reserved size: 1073741824
Narrow klass base: 0x0000027bc0000000, Narrow klass shift: 0, Narrow klass range: 0x100000000

GC Precious Log:
 CPUs: 12 total, 12 available
 Memory: 8008M
 Large Page Support: Disabled
 NUMA Support: Disabled
 Compressed Oops: Enabled (32-bit)
 Heap Region Size: 1M
 Heap Min Capacity: 8M
 Heap Initial Capacity: 126M
 Heap Max Capacity: 2004M
 Pre-touch: Disabled
 Parallel Workers: 10
 Concurrent Workers: 3
 Concurrent Refinement Workers: 10
 Periodic GC: Disabled

Heap:
 garbage-first heap   total 151552K, used 67785K [0x0000000082c00000, 0x0000000100000000)
  region size 1024K, 36 young (36864K), 7 survivors (7168K)
 Metaspace       used 80523K, committed 82752K, reserved 1179648K
  class space    used 11728K, committed 12672K, reserved 1048576K

Heap Regions: E=young(eden), S=young(survivor), O=old, HS=humongous(starts), HC=humongous(continues), CS=collection set, F=free, OA=open archive, CA=closed archive, TAMS=top-at-mark-start (previous, next)
|   0|0x0000000082c00000, 0x0000000082d00000, 0x0000000082d00000|100%|HS|  |TAMS 0x0000000082d00000, 0x0000000082c00000| Untracked 
|   1|0x0000000082d00000, 0x0000000082e00000, 0x0000000082e00000|100%| O|  |TAMS 0x0000000082e00000, 0x0000000082d00000| Untracked 
|   2|0x0000000082e00000, 0x0000000082effff8, 0x0000000082f00000| 99%| O|  |TAMS 0x0000000082effff8, 0x0000000082e00000| Untracked 
|   3|0x0000000082f00000, 0x0000000082ffffe8, 0x0000000083000000| 99%| O|  |TAMS 0x0000000082ffffe8, 0x0000000082f00000| Untracked 
|   4|0x0000000083000000, 0x0000000083100000, 0x0000000083100000|100%| O|  |TAMS 0x0000000083100000, 0x0000000083000000| Untracked 
|   5|0x0000000083100000, 0x0000000083200000, 0x0000000083200000|100%| O|  |TAMS 0x0000000083200000, 0x0000000083100000| Untracked 
|   6|0x0000000083200000, 0x0000000083300000, 0x0000000083300000|100%| O|  |TAMS 0x0000000083300000, 0x0000000083200000| Untracked 
|   7|0x0000000083300000, 0x00000000833fffe0, 0x0000000083400000| 99%| O|  |TAMS 0x00000000833fffe0, 0x0000000083300000| Untracked 
|   8|0x0000000083400000, 0x00000000834ffff0, 0x0000000083500000| 99%| O|  |TAMS 0x00000000834ffff0, 0x0000000083400000| Untracked 
|   9|0x0000000083500000, 0x0000000083600000, 0x0000000083600000|100%| O|  |TAMS 0x0000000083600000, 0x0000000083500000| Untracked 
|  10|0x0000000083600000, 0x00000000836ffff8, 0x0000000083700000| 99%| O|  |TAMS 0x00000000836ffff8, 0x0000000083600000| Untracked 
|  11|0x0000000083700000, 0x00000000837ffdd0, 0x0000000083800000| 99%| O|  |TAMS 0x00000000837ffdd0, 0x0000000083700000| Untracked 
|  12|0x0000000083800000, 0x00000000838fffb8, 0x0000000083900000| 99%| O|  |TAMS 0x00000000838fffb8, 0x0000000083800000| Untracked 
|  13|0x0000000083900000, 0x0000000083a00000, 0x0000000083a00000|100%| O|  |TAMS 0x0000000083a00000, 0x0000000083900000| Untracked 
|  14|0x0000000083a00000, 0x0000000083afffe0, 0x0000000083b00000| 99%| O|  |TAMS 0x0000000083afffe0, 0x0000000083a00000| Untracked 
|  15|0x0000000083b00000, 0x0000000083bfffe8, 0x0000000083c00000| 99%| O|  |TAMS 0x0000000083bfffe8, 0x0000000083b00000| Untracked 
|  16|0x0000000083c00000, 0x0000000083cffff8, 0x0000000083d00000| 99%| O|  |TAMS 0x0000000083cffff8, 0x0000000083c00000| Untracked 
|  17|0x0000000083d00000, 0x0000000083dfffe0, 0x0000000083e00000| 99%| O|  |TAMS 0x0000000083dfffe0, 0x0000000083d00000| Untracked 
|  18|0x0000000083e00000, 0x0000000083f00000, 0x0000000083f00000|100%| O|  |TAMS 0x0000000083f00000, 0x0000000083e00000| Untracked 
|  19|0x0000000083f00000, 0x0000000083fffff8, 0x0000000084000000| 99%| O|  |TAMS 0x0000000083fffff8, 0x0000000083f00000| Untracked 
|  20|0x0000000084000000, 0x00000000840ffff0, 0x0000000084100000| 99%| O|  |TAMS 0x00000000840ffff0, 0x0000000084000000| Untracked 
|  21|0x0000000084100000, 0x00000000841fd518, 0x0000000084200000| 98%| O|  |TAMS 0x00000000841fd518, 0x0000000084100000| Untracked 
|  22|0x0000000084200000, 0x00000000842ffb70, 0x0000000084300000| 99%| O|  |TAMS 0x0000000084200000, 0x0000000084200000| Untracked 
|  23|0x0000000084300000, 0x00000000843fffb8, 0x0000000084400000| 99%| O|  |TAMS 0x00000000843fffb8, 0x0000000084300000| Untracked 
|  24|0x0000000084400000, 0x00000000844fffa8, 0x0000000084500000| 99%| O|  |TAMS 0x00000000844fffa8, 0x0000000084400000| Untracked 
|  25|0x0000000084500000, 0x00000000845ffff8, 0x0000000084600000| 99%| O|  |TAMS 0x0000000084500000, 0x0000000084500000| Untracked 
|  26|0x0000000084600000, 0x00000000846ffff8, 0x0000000084700000| 99%| O|  |TAMS 0x0000000084600000, 0x0000000084600000| Untracked 
|  27|0x0000000084700000, 0x00000000847fffe0, 0x0000000084800000| 99%| O|  |TAMS 0x0000000084700000, 0x0000000084700000| Untracked 
|  28|0x0000000084800000, 0x00000000848f6840, 0x0000000084900000| 96%| O|  |TAMS 0x0000000084800000, 0x0000000084800000| Untracked 
|  29|0x0000000084900000, 0x00000000849ffff0, 0x0000000084a00000| 99%| O|  |TAMS 0x0000000084900000, 0x0000000084900000| Untracked 
|  30|0x0000000084a00000, 0x0000000084a006e8, 0x0000000084b00000|  0%| O|  |TAMS 0x0000000084a00000, 0x0000000084a00000| Untracked 
|  31|0x0000000084b00000, 0x0000000084bffea8, 0x0000000084c00000| 99%| O|  |TAMS 0x0000000084b00000, 0x0000000084b00000| Untracked 
|  32|0x0000000084c00000, 0x0000000084c148f0, 0x0000000084d00000|  8%| O|  |TAMS 0x0000000084c00000, 0x0000000084c00000| Untracked 
|  33|0x0000000084d00000, 0x0000000084d00000, 0x0000000084e00000|  0%| F|  |TAMS 0x0000000084d00000, 0x0000000084d00000| Untracked 
|  34|0x0000000084e00000, 0x0000000084e00000, 0x0000000084f00000|  0%| F|  |TAMS 0x0000000084e00000, 0x0000000084e00000| Untracked 
|  35|0x0000000084f00000, 0x0000000084f83d50, 0x0000000085000000| 51%| O|  |TAMS 0x0000000084f00000, 0x0000000084f00000| Untracked 
|  36|0x0000000085000000, 0x00000000850411d8, 0x0000000085100000| 25%| O|  |TAMS 0x0000000085000000, 0x0000000085000000| Untracked 
|  37|0x0000000085100000, 0x0000000085100000, 0x0000000085200000|  0%| F|  |TAMS 0x0000000085100000, 0x0000000085100000| Untracked 
|  38|0x0000000085200000, 0x0000000085200000, 0x0000000085300000|  0%| F|  |TAMS 0x0000000085200000, 0x0000000085200000| Untracked 
|  39|0x0000000085300000, 0x0000000085300000, 0x0000000085400000|  0%| F|  |TAMS 0x0000000085300000, 0x0000000085300000| Untracked 
|  40|0x0000000085400000, 0x0000000085400000, 0x0000000085500000|  0%| F|  |TAMS 0x0000000085400000, 0x0000000085400000| Untracked 
|  41|0x0000000085500000, 0x0000000085500000, 0x0000000085600000|  0%| F|  |TAMS 0x0000000085500000, 0x0000000085500000| Untracked 
|  42|0x0000000085600000, 0x0000000085600000, 0x0000000085700000|  0%| F|  |TAMS 0x0000000085600000, 0x0000000085600000| Untracked 
|  43|0x0000000085700000, 0x0000000085700000, 0x0000000085800000|  0%| F|  |TAMS 0x0000000085700000, 0x0000000085700000| Untracked 
|  44|0x0000000085800000, 0x0000000085800000, 0x0000000085900000|  0%| F|  |TAMS 0x0000000085800000, 0x0000000085800000| Untracked 
|  45|0x0000000085900000, 0x0000000085900000, 0x0000000085a00000|  0%| F|  |TAMS 0x0000000085900000, 0x0000000085900000| Untracked 
|  46|0x0000000085a00000, 0x0000000085a00000, 0x0000000085b00000|  0%| F|  |TAMS 0x0000000085a00000, 0x0000000085a00000| Untracked 
|  47|0x0000000085b00000, 0x0000000085b00000, 0x0000000085c00000|  0%| F|  |TAMS 0x0000000085b00000, 0x0000000085b00000| Untracked 
|  48|0x0000000085c00000, 0x0000000085c00000, 0x0000000085d00000|  0%| F|  |TAMS 0x0000000085c00000, 0x0000000085c00000| Untracked 
|  49|0x0000000085d00000, 0x0000000085d00000, 0x0000000085e00000|  0%| F|  |TAMS 0x0000000085d00000, 0x0000000085d00000| Untracked 
|  50|0x0000000085e00000, 0x0000000085e00000, 0x0000000085f00000|  0%| F|  |TAMS 0x0000000085e00000, 0x0000000085e00000| Untracked 
|  51|0x0000000085f00000, 0x0000000085f00000, 0x0000000086000000|  0%| F|  |TAMS 0x0000000085f00000, 0x0000000085f00000| Untracked 
|  52|0x0000000086000000, 0x0000000086000000, 0x0000000086100000|  0%| F|  |TAMS 0x0000000086000000, 0x0000000086000000| Untracked 
|  53|0x0000000086100000, 0x0000000086100000, 0x0000000086200000|  0%| F|  |TAMS 0x0000000086100000, 0x0000000086100000| Untracked 
|  54|0x0000000086200000, 0x0000000086200000, 0x0000000086300000|  0%| F|  |TAMS 0x0000000086200000, 0x0000000086200000| Untracked 
|  55|0x0000000086300000, 0x0000000086300000, 0x0000000086400000|  0%| F|  |TAMS 0x0000000086300000, 0x0000000086300000| Untracked 
|  56|0x0000000086400000, 0x0000000086400000, 0x0000000086500000|  0%| F|  |TAMS 0x0000000086400000, 0x0000000086400000| Untracked 
|  57|0x0000000086500000, 0x0000000086500000, 0x0000000086600000|  0%| F|  |TAMS 0x0000000086500000, 0x0000000086500000| Untracked 
|  58|0x0000000086600000, 0x0000000086600000, 0x0000000086700000|  0%| F|  |TAMS 0x0000000086600000, 0x0000000086600000| Untracked 
|  59|0x0000000086700000, 0x0000000086700000, 0x0000000086800000|  0%| F|  |TAMS 0x0000000086700000, 0x0000000086700000| Untracked 
|  60|0x0000000086800000, 0x0000000086800000, 0x0000000086900000|  0%| F|  |TAMS 0x0000000086800000, 0x0000000086800000| Untracked 
|  61|0x0000000086900000, 0x0000000086900000, 0x0000000086a00000|  0%| F|  |TAMS 0x0000000086900000, 0x0000000086900000| Untracked 
|  62|0x0000000086a00000, 0x0000000086a00000, 0x0000000086b00000|  0%| F|  |TAMS 0x0000000086a00000, 0x0000000086a00000| Untracked 
|  63|0x0000000086b00000, 0x0000000086b00000, 0x0000000086c00000|  0%| F|  |TAMS 0x0000000086b00000, 0x0000000086b00000| Untracked 
|  64|0x0000000086c00000, 0x0000000086c651c0, 0x0000000086d00000| 39%| S|CS|TAMS 0x0000000086c00000, 0x0000000086c00000| Complete 
|  65|0x0000000086d00000, 0x0000000086e00000, 0x0000000086e00000|100%| S|CS|TAMS 0x0000000086d00000, 0x0000000086d00000| Complete 
|  66|0x0000000086e00000, 0x0000000086f00000, 0x0000000086f00000|100%| S|CS|TAMS 0x0000000086e00000, 0x0000000086e00000| Complete 
|  67|0x0000000086f00000, 0x0000000087000000, 0x0000000087000000|100%| S|CS|TAMS 0x0000000086f00000, 0x0000000086f00000| Complete 
|  68|0x0000000087000000, 0x0000000087100000, 0x0000000087100000|100%| S|CS|TAMS 0x0000000087000000, 0x0000000087000000| Complete 
|  69|0x0000000087100000, 0x0000000087200000, 0x0000000087200000|100%| S|CS|TAMS 0x0000000087100000, 0x0000000087100000| Complete 
|  70|0x0000000087200000, 0x0000000087300000, 0x0000000087300000|100%| S|CS|TAMS 0x0000000087200000, 0x0000000087200000| Complete 
|  71|0x0000000087300000, 0x0000000087300000, 0x0000000087400000|  0%| F|  |TAMS 0x0000000087300000, 0x0000000087300000| Untracked 
|  72|0x0000000087400000, 0x0000000087400000, 0x0000000087500000|  0%| F|  |TAMS 0x0000000087400000, 0x0000000087400000| Untracked 
|  73|0x0000000087500000, 0x0000000087500000, 0x0000000087600000|  0%| F|  |TAMS 0x0000000087500000, 0x0000000087500000| Untracked 
|  74|0x0000000087600000, 0x0000000087600000, 0x0000000087700000|  0%| F|  |TAMS 0x0000000087600000, 0x0000000087600000| Untracked 
|  75|0x0000000087700000, 0x0000000087700000, 0x0000000087800000|  0%| F|  |TAMS 0x0000000087700000, 0x0000000087700000| Untracked 
|  76|0x0000000087800000, 0x0000000087800000, 0x0000000087900000|  0%| F|  |TAMS 0x0000000087800000, 0x0000000087800000| Untracked 
|  77|0x0000000087900000, 0x0000000087900000, 0x0000000087a00000|  0%| F|  |TAMS 0x0000000087900000, 0x0000000087900000| Untracked 
|  78|0x0000000087a00000, 0x0000000087a00000, 0x0000000087b00000|  0%| F|  |TAMS 0x0000000087a00000, 0x0000000087a00000| Untracked 
|  79|0x0000000087b00000, 0x0000000087b00000, 0x0000000087c00000|  0%| F|  |TAMS 0x0000000087b00000, 0x0000000087b00000| Untracked 
|  80|0x0000000087c00000, 0x0000000087c00000, 0x0000000087d00000|  0%| F|  |TAMS 0x0000000087c00000, 0x0000000087c00000| Untracked 
|  81|0x0000000087d00000, 0x0000000087d00000, 0x0000000087e00000|  0%| F|  |TAMS 0x0000000087d00000, 0x0000000087d00000| Untracked 
|  82|0x0000000087e00000, 0x0000000087e00000, 0x0000000087f00000|  0%| F|  |TAMS 0x0000000087e00000, 0x0000000087e00000| Untracked 
|  83|0x0000000087f00000, 0x0000000087f00000, 0x0000000088000000|  0%| F|  |TAMS 0x0000000087f00000, 0x0000000087f00000| Untracked 
|  84|0x0000000088000000, 0x0000000088000000, 0x0000000088100000|  0%| F|  |TAMS 0x0000000088000000, 0x0000000088000000| Untracked 
|  85|0x0000000088100000, 0x0000000088100000, 0x0000000088200000|  0%| F|  |TAMS 0x0000000088100000, 0x0000000088100000| Untracked 
|  86|0x0000000088200000, 0x0000000088200000, 0x0000000088300000|  0%| F|  |TAMS 0x0000000088200000, 0x0000000088200000| Untracked 
|  87|0x0000000088300000, 0x0000000088300000, 0x0000000088400000|  0%| F|  |TAMS 0x0000000088300000, 0x0000000088300000| Untracked 
|  88|0x0000000088400000, 0x0000000088400000, 0x0000000088500000|  0%| F|  |TAMS 0x0000000088400000, 0x0000000088400000| Untracked 
|  89|0x0000000088500000, 0x0000000088500000, 0x0000000088600000|  0%| F|  |TAMS 0x0000000088500000, 0x0000000088500000| Untracked 
|  90|0x0000000088600000, 0x0000000088600000, 0x0000000088700000|  0%| F|  |TAMS 0x0000000088600000, 0x0000000088600000| Untracked 
|  91|0x0000000088700000, 0x0000000088700000, 0x0000000088800000|  0%| F|  |TAMS 0x0000000088700000, 0x0000000088700000| Untracked 
|  92|0x0000000088800000, 0x0000000088800000, 0x0000000088900000|  0%| F|  |TAMS 0x0000000088800000, 0x0000000088800000| Untracked 
|  93|0x0000000088900000, 0x0000000088900000, 0x0000000088a00000|  0%| F|  |TAMS 0x0000000088900000, 0x0000000088900000| Untracked 
|  94|0x0000000088a00000, 0x0000000088a00000, 0x0000000088b00000|  0%| F|  |TAMS 0x0000000088a00000, 0x0000000088a00000| Untracked 
|  95|0x0000000088b00000, 0x0000000088b00000, 0x0000000088c00000|  0%| F|  |TAMS 0x0000000088b00000, 0x0000000088b00000| Untracked 
|  96|0x0000000088c00000, 0x0000000088c00000, 0x0000000088d00000|  0%| F|  |TAMS 0x0000000088c00000, 0x0000000088c00000| Untracked 
|  97|0x0000000088d00000, 0x0000000088d00000, 0x0000000088e00000|  0%| F|  |TAMS 0x0000000088d00000, 0x0000000088d00000| Untracked 
|  98|0x0000000088e00000, 0x0000000088e00000, 0x0000000088f00000|  0%| F|  |TAMS 0x0000000088e00000, 0x0000000088e00000| Untracked 
|  99|0x0000000088f00000, 0x0000000088f00000, 0x0000000089000000|  0%| F|  |TAMS 0x0000000088f00000, 0x0000000088f00000| Untracked 
| 100|0x0000000089000000, 0x0000000089000000, 0x0000000089100000|  0%| F|  |TAMS 0x0000000089000000, 0x0000000089000000| Untracked 
| 101|0x0000000089100000, 0x0000000089100000, 0x0000000089200000|  0%| F|  |TAMS 0x0000000089100000, 0x0000000089100000| Untracked 
| 102|0x0000000089200000, 0x0000000089200000, 0x0000000089300000|  0%| F|  |TAMS 0x0000000089200000, 0x0000000089200000| Untracked 
| 103|0x0000000089300000, 0x0000000089300000, 0x0000000089400000|  0%| F|  |TAMS 0x0000000089300000, 0x0000000089300000| Untracked 
| 104|0x0000000089400000, 0x0000000089400000, 0x0000000089500000|  0%| F|  |TAMS 0x0000000089400000, 0x0000000089400000| Untracked 
| 105|0x0000000089500000, 0x0000000089500000, 0x0000000089600000|  0%| F|  |TAMS 0x0000000089500000, 0x0000000089500000| Untracked 
| 106|0x0000000089600000, 0x0000000089600000, 0x0000000089700000|  0%| F|  |TAMS 0x0000000089600000, 0x0000000089600000| Untracked 
| 107|0x0000000089700000, 0x0000000089700000, 0x0000000089800000|  0%| F|  |TAMS 0x0000000089700000, 0x0000000089700000| Untracked 
| 108|0x0000000089800000, 0x0000000089800000, 0x0000000089900000|  0%| F|  |TAMS 0x0000000089800000, 0x0000000089800000| Untracked 
| 109|0x0000000089900000, 0x0000000089900000, 0x0000000089a00000|  0%| F|  |TAMS 0x0000000089900000, 0x0000000089900000| Untracked 
| 110|0x0000000089a00000, 0x0000000089a00000, 0x0000000089b00000|  0%| F|  |TAMS 0x0000000089a00000, 0x0000000089a00000| Untracked 
| 111|0x0000000089b00000, 0x0000000089b00000, 0x0000000089c00000|  0%| F|  |TAMS 0x0000000089b00000, 0x0000000089b00000| Untracked 
| 112|0x0000000089c00000, 0x0000000089c00000, 0x0000000089d00000|  0%| F|  |TAMS 0x0000000089c00000, 0x0000000089c00000| Untracked 
| 113|0x0000000089d00000, 0x0000000089d00000, 0x0000000089e00000|  0%| F|  |TAMS 0x0000000089d00000, 0x0000000089d00000| Untracked 
| 114|0x0000000089e00000, 0x0000000089e00000, 0x0000000089f00000|  0%| F|  |TAMS 0x0000000089e00000, 0x0000000089e00000| Untracked 
| 115|0x0000000089f00000, 0x0000000089f00000, 0x000000008a000000|  0%| F|  |TAMS 0x0000000089f00000, 0x0000000089f00000| Untracked 
| 116|0x000000008a000000, 0x000000008a000000, 0x000000008a100000|  0%| F|  |TAMS 0x000000008a000000, 0x000000008a000000| Untracked 
| 117|0x000000008a100000, 0x000000008a100000, 0x000000008a200000|  0%| F|  |TAMS 0x000000008a100000, 0x000000008a100000| Untracked 
| 118|0x000000008a200000, 0x000000008a200000, 0x000000008a300000|  0%| F|  |TAMS 0x000000008a200000, 0x000000008a200000| Untracked 
| 119|0x000000008a300000, 0x000000008a3a1c48, 0x000000008a400000| 63%| E|  |TAMS 0x000000008a300000, 0x000000008a300000| Complete 
| 120|0x000000008a400000, 0x000000008a500000, 0x000000008a500000|100%| E|CS|TAMS 0x000000008a400000, 0x000000008a400000| Complete 
| 121|0x000000008a500000, 0x000000008a600000, 0x000000008a600000|100%| E|CS|TAMS 0x000000008a500000, 0x000000008a500000| Complete 
| 122|0x000000008a600000, 0x000000008a700000, 0x000000008a700000|100%| E|CS|TAMS 0x000000008a600000, 0x000000008a600000| Complete 
| 123|0x000000008a700000, 0x000000008a800000, 0x000000008a800000|100%| E|CS|TAMS 0x000000008a700000, 0x000000008a700000| Complete 
| 124|0x000000008a800000, 0x000000008a900000, 0x000000008a900000|100%| E|CS|TAMS 0x000000008a800000, 0x000000008a800000| Complete 
| 125|0x000000008a900000, 0x000000008aa00000, 0x000000008aa00000|100%| E|CS|TAMS 0x000000008a900000, 0x000000008a900000| Complete 
| 126|0x000000008aa00000, 0x000000008ab00000, 0x000000008ab00000|100%| E|CS|TAMS 0x000000008aa00000, 0x000000008aa00000| Complete 
| 127|0x000000008ab00000, 0x000000008ac00000, 0x000000008ac00000|100%| E|CS|TAMS 0x000000008ab00000, 0x000000008ab00000| Complete 
| 128|0x000000008ac00000, 0x000000008ad00000, 0x000000008ad00000|100%| E|CS|TAMS 0x000000008ac00000, 0x000000008ac00000| Complete 
| 129|0x000000008ad00000, 0x000000008ae00000, 0x000000008ae00000|100%| E|CS|TAMS 0x000000008ad00000, 0x000000008ad00000| Complete 
| 130|0x000000008ae00000, 0x000000008af00000, 0x000000008af00000|100%| E|CS|TAMS 0x000000008ae00000, 0x000000008ae00000| Complete 
| 131|0x000000008af00000, 0x000000008b000000, 0x000000008b000000|100%| E|CS|TAMS 0x000000008af00000, 0x000000008af00000| Complete 
| 132|0x000000008b000000, 0x000000008b100000, 0x000000008b100000|100%| E|CS|TAMS 0x000000008b000000, 0x000000008b000000| Complete 
| 133|0x000000008b100000, 0x000000008b200000, 0x000000008b200000|100%| E|CS|TAMS 0x000000008b100000, 0x000000008b100000| Complete 
| 134|0x000000008b200000, 0x000000008b300000, 0x000000008b300000|100%| E|CS|TAMS 0x000000008b200000, 0x000000008b200000| Complete 
| 135|0x000000008b300000, 0x000000008b400000, 0x000000008b400000|100%| E|CS|TAMS 0x000000008b300000, 0x000000008b300000| Complete 
| 136|0x000000008b400000, 0x000000008b500000, 0x000000008b500000|100%| E|CS|TAMS 0x000000008b400000, 0x000000008b400000| Complete 
| 137|0x000000008b500000, 0x000000008b600000, 0x000000008b600000|100%| E|CS|TAMS 0x000000008b500000, 0x000000008b500000| Complete 
| 138|0x000000008b600000, 0x000000008b700000, 0x000000008b700000|100%| E|CS|TAMS 0x000000008b600000, 0x000000008b600000| Complete 
| 139|0x000000008b700000, 0x000000008b800000, 0x000000008b800000|100%| E|CS|TAMS 0x000000008b700000, 0x000000008b700000| Complete 
| 140|0x000000008b800000, 0x000000008b900000, 0x000000008b900000|100%| E|CS|TAMS 0x000000008b800000, 0x000000008b800000| Complete 
| 141|0x000000008b900000, 0x000000008ba00000, 0x000000008ba00000|100%| E|CS|TAMS 0x000000008b900000, 0x000000008b900000| Complete 
| 142|0x000000008ba00000, 0x000000008bb00000, 0x000000008bb00000|100%| E|CS|TAMS 0x000000008ba00000, 0x000000008ba00000| Complete 
| 143|0x000000008bb00000, 0x000000008bc00000, 0x000000008bc00000|100%| E|CS|TAMS 0x000000008bb00000, 0x000000008bb00000| Complete 
| 144|0x000000008bc00000, 0x000000008bd00000, 0x000000008bd00000|100%| E|CS|TAMS 0x000000008bc00000, 0x000000008bc00000| Complete 
| 145|0x000000008bd00000, 0x000000008be00000, 0x000000008be00000|100%| E|CS|TAMS 0x000000008bd00000, 0x000000008bd00000| Complete 
| 146|0x000000008be00000, 0x000000008bf00000, 0x000000008bf00000|100%| E|CS|TAMS 0x000000008be00000, 0x000000008be00000| Complete 
| 147|0x000000008bf00000, 0x000000008c000000, 0x000000008c000000|100%| E|CS|TAMS 0x000000008bf00000, 0x000000008bf00000| Complete 

Card table byte_map: [0x0000027bb82d0000,0x0000027bb86c0000] _byte_map_base: 0x0000027bb7eba000

Marking Bits (Prev, Next): (CMBitMap*) 0x0000027bad35c3d0, (CMBitMap*) 0x0000027bad35c410
 Prev Bits: [0x0000027bb8ab0000, 0x0000027bbaa00000)
 Next Bits: [0x0000027bbaa00000, 0x0000027bbc950000)

Polling page: 0x0000027bab2b0000

Metaspace:

Usage:
  Non-class:     67.18 MB used.
      Class:     11.45 MB used.
       Both:     78.64 MB used.

Virtual space:
  Non-class space:      128.00 MB reserved,      68.44 MB ( 53%) committed,  2 nodes.
      Class space:        1.00 GB reserved,      12.38 MB (  1%) committed,  1 nodes.
             Both:        1.12 GB reserved,      80.81 MB (  7%) committed. 

Chunk freelists:
   Non-Class:  27.84 MB
       Class:  4.15 MB
        Both:  31.99 MB

MaxMetaspaceSize: unlimited
CompressedClassSpaceSize: 1.00 GB
Initial GC threshold: 21.00 MB
Current GC threshold: 157.81 MB
CDS: on
MetaspaceReclaimPolicy: balanced
 - commit_granule_bytes: 65536.
 - commit_granule_words: 8192.
 - virtual_space_node_default_size: 8388608.
 - enlarge_chunks_in_place: 1.
 - new_chunks_are_fully_committed: 0.
 - uncommit_free_chunks: 1.
 - use_allocation_guard: 0.
 - handle_deallocations: 1.


Internal statistics:

num_allocs_failed_limit: 9.
num_arena_births: 5512.
num_arena_deaths: 4538.
num_vsnodes_births: 3.
num_vsnodes_deaths: 0.
num_space_committed: 1811.
num_space_uncommitted: 518.
num_chunks_returned_to_freelist: 9180.
num_chunks_taken_from_freelist: 13399.
num_chunk_merges: 2805.
num_chunk_splits: 6387.
num_chunks_enlarged: 3513.
num_inconsistent_stats: 0.

CodeCache: size=49152Kb used=38449Kb max_used=39974Kb free=10702Kb
 bounds [0x0000027bb4ba0000, 0x0000027bb72b0000, 0x0000027bb7ba0000]
 total_blobs=22756 nmethods=22045 adapters=637
 compilation: enabled
              stopped_count=0, restarted_count=0
 full_count=0

Compilation events (20 events):
Event: 5901.174 Thread 0x0000027bbf629a10 22036       1       org.springframework.aop.framework.adapter.GlobalAdvisorAdapterRegistry::getInstance (4 bytes)
Event: 5901.174 Thread 0x0000027bbf629a10 nmethod 22036 0x0000027bb7280990 code [0x0000027bb7280b20, 0x0000027bb7280bd8]
Event: 5901.375 Thread 0x0000027bbf629a10 22037   !   1       org.springframework.core.$Proxy78::hashCode (32 bytes)
Event: 5901.375 Thread 0x0000027bbf629a10 nmethod 22037 0x0000027bb7280410 code [0x0000027bb72805c0, 0x0000027bb72807d8]
Event: 5901.465 Thread 0x0000027bbf629a10 22038       1       org.springframework.boot.web.embedded.tomcat.TomcatEmbeddedWebappClassLoader::findResource (2 bytes)
Event: 5901.465 Thread 0x0000027bbf629a10 nmethod 22038 0x0000027bb7280110 code [0x0000027bb72802a0, 0x0000027bb7280378]
Event: 5906.039 Thread 0x0000027bbf629a10 22039       1       java.lang.Long::parseLong (7 bytes)
Event: 5906.039 Thread 0x0000027bbf629a10 nmethod 22039 0x0000027bb727fe10 code [0x0000027bb727ffa0, 0x0000027bb7280068]
Event: 5918.845 Thread 0x0000027bbf629a10 22040       1       org.apache.tomcat.util.net.AbstractEndpoint::getUnlockAddress (192 bytes)
Event: 5918.849 Thread 0x0000027bbf629a10 nmethod 22040 0x0000027bb727e490 code [0x0000027bb727e7a0, 0x0000027bb727f668]
Event: 5918.887 Thread 0x0000027bbf629a10 22041       1       org.apache.tomcat.util.threads.ThreadPoolExecutor::ctlOf (4 bytes)
Event: 5918.888 Thread 0x0000027bbf629a10 nmethod 22041 0x0000027bb727e190 code [0x0000027bb727e320, 0x0000027bb727e3d8]
Event: 5921.029 Thread 0x0000027bbf629a10 22043       1       java.io.FilePermission::getMask (953 bytes)
Event: 5921.033 Thread 0x0000027bbf629a10 nmethod 22043 0x0000027bb727c490 code [0x0000027bb727c780, 0x0000027bb727d9b8]
Event: 5921.033 Thread 0x0000027bbf629a10 22042       1       java.io.FilePermission::<init> (14 bytes)
Event: 5921.033 Thread 0x0000027bbf629a10 nmethod 22042 0x0000027bb727c110 code [0x0000027bb727c2c0, 0x0000027bb727c418]
Event: 5921.033 Thread 0x0000027bbf629a10 22044   !   1       java.io.FilePermission::init (558 bytes)
Event: 5921.035 Thread 0x0000027bbf629a10 nmethod 22044 0x0000027bb727ab10 code [0x0000027bb727ae00, 0x0000027bb727bad8]
Event: 5925.900 Thread 0x0000027bbf629a10 22045   !   1       org.hibernate.metamodel.internal.MetadataContext::wrapUp (961 bytes)
Event: 5925.912 Thread 0x0000027bbf629a10 nmethod 22045 0x0000027bb7276110 code [0x0000027bb72768c0, 0x0000027bb7278ae8]

GC Heap History (20 events):
Event: 5857.484 GC heap before
{Heap before GC invocations=407 (full 101):
 garbage-first heap   total 116736K, used 68840K [0x0000000082c00000, 0x0000000100000000)
  region size 1024K, 38 young (38912K), 7 survivors (7168K)
 Metaspace       used 79173K, committed 82752K, reserved 1179648K
  class space    used 11586K, committed 12672K, reserved 1048576K
}
Event: 5857.763 GC heap after
{Heap after GC invocations=408 (full 102):
 garbage-first heap   total 116736K, used 31969K [0x0000000082c00000, 0x0000000100000000)
  region size 1024K, 0 young (0K), 0 survivors (0K)
 Metaspace       used 79170K, committed 82752K, reserved 1179648K
  class space    used 11585K, committed 12672K, reserved 1048576K
}
Event: 5859.911 GC heap before
{Heap before GC invocations=408 (full 102):
 garbage-first heap   total 116736K, used 89313K [0x0000000082c00000, 0x0000000100000000)
  region size 1024K, 57 young (58368K), 0 survivors (0K)
 Metaspace       used 79325K, committed 82752K, reserved 1179648K
  class space    used 11606K, committed 12672K, reserved 1048576K
}
Event: 5859.921 GC heap after
{Heap after GC invocations=409 (full 102):
 garbage-first heap   total 116736K, used 36253K [0x0000000082c00000, 0x0000000100000000)
  region size 1024K, 5 young (5120K), 5 survivors (5120K)
 Metaspace       used 79325K, committed 82752K, reserved 1179648K
  class space    used 11606K, committed 12672K, reserved 1048576K
}
Event: 5863.802 GC heap before
{Heap before GC invocations=409 (full 102):
 garbage-first heap   total 116736K, used 90525K [0x0000000082c00000, 0x0000000100000000)
  region size 1024K, 58 young (59392K), 5 survivors (5120K)
 Metaspace       used 79624K, committed 82752K, reserved 1179648K
  class space    used 11634K, committed 12672K, reserved 1048576K
}
Event: 5863.813 GC heap after
{Heap after GC invocations=410 (full 102):
 garbage-first heap   total 116736K, used 38617K [0x0000000082c00000, 0x0000000100000000)
  region size 1024K, 7 young (7168K), 7 survivors (7168K)
 Metaspace       used 79624K, committed 82752K, reserved 1179648K
  class space    used 11634K, committed 12672K, reserved 1048576K
}
Event: 5883.518 GC heap before
{Heap before GC invocations=410 (full 102):
 garbage-first heap   total 116736K, used 90841K [0x0000000082c00000, 0x0000000100000000)
  region size 1024K, 58 young (59392K), 7 survivors (7168K)
 Metaspace       used 79626K, committed 82752K, reserved 1179648K
  class space    used 11634K, committed 12672K, reserved 1048576K
}
Event: 5883.529 GC heap after
{Heap after GC invocations=411 (full 102):
 garbage-first heap   total 116736K, used 38203K [0x0000000082c00000, 0x0000000100000000)
  region size 1024K, 4 young (4096K), 4 survivors (4096K)
 Metaspace       used 79626K, committed 82752K, reserved 1179648K
  class space    used 11634K, committed 12672K, reserved 1048576K
}
Event: 5900.082 GC heap before
{Heap before GC invocations=411 (full 102):
 garbage-first heap   total 116736K, used 77115K [0x0000000082c00000, 0x0000000100000000)
  region size 1024K, 43 young (44032K), 4 survivors (4096K)
 Metaspace       used 79629K, committed 82752K, reserved 1179648K
  class space    used 11635K, committed 12672K, reserved 1048576K
}
Event: 5900.281 GC heap after
{Heap after GC invocations=412 (full 103):
 garbage-first heap   total 116736K, used 32613K [0x0000000082c00000, 0x0000000100000000)
  region size 1024K, 0 young (0K), 0 survivors (0K)
 Metaspace       used 79626K, committed 82752K, reserved 1179648K
  class space    used 11634K, committed 12672K, reserved 1048576K
}
Event: 5901.923 GC heap before
{Heap before GC invocations=412 (full 103):
 garbage-first heap   total 116736K, used 89957K [0x0000000082c00000, 0x0000000100000000)
  region size 1024K, 57 young (58368K), 0 survivors (0K)
 Metaspace       used 79748K, committed 82752K, reserved 1179648K
  class space    used 11649K, committed 12672K, reserved 1048576K
}
Event: 5901.931 GC heap after
{Heap after GC invocations=413 (full 103):
 garbage-first heap   total 116736K, used 37084K [0x0000000082c00000, 0x0000000100000000)
  region size 1024K, 5 young (5120K), 5 survivors (5120K)
 Metaspace       used 79748K, committed 82752K, reserved 1179648K
  class space    used 11649K, committed 12672K, reserved 1048576K
}
Event: 5906.256 GC heap before
{Heap before GC invocations=413 (full 103):
 garbage-first heap   total 116736K, used 91356K [0x0000000082c00000, 0x0000000100000000)
  region size 1024K, 58 young (59392K), 5 survivors (5120K)
 Metaspace       used 80033K, committed 82752K, reserved 1179648K
  class space    used 11674K, committed 12672K, reserved 1048576K
}
Event: 5906.264 GC heap after
{Heap after GC invocations=414 (full 103):
 garbage-first heap   total 116736K, used 39709K [0x0000000082c00000, 0x0000000100000000)
  region size 1024K, 4 young (4096K), 4 survivors (4096K)
 Metaspace       used 80033K, committed 82752K, reserved 1179648K
  class space    used 11674K, committed 12672K, reserved 1048576K
}
Event: 5920.868 GC heap before
{Heap before GC invocations=414 (full 103):
 garbage-first heap   total 116736K, used 84765K [0x0000000082c00000, 0x0000000100000000)
  region size 1024K, 50 young (51200K), 4 survivors (4096K)
 Metaspace       used 80037K, committed 82752K, reserved 1179648K
  class space    used 11675K, committed 12672K, reserved 1048576K
}
Event: 5921.025 GC heap after
{Heap after GC invocations=415 (full 104):
 garbage-first heap   total 116736K, used 32564K [0x0000000082c00000, 0x0000000100000000)
  region size 1024K, 0 young (0K), 0 survivors (0K)
 Metaspace       used 80035K, committed 82752K, reserved 1179648K
  class space    used 11674K, committed 12672K, reserved 1048576K
}
Event: 5922.818 GC heap before
{Heap before GC invocations=415 (full 104):
 garbage-first heap   total 116736K, used 89908K [0x0000000082c00000, 0x0000000100000000)
  region size 1024K, 57 young (58368K), 0 survivors (0K)
 Metaspace       used 80208K, committed 82752K, reserved 1179648K
  class space    used 11698K, committed 12672K, reserved 1048576K
}
Event: 5922.829 GC heap after
{Heap after GC invocations=416 (full 104):
 garbage-first heap   total 151552K, used 37328K [0x0000000082c00000, 0x0000000100000000)
  region size 1024K, 5 young (5120K), 5 survivors (5120K)
 Metaspace       used 80208K, committed 82752K, reserved 1179648K
  class space    used 11698K, committed 12672K, reserved 1048576K
}
Event: 5932.753 GC heap before
{Heap before GC invocations=416 (full 104):
 garbage-first heap   total 151552K, used 116176K [0x0000000082c00000, 0x0000000100000000)
  region size 1024K, 82 young (83968K), 5 survivors (5120K)
 Metaspace       used 80520K, committed 82752K, reserved 1179648K
  class space    used 11728K, committed 12672K, reserved 1048576K
}
Event: 5932.761 GC heap after
{Heap after GC invocations=417 (full 104):
 garbage-first heap   total 151552K, used 39113K [0x0000000082c00000, 0x0000000100000000)
  region size 1024K, 7 young (7168K), 7 survivors (7168K)
 Metaspace       used 80520K, committed 82752K, reserved 1179648K
  class space    used 11728K, committed 12672K, reserved 1048576K
}

Deoptimization events (10 events):
Event: 10.570 Thread 0x0000027c053f6200 DEOPT PACKING pc=0x0000027bb50d3981 sp=0x000000f3ac5f8e60
Event: 10.570 Thread 0x0000027c053f6200 DEOPT UNPACKING pc=0x0000027bb4bf2b43 sp=0x000000f3ac5f82f0 mode 3
Event: 10.570 Thread 0x0000027c06582590 DEOPT PACKING pc=0x0000027bb50ce817 sp=0x000000f3ad4ff0a0
Event: 10.570 Thread 0x0000027c06582590 DEOPT UNPACKING pc=0x0000027bb4bf2b43 sp=0x000000f3ad4fe4f8 mode 3
Event: 20.826 Thread 0x0000027c053f6200 DEOPT PACKING pc=0x0000027bb51185a4 sp=0x000000f3ac5fa350
Event: 20.827 Thread 0x0000027c053f6200 DEOPT UNPACKING pc=0x0000027bb4bf2b43 sp=0x000000f3ac5f98a8 mode 0
Event: 22.063 Thread 0x0000027c053f6200 DEOPT PACKING pc=0x0000027bb519c6a2 sp=0x000000f3ac5fc560
Event: 22.063 Thread 0x0000027c053f6200 DEOPT UNPACKING pc=0x0000027bb4bf2b43 sp=0x000000f3ac5fba68 mode 3
Event: 3980.802 Thread 0x0000027c074d5010 DEOPT PACKING pc=0x0000027bb6de78f6 sp=0x000000f3ad7f5b00
Event: 3980.802 Thread 0x0000027c074d5010 DEOPT UNPACKING pc=0x0000027bb4bf2b43 sp=0x000000f3ad7f4f98 mode 3

Classes unloaded (20 events):
Event: 5835.098 Thread 0x0000027bbf607430 Unloading class 0x0000027bc1b04420 'com/alibou/security/auth/AuthenticationService'
Event: 5835.098 Thread 0x0000027bbf607430 Unloading class 0x0000027bc1b04200 'com/alibou/security/auth/AuthenticationController'
Event: 5835.098 Thread 0x0000027bbf607430 Unloading class 0x0000027bc1b04000 'com/alibou/security/SecurityApplication'
Event: 5835.098 Thread 0x0000027bbf607430 Unloading class 0x0000027bc1c8f800 'jdk/internal/reflect/GeneratedMethodAccessor814'
Event: 5835.098 Thread 0x0000027bbf607430 Unloading class 0x0000027bc1c45400 'jdk/internal/reflect/GeneratedMethodAccessor805'
Event: 5835.098 Thread 0x0000027bbf607430 Unloading class 0x0000027bc1be4c00 'jdk/internal/reflect/GeneratedMethodAccessor804'
Event: 5835.098 Thread 0x0000027bbf607430 Unloading class 0x0000027bc1ba0000 'jdk/internal/reflect/GeneratedMethodAccessor790'
Event: 5835.098 Thread 0x0000027bbf607430 Unloading class 0x0000027bc1c3cc00 'jdk/internal/reflect/GeneratedMethodAccessor789'
Event: 5835.098 Thread 0x0000027bbf607430 Unloading class 0x0000027bc1d1c400 'jdk/internal/reflect/GeneratedMethodAccessor787'
Event: 5835.098 Thread 0x0000027bbf607430 Unloading class 0x0000027bc1c8f400 'jdk/internal/reflect/GeneratedMethodAccessor786'
Event: 5835.098 Thread 0x0000027bbf607430 Unloading class 0x0000027bc1c05800 'jdk/internal/reflect/GeneratedMethodAccessor785'
Event: 5835.098 Thread 0x0000027bbf607430 Unloading class 0x0000027bc1d10400 'jdk/internal/reflect/GeneratedMethodAccessor784'
Event: 5835.098 Thread 0x0000027bbf607430 Unloading class 0x0000027bc1c8ac00 'jdk/internal/reflect/GeneratedMethodAccessor783'
Event: 5835.098 Thread 0x0000027bbf607430 Unloading class 0x0000027bc1b9c400 'jdk/internal/reflect/GeneratedMethodAccessor782'
Event: 5835.098 Thread 0x0000027bbf607430 Unloading class 0x0000027bc1b9e400 'jdk/internal/reflect/GeneratedMethodAccessor781'
Event: 5835.098 Thread 0x0000027bbf607430 Unloading class 0x0000027bc1c0fc00 'jdk/internal/reflect/GeneratedMethodAccessor780'
Event: 5845.082 Thread 0x0000027bbf607430 Unloading class 0x0000027bc1c80800 'org/apache/catalina/loader/JdbcLeakPrevention'
Event: 5857.525 Thread 0x0000027bbf607430 Unloading class 0x0000027bc1bc7800 'org/apache/catalina/loader/JdbcLeakPrevention'
Event: 5900.133 Thread 0x0000027bbf607430 Unloading class 0x0000027bc1b04000 'org/apache/catalina/loader/JdbcLeakPrevention'
Event: 5920.897 Thread 0x0000027bbf607430 Unloading class 0x0000027bc1d7d800 'org/apache/catalina/loader/JdbcLeakPrevention'

Classes redefined (0 events):
No events

Internal exceptions (20 events):
Event: 5918.889 Thread 0x0000027c0cb36ce0 Exception <a 'java/lang/InterruptedException'{0x0000000087328e58}: sleep interrupted> (0x0000000087328e58) 
thrown [s\open\src\hotspot\share\prims\jvm.cpp, line 3064]
Event: 5921.060 Thread 0x0000027c0cb34970 Exception <a 'sun/nio/fs/WindowsException'{0x0000000089ded7f8}> (0x0000000089ded7f8) 
thrown [s\open\src\hotspot\share\prims\jni.cpp, line 516]
Event: 5921.118 Thread 0x0000027c0cb34970 Exception <a 'sun/nio/fs/WindowsException'{0x0000000089ada630}> (0x0000000089ada630) 
thrown [s\open\src\hotspot\share\prims\jni.cpp, line 516]
Event: 5921.665 Thread 0x0000027c0cb34970 Exception <a 'sun/nio/fs/WindowsException'{0x0000000087fe48d0}> (0x0000000087fe48d0) 
thrown [s\open\src\hotspot\share\prims\jni.cpp, line 516]
Event: 5921.694 Thread 0x0000027c0cb34970 Exception <a 'sun/nio/fs/WindowsException'{0x0000000087d1b360}> (0x0000000087d1b360) 
thrown [s\open\src\hotspot\share\prims\jni.cpp, line 516]
Event: 5921.820 Thread 0x0000027c0cb34970 Exception <a 'java/lang/NoClassDefFoundError'{0x00000000879bf1c8}: org/flywaydb/core/Flyway> (0x00000000879bf1c8) 
thrown [s\open\src\hotspot\share\oops\constantPool.cpp, line 835]
Event: 5921.820 Thread 0x0000027c0cb34970 Exception <a 'java/lang/NoClassDefFoundError'{0x00000000879bf818}: liquibase/integration/spring/SpringLiquibase> (0x00000000879bf818) 
thrown [s\open\src\hotspot\share\oops\constantPool.cpp, line 835]
Event: 5921.847 Thread 0x0000027c0cb34970 Exception <a 'java/lang/NoClassDefFoundError'{0x000000008782b1d0}: org/jooq/DSLContext> (0x000000008782b1d0) 
thrown [s\open\src\hotspot\share\oops\constantPool.cpp, line 835]
Event: 5921.850 Thread 0x0000027c0cb34970 Exception <a 'java/lang/NoClassDefFoundError'{0x000000008783c140}: org/springframework/batch/core/repository/JobRepository> (0x000000008783c140) 
thrown [s\open\src\hotspot\share\oops\constantPool.cpp, line 835]
Event: 5921.850 Thread 0x0000027c0cb34970 Exception <a 'java/lang/NoClassDefFoundError'{0x000000008783c788}: org/quartz/Scheduler> (0x000000008783c788) 
thrown [s\open\src\hotspot\share\oops\constantPool.cpp, line 835]
Event: 5921.850 Thread 0x0000027c0cb34970 Exception <a 'java/lang/NoClassDefFoundError'{0x000000008783cdf8}: org/springframework/session/jdbc/JdbcIndexedSessionRepository> (0x000000008783cdf8) 
thrown [s\open\src\hotspot\share\oops\constantPool.cpp, line 835]
Event: 5922.035 Thread 0x0000027c0cb34970 Exception <a 'sun/nio/fs/WindowsException'{0x0000000087020148}> (0x0000000087020148) 
thrown [s\open\src\hotspot\share\prims\jni.cpp, line 516]
Event: 5922.035 Thread 0x0000027c0cb34970 Exception <a 'sun/nio/fs/WindowsException'{0x00000000870207a0}> (0x00000000870207a0) 
thrown [s\open\src\hotspot\share\prims\jni.cpp, line 516]
Event: 5922.036 Thread 0x0000027c0cb34970 Exception <a 'sun/nio/fs/WindowsException'{0x0000000087020e78}> (0x0000000087020e78) 
thrown [s\open\src\hotspot\share\prims\jni.cpp, line 516]
Event: 5922.092 Thread 0x0000027c0cb34970 Exception <a 'java/io/FileNotFoundException'{0x00000000870817e0}> (0x00000000870817e0) 
thrown [s\open\src\hotspot\share\prims\jni.cpp, line 516]
Event: 5922.307 Thread 0x0000027c0cb34970 Exception <a 'sun/nio/fs/WindowsException'{0x00000000868d82b8}> (0x00000000868d82b8) 
thrown [s\open\src\hotspot\share\prims\jni.cpp, line 516]
Event: 5927.782 Thread 0x0000027c0cb34970 Exception <a 'java/io/FileNotFoundException'{0x0000000089db9f68}> (0x0000000089db9f68) 
thrown [s\open\src\hotspot\share\prims\jni.cpp, line 516]
Event: 5928.028 Thread 0x0000027c0cb34970 Exception <a 'sun/nio/fs/WindowsException'{0x00000000889113e0}> (0x00000000889113e0) 
thrown [s\open\src\hotspot\share\prims\jni.cpp, line 516]
Event: 5940.287 Thread 0x0000027c0cb320f0 Exception <a 'java/lang/InterruptedException'{0x000000008ab46a20}: sleep interrupted> (0x000000008ab46a20) 
thrown [s\open\src\hotspot\share\prims\jvm.cpp, line 3064]
Event: 5941.719 Thread 0x0000027c0cb35db0 Exception <a 'java/io/IOException'{0x000000008a9e57f8}> (0x000000008a9e57f8) 
thrown [s\open\src\hotspot\share\prims\jni.cpp, line 516]

VM Operations (20 events):
Event: 5918.854 Executing VM operation: ThreadDump done
Event: 5918.861 Executing VM operation: ThreadDump
Event: 5918.861 Executing VM operation: ThreadDump done
Event: 5918.862 Executing VM operation: ThreadDump
Event: 5918.862 Executing VM operation: ThreadDump done
Event: 5920.867 Executing VM operation: G1CollectFull
Event: 5921.026 Executing VM operation: G1CollectFull done
Event: 5922.817 Executing VM operation: G1CollectForAllocation
Event: 5922.829 Executing VM operation: G1CollectForAllocation done
Event: 5932.753 Executing VM operation: G1CollectForAllocation
Event: 5932.761 Executing VM operation: G1CollectForAllocation done
Event: 5940.250 Executing VM operation: ThreadDump
Event: 5940.251 Executing VM operation: ThreadDump done
Event: 5940.251 Executing VM operation: ThreadDump
Event: 5940.251 Executing VM operation: ThreadDump done
Event: 5940.259 Executing VM operation: ThreadDump
Event: 5940.259 Executing VM operation: ThreadDump done
Event: 5940.260 Executing VM operation: ThreadDump
Event: 5940.260 Executing VM operation: ThreadDump done
Event: 5943.439 Executing VM operation: G1CollectFull

Events (20 events):
Event: 5940.177 Thread 0x0000027c0cb367d0 Thread exited: 0x0000027c0cb367d0
Event: 5940.246 Thread 0x0000027c0cb33a40 Thread exited: 0x0000027c0cb33a40
Event: 5940.284 Thread 0x0000027c0cb33020 Thread exited: 0x0000027c0cb33020
Event: 5940.285 Thread 0x0000027c0cb36ce0 Thread exited: 0x0000027c0cb36ce0
Event: 5940.285 Thread 0x0000027c0cb38630 Thread exited: 0x0000027c0cb38630
Event: 5940.285 Thread 0x0000027c0cb39560 Thread exited: 0x0000027c0cb39560
Event: 5940.285 Thread 0x0000027c0cb37c10 Thread exited: 0x0000027c0cb37c10
Event: 5940.286 Thread 0x0000027c0cb32b10 Thread exited: 0x0000027c0cb32b10
Event: 5940.286 Thread 0x0000027c0cb38b40 Thread exited: 0x0000027c0cb38b40
Event: 5940.286 Thread 0x0000027c0cb39a70 Thread exited: 0x0000027c0cb39a70
Event: 5940.286 Thread 0x0000027c0cb371f0 Thread exited: 0x0000027c0cb371f0
Event: 5940.286 Thread 0x0000027c0cb37700 Thread exited: 0x0000027c0cb37700
Event: 5940.286 Thread 0x0000027c0cb38120 Thread exited: 0x0000027c0cb38120
Event: 5940.287 Thread 0x0000027c0cb35db0 Thread exited: 0x0000027c0cb35db0
Event: 5940.287 Thread 0x0000027c0cb320f0 Thread exited: 0x0000027c0cb320f0
Event: 5940.287 Thread 0x0000027c0cb362c0 Thread exited: 0x0000027c0cb362c0
Event: 5940.296 Thread 0x0000027c0cb35db0 Thread added: 0x0000027c0cb35db0
Event: 5941.264 Thread 0x0000027c0cb32600 Thread exited: 0x0000027c0cb32600
Event: 5941.265 Thread 0x0000027c0cb358a0 Thread exited: 0x0000027c0cb358a0
Event: 5943.437 Thread 0x0000027c0cb35db0 Thread exited: 0x0000027c0cb35db0


Dynamic libraries:
0x00007ff60be90000 - 0x00007ff60bea0000 	C:\Program Files\Java\jdk-17\bin\java.exe
0x00007ffe44d30000 - 0x00007ffe44f28000 	C:\Windows\SYSTEM32\ntdll.dll
0x00007ffdedc70000 - 0x00007ffdedc89000 	C:\Program Files\Avast Software\Avast\aswhook.dll
0x00007ffe44200000 - 0x00007ffe442bd000 	C:\Windows\System32\KERNEL32.DLL
0x00007ffe427e0000 - 0x00007ffe42ad6000 	C:\Windows\System32\KERNELBASE.dll
0x00007ffe426e0000 - 0x00007ffe427e0000 	C:\Windows\System32\ucrtbase.dll
0x00007ffe3d760000 - 0x00007ffe3d779000 	C:\Program Files\Java\jdk-17\bin\jli.dll
0x00007ffe3f730000 - 0x00007ffe3f74b000 	C:\Program Files\Java\jdk-17\bin\VCRUNTIME140.dll
0x00007ffe44680000 - 0x00007ffe44733000 	C:\Windows\System32\ADVAPI32.dll
0x00007ffe42d80000 - 0x00007ffe42e1e000 	C:\Windows\System32\msvcrt.dll
0x00007ffe44c10000 - 0x00007ffe44caf000 	C:\Windows\System32\sechost.dll
0x00007ffe43360000 - 0x00007ffe43486000 	C:\Windows\System32\RPCRT4.dll
0x00007ffe42d50000 - 0x00007ffe42d77000 	C:\Windows\System32\bcrypt.dll
0x00007ffe443e0000 - 0x00007ffe4457e000 	C:\Windows\System32\USER32.dll
0x00007ffe262f0000 - 0x00007ffe2658a000 	C:\Windows\WinSxS\amd64_microsoft.windows.common-controls_6595b64144ccf1df_6.0.19041.3636_none_60b6a03d71f818d5\COMCTL32.dll
0x00007ffe42610000 - 0x00007ffe42632000 	C:\Windows\System32\win32u.dll
0x00007ffe44580000 - 0x00007ffe445ac000 	C:\Windows\System32\GDI32.dll
0x00007ffe42ae0000 - 0x00007ffe42bfa000 	C:\Windows\System32\gdi32full.dll
0x00007ffe42640000 - 0x00007ffe426dd000 	C:\Windows\System32\msvcp_win.dll
0x00007ffe3a730000 - 0x00007ffe3a73a000 	C:\Windows\SYSTEM32\VERSION.dll
0x00007ffe44cb0000 - 0x00007ffe44ce0000 	C:\Windows\System32\IMM32.DLL
0x00007ffe3b840000 - 0x00007ffe3b84c000 	C:\Program Files\Java\jdk-17\bin\vcruntime140_1.dll
0x00007ffe20bb0000 - 0x00007ffe20c3e000 	C:\Program Files\Java\jdk-17\bin\msvcp140.dll
0x00007ffe034e0000 - 0x00007ffe040bf000 	C:\Program Files\Java\jdk-17\bin\server\jvm.dll
0x00007ffe43bf0000 - 0x00007ffe43bf8000 	C:\Windows\System32\PSAPI.DLL
0x00007ffe2a910000 - 0x00007ffe2a937000 	C:\Windows\SYSTEM32\WINMM.dll
0x00007ffe20650000 - 0x00007ffe20659000 	C:\Windows\SYSTEM32\WSOCK32.dll
0x00007ffe44b40000 - 0x00007ffe44bab000 	C:\Windows\System32\WS2_32.dll
0x00007ffe40c00000 - 0x00007ffe40c12000 	C:\Windows\SYSTEM32\kernel.appcore.dll
0x00007ffe3b830000 - 0x00007ffe3b83a000 	C:\Program Files\Java\jdk-17\bin\jimage.dll
0x00007ffe40900000 - 0x00007ffe40ae4000 	C:\Windows\SYSTEM32\DBGHELP.DLL
0x00007ffe37500000 - 0x00007ffe37534000 	C:\Windows\SYSTEM32\dbgcore.DLL
0x00007ffe42cc0000 - 0x00007ffe42d42000 	C:\Windows\System32\bcryptPrimitives.dll
0x00007ffe21770000 - 0x00007ffe21795000 	C:\Program Files\Java\jdk-17\bin\java.dll
0x00007ffe0f3d0000 - 0x00007ffe0f4a7000 	C:\Program Files\Java\jdk-17\bin\jsvml.dll
0x00007ffe43490000 - 0x00007ffe43bd5000 	C:\Windows\System32\SHELL32.dll
0x00007ffe40090000 - 0x00007ffe4082b000 	C:\Windows\SYSTEM32\windows.storage.dll
0x00007ffe43c90000 - 0x00007ffe43fe4000 	C:\Windows\System32\combase.dll
0x00007ffe41d50000 - 0x00007ffe41d7d000 	C:\Windows\SYSTEM32\Wldp.dll
0x00007ffe448e0000 - 0x00007ffe4498d000 	C:\Windows\System32\SHCORE.dll
0x00007ffe44880000 - 0x00007ffe448d5000 	C:\Windows\System32\shlwapi.dll
0x00007ffe42330000 - 0x00007ffe42355000 	C:\Windows\SYSTEM32\profapi.dll
0x00007ffe3b810000 - 0x00007ffe3b829000 	C:\Program Files\Java\jdk-17\bin\net.dll
0x00007ffe3c520000 - 0x00007ffe3c62a000 	C:\Windows\SYSTEM32\WINHTTP.dll
0x00007ffe41b30000 - 0x00007ffe41b9a000 	C:\Windows\system32\mswsock.dll
0x00007ffe36990000 - 0x00007ffe369a6000 	C:\Program Files\Java\jdk-17\bin\nio.dll
0x00007ffe21700000 - 0x00007ffe21718000 	C:\Program Files\Java\jdk-17\bin\zip.dll
0x00007ffe322f0000 - 0x00007ffe322fa000 	C:\Program Files\Java\jdk-17\bin\management.dll
0x00007ffe258d0000 - 0x00007ffe258db000 	C:\Program Files\Java\jdk-17\bin\management_ext.dll
0x00007ffe41d90000 - 0x00007ffe41da8000 	C:\Windows\SYSTEM32\CRYPTSP.dll
0x00007ffe41410000 - 0x00007ffe41444000 	C:\Windows\system32\rsaenh.dll
0x00007ffe422b0000 - 0x00007ffe422de000 	C:\Windows\SYSTEM32\USERENV.dll
0x00007ffe41cc0000 - 0x00007ffe41ccc000 	C:\Windows\SYSTEM32\CRYPTBASE.dll
0x00007ffe417f0000 - 0x00007ffe4182b000 	C:\Windows\SYSTEM32\IPHLPAPI.DLL
0x00007ffe44ce0000 - 0x00007ffe44ce8000 	C:\Windows\System32\NSI.dll
0x00007ffe3a630000 - 0x00007ffe3a647000 	C:\Windows\SYSTEM32\dhcpcsvc6.DLL
0x00007ffe3a4c0000 - 0x00007ffe3a4dd000 	C:\Windows\SYSTEM32\dhcpcsvc.DLL
0x00007ffe41830000 - 0x00007ffe418fa000 	C:\Windows\SYSTEM32\DNSAPI.dll
0x00007ffe24b80000 - 0x00007ffe24b8e000 	C:\Program Files\Java\jdk-17\bin\sunmscapi.dll
0x00007ffe42400000 - 0x00007ffe4255d000 	C:\Windows\System32\CRYPT32.dll
0x00007ffe41ea0000 - 0x00007ffe41ec8000 	C:\Windows\SYSTEM32\ncrypt.dll
0x00007ffe41e60000 - 0x00007ffe41e9b000 	C:\Windows\SYSTEM32\NTASN1.dll
0x00007ffe384d0000 - 0x00007ffe384e0000 	C:\Program Files\Java\jdk-17\bin\verify.dll
0x00007ffe218a0000 - 0x00007ffe218a7000 	C:\Windows\system32\wshunix.dll

dbghelp: loaded successfully - version: 4.0.5 - missing functions: none
symbol engine: initialized successfully - sym options: 0x614 - pdb path: .;C:\Program Files\Java\jdk-17\bin;C:\Windows\SYSTEM32;C:\Program Files\Avast Software\Avast;C:\Windows\WinSxS\amd64_microsoft.windows.common-controls_6595b64144ccf1df_6.0.19041.3636_none_60b6a03d71f818d5;C:\Program Files\Java\jdk-17\bin\server

VM Arguments:
jvm_args: -XX:TieredStopAtLevel=1 
java_command: com.alibou.security.SecurityApplication
java_class_path (initial): D:\Personal\Spring-Senior2\Advanced Programming Techniques\Project\Realtime-collaborative-text-editor\target\classes;C:\Users\alhdh\.m2\repository\org\aspectj\aspectjweaver\1.9.20\aspectjweaver-1.9.20.jar;C:\Users\alhdh\.m2\repository\com\zaxxer\HikariCP\5.0.1\HikariCP-5.0.1.jar;C:\Users\alhdh\.m2\repository\org\springframework\spring-jdbc\6.0.12\spring-jdbc-6.0.12.jar;C:\Users\alhdh\.m2\repository\org\hibernate\orm\hibernate-core\6.2.9.Final\hibernate-core-6.2.9.Final.jar;C:\Users\alhdh\.m2\repository\jakarta\persistence\jakarta.persistence-api\3.1.0\jakarta.persistence-api-3.1.0.jar;C:\Users\alhdh\.m2\repository\jakarta\transaction\jakarta.transaction-api\2.0.1\jakarta.transaction-api-2.0.1.jar;C:\Users\alhdh\.m2\repository\org\jboss\logging\jboss-logging\3.5.3.Final\jboss-logging-3.5.3.Final.jar;C:\Users\alhdh\.m2\repository\org\hibernate\common\hibernate-commons-annotations\6.0.6.Final\hibernate-commons-annotations-6.0.6.Final.jar;C:\Users\alhdh\.m2\repository\io\smallrye\jandex\3.0.5\jandex-3.0.5.jar;C:\Users\alhdh\.m2\repository\com\fasterxml\classmate\1.5.1\classmate-1.5.1.jar;C:\Users\alhdh\.m2\repository\net\bytebuddy\byte-buddy\1.14.8\byte-buddy-1.14.8.jar;C:\Users\alhdh\.m2\repository\org\glassfish\jaxb\jaxb-runtime\4.0.3\jaxb-runtime-4.0.3.jar;C:\Users\alhdh\.m2\repository\org\glassfish\jaxb\jaxb-core\4.0.3\jaxb-core-4.0.3.jar;C:\Users\alhdh\.m2\repository\org\eclipse\angus\angus-activation\2.0.1\angus-activation-2.0.1.jar;C:\Users\alhdh\.m2\repository\org\glassfish\jaxb\txw2\4.0.3\txw2-4.0.3.jar;C:\Users\alhdh\.m2\repository\com\sun\istack\istack-commons-runtime\4.1.2\istack-commons-runtime-4.1.2.jar;C:\Users\alhdh\.m2\repository\jakarta\inject\jakarta.inject-api\2.0.1\jakarta.inject-api-2.0.1.jar;C:\Users\alhdh\.m2\repository\org\antlr\antlr4-runtime\4.10.1\antlr4-runtime-4.10.1.jar;C:\Users\alhdh\.m2\repository\org\springframework\data\spring-data-jpa\3.1.4\spring-data-jpa-3.1.4.jar;C:\Users\alhdh\.m2\repository\org\spring
Launcher Type: SUN_STANDARD

[Global flags]
     intx CICompilerCount                          = 4                                         {product} {ergonomic}
     uint ConcGCThreads                            = 3                                         {product} {ergonomic}
     uint G1ConcRefinementThreads                  = 10                                        {product} {ergonomic}
   size_t G1HeapRegionSize                         = 1048576                                   {product} {ergonomic}
    uintx GCDrainStackTargetSize                   = 64                                        {product} {ergonomic}
   size_t InitialHeapSize                          = 132120576                                 {product} {ergonomic}
   size_t MarkStackSize                            = 4194304                                   {product} {ergonomic}
   size_t MaxHeapSize                              = 2101346304                                {product} {ergonomic}
   size_t MaxNewSize                               = 1260388352                                {product} {ergonomic}
   size_t MinHeapDeltaBytes                        = 1048576                                   {product} {ergonomic}
   size_t MinHeapSize                              = 8388608                                   {product} {ergonomic}
    uintx NonProfiledCodeHeapSize                  = 0                                      {pd product} {ergonomic}
     bool ProfileInterpreter                       = false                                  {pd product} {command line}
    uintx ProfiledCodeHeapSize                     = 0                                      {pd product} {ergonomic}
   size_t SoftMaxHeapSize                          = 2101346304                             {manageable} {ergonomic}
     intx TieredStopAtLevel                        = 1                                         {product} {command line}
     bool UseCompressedClassPointers               = true                           {product lp64_product} {ergonomic}
     bool UseCompressedOops                        = true                           {product lp64_product} {ergonomic}
     bool UseG1GC                                  = true                                      {product} {ergonomic}
     bool UseLargePagesIndividualAllocation        = false                                  {pd product} {ergonomic}

Logging:
Log output configuration:
 #0: stdout all=warning uptime,level,tags
 #1: stderr all=off uptime,level,tags

Environment Variables:
JAVA_HOME=C:\Program Files\Java\jdk-17
CLASSPATH=.;
PATH=C:\Program Files\Microsoft MPI\Bin\;C:\Python311\Scripts\;C:\Python311\;C:\Program Files\Common Files\Oracle\Java\javapath;C:\Program Files (x86)\Common Files\Oracle\Java\javapath;D:\WATCOM\BINNT;D:\WATCOM\BINW;C:\Windows\system32;C:\Windows;C:\Windows\System32\Wbem;C:\Windows\System32\WindowsPowerShell\v1.0\;C:\Windows\System32\OpenSSH\;C:\Program Files\dotnet\;C:\Program Files\Microsoft SQL Server\130\Tools\Binn\;C:\Program Files\Microsoft SQL Server\Client SDK\ODBC\170\Tools\Binn\;C:\Program Files\Azure Data Studio\bin;C:\Program Files (x86)\Microsoft SQL Server\150\Tools\Binn\;C:\Program Files\Microsoft SQL Server\150\Tools\Binn\;C:\Program Files\Microsoft SQL Server\150\DTS\Binn\;C:\Program Files (x86)\Microsoft SQL Server\150\DTS\Binn\;D:\Latex\miktex\bin\x64\;C:\Program Files (x86)\IVI Foundation\VISA\WinNT\Bin\;C:\Program Files\IVI Foundation\VISA\Win64\Bin\;D:\Shared\LabVIEW CLI;C:\Program Files\Amazon\AWSCLIV2\;C:\Program Files\PuTTY\;C:\ProgramData\chocolatey\bin;C:\Program Files\Git\cmd;C:\Program Files\Java\jdk1.8.0_211\bin;C:\Program Files\CMake\bin;C:\Program Files\nodejs\;C:\Program Files (x86)\PDFtk\bin\;%MPJ_HOME%\bin;C:\ProgramData\chocolatey\lib\maven\apache-maven-3.9.6\bin;;C:\Program Files\Docker\Docker\resources\bin;C:\GnuWin32\bin;C:\ProgramData\chocolatey\lib\maven\apache-maven-3.9.6\bin;C:\dummy\mpj-v0_44\mpj-v0_44\bin;C:\Program Files\Java\jdk-11\bin;C:\Program Files\MySQL\MySQL Shell 8.0\bin\;D:\WATCOM\BINNT;D:\WATCOM\BINW;C:\Windows\system32;C:\Windows;C:\Windows\System32\Wbem;C:\Windows\System32\WindowsPowerShell\v1.0\;C:\Windows\System32\OpenSSH\;C:\Program Files (x86)\IncrediBuild;C:\Program Files\dotnet\;C:\Program Files\Microsoft SQL Server\130\Tools\Binn\;C:\Program Files\Microsoft SQL Server\Client SDK\ODBC\170\Tools\Binn\;C:\Program Files\Azure Data Studio\bin;C:\Program Files (x86)\Microsoft SQL Server\150\Tools\Binn\;C:\Program Files\Microsoft SQL Server\150\Tools\Binn\;C:\Program Files\Microsoft SQL Server\150\DTS\Binn\;C:\P
USERNAME=alhdh
LANG=en_US.UTF-8
OS=Windows_NT
PROCESSOR_IDENTIFIER=Intel64 Family 6 Model 158 Stepping 10, GenuineIntel



---------------  S Y S T E M  ---------------

OS:
 Windows 10 , 64 bit Build 19041 (10.0.19041.3636)
OS uptime: 0 days 5:21 hours
Hyper-V role detected

CPU: total 12 (initial active 12) (6 cores per cpu, 2 threads per core) family 6 model 158 stepping 10 microcode 0xf0, cx8, cmov, fxsr, ht, mmx, 3dnowpref, sse, sse2, sse3, ssse3, sse4.1, sse4.2, popcnt, lzcnt, tsc, tscinvbit, avx, avx2, aes, erms, clmul, bmi1, bmi2, adx, fma, vzeroupper, clflush, clflushopt, hv

Memory: 4k page, system-wide physical 8008M (1314M free)
TotalPageFile size 11021M (AvailPageFile size 42M)
current process WorkingSet (physical memory assigned to process): 348M, peak: 395M
current process commit charge ("private bytes"): 419M, peak: 632M

vm_info: Java HotSpot(TM) 64-Bit Server VM (17.0.10+11-LTS-240) for windows-amd64 JRE (17.0.10+11-LTS-240), built on Dec 19 2023 21:47:25 by "mach5one" with MS VC++ 17.1 (VS2022)

END.
