#
# There is insufficient memory for the Java Runtime Environment to continue.
# Native memory allocation (malloc) failed to allocate 1711216 bytes for Chunk::new
# Possible reasons:
#   The system is out of physical RAM or swap space
#   The process is running with CompressedOops enabled, and the Java Heap may be blocking the growth of the native heap
# Possible solutions:
#   Reduce memory load on the system
#   Increase physical memory or swap space
#   Check if swap backing store is full
#   Decrease Java heap size (-Xmx/-Xms)
#   Decrease number of Java threads
#   Decrease Java thread stack sizes (-Xss)
#   Set larger code cache with -XX:ReservedCodeCacheSize=
#   JVM is running with Unscaled Compressed Oops mode in which the Java heap is
#     placed in the first 4GB address space. The Java Heap base address is the
#     maximum limit for the native heap growth. Please use -XX:HeapBaseMinAddress
#     to set the Java Heap base and to place the Java Heap above 4GB virtual address.
# This output file may be truncated or incomplete.
#
#  Out of Memory Error (arena.cpp:191), pid=11608, tid=19264
#
# JRE version: OpenJDK Runtime Environment Temurin-17.0.10+7 (17.0.10+7) (build 17.0.10+7)
# Java VM: OpenJDK 64-Bit Server VM Temurin-17.0.10+7 (17.0.10+7, mixed mode, tiered, compressed oops, compressed class ptrs, parallel gc, windows-amd64)
# No core dump will be written. Minidumps are not enabled by default on client versions of Windows
#

---------------  S U M M A R Y ------------

Command Line: --add-modules=ALL-SYSTEM --add-opens=java.base/java.util=ALL-UNNAMED --add-opens=java.base/java.lang=ALL-UNNAMED --add-opens=java.base/sun.nio.fs=ALL-UNNAMED -Declipse.application=org.eclipse.jdt.ls.core.id1 -Dosgi.bundles.defaultStartLevel=4 -Declipse.product=org.eclipse.jdt.ls.core.product -Djava.import.generatesMetadataFilesAtProjectRoot=false -DDetectVMInstallationsJob.disabled=true -Dfile.encoding=utf8 -XX:+UseParallelGC -XX:GCTimeRatio=4 -XX:AdaptiveSizePolicyWeight=90 -Dsun.zip.disableMemoryMapping=true -Xmx1G -Xms100m -Xlog:disable -javaagent:c:\Users\alhdh\.vscode\extensions\redhat.java-1.30.0-win32-x64\lombok\lombok-1.18.32.jar -XX:+HeapDumpOnOutOfMemoryError -XX:HeapDumpPath=c:\Users\alhdh\AppData\Roaming\Code\User\workspaceStorage\37dba57fa1d58a1a3d36af18158eedda\redhat.java -Daether.dependencyCollector.impl=bf c:\Users\alhdh\.vscode\extensions\redhat.java-1.30.0-win32-x64\server\plugins\org.eclipse.equinox.launcher_1.6.800.v20240330-1250.jar -configuration c:\Users\alhdh\AppData\Roaming\Code\User\globalStorage\redhat.java\1.30.0\config_win -data c:\Users\alhdh\AppData\Roaming\Code\User\workspaceStorage\37dba57fa1d58a1a3d36af18158eedda\redhat.java\jdt_ws --pipe=\\.\pipe\lsp-3bf3f1bf57741981a617af81490e3409-sock

Host: Intel(R) Core(TM) i7-9750H CPU @ 2.60GHz, 12 cores, 7G,  Windows 10 , 64 bit Build 19041 (10.0.19041.3636)
Time: Fri May  3 19:58:19 2024 Egypt Daylight Time elapsed time: 5.569839 seconds (0d 0h 0m 5s)

---------------  T H R E A D  ---------------

Current thread (0x00000243bde89080):  JavaThread "C2 CompilerThread2" daemon [_thread_in_native, id=19264, stack(0x0000006d50a00000,0x0000006d50b00000)]


Current CompileTask:
C2:   5569 3947   !   4       org.eclipse.osgi.internal.loader.classpath.ClasspathManager::findClassImpl (308 bytes)

Stack: [0x0000006d50a00000,0x0000006d50b00000]
Native frames: (J=compiled Java code, j=interpreted, Vv=VM code, C=native code)
V  [jvm.dll+0x67d2c9]
V  [jvm.dll+0x834afa]
V  [jvm.dll+0x8365be]
V  [jvm.dll+0x836c23]
V  [jvm.dll+0x2477ff]
V  [jvm.dll+0xac514]
V  [jvm.dll+0xacb5c]
V  [jvm.dll+0x366782]
V  [jvm.dll+0x330bfa]
V  [jvm.dll+0x33009a]
V  [jvm.dll+0x219ef1]
V  [jvm.dll+0x219311]
V  [jvm.dll+0x1a502d]
V  [jvm.dll+0x2290de]
V  [jvm.dll+0x2272ac]
V  [jvm.dll+0x7e9bb7]
V  [jvm.dll+0x7e3fba]
V  [jvm.dll+0x67c1b5]
C  [ucrtbase.dll+0x21bb2]
C  [KERNEL32.DLL+0x17344]
C  [ntdll.dll+0x526b1]


---------------  P R O C E S S  ---------------

Threads class SMR info:
_java_thread_list=0x00000243c0232ab0, length=44, elements={
0x00000243a21b0e50, 0x00000243b602e740, 0x00000243b6030330, 0x00000243b6037070,
0x00000243b6037ef0, 0x00000243b6038d70, 0x00000243b60397a0, 0x00000243bb1ce850,
0x00000243bb1d6580, 0x00000243bb1e7e80, 0x00000243bb2e9260, 0x00000243bca3b6b0,
0x00000243bd001c70, 0x00000243bd5cff60, 0x00000243bd3d0b60, 0x00000243bcfed610,
0x00000243bdc1e200, 0x00000243bd70ca30, 0x00000243bd8e4a50, 0x00000243bcc88470,
0x00000243bcc88980, 0x00000243bcc898b0, 0x00000243bdb11c70, 0x00000243bde89080,
0x00000243bdb12690, 0x00000243bdb13fe0, 0x00000243bdb0daa0, 0x00000243bdb0f900,
0x00000243bdb0fe10, 0x00000243bdb0dfb0, 0x00000243bdb11250, 0x00000243bdb12ba0,
0x00000243bdb10320, 0x00000243bdb0e9d0, 0x00000243bdb130b0, 0x00000243bdb0e4c0,
0x00000243bdb135c0, 0x00000243bdb13ad0, 0x00000243bdb0eee0, 0x00000243bdb14a00,
0x00000243bdb0d590, 0x00000243bdb0f3f0, 0x00000243bdb10830, 0x00000243bdb10d40
}

Java Threads: ( => current thread )
  0x00000243a21b0e50 JavaThread "main" [_thread_in_Java, id=2460, stack(0x0000006d4e700000,0x0000006d4e800000)]
  0x00000243b602e740 JavaThread "Reference Handler" daemon [_thread_blocked, id=15984, stack(0x0000006d4ea00000,0x0000006d4eb00000)]
  0x00000243b6030330 JavaThread "Finalizer" daemon [_thread_blocked, id=12692, stack(0x0000006d4eb00000,0x0000006d4ec00000)]
  0x00000243b6037070 JavaThread "Signal Dispatcher" daemon [_thread_blocked, id=12736, stack(0x0000006d4ec00000,0x0000006d4ed00000)]
  0x00000243b6037ef0 JavaThread "Attach Listener" daemon [_thread_blocked, id=12116, stack(0x0000006d4ed00000,0x0000006d4ee00000)]
  0x00000243b6038d70 JavaThread "Service Thread" daemon [_thread_blocked, id=19548, stack(0x0000006d4ee00000,0x0000006d4ef00000)]
  0x00000243b60397a0 JavaThread "Monitor Deflation Thread" daemon [_thread_blocked, id=1360, stack(0x0000006d4ef00000,0x0000006d4f000000)]
  0x00000243bb1ce850 JavaThread "C2 CompilerThread0" daemon [_thread_in_native, id=17080, stack(0x0000006d4f000000,0x0000006d4f100000)]
  0x00000243bb1d6580 JavaThread "C1 CompilerThread0" daemon [_thread_blocked, id=3080, stack(0x0000006d4f100000,0x0000006d4f200000)]
  0x00000243bb1e7e80 JavaThread "Sweeper thread" daemon [_thread_blocked, id=9224, stack(0x0000006d4f200000,0x0000006d4f300000)]
  0x00000243bb2e9260 JavaThread "Common-Cleaner" daemon [_thread_blocked, id=20740, stack(0x0000006d4f300000,0x0000006d4f400000)]
  0x00000243bca3b6b0 JavaThread "Notification Thread" daemon [_thread_blocked, id=22504, stack(0x0000006d4f500000,0x0000006d4f600000)]
  0x00000243bd001c70 JavaThread "Active Thread: Equinox Container: c10ad140-ec24-49e4-b821-391343a3108a" [_thread_blocked, id=5828, stack(0x0000006d4fe00000,0x0000006d4ff00000)]
  0x00000243bd5cff60 JavaThread "Framework Event Dispatcher: Equinox Container: c10ad140-ec24-49e4-b821-391343a3108a" daemon [_thread_blocked, id=12236, stack(0x0000006d4ff00000,0x0000006d50000000)]
  0x00000243bd3d0b60 JavaThread "Start Level: Equinox Container: c10ad140-ec24-49e4-b821-391343a3108a" daemon [_thread_blocked, id=13980, stack(0x0000006d50000000,0x0000006d50100000)]
  0x00000243bcfed610 JavaThread "Bundle File Closer" daemon [_thread_blocked, id=15896, stack(0x0000006d50200000,0x0000006d50300000)]
  0x00000243bdc1e200 JavaThread "SCR Component Actor" daemon [_thread_blocked, id=21488, stack(0x0000006d50300000,0x0000006d50400000)]
  0x00000243bd70ca30 JavaThread "SCR Component Registry" daemon [_thread_blocked, id=22420, stack(0x0000006d50500000,0x0000006d50600000)]
  0x00000243bd8e4a50 JavaThread "C2 CompilerThread1" daemon [_thread_in_native, id=21796, stack(0x0000006d4f400000,0x0000006d4f500000)]
  0x00000243bcc88470 JavaThread "Worker-JM" [_thread_blocked, id=10132, stack(0x0000006d50600000,0x0000006d50700000)]
  0x00000243bcc88980 JavaThread "Worker-0: Processing Java changes since last activation" [_thread_in_Java, id=2120, stack(0x0000006d50700000,0x0000006d50800000)]
  0x00000243bcc898b0 JavaThread "Worker-1: Updating Maven Dependencies" [_thread_blocked, id=15044, stack(0x0000006d50800000,0x0000006d50900000)]
  0x00000243bdb11c70 JavaThread "Worker-2: Refreshing workspace" [_thread_blocked, id=16036, stack(0x0000006d50900000,0x0000006d50a00000)]
=>0x00000243bde89080 JavaThread "C2 CompilerThread2" daemon [_thread_in_native, id=19264, stack(0x0000006d50a00000,0x0000006d50b00000)]
  0x00000243bdb12690 JavaThread "Java indexing" daemon [_thread_blocked, id=11300, stack(0x0000006d50b00000,0x0000006d50c00000)]
  0x00000243bdb13fe0 JavaThread "Worker-3: Repository registry initialization" [_thread_in_vm, id=20852, stack(0x0000006d50c00000,0x0000006d50d00000)] _threads_hazard_ptr=0x00000243c0232ab0
  0x00000243bdb0daa0 JavaThread "Worker-4" [_thread_blocked, id=20788, stack(0x0000006d50d00000,0x0000006d50e00000)]
  0x00000243bdb0f900 JavaThread "JNA Cleaner" daemon [_thread_blocked, id=11748, stack(0x0000006d50e00000,0x0000006d50f00000)]
  0x00000243bdb0fe10 JavaThread "Worker-5" [_thread_blocked, id=3836, stack(0x0000006d51100000,0x0000006d51200000)]
  0x00000243bdb0dfb0 JavaThread "Worker-6" [_thread_blocked, id=6476, stack(0x0000006d51200000,0x0000006d51300000)]
  0x00000243bdb11250 JavaThread "Thread-2" daemon [_thread_in_native, id=10272, stack(0x0000006d51300000,0x0000006d51400000)]
  0x00000243bdb12ba0 JavaThread "Thread-3" daemon [_thread_in_native, id=16200, stack(0x0000006d51400000,0x0000006d51500000)]
  0x00000243bdb10320 JavaThread "Thread-4" daemon [_thread_in_native, id=15092, stack(0x0000006d51500000,0x0000006d51600000)]
  0x00000243bdb0e9d0 JavaThread "Thread-5" daemon [_thread_in_native, id=19544, stack(0x0000006d51600000,0x0000006d51700000)]
  0x00000243bdb130b0 JavaThread "Thread-6" daemon [_thread_in_native, id=18888, stack(0x0000006d51700000,0x0000006d51800000)]
  0x00000243bdb0e4c0 JavaThread "Thread-7" daemon [_thread_in_native, id=15448, stack(0x0000006d51800000,0x0000006d51900000)]
  0x00000243bdb135c0 JavaThread "Thread-8" daemon [_thread_in_native, id=2364, stack(0x0000006d51900000,0x0000006d51a00000)]
  0x00000243bdb13ad0 JavaThread "Thread-9" daemon [_thread_in_native, id=13544, stack(0x0000006d51a00000,0x0000006d51b00000)]
  0x00000243bdb0eee0 JavaThread "Thread-10" daemon [_thread_in_native, id=11124, stack(0x0000006d51b00000,0x0000006d51c00000)]
  0x00000243bdb14a00 JavaThread "Thread-11" daemon [_thread_in_native, id=4516, stack(0x0000006d51c00000,0x0000006d51d00000)]
  0x00000243bdb0d590 JavaThread "Thread-12" daemon [_thread_in_native, id=11628, stack(0x0000006d51d00000,0x0000006d51e00000)]
  0x00000243bdb0f3f0 JavaThread "Thread-13" daemon [_thread_in_native, id=15220, stack(0x0000006d51e00000,0x0000006d51f00000)]
  0x00000243bdb10830 JavaThread "Thread-14" daemon [_thread_in_native, id=8104, stack(0x0000006d51f00000,0x0000006d52000000)]
  0x00000243bdb10d40 JavaThread "pool-2-thread-1" [_thread_blocked, id=21636, stack(0x0000006d52000000,0x0000006d52100000)]

Other Threads:
  0x00000243a225eaa0 VMThread "VM Thread" [stack: 0x0000006d4e900000,0x0000006d4ea00000] [id=17716]
  0x00000243bb4c0830 WatcherThread [stack: 0x0000006d4f600000,0x0000006d4f700000] [id=19932]
  0x00000243a21c5f90 GCTaskThread "GC Thread#0" [stack: 0x0000006d4e800000,0x0000006d4e900000] [id=10444]
  0x00000243bd0e5630 GCTaskThread "GC Thread#1" [stack: 0x0000006d4f800000,0x0000006d4f900000] [id=16064]
  0x00000243bce3c540 GCTaskThread "GC Thread#2" [stack: 0x0000006d4f900000,0x0000006d4fa00000] [id=13816]
  0x00000243bcf56790 GCTaskThread "GC Thread#3" [stack: 0x0000006d4fa00000,0x0000006d4fb00000] [id=22476]
  0x00000243bcf56a50 GCTaskThread "GC Thread#4" [stack: 0x0000006d4fb00000,0x0000006d4fc00000] [id=9084]
  0x00000243bcddf8e0 GCTaskThread "GC Thread#5" [stack: 0x0000006d4fc00000,0x0000006d4fd00000] [id=10404]
  0x00000243bcde03b0 GCTaskThread "GC Thread#6" [stack: 0x0000006d4fd00000,0x0000006d4fe00000] [id=18132]
  0x00000243bd4dbcd0 GCTaskThread "GC Thread#7" [stack: 0x0000006d50100000,0x0000006d50200000] [id=15840]
  0x00000243bda02390 GCTaskThread "GC Thread#8" [stack: 0x0000006d50400000,0x0000006d50500000] [id=15932]
  0x00000243bd099650 GCTaskThread "GC Thread#9" [stack: 0x0000006d4f700000,0x0000006d4f800000] [id=14648]

Threads with active compile tasks:
C2 CompilerThread0     5633 4378       4       jdk.internal.org.objectweb.asm.SymbolTable::addConstantUtf8Reference (101 bytes)
C1 CompilerThread0     5633 4446       3       sun.reflect.generics.tree.SimpleClassTypeSignature::make (11 bytes)
C2 CompilerThread1     5633 4391   !   4       org.eclipse.osgi.internal.loader.classpath.ClasspathManager::findLocalClass (210 bytes)
C2 CompilerThread2     5633 3947   !   4       org.eclipse.osgi.internal.loader.classpath.ClasspathManager::findClassImpl (308 bytes)

VM state: not at safepoint (normal execution)

VM Mutex/Monitor currently owned by a thread: None

Heap address: 0x00000000c0000000, size: 1024 MB, Compressed Oops mode: 32-bit

CDS archive(s) not mapped
Compressed class space mapped at: 0x0000000100000000-0x0000000140000000, reserved size: 1073741824
Narrow klass base: 0x0000000000000000, Narrow klass shift: 3, Narrow klass range: 0x140000000

GC Precious Log:
 CPUs: 12 total, 12 available
 Memory: 8008M
 Large Page Support: Disabled
 NUMA Support: Disabled
 Compressed Oops: Enabled (32-bit)
 Alignments: Space 512K, Generation 512K, Heap 2M
 Heap Min Capacity: 100M
 Heap Initial Capacity: 100M
 Heap Max Capacity: 1G
 Pre-touch: Disabled
 Parallel Workers: 10

Heap:
 PSYoungGen      total 23552K, used 8734K [0x00000000eab00000, 0x00000000ec780000, 0x0000000100000000)
  eden space 22016K, 32% used [0x00000000eab00000,0x00000000eb20aa30,0x00000000ec080000)
  from space 1536K, 99% used [0x00000000ec380000,0x00000000ec4fcf00,0x00000000ec500000)
  to   space 2560K, 0% used [0x00000000ec500000,0x00000000ec500000,0x00000000ec780000)
 ParOldGen       total 68608K, used 16554K [0x00000000c0000000, 0x00000000c4300000, 0x00000000eab00000)
  object space 68608K, 24% used [0x00000000c0000000,0x00000000c102aa10,0x00000000c4300000)
 Metaspace       used 41837K, committed 42816K, reserved 1114112K
  class space    used 4276K, committed 4672K, reserved 1048576K

Card table byte_map: [0x00000243a1b40000,0x00000243a1d50000] _byte_map_base: 0x00000243a1540000

Marking Bits: (ParMarkBitMap*) 0x00007ffa42fdd7d0
 Begin Bits: [0x00000243b3e40000, 0x00000243b4e40000)
 End Bits:   [0x00000243b4e40000, 0x00000243b5e40000)

Polling page: 0x00000243a0110000

Metaspace:

Usage:
  Non-class:     36.68 MB used.
      Class:      4.18 MB used.
       Both:     40.86 MB used.

Virtual space:
  Non-class space:       64.00 MB reserved,      37.25 MB ( 58%) committed,  1 nodes.
      Class space:        1.00 GB reserved,       4.56 MB ( <1%) committed,  1 nodes.
             Both:        1.06 GB reserved,      41.81 MB (  4%) committed. 

Chunk freelists:
   Non-Class:  10.41 MB
       Class:  11.38 MB
        Both:  21.79 MB

MaxMetaspaceSize: unlimited
CompressedClassSpaceSize: 1.00 GB
Initial GC threshold: 21.00 MB
Current GC threshold: 58.38 MB
CDS: off
MetaspaceReclaimPolicy: balanced
 - commit_granule_bytes: 65536.
 - commit_granule_words: 8192.
 - virtual_space_node_default_size: 8388608.
 - enlarge_chunks_in_place: 1.
 - new_chunks_are_fully_committed: 0.
 - uncommit_free_chunks: 1.
 - use_allocation_guard: 0.
 - handle_deallocations: 1.


Internal statistics:

num_allocs_failed_limit: 6.
num_arena_births: 546.
num_arena_deaths: 26.
num_vsnodes_births: 2.
num_vsnodes_deaths: 0.
num_space_committed: 669.
num_space_uncommitted: 0.
num_chunks_returned_to_freelist: 36.
num_chunks_taken_from_freelist: 2024.
num_chunk_merges: 8.
num_chunk_splits: 1229.
num_chunks_enlarged: 744.
num_inconsistent_stats: 0.

CodeHeap 'non-profiled nmethods': size=120000Kb used=2213Kb max_used=2213Kb free=117786Kb
 bounds [0x00000243ac910000, 0x00000243acb80000, 0x00000243b3e40000]
CodeHeap 'profiled nmethods': size=120000Kb used=9407Kb max_used=9407Kb free=110592Kb
 bounds [0x00000243a4e40000, 0x00000243a5770000, 0x00000243ac370000]
CodeHeap 'non-nmethods': size=5760Kb used=1277Kb max_used=1338Kb free=4482Kb
 bounds [0x00000243ac370000, 0x00000243ac5e0000, 0x00000243ac910000]
 total_blobs=5033 nmethods=4431 adapters=515
 compilation: enabled
              stopped_count=0, restarted_count=0
 full_count=0

Compilation events (20 events):
Event: 5.536 Thread 0x00000243bb1d6580 nmethod 4388 0x00000243a5733790 code [0x00000243a5733940, 0x00000243a5733bb8]
Event: 5.536 Thread 0x00000243bb1d6580 4389       3       com.google.common.collect.AbstractIndexedListIterator::hasNext (17 bytes)
Event: 5.537 Thread 0x00000243bb1d6580 nmethod 4389 0x00000243a5733c90 code [0x00000243a5733e20, 0x00000243a5733f98]
Event: 5.537 Thread 0x00000243bb1d6580 4390       3       com.google.inject.internal.DeclaredMembers$$Lambda$269/0x000000010043dc18::apply (8 bytes)
Event: 5.538 Thread 0x00000243bb1d6580 nmethod 4390 0x00000243a5734010 code [0x00000243a57341a0, 0x00000243a57343b8]
Event: 5.541 Thread 0x00000243bd8e4a50 nmethod 4360 0x00000243acb34f90 code [0x00000243acb35140, 0x00000243acb35eb8]
Event: 5.543 Thread 0x00000243bd8e4a50 4379       4       jdk.internal.org.objectweb.asm.ByteVector::putShort (52 bytes)
Event: 5.546 Thread 0x00000243bb1d6580 4392   !   3       java.lang.ClassLoader::loadClass (121 bytes)
Event: 5.547 Thread 0x00000243bd8e4a50 nmethod 4379 0x00000243acb36490 code [0x00000243acb36620, 0x00000243acb367a8]
Event: 5.547 Thread 0x00000243bb1d6580 nmethod 4392 0x00000243a5734490 code [0x00000243a5734740, 0x00000243a5735388]
Event: 5.548 Thread 0x00000243bd8e4a50 4391   !   4       org.eclipse.osgi.internal.loader.classpath.ClasspathManager::findLocalClass (210 bytes)
Event: 5.548 Thread 0x00000243bb1d6580 4393   !   3       org.eclipse.osgi.internal.hooks.EclipseLazyStarter::postFindLocalClass (394 bytes)
Event: 5.554 Thread 0x00000243bb1d6580 nmethod 4393 0x00000243a5735a10 code [0x00000243a5735f20, 0x00000243a5738db8]
Event: 5.554 Thread 0x00000243bb1d6580 4394       3       java.net.URLStreamHandler::setURL (159 bytes)
Event: 5.559 Thread 0x00000243bb1d6580 nmethod 4394 0x00000243a573a090 code [0x00000243a573a420, 0x00000243a573b988]
Event: 5.559 Thread 0x00000243bb1d6580 4395   !   3       java.net.URLClassLoader$1::run (81 bytes)
Event: 5.566 Thread 0x00000243bb1d6580 nmethod 4395 0x00000243a573c210 code [0x00000243a573c5c0, 0x00000243a573dc28]
Event: 5.566 Thread 0x00000243bb1d6580 4403       3       jdk.internal.loader.URLClassPath$JarLoader$2::getBytes (48 bytes)
Event: 5.567 Thread 0x00000243bb1d6580 nmethod 4403 0x00000243a573e510 code [0x00000243a573e700, 0x00000243a573eda8]
Event: 5.567 Thread 0x00000243bb1d6580 4398   !   3       java.net.URLClassLoader::defineClass (225 bytes)

GC Heap History (20 events):
Event: 3.070 GC heap before
{Heap before GC invocations=6 (full 1):
 PSYoungGen      total 29696K, used 4093K [0x00000000eab00000, 0x00000000ece00000, 0x0000000100000000)
  eden space 25600K, 0% used [0x00000000eab00000,0x00000000eab00000,0x00000000ec400000)
  from space 4096K, 99% used [0x00000000ec400000,0x00000000ec7ff438,0x00000000ec800000)
  to   space 5120K, 0% used [0x00000000ec900000,0x00000000ec900000,0x00000000ece00000)
 ParOldGen       total 68608K, used 7008K [0x00000000c0000000, 0x00000000c4300000, 0x00000000eab00000)
  object space 68608K, 10% used [0x00000000c0000000,0x00000000c06d8018,0x00000000c4300000)
 Metaspace       used 21124K, committed 21504K, reserved 1114112K
  class space    used 2123K, committed 2304K, reserved 1048576K
}
Event: 3.095 GC heap after
{Heap after GC invocations=6 (full 1):
 PSYoungGen      total 29696K, used 0K [0x00000000eab00000, 0x00000000ece00000, 0x0000000100000000)
  eden space 25600K, 0% used [0x00000000eab00000,0x00000000eab00000,0x00000000ec400000)
  from space 4096K, 0% used [0x00000000ec400000,0x00000000ec400000,0x00000000ec800000)
  to   space 5120K, 0% used [0x00000000ec900000,0x00000000ec900000,0x00000000ece00000)
 ParOldGen       total 68608K, used 10686K [0x00000000c0000000, 0x00000000c4300000, 0x00000000eab00000)
  object space 68608K, 15% used [0x00000000c0000000,0x00000000c0a6fb48,0x00000000c4300000)
 Metaspace       used 21110K, committed 21504K, reserved 1114112K
  class space    used 2119K, committed 2304K, reserved 1048576K
}
Event: 3.468 GC heap before
{Heap before GC invocations=7 (full 1):
 PSYoungGen      total 29696K, used 25600K [0x00000000eab00000, 0x00000000ece00000, 0x0000000100000000)
  eden space 25600K, 100% used [0x00000000eab00000,0x00000000ec400000,0x00000000ec400000)
  from space 4096K, 0% used [0x00000000ec400000,0x00000000ec400000,0x00000000ec800000)
  to   space 5120K, 0% used [0x00000000ec900000,0x00000000ec900000,0x00000000ece00000)
 ParOldGen       total 68608K, used 10686K [0x00000000c0000000, 0x00000000c4300000, 0x00000000eab00000)
  object space 68608K, 15% used [0x00000000c0000000,0x00000000c0a6fb48,0x00000000c4300000)
 Metaspace       used 24426K, committed 24896K, reserved 1114112K
  class space    used 2469K, committed 2688K, reserved 1048576K
}
Event: 3.471 GC heap after
{Heap after GC invocations=7 (full 1):
 PSYoungGen      total 26624K, used 1264K [0x00000000eab00000, 0x00000000eca80000, 0x0000000100000000)
  eden space 25088K, 0% used [0x00000000eab00000,0x00000000eab00000,0x00000000ec380000)
  from space 1536K, 82% used [0x00000000ec900000,0x00000000eca3c290,0x00000000eca80000)
  to   space 3072K, 0% used [0x00000000ec480000,0x00000000ec480000,0x00000000ec780000)
 ParOldGen       total 68608K, used 10694K [0x00000000c0000000, 0x00000000c4300000, 0x00000000eab00000)
  object space 68608K, 15% used [0x00000000c0000000,0x00000000c0a71b48,0x00000000c4300000)
 Metaspace       used 24426K, committed 24896K, reserved 1114112K
  class space    used 2469K, committed 2688K, reserved 1048576K
}
Event: 3.773 GC heap before
{Heap before GC invocations=8 (full 1):
 PSYoungGen      total 26624K, used 26352K [0x00000000eab00000, 0x00000000eca80000, 0x0000000100000000)
  eden space 25088K, 100% used [0x00000000eab00000,0x00000000ec380000,0x00000000ec380000)
  from space 1536K, 82% used [0x00000000ec900000,0x00000000eca3c290,0x00000000eca80000)
  to   space 3072K, 0% used [0x00000000ec480000,0x00000000ec480000,0x00000000ec780000)
 ParOldGen       total 68608K, used 10694K [0x00000000c0000000, 0x00000000c4300000, 0x00000000eab00000)
  object space 68608K, 15% used [0x00000000c0000000,0x00000000c0a71b48,0x00000000c4300000)
 Metaspace       used 27178K, committed 27840K, reserved 1114112K
  class space    used 2760K, committed 3008K, reserved 1048576K
}
Event: 3.775 GC heap after
{Heap after GC invocations=8 (full 1):
 PSYoungGen      total 27648K, used 2888K [0x00000000eab00000, 0x00000000eca00000, 0x0000000100000000)
  eden space 24576K, 0% used [0x00000000eab00000,0x00000000eab00000,0x00000000ec300000)
  from space 3072K, 94% used [0x00000000ec480000,0x00000000ec7522b8,0x00000000ec780000)
  to   space 2560K, 0% used [0x00000000ec780000,0x00000000ec780000,0x00000000eca00000)
 ParOldGen       total 68608K, used 10702K [0x00000000c0000000, 0x00000000c4300000, 0x00000000eab00000)
  object space 68608K, 15% used [0x00000000c0000000,0x00000000c0a73b48,0x00000000c4300000)
 Metaspace       used 27178K, committed 27840K, reserved 1114112K
  class space    used 2760K, committed 3008K, reserved 1048576K
}
Event: 3.955 GC heap before
{Heap before GC invocations=9 (full 1):
 PSYoungGen      total 27648K, used 27464K [0x00000000eab00000, 0x00000000eca00000, 0x0000000100000000)
  eden space 24576K, 100% used [0x00000000eab00000,0x00000000ec300000,0x00000000ec300000)
  from space 3072K, 94% used [0x00000000ec480000,0x00000000ec7522b8,0x00000000ec780000)
  to   space 2560K, 0% used [0x00000000ec780000,0x00000000ec780000,0x00000000eca00000)
 ParOldGen       total 68608K, used 10702K [0x00000000c0000000, 0x00000000c4300000, 0x00000000eab00000)
  object space 68608K, 15% used [0x00000000c0000000,0x00000000c0a73b48,0x00000000c4300000)
 Metaspace       used 29716K, committed 30400K, reserved 1114112K
  class space    used 2941K, committed 3200K, reserved 1048576K
}
Event: 3.957 GC heap after
{Heap after GC invocations=9 (full 1):
 PSYoungGen      total 26624K, used 2555K [0x00000000eab00000, 0x00000000eca00000, 0x0000000100000000)
  eden space 24064K, 0% used [0x00000000eab00000,0x00000000eab00000,0x00000000ec280000)
  from space 2560K, 99% used [0x00000000ec780000,0x00000000ec9fec58,0x00000000eca00000)
  to   space 3584K, 0% used [0x00000000ec300000,0x00000000ec300000,0x00000000ec680000)
 ParOldGen       total 68608K, used 11269K [0x00000000c0000000, 0x00000000c4300000, 0x00000000eab00000)
  object space 68608K, 16% used [0x00000000c0000000,0x00000000c0b01748,0x00000000c4300000)
 Metaspace       used 29716K, committed 30400K, reserved 1114112K
  class space    used 2941K, committed 3200K, reserved 1048576K
}
Event: 4.173 GC heap before
{Heap before GC invocations=10 (full 1):
 PSYoungGen      total 26624K, used 26619K [0x00000000eab00000, 0x00000000eca00000, 0x0000000100000000)
  eden space 24064K, 100% used [0x00000000eab00000,0x00000000ec280000,0x00000000ec280000)
  from space 2560K, 99% used [0x00000000ec780000,0x00000000ec9fec58,0x00000000eca00000)
  to   space 3584K, 0% used [0x00000000ec300000,0x00000000ec300000,0x00000000ec680000)
 ParOldGen       total 68608K, used 11269K [0x00000000c0000000, 0x00000000c4300000, 0x00000000eab00000)
  object space 68608K, 16% used [0x00000000c0000000,0x00000000c0b01748,0x00000000c4300000)
 Metaspace       used 32310K, committed 32960K, reserved 1114112K
  class space    used 3147K, committed 3392K, reserved 1048576K
}
Event: 4.176 GC heap after
{Heap after GC invocations=10 (full 1):
 PSYoungGen      total 26624K, used 3059K [0x00000000eab00000, 0x00000000ec900000, 0x0000000100000000)
  eden space 23552K, 0% used [0x00000000eab00000,0x00000000eab00000,0x00000000ec200000)
  from space 3072K, 99% used [0x00000000ec300000,0x00000000ec5fcdc8,0x00000000ec600000)
  to   space 3072K, 0% used [0x00000000ec600000,0x00000000ec600000,0x00000000ec900000)
 ParOldGen       total 68608K, used 12738K [0x00000000c0000000, 0x00000000c4300000, 0x00000000eab00000)
  object space 68608K, 18% used [0x00000000c0000000,0x00000000c0c70b60,0x00000000c4300000)
 Metaspace       used 32310K, committed 32960K, reserved 1114112K
  class space    used 3147K, committed 3392K, reserved 1048576K
}
Event: 4.852 GC heap before
{Heap before GC invocations=11 (full 1):
 PSYoungGen      total 26624K, used 26611K [0x00000000eab00000, 0x00000000ec900000, 0x0000000100000000)
  eden space 23552K, 100% used [0x00000000eab00000,0x00000000ec200000,0x00000000ec200000)
  from space 3072K, 99% used [0x00000000ec300000,0x00000000ec5fcdc8,0x00000000ec600000)
  to   space 3072K, 0% used [0x00000000ec600000,0x00000000ec600000,0x00000000ec900000)
 ParOldGen       total 68608K, used 12738K [0x00000000c0000000, 0x00000000c4300000, 0x00000000eab00000)
  object space 68608K, 18% used [0x00000000c0000000,0x00000000c0c70b60,0x00000000c4300000)
 Metaspace       used 34790K, committed 35648K, reserved 1114112K
  class space    used 3400K, committed 3776K, reserved 1048576K
}
Event: 4.855 GC heap after
{Heap after GC invocations=11 (full 1):
 PSYoungGen      total 25600K, used 2162K [0x00000000eab00000, 0x00000000ec880000, 0x0000000100000000)
  eden space 23040K, 0% used [0x00000000eab00000,0x00000000eab00000,0x00000000ec180000)
  from space 2560K, 84% used [0x00000000ec600000,0x00000000ec81cbd0,0x00000000ec880000)
  to   space 2560K, 0% used [0x00000000ec380000,0x00000000ec380000,0x00000000ec600000)
 ParOldGen       total 68608K, used 14600K [0x00000000c0000000, 0x00000000c4300000, 0x00000000eab00000)
  object space 68608K, 21% used [0x00000000c0000000,0x00000000c0e42068,0x00000000c4300000)
 Metaspace       used 34790K, committed 35648K, reserved 1114112K
  class space    used 3400K, committed 3776K, reserved 1048576K
}
Event: 4.902 GC heap before
{Heap before GC invocations=12 (full 1):
 PSYoungGen      total 25600K, used 3862K [0x00000000eab00000, 0x00000000ec880000, 0x0000000100000000)
  eden space 23040K, 7% used [0x00000000eab00000,0x00000000eaca8e50,0x00000000ec180000)
  from space 2560K, 84% used [0x00000000ec600000,0x00000000ec81cbd0,0x00000000ec880000)
  to   space 2560K, 0% used [0x00000000ec380000,0x00000000ec380000,0x00000000ec600000)
 ParOldGen       total 68608K, used 14600K [0x00000000c0000000, 0x00000000c4300000, 0x00000000eab00000)
  object space 68608K, 21% used [0x00000000c0000000,0x00000000c0e42068,0x00000000c4300000)
 Metaspace       used 35011K, committed 35840K, reserved 1114112K
  class space    used 3416K, committed 3776K, reserved 1048576K
}
Event: 4.906 GC heap after
{Heap after GC invocations=12 (full 1):
 PSYoungGen      total 23552K, used 256K [0x00000000eab00000, 0x00000000ec680000, 0x0000000100000000)
  eden space 23040K, 0% used [0x00000000eab00000,0x00000000eab00000,0x00000000ec180000)
  from space 512K, 50% used [0x00000000ec380000,0x00000000ec3c0000,0x00000000ec400000)
  to   space 1024K, 0% used [0x00000000ec580000,0x00000000ec580000,0x00000000ec680000)
 ParOldGen       total 68608K, used 16598K [0x00000000c0000000, 0x00000000c4300000, 0x00000000eab00000)
  object space 68608K, 24% used [0x00000000c0000000,0x00000000c1035a58,0x00000000c4300000)
 Metaspace       used 35011K, committed 35840K, reserved 1114112K
  class space    used 3416K, committed 3776K, reserved 1048576K
}
Event: 4.906 GC heap before
{Heap before GC invocations=13 (full 2):
 PSYoungGen      total 23552K, used 256K [0x00000000eab00000, 0x00000000ec680000, 0x0000000100000000)
  eden space 23040K, 0% used [0x00000000eab00000,0x00000000eab00000,0x00000000ec180000)
  from space 512K, 50% used [0x00000000ec380000,0x00000000ec3c0000,0x00000000ec400000)
  to   space 1024K, 0% used [0x00000000ec580000,0x00000000ec580000,0x00000000ec680000)
 ParOldGen       total 68608K, used 16598K [0x00000000c0000000, 0x00000000c4300000, 0x00000000eab00000)
  object space 68608K, 24% used [0x00000000c0000000,0x00000000c1035a58,0x00000000c4300000)
 Metaspace       used 35011K, committed 35840K, reserved 1114112K
  class space    used 3416K, committed 3776K, reserved 1048576K
}
Event: 4.943 GC heap after
{Heap after GC invocations=13 (full 2):
 PSYoungGen      total 23552K, used 0K [0x00000000eab00000, 0x00000000ec680000, 0x0000000100000000)
  eden space 23040K, 0% used [0x00000000eab00000,0x00000000eab00000,0x00000000ec180000)
  from space 512K, 0% used [0x00000000ec380000,0x00000000ec380000,0x00000000ec400000)
  to   space 1024K, 0% used [0x00000000ec580000,0x00000000ec580000,0x00000000ec680000)
 ParOldGen       total 68608K, used 14930K [0x00000000c0000000, 0x00000000c4300000, 0x00000000eab00000)
  object space 68608K, 21% used [0x00000000c0000000,0x00000000c0e94978,0x00000000c4300000)
 Metaspace       used 35001K, committed 35840K, reserved 1114112K
  class space    used 3413K, committed 3776K, reserved 1048576K
}
Event: 5.228 GC heap before
{Heap before GC invocations=14 (full 2):
 PSYoungGen      total 23552K, used 23040K [0x00000000eab00000, 0x00000000ec680000, 0x0000000100000000)
  eden space 23040K, 100% used [0x00000000eab00000,0x00000000ec180000,0x00000000ec180000)
  from space 512K, 0% used [0x00000000ec380000,0x00000000ec380000,0x00000000ec400000)
  to   space 1024K, 0% used [0x00000000ec580000,0x00000000ec580000,0x00000000ec680000)
 ParOldGen       total 68608K, used 14930K [0x00000000c0000000, 0x00000000c4300000, 0x00000000eab00000)
  object space 68608K, 21% used [0x00000000c0000000,0x00000000c0e94978,0x00000000c4300000)
 Metaspace       used 38345K, committed 39232K, reserved 1114112K
  class space    used 3838K, committed 4224K, reserved 1048576K
}
Event: 5.230 GC heap after
{Heap after GC invocations=14 (full 2):
 PSYoungGen      total 23552K, used 994K [0x00000000eab00000, 0x00000000ec680000, 0x0000000100000000)
  eden space 22528K, 0% used [0x00000000eab00000,0x00000000eab00000,0x00000000ec100000)
  from space 1024K, 97% used [0x00000000ec580000,0x00000000ec678a90,0x00000000ec680000)
  to   space 1536K, 0% used [0x00000000ec380000,0x00000000ec380000,0x00000000ec500000)
 ParOldGen       total 68608K, used 15098K [0x00000000c0000000, 0x00000000c4300000, 0x00000000eab00000)
  object space 68608K, 22% used [0x00000000c0000000,0x00000000c0ebe988,0x00000000c4300000)
 Metaspace       used 38345K, committed 39232K, reserved 1114112K
  class space    used 3838K, committed 4224K, reserved 1048576K
}
Event: 5.494 GC heap before
{Heap before GC invocations=15 (full 2):
 PSYoungGen      total 23552K, used 23522K [0x00000000eab00000, 0x00000000ec680000, 0x0000000100000000)
  eden space 22528K, 100% used [0x00000000eab00000,0x00000000ec100000,0x00000000ec100000)
  from space 1024K, 97% used [0x00000000ec580000,0x00000000ec678a90,0x00000000ec680000)
  to   space 1536K, 0% used [0x00000000ec380000,0x00000000ec380000,0x00000000ec500000)
 ParOldGen       total 68608K, used 15098K [0x00000000c0000000, 0x00000000c4300000, 0x00000000eab00000)
  object space 68608K, 22% used [0x00000000c0000000,0x00000000c0ebe988,0x00000000c4300000)
 Metaspace       used 40920K, committed 41920K, reserved 1114112K
  class space    used 4174K, committed 4608K, reserved 1048576K
}
Event: 5.497 GC heap after
{Heap after GC invocations=15 (full 2):
 PSYoungGen      total 23552K, used 1523K [0x00000000eab00000, 0x00000000ec780000, 0x0000000100000000)
  eden space 22016K, 0% used [0x00000000eab00000,0x00000000eab00000,0x00000000ec080000)
  from space 1536K, 99% used [0x00000000ec380000,0x00000000ec4fcf00,0x00000000ec500000)
  to   space 2560K, 0% used [0x00000000ec500000,0x00000000ec500000,0x00000000ec780000)
 ParOldGen       total 68608K, used 16554K [0x00000000c0000000, 0x00000000c4300000, 0x00000000eab00000)
  object space 68608K, 24% used [0x00000000c0000000,0x00000000c102aa10,0x00000000c4300000)
 Metaspace       used 40920K, committed 41920K, reserved 1114112K
  class space    used 4174K, committed 4608K, reserved 1048576K
}

Dll operation events (10 events):
Event: 0.014 Loaded shared library c:\Users\alhdh\.vscode\extensions\redhat.java-1.30.0-win32-x64\jre\17.0.10-win32-x86_64\bin\java.dll
Event: 0.288 Loaded shared library c:\Users\alhdh\.vscode\extensions\redhat.java-1.30.0-win32-x64\jre\17.0.10-win32-x86_64\bin\zip.dll
Event: 0.294 Loaded shared library C:\Users\alhdh\.vscode\extensions\redhat.java-1.30.0-win32-x64\jre\17.0.10-win32-x86_64\bin\instrument.dll
Event: 0.319 Loaded shared library C:\Users\alhdh\.vscode\extensions\redhat.java-1.30.0-win32-x64\jre\17.0.10-win32-x86_64\bin\net.dll
Event: 0.327 Loaded shared library C:\Users\alhdh\.vscode\extensions\redhat.java-1.30.0-win32-x64\jre\17.0.10-win32-x86_64\bin\nio.dll
Event: 0.344 Loaded shared library C:\Users\alhdh\.vscode\extensions\redhat.java-1.30.0-win32-x64\jre\17.0.10-win32-x86_64\bin\zip.dll
Event: 0.365 Loaded shared library C:\Users\alhdh\.vscode\extensions\redhat.java-1.30.0-win32-x64\jre\17.0.10-win32-x86_64\bin\jimage.dll
Event: 0.441 Loaded shared library c:\Users\alhdh\.vscode\extensions\redhat.java-1.30.0-win32-x64\jre\17.0.10-win32-x86_64\bin\verify.dll
Event: 1.802 Loaded shared library C:\Users\alhdh\AppData\Roaming\Code\User\globalStorage\redhat.java\1.30.0\config_win\org.eclipse.equinox.launcher\org.eclipse.equinox.launcher.win32.win32.x86_64_1.2.900.v20240213-1244\eclipse_11900.dll
Event: 4.997 Loaded shared library C:\Users\alhdh\AppData\Local\Temp\jna-92902113\jna17976087086153754927.dll

Deoptimization events (20 events):
Event: 5.377 Thread 0x00000243a21b0e50 DEOPT PACKING pc=0x00000243acad0c7c sp=0x0000006d4e7fde50
Event: 5.377 Thread 0x00000243a21b0e50 DEOPT UNPACKING pc=0x00000243ac3c66a3 sp=0x0000006d4e7fde38 mode 2
Event: 5.436 Thread 0x00000243bdb0daa0 DEOPT PACKING pc=0x00000243a5708cd8 sp=0x0000006d50dfe410
Event: 5.436 Thread 0x00000243bdb0daa0 DEOPT UNPACKING pc=0x00000243ac3c6e43 sp=0x0000006d50dfd918 mode 0
Event: 5.438 Thread 0x00000243bdb0daa0 DEOPT PACKING pc=0x00000243a5708cd8 sp=0x0000006d50dfe410
Event: 5.438 Thread 0x00000243bdb0daa0 DEOPT UNPACKING pc=0x00000243ac3c6e43 sp=0x0000006d50dfd918 mode 0
Event: 5.441 Thread 0x00000243bdb0daa0 DEOPT PACKING pc=0x00000243a5708cd8 sp=0x0000006d50dfe410
Event: 5.441 Thread 0x00000243bdb0daa0 DEOPT UNPACKING pc=0x00000243ac3c6e43 sp=0x0000006d50dfd918 mode 0
Event: 5.446 Thread 0x00000243bdb0daa0 DEOPT PACKING pc=0x00000243a5708cd8 sp=0x0000006d50dfe410
Event: 5.446 Thread 0x00000243bdb0daa0 DEOPT UNPACKING pc=0x00000243ac3c6e43 sp=0x0000006d50dfd918 mode 0
Event: 5.459 Thread 0x00000243bdb13fe0 Uncommon trap: trap_request=0xffffff45 fr.pc=0x00000243aca22d34 relative=0x0000000000000114
Event: 5.459 Thread 0x00000243bdb13fe0 Uncommon trap: reason=unstable_if action=reinterpret pc=0x00000243aca22d34 method=jdk.internal.org.objectweb.asm.SymbolTable.put(Ljdk/internal/org/objectweb/asm/SymbolTable$Entry;)Ljdk/internal/org/objectweb/asm/SymbolTable$Entry; @ 13 c2
Event: 5.459 Thread 0x00000243bdb13fe0 DEOPT PACKING pc=0x00000243aca22d34 sp=0x0000006d50cfd2d0
Event: 5.459 Thread 0x00000243bdb13fe0 DEOPT UNPACKING pc=0x00000243ac3c66a3 sp=0x0000006d50cfd230 mode 2
Event: 5.493 Thread 0x00000243a21b0e50 Uncommon trap: trap_request=0xffffff45 fr.pc=0x00000243ac9b0e2c relative=0x000000000000018c
Event: 5.493 Thread 0x00000243a21b0e50 Uncommon trap: reason=unstable_if action=reinterpret pc=0x00000243ac9b0e2c method=java.util.concurrent.ConcurrentHashMap.get(Ljava/lang/Object;)Ljava/lang/Object; @ 76 c2
Event: 5.493 Thread 0x00000243a21b0e50 DEOPT PACKING pc=0x00000243ac9b0e2c sp=0x0000006d4e7fce40
Event: 5.493 Thread 0x00000243a21b0e50 DEOPT UNPACKING pc=0x00000243ac3c66a3 sp=0x0000006d4e7fcdb8 mode 2
Event: 5.520 Thread 0x00000243bcc88980 DEOPT PACKING pc=0x00000243a5708cd8 sp=0x0000006d507fd0d0
Event: 5.520 Thread 0x00000243bcc88980 DEOPT UNPACKING pc=0x00000243ac3c6e43 sp=0x0000006d507fc5d8 mode 0

Classes unloaded (13 events):
Event: 3.074 Thread 0x00000243a225eaa0 Unloading class 0x000000010024b400 'java/lang/invoke/LambdaForm$MH+0x000000010024b400'
Event: 3.074 Thread 0x00000243a225eaa0 Unloading class 0x000000010024b000 'java/lang/invoke/LambdaForm$MH+0x000000010024b000'
Event: 3.074 Thread 0x00000243a225eaa0 Unloading class 0x000000010024ac00 'java/lang/invoke/LambdaForm$MH+0x000000010024ac00'
Event: 3.074 Thread 0x00000243a225eaa0 Unloading class 0x000000010024a800 'java/lang/invoke/LambdaForm$MH+0x000000010024a800'
Event: 3.074 Thread 0x00000243a225eaa0 Unloading class 0x000000010024a400 'java/lang/invoke/LambdaForm$BMH+0x000000010024a400'
Event: 3.074 Thread 0x00000243a225eaa0 Unloading class 0x000000010024a000 'java/lang/invoke/LambdaForm$DMH+0x000000010024a000'
Event: 3.074 Thread 0x00000243a225eaa0 Unloading class 0x0000000100244400 'java/lang/invoke/LambdaForm$DMH+0x0000000100244400'
Event: 4.910 Thread 0x00000243a225eaa0 Unloading class 0x000000010039fc00 'java/lang/invoke/LambdaForm$MH+0x000000010039fc00'
Event: 4.910 Thread 0x00000243a225eaa0 Unloading class 0x000000010039f000 'java/lang/invoke/LambdaForm$MH+0x000000010039f000'
Event: 4.910 Thread 0x00000243a225eaa0 Unloading class 0x000000010039ec00 'java/lang/invoke/LambdaForm$MH+0x000000010039ec00'
Event: 4.910 Thread 0x00000243a225eaa0 Unloading class 0x000000010039e400 'java/lang/invoke/LambdaForm$DMH+0x000000010039e400'
Event: 4.910 Thread 0x00000243a225eaa0 Unloading class 0x000000010039d800 'java/lang/invoke/LambdaForm$MH+0x000000010039d800'
Event: 4.910 Thread 0x00000243a225eaa0 Unloading class 0x000000010039d000 'java/lang/invoke/LambdaForm$MH+0x000000010039d000'

Classes redefined (0 events):
No events

Internal exceptions (20 events):
Event: 4.830 Thread 0x00000243bcc898b0 Exception <a 'java/lang/NoSuchMethodError'{0x00000000ec1b70e0}: 'java.lang.Object java.lang.invoke.DirectMethodHandle$Holder.invokeStatic(java.lang.Object, int, java.lang.Object, java.lang.Object)'> (0x00000000ec1b70e0) 
thrown [s\src\hotspot\share\interpreter\linkResolver.cpp, line 759]
Event: 4.830 Thread 0x00000243bcc898b0 Exception <a 'java/lang/NoSuchMethodError'{0x00000000ec1bc8e8}: 'java.lang.Object java.lang.invoke.DelegatingMethodHandle$Holder.delegate(java.lang.Object, int, java.lang.Object, java.lang.Object)'> (0x00000000ec1bc8e8) 
thrown [s\src\hotspot\share\interpreter\linkResolver.cpp, line 759]
Event: 4.832 Thread 0x00000243bcc898b0 Exception <a 'java/lang/NoSuchMethodError'{0x00000000ec1e75e0}: 'int java.lang.invoke.Invokers$Holder.linkToTargetMethod(java.lang.Object, java.lang.Object, java.lang.Object)'> (0x00000000ec1e75e0) 
thrown [s\src\hotspot\share\interpreter\linkResolver.cpp, line 759]
Event: 4.945 Thread 0x00000243bdb13fe0 Exception <a 'java/lang/NoSuchMethodError'{0x00000000eab09028}: 'java.lang.Object java.lang.invoke.DirectMethodHandle$Holder.invokeSpecialIFC(java.lang.Object, java.lang.Object, java.lang.Object, java.lang.Object)'> (0x00000000eab09028) 
thrown [s\src\hotspot\share\interpreter\linkResolver.cpp, line 759]
Event: 4.962 Thread 0x00000243bd3d0b60 Exception <a 'java/lang/NoSuchMethodError'{0x00000000eac0cb58}: 'java.lang.Object java.lang.invoke.DirectMethodHandle$Holder.invokeStaticInit(java.lang.Object, java.lang.Object, int, int, int, int)'> (0x00000000eac0cb58) 
thrown [s\src\hotspot\share\interpreter\linkResolver.cpp, line 759]
Event: 5.065 Thread 0x00000243bdb11c70 Exception <a 'java/lang/UnsatisfiedLinkError'{0x00000000eb479300}: The specified procedure could not be found.
> (0x00000000eb479300) 
thrown [s\src\hotspot\share\prims\jni.cpp, line 535]
Event: 5.075 Thread 0x00000243bdb11c70 Exception <a 'java/io/FileNotFoundException'{0x00000000eb5474f0}> (0x00000000eb5474f0) 
thrown [s\src\hotspot\share\prims\jni.cpp, line 516]
Event: 5.091 Thread 0x00000243bdb11c70 Exception <a 'java/io/FileNotFoundException'{0x00000000eb713b20}> (0x00000000eb713b20) 
thrown [s\src\hotspot\share\prims\jni.cpp, line 516]
Event: 5.105 Thread 0x00000243bdb11c70 Exception <a 'java/lang/UnsatisfiedLinkError'{0x00000000eb8e2aa0}: The specified procedure could not be found.
> (0x00000000eb8e2aa0) 
thrown [s\src\hotspot\share\prims\jni.cpp, line 535]
Event: 5.111 Thread 0x00000243bd3d0b60 Exception <a 'java/lang/ClassNotFoundException'{0x00000000eb921370}: com/sun/org/apache/xml/internal/serializer/spi/XMLEntitiesProvider> (0x00000000eb921370) 
thrown [s\src\hotspot\share\classfile\systemDictionary.cpp, line 256]
Event: 5.247 Thread 0x00000243bdb13fe0 Exception <a 'java/lang/NoSuchMethodError'{0x00000000eabd2170}: 'int java.lang.invoke.DirectMethodHandle$Holder.invokeSpecialIFC(java.lang.Object, java.lang.Object, java.lang.Object, java.lang.Object, java.lang.Object)'> (0x00000000eabd2170) 
thrown [s\src\hotspot\share\interpreter\linkResolver.cpp, line 759]
Event: 5.294 Thread 0x00000243bcc88980 Exception <a 'java/io/FileNotFoundException'{0x00000000eb081960}> (0x00000000eb081960) 
thrown [s\src\hotspot\share\prims\jni.cpp, line 516]
Event: 5.301 Thread 0x00000243a21b0e50 Exception <a 'sun/nio/fs/WindowsException'{0x00000000eb151c10}> (0x00000000eb151c10) 
thrown [s\src\hotspot\share\prims\jni.cpp, line 516]
Event: 5.371 Thread 0x00000243a21b0e50 Exception <a 'java/lang/NoSuchMethodError'{0x00000000eb8ae9e8}: 'java.lang.Object java.lang.invoke.DirectMethodHandle$Holder.invokeStatic(java.lang.Object, java.lang.Object, long, java.lang.Object)'> (0x00000000eb8ae9e8) 
thrown [s\src\hotspot\share\interpreter\linkResolver.cpp, line 759]
Event: 5.372 Thread 0x00000243a21b0e50 Exception <a 'java/lang/NoSuchMethodError'{0x00000000eb8b2740}: 'java.lang.Object java.lang.invoke.DirectMethodHandle$Holder.invokeStaticInit(java.lang.Object, java.lang.Object, long, java.lang.Object)'> (0x00000000eb8b2740) 
thrown [s\src\hotspot\share\interpreter\linkResolver.cpp, line 759]
Event: 5.374 Thread 0x00000243a21b0e50 Exception <a 'java/lang/NoSuchMethodError'{0x00000000eb8cbd90}: 'java.lang.Object java.lang.invoke.DirectMethodHandle$Holder.newInvokeSpecial(java.lang.Object, java.lang.Object, long)'> (0x00000000eb8cbd90) 
thrown [s\src\hotspot\share\interpreter\linkResolver.cpp, line 759]
Event: 5.455 Thread 0x00000243bdb0daa0 Exception <a 'java/io/FileNotFoundException'{0x00000000ebe98078}> (0x00000000ebe98078) 
thrown [s\src\hotspot\share\prims\jni.cpp, line 516]
Event: 5.456 Thread 0x00000243bdb0daa0 Exception <a 'java/io/FileNotFoundException'{0x00000000ebe99070}> (0x00000000ebe99070) 
thrown [s\src\hotspot\share\prims\jni.cpp, line 516]
Event: 5.456 Thread 0x00000243bdb0daa0 Exception <a 'java/io/FileNotFoundException'{0x00000000ebe99dc0}> (0x00000000ebe99dc0) 
thrown [s\src\hotspot\share\prims\jni.cpp, line 516]
Event: 5.544 Thread 0x00000243bdb13fe0 Exception <a 'java/lang/NoClassDefFoundError'{0x00000000eadf4470}: javax/enterprise/inject/Typed> (0x00000000eadf4470) 
thrown [s\src\hotspot\share\classfile\systemDictionary.cpp, line 245]

VM Operations (20 events):
Event: 4.902 Executing VM operation: CollectForMetadataAllocation
Event: 4.944 Executing VM operation: CollectForMetadataAllocation done
Event: 4.948 Executing VM operation: HandshakeAllThreads
Event: 4.951 Executing VM operation: HandshakeAllThreads done
Event: 5.040 Executing VM operation: HandshakeAllThreads
Event: 5.040 Executing VM operation: HandshakeAllThreads done
Event: 5.063 Executing VM operation: HandshakeAllThreads
Event: 5.063 Executing VM operation: HandshakeAllThreads done
Event: 5.108 Executing VM operation: HandshakeAllThreads
Event: 5.108 Executing VM operation: HandshakeAllThreads done
Event: 5.174 Executing VM operation: HandshakeAllThreads
Event: 5.174 Executing VM operation: HandshakeAllThreads done
Event: 5.228 Executing VM operation: ParallelGCFailedAllocation
Event: 5.230 Executing VM operation: ParallelGCFailedAllocation done
Event: 5.494 Executing VM operation: ParallelGCFailedAllocation
Event: 5.497 Executing VM operation: ParallelGCFailedAllocation done
Event: 5.506 Executing VM operation: HandshakeAllThreads
Event: 5.506 Executing VM operation: HandshakeAllThreads done
Event: 5.529 Executing VM operation: HandshakeAllThreads
Event: 5.530 Executing VM operation: HandshakeAllThreads done

Events (20 events):
Event: 5.516 loading class java/math/BigDecimal
Event: 5.518 loading class jdk/internal/jrtfs/JrtFileSystemProvider$1
Event: 5.518 loading class java/math/BigDecimal done
Event: 5.518 loading class jdk/internal/jrtfs/JrtFileSystemProvider$1 done
Event: 5.518 loading class jdk/internal/jrtfs/JrtFileSystemProvider$JrtFsLoader
Event: 5.518 loading class jdk/internal/jrtfs/JrtFileSystemProvider$JrtFsLoader done
Event: 5.519 loading class java/lang/Short$ShortCache
Event: 5.519 loading class java/lang/Short$ShortCache done
Event: 5.527 loading class java/nio/file/InvalidPathException
Event: 5.528 loading class java/nio/file/InvalidPathException done
Event: 5.528 loading class java/nio/file/ClosedFileSystemException
Event: 5.528 loading class java/nio/file/ClosedFileSystemException done
Event: 5.528 loading class java/nio/file/ReadOnlyFileSystemException
Event: 5.528 loading class java/nio/file/ReadOnlyFileSystemException done
Event: 5.528 loading class java/nio/file/NotDirectoryException
Event: 5.528 loading class java/nio/file/NotDirectoryException done
Event: 5.543 loading class java/lang/annotation/IncompleteAnnotationException
Event: 5.543 loading class java/lang/annotation/IncompleteAnnotationException done
Event: 5.546 loading class java/io/IOError
Event: 5.546 loading class java/io/IOError done


Dynamic libraries:
0x00007ff61f4a0000 - 0x00007ff61f4ae000 	c:\Users\alhdh\.vscode\extensions\redhat.java-1.30.0-win32-x64\jre\17.0.10-win32-x86_64\bin\java.exe
0x00007ffabeb70000 - 0x00007ffabed68000 	C:\Windows\SYSTEM32\ntdll.dll
0x00007ffa979b0000 - 0x00007ffa979c9000 	C:\Program Files\Avast Software\Avast\aswhook.dll
0x00007ffabd720000 - 0x00007ffabd7dd000 	C:\Windows\System32\KERNEL32.DLL
0x00007ffabc410000 - 0x00007ffabc706000 	C:\Windows\System32\KERNELBASE.dll
0x00007ffabc780000 - 0x00007ffabc880000 	C:\Windows\System32\ucrtbase.dll
0x00007ffaa4ab0000 - 0x00007ffaa4ac7000 	c:\Users\alhdh\.vscode\extensions\redhat.java-1.30.0-win32-x64\jre\17.0.10-win32-x86_64\bin\jli.dll
0x00007ffa9bc50000 - 0x00007ffa9bc6b000 	c:\Users\alhdh\.vscode\extensions\redhat.java-1.30.0-win32-x64\jre\17.0.10-win32-x86_64\bin\VCRUNTIME140.dll
0x00007ffabda60000 - 0x00007ffabdbfe000 	C:\Windows\System32\USER32.dll
0x00007ffabc8d0000 - 0x00007ffabc8f2000 	C:\Windows\System32\win32u.dll
0x00007ffaa7520000 - 0x00007ffaa77ba000 	C:\Windows\WinSxS\amd64_microsoft.windows.common-controls_6595b64144ccf1df_6.0.19041.3636_none_60b6a03d71f818d5\COMCTL32.dll
0x00007ffabe5f0000 - 0x00007ffabe61c000 	C:\Windows\System32\GDI32.dll
0x00007ffabe620000 - 0x00007ffabe6be000 	C:\Windows\System32\msvcrt.dll
0x00007ffabc240000 - 0x00007ffabc35a000 	C:\Windows\System32\gdi32full.dll
0x00007ffabcb20000 - 0x00007ffabcbbd000 	C:\Windows\System32\msvcp_win.dll
0x00007ffabcbc0000 - 0x00007ffabcbf0000 	C:\Windows\System32\IMM32.DLL
0x00007ffab7940000 - 0x00007ffab794c000 	c:\Users\alhdh\.vscode\extensions\redhat.java-1.30.0-win32-x64\jre\17.0.10-win32-x86_64\bin\vcruntime140_1.dll
0x00007ffa91880000 - 0x00007ffa9190d000 	c:\Users\alhdh\.vscode\extensions\redhat.java-1.30.0-win32-x64\jre\17.0.10-win32-x86_64\bin\msvcp140.dll
0x00007ffa42440000 - 0x00007ffa430a2000 	c:\Users\alhdh\.vscode\extensions\redhat.java-1.30.0-win32-x64\jre\17.0.10-win32-x86_64\bin\server\jvm.dll
0x00007ffabd3a0000 - 0x00007ffabd453000 	C:\Windows\System32\ADVAPI32.dll
0x00007ffabdfc0000 - 0x00007ffabe05f000 	C:\Windows\System32\sechost.dll
0x00007ffabe060000 - 0x00007ffabe186000 	C:\Windows\System32\RPCRT4.dll
0x00007ffabcaf0000 - 0x00007ffabcb17000 	C:\Windows\System32\bcrypt.dll
0x00007ffabb7a0000 - 0x00007ffabb7eb000 	C:\Windows\SYSTEM32\POWRPROF.dll
0x00007ffaa2a60000 - 0x00007ffaa2a69000 	C:\Windows\SYSTEM32\WSOCK32.dll
0x00007ffaa5780000 - 0x00007ffaa57a7000 	C:\Windows\SYSTEM32\WINMM.dll
0x00007ffabe190000 - 0x00007ffabe1fb000 	C:\Windows\System32\WS2_32.dll
0x00007ffab1b30000 - 0x00007ffab1b3a000 	C:\Windows\SYSTEM32\VERSION.dll
0x00007ffabb610000 - 0x00007ffabb622000 	C:\Windows\SYSTEM32\UMPDC.dll
0x00007ffabaa40000 - 0x00007ffabaa52000 	C:\Windows\SYSTEM32\kernel.appcore.dll
0x00007ffaa6ea0000 - 0x00007ffaa6eaa000 	c:\Users\alhdh\.vscode\extensions\redhat.java-1.30.0-win32-x64\jre\17.0.10-win32-x86_64\bin\jimage.dll
0x00007ffaba730000 - 0x00007ffaba914000 	C:\Windows\SYSTEM32\DBGHELP.DLL
0x00007ffab1970000 - 0x00007ffab19a4000 	C:\Windows\SYSTEM32\dbgcore.DLL
0x00007ffabc900000 - 0x00007ffabc982000 	C:\Windows\System32\bcryptPrimitives.dll
0x00007ffaa6ca0000 - 0x00007ffaa6cae000 	c:\Users\alhdh\.vscode\extensions\redhat.java-1.30.0-win32-x64\jre\17.0.10-win32-x86_64\bin\instrument.dll
0x00007ffa91850000 - 0x00007ffa91875000 	c:\Users\alhdh\.vscode\extensions\redhat.java-1.30.0-win32-x64\jre\17.0.10-win32-x86_64\bin\java.dll
0x00007ffa974b0000 - 0x00007ffa974c8000 	c:\Users\alhdh\.vscode\extensions\redhat.java-1.30.0-win32-x64\jre\17.0.10-win32-x86_64\bin\zip.dll
0x00007ffabcc50000 - 0x00007ffabd395000 	C:\Windows\System32\SHELL32.dll
0x00007ffab9ed0000 - 0x00007ffaba66b000 	C:\Windows\SYSTEM32\windows.storage.dll
0x00007ffabe290000 - 0x00007ffabe5e4000 	C:\Windows\System32\combase.dll
0x00007ffabbb90000 - 0x00007ffabbbbd000 	C:\Windows\SYSTEM32\Wldp.dll
0x00007ffabd8c0000 - 0x00007ffabd96d000 	C:\Windows\System32\SHCORE.dll
0x00007ffabdf60000 - 0x00007ffabdfb5000 	C:\Windows\System32\shlwapi.dll
0x00007ffabc170000 - 0x00007ffabc195000 	C:\Windows\SYSTEM32\profapi.dll
0x00007ffa96a40000 - 0x00007ffa96a59000 	C:\Users\alhdh\.vscode\extensions\redhat.java-1.30.0-win32-x64\jre\17.0.10-win32-x86_64\bin\net.dll
0x00007ffab66e0000 - 0x00007ffab67ea000 	C:\Windows\SYSTEM32\WINHTTP.dll
0x00007ffabb970000 - 0x00007ffabb9da000 	C:\Windows\system32\mswsock.dll
0x00007ffa96710000 - 0x00007ffa96726000 	C:\Users\alhdh\.vscode\extensions\redhat.java-1.30.0-win32-x64\jre\17.0.10-win32-x86_64\bin\nio.dll
0x00007ffaa6b70000 - 0x00007ffaa6b80000 	c:\Users\alhdh\.vscode\extensions\redhat.java-1.30.0-win32-x64\jre\17.0.10-win32-x86_64\bin\verify.dll
0x00007ffa91060000 - 0x00007ffa9109e000 	C:\Users\alhdh\AppData\Roaming\Code\User\globalStorage\redhat.java\1.30.0\config_win\org.eclipse.equinox.launcher\org.eclipse.equinox.launcher.win32.win32.x86_64_1.2.900.v20240213-1244\eclipse_11900.dll
0x00007ffabdd10000 - 0x00007ffabde3b000 	C:\Windows\System32\ole32.dll
0x00007ffabbbd0000 - 0x00007ffabbbe8000 	C:\Windows\SYSTEM32\CRYPTSP.dll
0x00007ffabb250000 - 0x00007ffabb284000 	C:\Windows\system32\rsaenh.dll
0x00007ffabc130000 - 0x00007ffabc15e000 	C:\Windows\SYSTEM32\USERENV.dll
0x00007ffabbb00000 - 0x00007ffabbb0c000 	C:\Windows\SYSTEM32\CRYPTBASE.dll
0x00007ffabb630000 - 0x00007ffabb66b000 	C:\Windows\SYSTEM32\IPHLPAPI.DLL
0x00007ffabdca0000 - 0x00007ffabdca8000 	C:\Windows\System32\NSI.dll
0x00007ffab5390000 - 0x00007ffab53a7000 	C:\Windows\SYSTEM32\dhcpcsvc6.DLL
0x00007ffab5370000 - 0x00007ffab538d000 	C:\Windows\SYSTEM32\dhcpcsvc.DLL
0x00007ffabb670000 - 0x00007ffabb73a000 	C:\Windows\SYSTEM32\DNSAPI.dll
0x00007ffa86580000 - 0x00007ffa865c5000 	C:\Users\alhdh\AppData\Local\Temp\jna-92902113\jna17976087086153754927.dll
0x00007ffabdc90000 - 0x00007ffabdc98000 	C:\Windows\System32\PSAPI.DLL

dbghelp: loaded successfully - version: 4.0.5 - missing functions: none
symbol engine: initialized successfully - sym options: 0x614 - pdb path: .;c:\Users\alhdh\.vscode\extensions\redhat.java-1.30.0-win32-x64\jre\17.0.10-win32-x86_64\bin;C:\Windows\SYSTEM32;C:\Program Files\Avast Software\Avast;C:\Windows\WinSxS\amd64_microsoft.windows.common-controls_6595b64144ccf1df_6.0.19041.3636_none_60b6a03d71f818d5;c:\Users\alhdh\.vscode\extensions\redhat.java-1.30.0-win32-x64\jre\17.0.10-win32-x86_64\bin\server;C:\Users\alhdh\AppData\Roaming\Code\User\globalStorage\redhat.java\1.30.0\config_win\org.eclipse.equinox.launcher\org.eclipse.equinox.launcher.win32.win32.x86_64_1.2.900.v20240213-1244;C:\Users\alhdh\AppData\Local\Temp\jna-92902113

VM Arguments:
jvm_args: --add-modules=ALL-SYSTEM --add-opens=java.base/java.util=ALL-UNNAMED --add-opens=java.base/java.lang=ALL-UNNAMED --add-opens=java.base/sun.nio.fs=ALL-UNNAMED -Declipse.application=org.eclipse.jdt.ls.core.id1 -Dosgi.bundles.defaultStartLevel=4 -Declipse.product=org.eclipse.jdt.ls.core.product -Djava.import.generatesMetadataFilesAtProjectRoot=false -DDetectVMInstallationsJob.disabled=true -Dfile.encoding=utf8 -XX:+UseParallelGC -XX:GCTimeRatio=4 -XX:AdaptiveSizePolicyWeight=90 -Dsun.zip.disableMemoryMapping=true -Xmx1G -Xms100m -Xlog:disable -javaagent:c:\Users\alhdh\.vscode\extensions\redhat.java-1.30.0-win32-x64\lombok\lombok-1.18.32.jar -XX:+HeapDumpOnOutOfMemoryError -XX:HeapDumpPath=c:\Users\alhdh\AppData\Roaming\Code\User\workspaceStorage\37dba57fa1d58a1a3d36af18158eedda\redhat.java -Daether.dependencyCollector.impl=bf 
java_command: c:\Users\alhdh\.vscode\extensions\redhat.java-1.30.0-win32-x64\server\plugins\org.eclipse.equinox.launcher_1.6.800.v20240330-1250.jar -configuration c:\Users\alhdh\AppData\Roaming\Code\User\globalStorage\redhat.java\1.30.0\config_win -data c:\Users\alhdh\AppData\Roaming\Code\User\workspaceStorage\37dba57fa1d58a1a3d36af18158eedda\redhat.java\jdt_ws --pipe=\\.\pipe\lsp-3bf3f1bf57741981a617af81490e3409-sock
java_class_path (initial): c:\Users\alhdh\.vscode\extensions\redhat.java-1.30.0-win32-x64\server\plugins\org.eclipse.equinox.launcher_1.6.800.v20240330-1250.jar
Launcher Type: SUN_STANDARD

[Global flags]
    uintx AdaptiveSizePolicyWeight                 = 90                                        {product} {command line}
     intx CICompilerCount                          = 4                                         {product} {ergonomic}
    uintx GCTimeRatio                              = 4                                         {product} {command line}
     bool HeapDumpOnOutOfMemoryError               = true                                   {manageable} {command line}
    ccstr HeapDumpPath                             = c:\Users\alhdh\AppData\Roaming\Code\User\workspaceStorage\37dba57fa1d58a1a3d36af18158eedda\redhat.java         {manageable} {command line}
   size_t InitialHeapSize                          = 104857600                                 {product} {command line}
   size_t MaxHeapSize                              = 1073741824                                {product} {command line}
   size_t MaxNewSize                               = 357564416                                 {product} {ergonomic}
   size_t MinHeapDeltaBytes                        = 524288                                    {product} {ergonomic}
   size_t MinHeapSize                              = 104857600                                 {product} {command line}
   size_t NewSize                                  = 34603008                                  {product} {ergonomic}
    uintx NonNMethodCodeHeapSize                   = 5839372                                {pd product} {ergonomic}
    uintx NonProfiledCodeHeapSize                  = 122909434                              {pd product} {ergonomic}
   size_t OldSize                                  = 70254592                                  {product} {ergonomic}
    uintx ProfiledCodeHeapSize                     = 122909434                              {pd product} {ergonomic}
    uintx ReservedCodeCacheSize                    = 251658240                              {pd product} {ergonomic}
     bool SegmentedCodeCache                       = true                                      {product} {ergonomic}
   size_t SoftMaxHeapSize                          = 1073741824                             {manageable} {ergonomic}
     bool UseCompressedClassPointers               = true                           {product lp64_product} {ergonomic}
     bool UseCompressedOops                        = true                           {product lp64_product} {ergonomic}
     bool UseLargePagesIndividualAllocation        = false                                  {pd product} {ergonomic}
     bool UseParallelGC                            = true                                      {product} {command line}

Logging:
Log output configuration:
 #0: stdout all=off uptime,level,tags
 #1: stderr all=off uptime,level,tags

Environment Variables:
JAVA_HOME=C:\Program Files\Java\jdk-17
CLASSPATH=.;
PATH=C:\Program Files\Microsoft MPI\Bin\;C:\Python311\Scripts\;C:\Python311\;C:\Program Files\Common Files\Oracle\Java\javapath;C:\Program Files (x86)\Common Files\Oracle\Java\javapath;D:\WATCOM\BINNT;D:\WATCOM\BINW;C:\Windows\system32;C:\Windows;C:\Windows\System32\Wbem;C:\Windows\System32\WindowsPowerShell\v1.0\;C:\Windows\System32\OpenSSH\;C:\Program Files\dotnet\;C:\Program Files\Microsoft SQL Server\130\Tools\Binn\;C:\Program Files\Microsoft SQL Server\Client SDK\ODBC\170\Tools\Binn\;C:\Program Files\Azure Data Studio\bin;C:\Program Files (x86)\Microsoft SQL Server\150\Tools\Binn\;C:\Program Files\Microsoft SQL Server\150\Tools\Binn\;C:\Program Files\Microsoft SQL Server\150\DTS\Binn\;C:\Program Files (x86)\Microsoft SQL Server\150\DTS\Binn\;D:\Latex\miktex\bin\x64\;C:\Program Files (x86)\IVI Foundation\VISA\WinNT\Bin\;C:\Program Files\IVI Foundation\VISA\Win64\Bin\;D:\Shared\LabVIEW CLI;C:\Program Files\Amazon\AWSCLIV2\;C:\Program Files\PuTTY\;C:\ProgramData\chocolatey\bin;C:\Program Files\Git\cmd;C:\Program Files\Java\jdk1.8.0_211\bin;C:\Program Files\CMake\bin;C:\Program Files\nodejs\;C:\Program Files (x86)\PDFtk\bin\;%MPJ_HOME%\bin;C:\ProgramData\chocolatey\lib\maven\apache-maven-3.9.6\bin;;C:\Program Files\Docker\Docker\resources\bin;C:\GnuWin32\bin;C:\ProgramData\chocolatey\lib\maven\apache-maven-3.9.6\bin;C:\dummy\mpj-v0_44\mpj-v0_44\bin;C:\Program Files\Java\jdk-11\bin;C:\Program Files\MySQL\MySQL Shell 8.0\bin\;D:\WATCOM\BINNT;D:\WATCOM\BINW;C:\Windows\system32;C:\Windows;C:\Windows\System32\Wbem;C:\Windows\System32\WindowsPowerShell\v1.0\;C:\Windows\System32\OpenSSH\;C:\Program Files (x86)\IncrediBuild;C:\Program Files\dotnet\;C:\Program Files\Microsoft SQL Server\130\Tools\Binn\;C:\Program Files\Microsoft SQL Server\Client SDK\ODBC\170\Tools\Binn\;C:\Program Files\Azure Data Studio\bin;C:\Program Files (x86)\Microsoft SQL Server\150\Tools\Binn\;C:\Program Files\Microsoft SQL Server\150\Tools\Binn\;C:\Program Files\Microsoft SQL Server\150\DTS\Binn\;C:\P
USERNAME=alhdh
OS=Windows_NT
PROCESSOR_IDENTIFIER=Intel64 Family 6 Model 158 Stepping 10, GenuineIntel
TMP=C:\Users\alhdh\AppData\Local\Temp
TEMP=C:\Users\alhdh\AppData\Local\Temp



Periodic native trim disabled


---------------  S Y S T E M  ---------------

OS:
 Windows 10 , 64 bit Build 19041 (10.0.19041.3636)
OS uptime: 0 days 0:57 hours
Hyper-V role detected

CPU: total 12 (initial active 12) (6 cores per cpu, 2 threads per core) family 6 model 158 stepping 10 microcode 0xf0, cx8, cmov, fxsr, ht, mmx, 3dnowpref, sse, sse2, sse3, ssse3, sse4.1, sse4.2, popcnt, lzcnt, tsc, tscinvbit, avx, avx2, aes, erms, clmul, bmi1, bmi2, adx, fma, vzeroupper, clflush, clflushopt, hv
Processor Information for all 12 processors :
  Max Mhz: 2592, Current Mhz: 2592, Mhz Limit: 2592

Memory: 4k page, system-wide physical 8008M (1517M free)
TotalPageFile size 10958M (AvailPageFile size 17M)
current process WorkingSet (physical memory assigned to process): 183M, peak: 185M
current process commit charge ("private bytes"): 286M, peak: 287M

vm_info: OpenJDK 64-Bit Server VM (17.0.10+7) for windows-amd64 JRE (17.0.10+7), built on Jan 16 2024 23:25:11 by "admin" with MS VC++ 16.10 / 16.11 (VS2019)

END.
